2020-11-17 22:38:47.690 ERROR [main]org.apache.catalina.core.AprLifecycleListener.log:173 -An incompatible version [1.1.30] of the APR based Apache Tomcat Native library is installed, while Tomcat requires version [1.2.14]
2020-11-17 22:38:47.916 ERROR [main]org.apache.catalina.core.AprLifecycleListener.log:173 -An incompatible version [1.1.30] of the APR based Apache Tomcat Native library is installed, while Tomcat requires version [1.2.14]
2020-11-17 22:38:48.119 ERROR [main]org.apache.catalina.core.AprLifecycleListener.log:173 -An incompatible version [1.1.30] of the APR based Apache Tomcat Native library is installed, while Tomcat requires version [1.2.14]
2020-11-17 22:38:50.070 ERROR [main]org.apache.catalina.core.AprLifecycleListener.log:173 -An incompatible version [1.1.30] of the APR based Apache Tomcat Native library is installed, while Tomcat requires version [1.2.14]
2020-11-17 22:38:50.089 ERROR [main]o.s.boot.diagnostics.LoggingFailureAnalysisReporter.report:40 -

***************************
APPLICATION FAILED TO START
***************************

Description:

Web server failed to start. Port 8080 was already in use.

Action:

Identify and stop the process that's listening on port 8080 or configure this application to listen on another port.

2020-11-17 22:40:10.045 ERROR [main]org.apache.catalina.core.AprLifecycleListener.log:173 -An incompatible version [1.1.30] of the APR based Apache Tomcat Native library is installed, while Tomcat requires version [1.2.14]
2020-11-17 22:40:10.277 ERROR [main]org.apache.catalina.core.AprLifecycleListener.log:173 -An incompatible version [1.1.30] of the APR based Apache Tomcat Native library is installed, while Tomcat requires version [1.2.14]
2020-11-17 22:40:10.394 ERROR [main]org.apache.catalina.core.AprLifecycleListener.log:173 -An incompatible version [1.1.30] of the APR based Apache Tomcat Native library is installed, while Tomcat requires version [1.2.14]
2020-11-17 22:40:12.259 ERROR [main]org.apache.catalina.core.AprLifecycleListener.log:173 -An incompatible version [1.1.30] of the APR based Apache Tomcat Native library is installed, while Tomcat requires version [1.2.14]
2020-11-17 22:40:12.271 ERROR [main]o.s.boot.diagnostics.LoggingFailureAnalysisReporter.report:40 -

***************************
APPLICATION FAILED TO START
***************************

Description:

Web server failed to start. Port 8080 was already in use.

Action:

Identify and stop the process that's listening on port 8080 or configure this application to listen on another port.

2020-11-17 22:41:40.603 ERROR [main]org.apache.catalina.core.AprLifecycleListener.log:173 -An incompatible version [1.1.30] of the APR based Apache Tomcat Native library is installed, while Tomcat requires version [1.2.14]
2020-11-17 22:41:40.793 ERROR [main]org.apache.catalina.core.AprLifecycleListener.log:173 -An incompatible version [1.1.30] of the APR based Apache Tomcat Native library is installed, while Tomcat requires version [1.2.14]
2020-11-17 22:41:40.924 ERROR [main]org.apache.catalina.core.AprLifecycleListener.log:173 -An incompatible version [1.1.30] of the APR based Apache Tomcat Native library is installed, while Tomcat requires version [1.2.14]
2020-11-17 22:48:23.920 ERROR [main]org.apache.catalina.core.AprLifecycleListener.log:173 -An incompatible version [1.1.30] of the APR based Apache Tomcat Native library is installed, while Tomcat requires version [1.2.14]
2020-11-17 22:48:24.137 ERROR [main]org.apache.catalina.core.AprLifecycleListener.log:173 -An incompatible version [1.1.30] of the APR based Apache Tomcat Native library is installed, while Tomcat requires version [1.2.14]
2020-11-17 22:48:24.274 ERROR [main]org.apache.catalina.core.AprLifecycleListener.log:173 -An incompatible version [1.1.30] of the APR based Apache Tomcat Native library is installed, while Tomcat requires version [1.2.14]
