2020-11-15 15:43:58.211 DEBUG [main]com.tqk.blog.BlogApplication.logStarting:56 -Running with Spring Boot v2.2.2.RELEASE, Spring v5.2.2.RELEASE
2020-11-15 15:57:23.199 DEBUG [http-nio-8080-exec-2]com.tqk.blog.mapper.BlAdminMapper.getByUsername.debug:159 -==>  Preparing: select name, header, signature, username, password from bl_admin where username = ? 
2020-11-15 15:57:23.230 DEBUG [http-nio-8080-exec-2]com.tqk.blog.mapper.BlAdminMapper.getByUsername.debug:159 -==> Parameters: admin(String)
2020-11-15 15:57:23.339 DEBUG [http-nio-8080-exec-2]com.tqk.blog.mapper.BlAdminMapper.getByUsername.debug:159 -<==      Total: 1
2020-11-15 15:57:23.512 DEBUG [http-nio-8080-exec-2]com.tqk.blog.mapper.BlLogMapper.save.debug:159 -==>  Preparing: insert into bl_log( log_url, log_params, log_status, log_message, log_method, log_time, log_result, log_ip ) values ( ?, ?, ?, ?, ?, ?, ?, ? ) 
2020-11-15 15:57:23.519 DEBUG [http-nio-8080-exec-2]com.tqk.blog.mapper.BlLogMapper.save.debug:159 -==> Parameters: /BlAdmin/login(String), [com.tqk.blog.pojo.BlAdmin@6a2a12ed](String), 1(Integer), null, POST(String), 265(Long), {"code":20000,"data":{"token":"5C16B7E3F5DF3CA9B99ECEAE579F0A9B"},"msg":"操作成功！"}(String), 0:0:0:0:0:0:0:1(String)
2020-11-15 15:57:23.666 DEBUG [http-nio-8080-exec-2]com.tqk.blog.mapper.BlLogMapper.save.debug:159 -<==    Updates: 1
2020-11-15 16:48:36.143 DEBUG [http-nio-8080-exec-9]com.tqk.blog.mapper.BlAdminMapper.getByUsername.debug:159 -==>  Preparing: select name, header, signature, username, password from bl_admin where username = ? 
2020-11-15 16:48:36.144 DEBUG [http-nio-8080-exec-9]com.tqk.blog.mapper.BlAdminMapper.getByUsername.debug:159 -==> Parameters: admin(String)
2020-11-15 16:48:36.188 DEBUG [http-nio-8080-exec-9]com.tqk.blog.mapper.BlAdminMapper.getByUsername.debug:159 -<==      Total: 1
2020-11-15 16:48:36.237 DEBUG [http-nio-8080-exec-9]com.tqk.blog.mapper.BlLogMapper.save.debug:159 -==>  Preparing: insert into bl_log( log_url, log_params, log_status, log_message, log_method, log_time, log_result, log_ip ) values ( ?, ?, ?, ?, ?, ?, ?, ? ) 
2020-11-15 16:48:36.240 DEBUG [http-nio-8080-exec-9]com.tqk.blog.mapper.BlLogMapper.save.debug:159 -==> Parameters: /BlAdmin/login(String), [com.tqk.blog.pojo.BlAdmin@239b9b27](String), 1(Integer), null, POST(String), 100(Long), {"code":20000,"data":{"token":"1B574DB8872FF9822CA32EE9029EFCA1"},"msg":"操作成功！"}(String), 0:0:0:0:0:0:0:1(String)
2020-11-15 16:48:36.334 DEBUG [http-nio-8080-exec-9]com.tqk.blog.mapper.BlLogMapper.save.debug:159 -<==    Updates: 1
2020-11-15 16:48:41.139 DEBUG [http-nio-8080-exec-10]com.tqk.blog.mapper.BlAdminMapper.getByUsername.debug:159 -==>  Preparing: select name, header, signature, username, password from bl_admin where username = ? 
2020-11-15 16:48:41.140 DEBUG [http-nio-8080-exec-10]com.tqk.blog.mapper.BlAdminMapper.getByUsername.debug:159 -==> Parameters: admin(String)
2020-11-15 16:48:41.184 DEBUG [http-nio-8080-exec-10]com.tqk.blog.mapper.BlAdminMapper.getByUsername.debug:159 -<==      Total: 1
2020-11-15 16:48:41.236 DEBUG [http-nio-8080-exec-10]com.tqk.blog.mapper.BlLogMapper.save.debug:159 -==>  Preparing: insert into bl_log( log_url, log_params, log_status, log_message, log_method, log_time, log_result, log_ip ) values ( ?, ?, ?, ?, ?, ?, ?, ? ) 
2020-11-15 16:48:41.240 DEBUG [http-nio-8080-exec-10]com.tqk.blog.mapper.BlLogMapper.save.debug:159 -==> Parameters: /BlAdmin/login(String), [com.tqk.blog.pojo.BlAdmin@e86c14c](String), 1(Integer), null, POST(String), 94(Long), {"code":20000,"data":{"token":"1B574DB8872FF9822CA32EE9029EFCA1"},"msg":"操作成功！"}(String), 0:0:0:0:0:0:0:1(String)
2020-11-15 16:48:41.337 DEBUG [http-nio-8080-exec-10]com.tqk.blog.mapper.BlLogMapper.save.debug:159 -<==    Updates: 1
2020-11-15 20:10:40.816 DEBUG [http-nio-8080-exec-1]com.tqk.blog.mapper.BlAdminMapper.getByUsername.debug:159 -==>  Preparing: select name, header, signature, username, password from bl_admin where username = ? 
2020-11-15 20:10:40.817 DEBUG [http-nio-8080-exec-1]com.tqk.blog.mapper.BlAdminMapper.getByUsername.debug:159 -==> Parameters: admin(String)
2020-11-15 20:10:40.861 DEBUG [http-nio-8080-exec-1]com.tqk.blog.mapper.BlAdminMapper.getByUsername.debug:159 -<==      Total: 1
2020-11-15 20:10:40.907 DEBUG [http-nio-8080-exec-1]com.tqk.blog.mapper.BlLogMapper.save.debug:159 -==>  Preparing: insert into bl_log( log_url, log_params, log_status, log_message, log_method, log_time, log_result, log_ip ) values ( ?, ?, ?, ?, ?, ?, ?, ? ) 
2020-11-15 20:10:40.909 DEBUG [http-nio-8080-exec-1]com.tqk.blog.mapper.BlLogMapper.save.debug:159 -==> Parameters: /BlAdmin/login(String), [com.tqk.blog.pojo.BlAdmin@4647c452](String), 1(Integer), null, POST(String), 94(Long), {"code":20000,"data":{"token":"AEBFBAF29C2B1DCA2CD5B34C23FE0B49"},"msg":"操作成功！"}(String), 0:0:0:0:0:0:0:1(String)
2020-11-15 20:10:41.002 DEBUG [http-nio-8080-exec-1]com.tqk.blog.mapper.BlLogMapper.save.debug:159 -<==    Updates: 1
2020-11-15 20:11:14.478 DEBUG [http-nio-8080-exec-4]com.tqk.blog.mapper.BlAdminMapper.getByUsername.debug:159 -==>  Preparing: select name, header, signature, username, password from bl_admin where username = ? 
2020-11-15 20:11:14.479 DEBUG [http-nio-8080-exec-4]com.tqk.blog.mapper.BlAdminMapper.getByUsername.debug:159 -==> Parameters: admin(String)
2020-11-15 20:11:14.522 DEBUG [http-nio-8080-exec-4]com.tqk.blog.mapper.BlAdminMapper.getByUsername.debug:159 -<==      Total: 1
2020-11-15 20:11:14.569 DEBUG [http-nio-8080-exec-4]com.tqk.blog.mapper.BlLogMapper.save.debug:159 -==>  Preparing: insert into bl_log( log_url, log_params, log_status, log_message, log_method, log_time, log_result, log_ip ) values ( ?, ?, ?, ?, ?, ?, ?, ? ) 
2020-11-15 20:11:14.571 DEBUG [http-nio-8080-exec-4]com.tqk.blog.mapper.BlLogMapper.save.debug:159 -==> Parameters: /BlAdmin/login(String), [com.tqk.blog.pojo.BlAdmin@75dd3fd8](String), 1(Integer), null, POST(String), 92(Long), {"code":20000,"data":{"token":"AEBFBAF29C2B1DCA2CD5B34C23FE0B49"},"msg":"操作成功！"}(String), 0:0:0:0:0:0:0:1(String)
2020-11-15 20:11:14.663 DEBUG [http-nio-8080-exec-4]com.tqk.blog.mapper.BlLogMapper.save.debug:159 -<==    Updates: 1
2020-11-15 20:11:37.754 DEBUG [http-nio-8080-exec-5]com.tqk.blog.mapper.BlAdminMapper.getByUsername.debug:159 -==>  Preparing: select name, header, signature, username, password from bl_admin where username = ? 
2020-11-15 20:11:37.755 DEBUG [http-nio-8080-exec-5]com.tqk.blog.mapper.BlAdminMapper.getByUsername.debug:159 -==> Parameters: admin(String)
2020-11-15 20:11:37.798 DEBUG [http-nio-8080-exec-5]com.tqk.blog.mapper.BlAdminMapper.getByUsername.debug:159 -<==      Total: 1
2020-11-15 20:11:37.846 DEBUG [http-nio-8080-exec-5]com.tqk.blog.mapper.BlLogMapper.save.debug:159 -==>  Preparing: insert into bl_log( log_url, log_params, log_status, log_message, log_method, log_time, log_result, log_ip ) values ( ?, ?, ?, ?, ?, ?, ?, ? ) 
2020-11-15 20:11:37.847 DEBUG [http-nio-8080-exec-5]com.tqk.blog.mapper.BlLogMapper.save.debug:159 -==> Parameters: /BlAdmin/login(String), [com.tqk.blog.pojo.BlAdmin@5193c990](String), 1(Integer), null, POST(String), 93(Long), {"code":20000,"data":{"token":"AEBFBAF29C2B1DCA2CD5B34C23FE0B49"},"msg":"操作成功！"}(String), 0:0:0:0:0:0:0:1(String)
2020-11-15 20:11:37.947 DEBUG [http-nio-8080-exec-5]com.tqk.blog.mapper.BlLogMapper.save.debug:159 -<==    Updates: 1
2020-11-15 20:11:42.106 DEBUG [http-nio-8080-exec-6]com.tqk.blog.mapper.BlAdminMapper.getByUsername.debug:159 -==>  Preparing: select name, header, signature, username, password from bl_admin where username = ? 
2020-11-15 20:11:42.107 DEBUG [http-nio-8080-exec-6]com.tqk.blog.mapper.BlAdminMapper.getByUsername.debug:159 -==> Parameters: admin(String)
2020-11-15 20:11:42.154 DEBUG [http-nio-8080-exec-6]com.tqk.blog.mapper.BlAdminMapper.getByUsername.debug:159 -<==      Total: 1
2020-11-15 20:11:42.199 DEBUG [http-nio-8080-exec-6]com.tqk.blog.mapper.BlLogMapper.save.debug:159 -==>  Preparing: insert into bl_log( log_url, log_params, log_status, log_message, log_method, log_time, log_result, log_ip ) values ( ?, ?, ?, ?, ?, ?, ?, ? ) 
2020-11-15 20:11:42.200 DEBUG [http-nio-8080-exec-6]com.tqk.blog.mapper.BlLogMapper.save.debug:159 -==> Parameters: /BlAdmin/login(String), [com.tqk.blog.pojo.BlAdmin@15cea12c](String), 1(Integer), null, POST(String), 107(Long), {"code":20000,"data":{"token":"AEBFBAF29C2B1DCA2CD5B34C23FE0B49"},"msg":"操作成功！"}(String), 0:0:0:0:0:0:0:1(String)
2020-11-15 20:11:42.293 DEBUG [http-nio-8080-exec-6]com.tqk.blog.mapper.BlLogMapper.save.debug:159 -<==    Updates: 1
2020-11-15 20:12:01.415 DEBUG [http-nio-8080-exec-4]com.tqk.blog.mapper.BlAdminMapper.getByUsername.debug:159 -==>  Preparing: select name, header, signature, username, password from bl_admin where username = ? 
2020-11-15 20:12:01.415 DEBUG [http-nio-8080-exec-4]com.tqk.blog.mapper.BlAdminMapper.getByUsername.debug:159 -==> Parameters: admin(String)
2020-11-15 20:12:01.459 DEBUG [http-nio-8080-exec-4]com.tqk.blog.mapper.BlAdminMapper.getByUsername.debug:159 -<==      Total: 1
2020-11-15 20:12:01.507 DEBUG [http-nio-8080-exec-4]com.tqk.blog.mapper.BlLogMapper.save.debug:159 -==>  Preparing: insert into bl_log( log_url, log_params, log_status, log_message, log_method, log_time, log_result, log_ip ) values ( ?, ?, ?, ?, ?, ?, ?, ? ) 
2020-11-15 20:12:01.508 DEBUG [http-nio-8080-exec-4]com.tqk.blog.mapper.BlLogMapper.save.debug:159 -==> Parameters: /BlAdmin/login(String), [com.tqk.blog.pojo.BlAdmin@3d242502](String), 1(Integer), null, POST(String), 91(Long), {"code":20000,"data":{"token":"AEBFBAF29C2B1DCA2CD5B34C23FE0B49"},"msg":"操作成功！"}(String), 0:0:0:0:0:0:0:1(String)
2020-11-15 20:12:01.602 DEBUG [http-nio-8080-exec-4]com.tqk.blog.mapper.BlLogMapper.save.debug:159 -<==    Updates: 1
2020-11-15 21:28:25.319 DEBUG [http-nio-8080-exec-3]com.tqk.blog.mapper.BlAdminMapper.getByUsername.debug:159 -==>  Preparing: select name, header, signature, username, password from bl_admin where username = ? 
2020-11-15 21:28:25.321 DEBUG [http-nio-8080-exec-3]com.tqk.blog.mapper.BlAdminMapper.getByUsername.debug:159 -==> Parameters: admin(String)
2020-11-15 21:28:25.366 DEBUG [http-nio-8080-exec-3]com.tqk.blog.mapper.BlAdminMapper.getByUsername.debug:159 -<==      Total: 1
2020-11-15 21:28:25.415 DEBUG [http-nio-8080-exec-3]com.tqk.blog.mapper.BlLogMapper.save.debug:159 -==>  Preparing: insert into bl_log( log_url, log_params, log_status, log_message, log_method, log_time, log_result, log_ip ) values ( ?, ?, ?, ?, ?, ?, ?, ? ) 
2020-11-15 21:28:25.417 DEBUG [http-nio-8080-exec-3]com.tqk.blog.mapper.BlLogMapper.save.debug:159 -==> Parameters: /BlAdmin/login(String), [com.tqk.blog.pojo.BlAdmin@87239c0](String), 1(Integer), null, POST(String), 102(Long), {"code":20000,"data":{"token":"68EB56FC3867A33C09AB44F32DDDBA59"},"msg":"操作成功！"}(String), 0:0:0:0:0:0:0:1(String)
2020-11-15 21:28:25.510 DEBUG [http-nio-8080-exec-3]com.tqk.blog.mapper.BlLogMapper.save.debug:159 -<==    Updates: 1
2020-11-15 21:40:55.703 DEBUG [main]com.tqk.blog.BlogApplication.logStarting:56 -Running with Spring Boot v2.2.2.RELEASE, Spring v5.2.2.RELEASE
2020-11-15 21:53:14.940 DEBUG [main]com.tqk.blog.BlogApplication.logStarting:56 -Running with Spring Boot v2.2.2.RELEASE, Spring v5.2.2.RELEASE
2020-11-15 22:24:50.168 DEBUG [main]com.tqk.blog.BlogApplication.logStarting:56 -Running with Spring Boot v2.2.2.RELEASE, Spring v5.2.2.RELEASE
2020-11-15 22:29:03.639 DEBUG [main]com.tqk.blog.BlogApplication.logStarting:56 -Running with Spring Boot v2.2.2.RELEASE, Spring v5.2.2.RELEASE
2020-11-15 22:44:38.782 DEBUG [http-nio-8080-exec-10]com.tqk.blog.mapper.BlAdminMapper.getByUsername.debug:159 -==>  Preparing: select name, header, signature, username, password from bl_admin where username = ? 
2020-11-15 22:44:38.815 DEBUG [http-nio-8080-exec-10]com.tqk.blog.mapper.BlAdminMapper.getByUsername.debug:159 -==> Parameters: admin(String)
2020-11-15 22:44:38.892 DEBUG [http-nio-8080-exec-10]com.tqk.blog.mapper.BlAdminMapper.getByUsername.debug:159 -<==      Total: 1
2020-11-15 22:44:39.021 DEBUG [http-nio-8080-exec-10]com.tqk.blog.mapper.BlLogMapper.save.debug:159 -==>  Preparing: insert into bl_log( log_url, log_params, log_status, log_message, log_method, log_time, log_result, log_ip ) values ( ?, ?, ?, ?, ?, ?, ?, ? ) 
2020-11-15 22:44:39.025 DEBUG [http-nio-8080-exec-10]com.tqk.blog.mapper.BlLogMapper.save.debug:159 -==> Parameters: /BlAdmin/login(String), [com.tqk.blog.pojo.BlAdmin@fb84a62](String), 1(Integer), null, POST(String), 206(Long), {"code":20000,"data":{"token":"sessionId"},"msg":"操作成功！"}(String), 192.168.101.29(String)
2020-11-15 22:44:39.117 DEBUG [http-nio-8080-exec-10]com.tqk.blog.mapper.BlLogMapper.save.debug:159 -<==    Updates: 1
2020-11-15 22:50:17.688 DEBUG [http-nio-8080-exec-3]com.tqk.blog.mapper.BlAdminMapper.getByUsername.debug:159 -==>  Preparing: select name, header, signature, username, password from bl_admin where username = ? 
2020-11-15 22:50:17.689 DEBUG [http-nio-8080-exec-3]com.tqk.blog.mapper.BlAdminMapper.getByUsername.debug:159 -==> Parameters: admin(String)
2020-11-15 22:50:17.726 DEBUG [http-nio-8080-exec-3]com.tqk.blog.mapper.BlAdminMapper.getByUsername.debug:159 -<==      Total: 1
2020-11-15 22:50:17.770 DEBUG [http-nio-8080-exec-3]com.tqk.blog.mapper.BlLogMapper.save.debug:159 -==>  Preparing: insert into bl_log( log_url, log_params, log_status, log_message, log_method, log_time, log_result, log_ip ) values ( ?, ?, ?, ?, ?, ?, ?, ? ) 
2020-11-15 22:50:17.771 DEBUG [http-nio-8080-exec-3]com.tqk.blog.mapper.BlLogMapper.save.debug:159 -==> Parameters: /BlAdmin/login(String), [com.tqk.blog.pojo.BlAdmin@44d9c1f](String), 1(Integer), null, POST(String), 89(Long), {"code":20000,"data":{"token":"sessionId"},"msg":"操作成功！"}(String), 192.168.101.29(String)
2020-11-15 22:50:17.854 DEBUG [http-nio-8080-exec-3]com.tqk.blog.mapper.BlLogMapper.save.debug:159 -<==    Updates: 1
2020-11-15 22:50:42.298 DEBUG [main]com.tqk.blog.BlogApplication.logStarting:56 -Running with Spring Boot v2.2.2.RELEASE, Spring v5.2.2.RELEASE
