2020-12-07 22:39:36.266 DEBUG [main]com.tqk.blog.BlogApplication.logStarting:56 -Running with Spring Boot v2.2.2.RELEASE, Spring v5.2.2.RELEASE
2020-12-07 22:44:34.216 DEBUG [http-nio-8899-exec-1]com.tqk.blog.mapper.BlAdminMapper.getByUsername.debug:159 -==>  Preparing: select name, header, signature, username, password from bl_admin where username = ? 
2020-12-07 22:44:34.252 DEBUG [http-nio-8899-exec-1]com.tqk.blog.mapper.BlAdminMapper.getByUsername.debug:159 -==> Parameters: admin(String)
2020-12-07 22:44:34.320 DEBUG [http-nio-8899-exec-1]com.tqk.blog.mapper.BlAdminMapper.getByUsername.debug:159 -<==      Total: 1
2020-12-07 22:44:34.477 DEBUG [http-nio-8899-exec-1]com.tqk.blog.mapper.BlLogMapper.save.debug:159 -==>  Preparing: insert into bl_log( log_url, log_params, log_status, log_message, log_method, log_time, log_result, log_ip ) values ( ?, ?, ?, ?, ?, ?, ?, ? ) 
2020-12-07 22:44:34.480 DEBUG [http-nio-8899-exec-1]com.tqk.blog.mapper.BlLogMapper.save.debug:159 -==> Parameters: /BlAdmin/login(String), [com.tqk.blog.pojo.BlAdmin@3e129a6a](String), 1(Integer), null, POST(String), 212(Long), {"code":20000,"data":{"token":"EA6318D90FC39B39DAD4A926F0A8EB88"},"msg":"操作成功！"}(String), 192.168.101.29(String)
2020-12-07 22:44:34.624 DEBUG [http-nio-8899-exec-1]com.tqk.blog.mapper.BlLogMapper.save.debug:159 -<==    Updates: 1
2020-12-07 22:44:34.803 DEBUG [http-nio-8899-exec-2]com.tqk.blog.mapper.BlLogMapper.save.debug:159 -==>  Preparing: insert into bl_log( log_url, log_params, log_status, log_message, log_method, log_time, log_result, log_ip ) values ( ?, ?, ?, ?, ?, ?, ?, ? ) 
2020-12-07 22:44:34.805 DEBUG [http-nio-8899-exec-2]com.tqk.blog.mapper.BlLogMapper.save.debug:159 -==> Parameters: /BlAdmin/info(String), [](String), 1(Integer), null, GET(String), 2(Long), {"code":20000,"data":{"name":"田起凯","password":"","signature":"hold on","username":"admin"},"msg":"操作成功！"}(String), 192.168.101.29(String)
2020-12-07 22:44:34.928 DEBUG [http-nio-8899-exec-2]com.tqk.blog.mapper.BlLogMapper.save.debug:159 -<==    Updates: 1
2020-12-07 22:44:35.164 DEBUG [http-nio-8899-exec-3]com.tqk.blog.mapper.BlTypeMapper.selectByExample.debug:159 -==>  Preparing: SELECT type_id,type_name,type_blog_count,enable,deleted FROM bl_type WHERE ( enable = ? and deleted = ? ) 
2020-12-07 22:44:35.165 DEBUG [http-nio-8899-exec-3]com.tqk.blog.mapper.BlTypeMapper.selectByExample.debug:159 -==> Parameters: 1(Integer), 0(Integer)
2020-12-07 22:44:35.213 DEBUG [http-nio-8899-exec-3]com.tqk.blog.mapper.BlTypeMapper.selectByExample.debug:159 -<==      Total: 4
2020-12-07 22:44:35.319 DEBUG [http-nio-8899-exec-3]com.tqk.blog.mapper.BlLogMapper.save.debug:159 -==>  Preparing: insert into bl_log( log_url, log_params, log_status, log_message, log_method, log_time, log_result, log_ip ) values ( ?, ?, ?, ?, ?, ?, ?, ? ) 
2020-12-07 22:44:35.321 DEBUG [http-nio-8899-exec-3]com.tqk.blog.mapper.BlLogMapper.save.debug:159 -==> Parameters: /type/getList(String), [](String), 1(Integer), null, GET(String), 174(Long), {"code":20000,"data":[{"deleted":0,"enable":1,"typeBlogCount":105,"typeId":1,"typeName":"Java"},{"deleted":0,"enable":1,"typeBlogCount":0,"typeId":3,"typeName":"Python"},{"deleted":0,"enable":1,"typeBlogCount":0,"typeId":6,"typeName":"going"},{"deleted":0,"enable":1,"typeBlogCount":0,"typeId":7,"typeName":"Spring"}],"msg":"操作成功！"}(String), 192.168.101.29(String)
2020-12-07 22:44:35.480 DEBUG [http-nio-8899-exec-3]com.tqk.blog.mapper.BlLogMapper.save.debug:159 -<==    Updates: 1
2020-12-07 22:44:37.455 DEBUG [http-nio-8899-exec-4]com.tqk.blog.mapper.BlTypeMapper.selectAll.debug:159 -==>  Preparing: SELECT type_id,type_name,type_blog_count,enable,deleted FROM bl_type 
2020-12-07 22:44:37.456 DEBUG [http-nio-8899-exec-4]com.tqk.blog.mapper.BlTypeMapper.selectAll.debug:159 -==> Parameters: 
2020-12-07 22:44:37.568 DEBUG [http-nio-8899-exec-4]com.tqk.blog.mapper.BlTypeMapper.selectAll.debug:159 -<==      Total: 4
2020-12-07 22:44:37.630 DEBUG [http-nio-8899-exec-4]com.tqk.blog.mapper.BlLogMapper.save.debug:159 -==>  Preparing: insert into bl_log( log_url, log_params, log_status, log_message, log_method, log_time, log_result, log_ip ) values ( ?, ?, ?, ?, ?, ?, ?, ? ) 
2020-12-07 22:44:37.633 DEBUG [http-nio-8899-exec-4]com.tqk.blog.mapper.BlLogMapper.save.debug:159 -==> Parameters: /type/listBack(String), [](String), 1(Integer), null, GET(String), 185(Long), {"code":20000,"data":[{"deleted":0,"enable":1,"typeBlogCount":105,"typeId":1,"typeName":"Java"},{"deleted":0,"enable":1,"typeBlogCount":0,"typeId":3,"typeName":"Python"},{"deleted":0,"enable":1,"typeBlogCount":0,"typeId":6,"typeName":"going"},{"deleted":0,"enable":1,"typeBlogCount":0,"typeId":7,"typeName":"Spring"}],"msg":"操作成功！"}(String), 192.168.101.29(String)
2020-12-07 22:44:37.741 DEBUG [http-nio-8899-exec-4]com.tqk.blog.mapper.BlLogMapper.save.debug:159 -<==    Updates: 1
2020-12-07 22:45:07.417 DEBUG [http-nio-8899-exec-5]com.tqk.blog.mapper.BlTypeMapper.selectOne.debug:159 -==>  Preparing: SELECT type_id,type_name,type_blog_count,enable,deleted FROM bl_type WHERE type_name = ? 
2020-12-07 22:45:07.419 DEBUG [http-nio-8899-exec-5]com.tqk.blog.mapper.BlTypeMapper.selectOne.debug:159 -==> Parameters: nginx(String)
2020-12-07 22:45:07.455 DEBUG [http-nio-8899-exec-5]com.tqk.blog.mapper.BlTypeMapper.selectOne.debug:159 -<==      Total: 0
2020-12-07 22:45:07.495 DEBUG [http-nio-8899-exec-5]com.tqk.blog.mapper.BlTypeMapper.insertBlType.debug:159 -==>  Preparing: insert into bl_type(type_name) values( ? ) 
2020-12-07 22:45:07.497 DEBUG [http-nio-8899-exec-5]com.tqk.blog.mapper.BlTypeMapper.insertBlType.debug:159 -==> Parameters: nginx(String)
2020-12-07 22:45:07.588 DEBUG [http-nio-8899-exec-5]com.tqk.blog.mapper.BlTypeMapper.insertBlType.debug:159 -<==    Updates: 1
2020-12-07 22:45:07.629 DEBUG [http-nio-8899-exec-5]com.tqk.blog.mapper.BlLogMapper.save.debug:159 -==>  Preparing: insert into bl_log( log_url, log_params, log_status, log_message, log_method, log_time, log_result, log_ip ) values ( ?, ?, ?, ?, ?, ?, ?, ? ) 
2020-12-07 22:45:07.631 DEBUG [http-nio-8899-exec-5]com.tqk.blog.mapper.BlLogMapper.save.debug:159 -==> Parameters: /type/save(String), [com.tqk.blog.pojo.BlType@21fadc6b](String), 1(Integer), null, POST(String), 221(Long), {"code":20000,"msg":"添加成功！"}(String), 192.168.101.29(String)
2020-12-07 22:45:07.712 DEBUG [http-nio-8899-exec-5]com.tqk.blog.mapper.BlLogMapper.save.debug:159 -<==    Updates: 1
2020-12-07 22:45:22.833 DEBUG [http-nio-8899-exec-6]com.tqk.blog.mapper.BlBlogMapper.getByPage.debug:159 -==>  Preparing: select blog_id, blog_title, blog_image, blog_goods, blog_read, blog_collection, blog_remark, blog_comment, blog_source, created_time, update_time,type_name from bl_blog as b inner join bl_type as t on type_id = blog_type where t.deleted = 0 and b.deleted = 0 limit ?, ? 
2020-12-07 22:45:22.834 DEBUG [http-nio-8899-exec-6]com.tqk.blog.mapper.BlBlogMapper.getByPage.debug:159 -==> Parameters: 0(Integer), 10(Integer)
2020-12-07 22:45:22.877 DEBUG [http-nio-8899-exec-6]com.tqk.blog.mapper.BlBlogMapper.getByPage.debug:159 -<==      Total: 3
2020-12-07 22:45:22.878 DEBUG [http-nio-8899-exec-6]com.tqk.blog.mapper.BlBlogMapper.getCountByPage.debug:159 -==>  Preparing: select count(*) from bl_blog as b inner join bl_type as t on type_id = blog_type where t.deleted = 0 and b.deleted = 0 
2020-12-07 22:45:22.878 DEBUG [http-nio-8899-exec-6]com.tqk.blog.mapper.BlBlogMapper.getCountByPage.debug:159 -==> Parameters: 
2020-12-07 22:45:22.920 DEBUG [http-nio-8899-exec-6]com.tqk.blog.mapper.BlBlogMapper.getCountByPage.debug:159 -<==      Total: 1
2020-12-07 22:45:23.053 DEBUG [http-nio-8899-exec-6]com.tqk.blog.mapper.BlLogMapper.save.debug:159 -==>  Preparing: insert into bl_log( log_url, log_params, log_status, log_message, log_method, log_time, log_result, log_ip ) values ( ?, ?, ?, ?, ?, ?, ?, ? ) 
2020-12-07 22:45:23.054 DEBUG [http-nio-8899-exec-6]com.tqk.blog.mapper.BlLogMapper.save.debug:159 -==> Parameters: /blog/getByPage(String), [Page(currentPage=1, pageSize=10, totalPage=0, totalCount=0, list=[], params={}, sortColumn=null, sortMethod=asc)](String), 1(Integer), null, POST(String), 270(Long), {"code":20000,"data":{"currentPage":1,"index":0,"list":[{"blogCollection":0,"blogComment":0,"blogGoods":0,"blogId":"1324038097171820544","blogImage":"Java","blogRead":0,"blogRemark":"BeanUtils它提供了对java反射和自省API的包装。它里面还有很多工具类，这里我们介绍一下copyProperties。","blogSource":"百度","blogTitle":"BeanUtils.copyProperties的用法","createdTime":"2020-11-04 17:17:33","typeName":"Java","updateTime":"2020-11-22 13:04:15"},{"blogCollection":0,"blogComment":0,"blogGoods":0,"blogId":"1330877080455553024","blogRead":0,"blogRemark":"MySQL","blogTitle":"面试官不讲武德问我：为什么MySQL不建议使用delete删除数据？","createdTime":"2020-11-23 14:13:16","typeName":"Java","updateTime":"2020-11-23 14:23:06"},{"blogCollection":0,"blogComment":0,"blogGoods":0,"blogId":"1330879440221315072","blogRead":0,"blogRemark":"面试必备","blogTitle":"Java岗四面字节跳动成功之前，我都刷了那些面试题以及做了那些准备！","createdTime":"2020-11-23 14:22:39","typeName":"Java","updateTime":"2020-11-23 14:22:39"}],"pageSize":10,"params":{},"sortMethod":"asc","totalCount":3,"totalPage":1},"msg":"操作成功！"}(String), 192.168.101.29(String)
2020-12-07 22:45:23.133 DEBUG [http-nio-8899-exec-6]com.tqk.blog.mapper.BlLogMapper.save.debug:159 -<==    Updates: 1
2020-12-07 22:45:23.344 DEBUG [http-nio-8899-exec-7]com.tqk.blog.mapper.BlTypeMapper.selectAll.debug:159 -==>  Preparing: SELECT type_id,type_name,type_blog_count,enable,deleted FROM bl_type 
2020-12-07 22:45:23.345 DEBUG [http-nio-8899-exec-7]com.tqk.blog.mapper.BlTypeMapper.selectAll.debug:159 -==> Parameters: 
2020-12-07 22:45:23.388 DEBUG [http-nio-8899-exec-7]com.tqk.blog.mapper.BlTypeMapper.selectAll.debug:159 -<==      Total: 5
2020-12-07 22:45:23.426 DEBUG [http-nio-8899-exec-7]com.tqk.blog.mapper.BlLogMapper.save.debug:159 -==>  Preparing: insert into bl_log( log_url, log_params, log_status, log_message, log_method, log_time, log_result, log_ip ) values ( ?, ?, ?, ?, ?, ?, ?, ? ) 
2020-12-07 22:45:23.429 DEBUG [http-nio-8899-exec-7]com.tqk.blog.mapper.BlLogMapper.save.debug:159 -==> Parameters: /type/listBack(String), [](String), 1(Integer), null, GET(String), 86(Long), {"code":20000,"data":[{"deleted":0,"enable":1,"typeBlogCount":105,"typeId":1,"typeName":"Java"},{"deleted":0,"enable":1,"typeBlogCount":0,"typeId":3,"typeName":"Python"},{"deleted":0,"enable":1,"typeBlogCount":0,"typeId":6,"typeName":"going"},{"deleted":0,"enable":1,"typeBlogCount":0,"typeId":7,"typeName":"Spring"},{"deleted":0,"enable":1,"typeBlogCount":0,"typeId":8,"typeName":"nginx"}],"msg":"操作成功！"}(String), 192.168.101.29(String)
2020-12-07 22:45:23.508 DEBUG [http-nio-8899-exec-7]com.tqk.blog.mapper.BlLogMapper.save.debug:159 -<==    Updates: 1
2020-12-07 22:45:42.269 DEBUG [http-nio-8899-exec-8]com.tqk.blog.mapper.BlTypeMapper.selectByPrimaryKey.debug:159 -==>  Preparing: SELECT type_id,type_name,type_blog_count,enable,deleted FROM bl_type WHERE type_id = ? 
2020-12-07 22:45:42.271 DEBUG [http-nio-8899-exec-8]com.tqk.blog.mapper.BlTypeMapper.selectByPrimaryKey.debug:159 -==> Parameters: 8(Integer)
2020-12-07 22:45:42.308 DEBUG [http-nio-8899-exec-8]com.tqk.blog.mapper.BlTypeMapper.selectByPrimaryKey.debug:159 -<==      Total: 1
2020-12-07 22:45:42.352 DEBUG [http-nio-8899-exec-8]com.tqk.blog.mapper.BlLogMapper.save.debug:159 -==>  Preparing: insert into bl_log( log_url, log_params, log_status, log_message, log_method, log_time, log_result, log_ip ) values ( ?, ?, ?, ?, ?, ?, ?, ? ) 
2020-12-07 22:45:42.355 DEBUG [http-nio-8899-exec-8]com.tqk.blog.mapper.BlLogMapper.save.debug:159 -==> Parameters: /type/get/8(String), [8](String), 1(Integer), null, GET(String), 86(Long), {"code":20000,"data":{"deleted":0,"enable":1,"typeBlogCount":0,"typeId":8,"typeName":"nginx"},"msg":"操作成功！"}(String), 192.168.101.29(String)
2020-12-07 22:45:42.433 DEBUG [http-nio-8899-exec-8]com.tqk.blog.mapper.BlLogMapper.save.debug:159 -<==    Updates: 1
2020-12-07 22:46:14.102 DEBUG [http-nio-8899-exec-9]com.tqk.blog.mapper.BlTypeMapper.selectOne.debug:159 -==>  Preparing: SELECT type_id,type_name,type_blog_count,enable,deleted FROM bl_type WHERE type_name = ? 
2020-12-07 22:46:14.104 DEBUG [http-nio-8899-exec-9]com.tqk.blog.mapper.BlTypeMapper.selectOne.debug:159 -==> Parameters: Redis(String)
2020-12-07 22:46:14.140 DEBUG [http-nio-8899-exec-9]com.tqk.blog.mapper.BlTypeMapper.selectOne.debug:159 -<==      Total: 0
2020-12-07 22:46:14.185 DEBUG [http-nio-8899-exec-9]com.tqk.blog.mapper.BlTypeMapper.insertBlType.debug:159 -==>  Preparing: insert into bl_type(type_name) values( ? ) 
2020-12-07 22:46:14.186 DEBUG [http-nio-8899-exec-9]com.tqk.blog.mapper.BlTypeMapper.insertBlType.debug:159 -==> Parameters: Redis(String)
2020-12-07 22:46:14.273 DEBUG [http-nio-8899-exec-9]com.tqk.blog.mapper.BlTypeMapper.insertBlType.debug:159 -<==    Updates: 1
2020-12-07 22:46:14.321 DEBUG [http-nio-8899-exec-9]com.tqk.blog.mapper.BlLogMapper.save.debug:159 -==>  Preparing: insert into bl_log( log_url, log_params, log_status, log_message, log_method, log_time, log_result, log_ip ) values ( ?, ?, ?, ?, ?, ?, ?, ? ) 
2020-12-07 22:46:14.323 DEBUG [http-nio-8899-exec-9]com.tqk.blog.mapper.BlLogMapper.save.debug:159 -==> Parameters: /type/save(String), [com.tqk.blog.pojo.BlType@21500b11](String), 1(Integer), null, POST(String), 219(Long), {"code":20000,"msg":"添加成功！"}(String), 192.168.101.29(String)
2020-12-07 22:46:14.402 DEBUG [http-nio-8899-exec-9]com.tqk.blog.mapper.BlLogMapper.save.debug:159 -<==    Updates: 1
2020-12-07 22:46:29.766 DEBUG [http-nio-8899-exec-10]com.tqk.blog.mapper.BlLogMapper.save.debug:159 -==>  Preparing: insert into bl_log( log_url, log_params, log_status, log_message, log_method, log_time, log_result, log_ip ) values ( ?, ?, ?, ?, ?, ?, ?, ? ) 
2020-12-07 22:46:29.767 DEBUG [http-nio-8899-exec-10]com.tqk.blog.mapper.BlLogMapper.save.debug:159 -==> Parameters: /BlAdmin/info(String), [](String), 1(Integer), null, GET(String), 4(Long), {"code":20000,"data":{"name":"田起凯","password":"","signature":"hold on","username":"admin"},"msg":"操作成功！"}(String), 192.168.101.29(String)
2020-12-07 22:46:29.854 DEBUG [http-nio-8899-exec-10]com.tqk.blog.mapper.BlLogMapper.save.debug:159 -<==    Updates: 1
2020-12-07 22:46:30.062 DEBUG [http-nio-8899-exec-2]com.tqk.blog.mapper.BlTypeMapper.selectAll.debug:159 -==>  Preparing: SELECT type_id,type_name,type_blog_count,enable,deleted FROM bl_type 
2020-12-07 22:46:30.063 DEBUG [http-nio-8899-exec-2]com.tqk.blog.mapper.BlTypeMapper.selectAll.debug:159 -==> Parameters: 
2020-12-07 22:46:30.068 DEBUG [http-nio-8899-exec-1]com.tqk.blog.mapper.BlTypeMapper.selectByExample.debug:159 -==>  Preparing: SELECT type_id,type_name,type_blog_count,enable,deleted FROM bl_type WHERE ( enable = ? and deleted = ? ) 
2020-12-07 22:46:30.069 DEBUG [http-nio-8899-exec-1]com.tqk.blog.mapper.BlTypeMapper.selectByExample.debug:159 -==> Parameters: 1(Integer), 0(Integer)
2020-12-07 22:46:30.103 DEBUG [http-nio-8899-exec-2]com.tqk.blog.mapper.BlTypeMapper.selectAll.debug:159 -<==      Total: 6
2020-12-07 22:46:30.108 DEBUG [http-nio-8899-exec-1]com.tqk.blog.mapper.BlTypeMapper.selectByExample.debug:159 -<==      Total: 6
2020-12-07 22:46:30.203 DEBUG [http-nio-8899-exec-2]com.tqk.blog.mapper.BlLogMapper.save.debug:159 -==>  Preparing: insert into bl_log( log_url, log_params, log_status, log_message, log_method, log_time, log_result, log_ip ) values ( ?, ?, ?, ?, ?, ?, ?, ? ) 
2020-12-07 22:46:30.206 DEBUG [http-nio-8899-exec-2]com.tqk.blog.mapper.BlLogMapper.save.debug:159 -==> Parameters: /type/listBack(String), [](String), 1(Integer), null, GET(String), 84(Long), {"code":20000,"data":[{"deleted":0,"enable":1,"typeBlogCount":105,"typeId":1,"typeName":"Java"},{"deleted":0,"enable":1,"typeBlogCount":0,"typeId":3,"typeName":"Python"},{"deleted":0,"enable":1,"typeBlogCount":0,"typeId":6,"typeName":"going"},{"deleted":0,"enable":1,"typeBlogCount":0,"typeId":7,"typeName":"Spring"},{"deleted":0,"enable":1,"typeBlogCount":0,"typeId":8,"typeName":"nginx"},{"deleted":0,"enable":1,"typeBlogCount":0,"typeId":9,"typeName":"Redis"}],"msg":"操作成功！"}(String), 192.168.101.29(String)
2020-12-07 22:46:30.209 DEBUG [http-nio-8899-exec-1]com.tqk.blog.mapper.BlLogMapper.save.debug:159 -==>  Preparing: insert into bl_log( log_url, log_params, log_status, log_message, log_method, log_time, log_result, log_ip ) values ( ?, ?, ?, ?, ?, ?, ?, ? ) 
2020-12-07 22:46:30.211 DEBUG [http-nio-8899-exec-1]com.tqk.blog.mapper.BlLogMapper.save.debug:159 -==> Parameters: /type/getList(String), [](String), 1(Integer), null, GET(String), 88(Long), {"code":20000,"data":[{"deleted":0,"enable":1,"typeBlogCount":105,"typeId":1,"typeName":"Java"},{"deleted":0,"enable":1,"typeBlogCount":0,"typeId":3,"typeName":"Python"},{"deleted":0,"enable":1,"typeBlogCount":0,"typeId":6,"typeName":"going"},{"deleted":0,"enable":1,"typeBlogCount":0,"typeId":7,"typeName":"Spring"},{"deleted":0,"enable":1,"typeBlogCount":0,"typeId":8,"typeName":"nginx"},{"deleted":0,"enable":1,"typeBlogCount":0,"typeId":9,"typeName":"Redis"}],"msg":"操作成功！"}(String), 192.168.101.29(String)
2020-12-07 22:46:30.352 DEBUG [http-nio-8899-exec-2]com.tqk.blog.mapper.BlLogMapper.save.debug:159 -<==    Updates: 1
2020-12-07 22:46:30.357 DEBUG [http-nio-8899-exec-1]com.tqk.blog.mapper.BlLogMapper.save.debug:159 -<==    Updates: 1
2020-12-07 22:55:26.285 DEBUG [http-nio-8899-exec-3]com.tqk.blog.mapper.BlTypeMapper.selectAll.debug:159 -==>  Preparing: SELECT type_id,type_name,type_blog_count,enable,deleted FROM bl_type 
2020-12-07 22:55:26.287 DEBUG [http-nio-8899-exec-3]com.tqk.blog.mapper.BlTypeMapper.selectAll.debug:159 -==> Parameters: 
2020-12-07 22:55:26.328 DEBUG [http-nio-8899-exec-3]com.tqk.blog.mapper.BlTypeMapper.selectAll.debug:159 -<==      Total: 6
2020-12-07 22:55:26.370 DEBUG [http-nio-8899-exec-3]com.tqk.blog.mapper.BlLogMapper.save.debug:159 -==>  Preparing: insert into bl_log( log_url, log_params, log_status, log_message, log_method, log_time, log_result, log_ip ) values ( ?, ?, ?, ?, ?, ?, ?, ? ) 
2020-12-07 22:55:26.371 DEBUG [http-nio-8899-exec-3]com.tqk.blog.mapper.BlLogMapper.save.debug:159 -==> Parameters: /type/listBack(String), [](String), 1(Integer), null, GET(String), 90(Long), {"code":20000,"data":[{"deleted":0,"enable":1,"typeBlogCount":105,"typeId":1,"typeName":"Java"},{"deleted":0,"enable":1,"typeBlogCount":0,"typeId":3,"typeName":"Python"},{"deleted":0,"enable":1,"typeBlogCount":0,"typeId":6,"typeName":"going"},{"deleted":0,"enable":1,"typeBlogCount":0,"typeId":7,"typeName":"Spring"},{"deleted":0,"enable":1,"typeBlogCount":0,"typeId":8,"typeName":"nginx"},{"deleted":0,"enable":1,"typeBlogCount":0,"typeId":9,"typeName":"Redis"}],"msg":"操作成功！"}(String), 192.168.101.29(String)
2020-12-07 22:55:26.457 DEBUG [http-nio-8899-exec-3]com.tqk.blog.mapper.BlLogMapper.save.debug:159 -<==    Updates: 1
2020-12-07 22:56:20.303 DEBUG [http-nio-8899-exec-4]com.tqk.blog.mapper.BlLogMapper.save.debug:159 -==>  Preparing: insert into bl_log( log_url, log_params, log_status, log_message, log_method, log_time, log_result, log_ip ) values ( ?, ?, ?, ?, ?, ?, ?, ? ) 
2020-12-07 22:56:20.305 DEBUG [http-nio-8899-exec-4]com.tqk.blog.mapper.BlLogMapper.save.debug:159 -==> Parameters: /BlAdmin/info(String), [](String), 1(Integer), null, GET(String), 5(Long), {"code":20000,"data":{"name":"田起凯","password":"","signature":"hold on","username":"admin"},"msg":"操作成功！"}(String), 192.168.101.29(String)
2020-12-07 22:56:20.465 DEBUG [http-nio-8899-exec-4]com.tqk.blog.mapper.BlLogMapper.save.debug:159 -<==    Updates: 1
2020-12-07 22:56:20.662 DEBUG [http-nio-8899-exec-5]com.tqk.blog.mapper.BlTypeMapper.selectByExample.debug:159 -==>  Preparing: SELECT type_id,type_name,type_blog_count,enable,deleted FROM bl_type WHERE ( enable = ? and deleted = ? ) 
2020-12-07 22:56:20.662 DEBUG [http-nio-8899-exec-5]com.tqk.blog.mapper.BlTypeMapper.selectByExample.debug:159 -==> Parameters: 1(Integer), 0(Integer)
2020-12-07 22:56:20.663 DEBUG [http-nio-8899-exec-6]com.tqk.blog.mapper.BlTypeMapper.selectAll.debug:159 -==>  Preparing: SELECT type_id,type_name,type_blog_count,enable,deleted FROM bl_type 
2020-12-07 22:56:20.663 DEBUG [http-nio-8899-exec-6]com.tqk.blog.mapper.BlTypeMapper.selectAll.debug:159 -==> Parameters: 
2020-12-07 22:56:20.872 DEBUG [http-nio-8899-exec-5]com.tqk.blog.mapper.BlTypeMapper.selectByExample.debug:159 -<==      Total: 6
2020-12-07 22:56:20.873 DEBUG [http-nio-8899-exec-6]com.tqk.blog.mapper.BlTypeMapper.selectAll.debug:159 -<==      Total: 6
2020-12-07 22:56:20.968 DEBUG [http-nio-8899-exec-5]com.tqk.blog.mapper.BlLogMapper.save.debug:159 -==>  Preparing: insert into bl_log( log_url, log_params, log_status, log_message, log_method, log_time, log_result, log_ip ) values ( ?, ?, ?, ?, ?, ?, ?, ? ) 
2020-12-07 22:56:20.968 DEBUG [http-nio-8899-exec-6]com.tqk.blog.mapper.BlLogMapper.save.debug:159 -==>  Preparing: insert into bl_log( log_url, log_params, log_status, log_message, log_method, log_time, log_result, log_ip ) values ( ?, ?, ?, ?, ?, ?, ?, ? ) 
2020-12-07 22:56:20.969 DEBUG [http-nio-8899-exec-5]com.tqk.blog.mapper.BlLogMapper.save.debug:159 -==> Parameters: /type/getList(String), [](String), 1(Integer), null, GET(String), 276(Long), {"code":20000,"data":[{"deleted":0,"enable":1,"typeBlogCount":105,"typeId":1,"typeName":"Java"},{"deleted":0,"enable":1,"typeBlogCount":0,"typeId":3,"typeName":"Python"},{"deleted":0,"enable":1,"typeBlogCount":0,"typeId":6,"typeName":"going"},{"deleted":0,"enable":1,"typeBlogCount":0,"typeId":7,"typeName":"Spring"},{"deleted":0,"enable":1,"typeBlogCount":0,"typeId":8,"typeName":"nginx"},{"deleted":0,"enable":1,"typeBlogCount":0,"typeId":9,"typeName":"Redis"}],"msg":"操作成功！"}(String), 192.168.101.29(String)
2020-12-07 22:56:20.971 DEBUG [http-nio-8899-exec-6]com.tqk.blog.mapper.BlLogMapper.save.debug:159 -==> Parameters: /type/listBack(String), [](String), 1(Integer), null, GET(String), 277(Long), {"code":20000,"data":[{"deleted":0,"enable":1,"typeBlogCount":105,"typeId":1,"typeName":"Java"},{"deleted":0,"enable":1,"typeBlogCount":0,"typeId":3,"typeName":"Python"},{"deleted":0,"enable":1,"typeBlogCount":0,"typeId":6,"typeName":"going"},{"deleted":0,"enable":1,"typeBlogCount":0,"typeId":7,"typeName":"Spring"},{"deleted":0,"enable":1,"typeBlogCount":0,"typeId":8,"typeName":"nginx"},{"deleted":0,"enable":1,"typeBlogCount":0,"typeId":9,"typeName":"Redis"}],"msg":"操作成功！"}(String), 192.168.101.29(String)
2020-12-07 22:56:21.121 DEBUG [http-nio-8899-exec-6]com.tqk.blog.mapper.BlLogMapper.save.debug:159 -<==    Updates: 1
2020-12-07 22:56:21.150 DEBUG [http-nio-8899-exec-5]com.tqk.blog.mapper.BlLogMapper.save.debug:159 -<==    Updates: 1
2020-12-07 22:56:31.204 DEBUG [http-nio-8899-exec-7]com.tqk.blog.mapper.BlTypeMapper.selectOne.debug:159 -==>  Preparing: SELECT type_id,type_name,type_blog_count,enable,deleted FROM bl_type WHERE type_name = ? 
2020-12-07 22:56:31.205 DEBUG [http-nio-8899-exec-7]com.tqk.blog.mapper.BlTypeMapper.selectOne.debug:159 -==> Parameters: Docker(String)
2020-12-07 22:56:31.248 DEBUG [http-nio-8899-exec-7]com.tqk.blog.mapper.BlTypeMapper.selectOne.debug:159 -<==      Total: 0
2020-12-07 22:56:31.291 DEBUG [http-nio-8899-exec-7]com.tqk.blog.mapper.BlTypeMapper.insertBlType.debug:159 -==>  Preparing: insert into bl_type(type_name) values( ? ) 
2020-12-07 22:56:31.292 DEBUG [http-nio-8899-exec-7]com.tqk.blog.mapper.BlTypeMapper.insertBlType.debug:159 -==> Parameters: Docker(String)
2020-12-07 22:56:31.375 DEBUG [http-nio-8899-exec-7]com.tqk.blog.mapper.BlTypeMapper.insertBlType.debug:159 -<==    Updates: 1
2020-12-07 22:56:31.423 DEBUG [http-nio-8899-exec-7]com.tqk.blog.mapper.BlLogMapper.save.debug:159 -==>  Preparing: insert into bl_log( log_url, log_params, log_status, log_message, log_method, log_time, log_result, log_ip ) values ( ?, ?, ?, ?, ?, ?, ?, ? ) 
2020-12-07 22:56:31.425 DEBUG [http-nio-8899-exec-7]com.tqk.blog.mapper.BlLogMapper.save.debug:159 -==> Parameters: /type/save(String), [com.tqk.blog.pojo.BlType@148e1c98](String), 1(Integer), null, POST(String), 216(Long), {"code":20000,"msg":"添加成功！"}(String), 192.168.101.29(String)
2020-12-07 22:56:31.511 DEBUG [http-nio-8899-exec-7]com.tqk.blog.mapper.BlLogMapper.save.debug:159 -<==    Updates: 1
2020-12-07 22:56:31.577 DEBUG [http-nio-8899-exec-8]com.tqk.blog.mapper.BlTypeMapper.selectAll.debug:159 -==>  Preparing: SELECT type_id,type_name,type_blog_count,enable,deleted FROM bl_type 
2020-12-07 22:56:31.578 DEBUG [http-nio-8899-exec-8]com.tqk.blog.mapper.BlTypeMapper.selectAll.debug:159 -==> Parameters: 
2020-12-07 22:56:31.619 DEBUG [http-nio-8899-exec-8]com.tqk.blog.mapper.BlTypeMapper.selectAll.debug:159 -<==      Total: 7
2020-12-07 22:56:31.664 DEBUG [http-nio-8899-exec-8]com.tqk.blog.mapper.BlLogMapper.save.debug:159 -==>  Preparing: insert into bl_log( log_url, log_params, log_status, log_message, log_method, log_time, log_result, log_ip ) values ( ?, ?, ?, ?, ?, ?, ?, ? ) 
2020-12-07 22:56:31.667 DEBUG [http-nio-8899-exec-8]com.tqk.blog.mapper.BlLogMapper.save.debug:159 -==> Parameters: /type/listBack(String), [](String), 1(Integer), null, GET(String), 86(Long), {"code":20000,"data":[{"deleted":0,"enable":1,"typeBlogCount":105,"typeId":1,"typeName":"Java"},{"deleted":0,"enable":1,"typeBlogCount":0,"typeId":3,"typeName":"Python"},{"deleted":0,"enable":1,"typeBlogCount":0,"typeId":6,"typeName":"going"},{"deleted":0,"enable":1,"typeBlogCount":0,"typeId":7,"typeName":"Spring"},{"deleted":0,"enable":1,"typeBlogCount":0,"typeId":8,"typeName":"nginx"},{"deleted":0,"enable":1,"typeBlogCount":0,"typeId":9,"typeName":"Redis"},{"deleted":0,"enable":1,"typeBlogCount":0,"typeId":10,"typeName":"Docker"}],"msg":"操作成功！"}(String), 192.168.101.29(String)
2020-12-07 22:56:31.762 DEBUG [http-nio-8899-exec-8]com.tqk.blog.mapper.BlLogMapper.save.debug:159 -<==    Updates: 1
2020-12-07 22:56:39.023 DEBUG [http-nio-8899-exec-9]com.tqk.blog.mapper.BlTypeMapper.selectAll.debug:159 -==>  Preparing: SELECT type_id,type_name,type_blog_count,enable,deleted FROM bl_type 
2020-12-07 22:56:39.024 DEBUG [http-nio-8899-exec-9]com.tqk.blog.mapper.BlTypeMapper.selectAll.debug:159 -==> Parameters: 
2020-12-07 22:56:39.068 DEBUG [http-nio-8899-exec-9]com.tqk.blog.mapper.BlTypeMapper.selectAll.debug:159 -<==      Total: 7
2020-12-07 22:56:39.115 DEBUG [http-nio-8899-exec-9]com.tqk.blog.mapper.BlLogMapper.save.debug:159 -==>  Preparing: insert into bl_log( log_url, log_params, log_status, log_message, log_method, log_time, log_result, log_ip ) values ( ?, ?, ?, ?, ?, ?, ?, ? ) 
2020-12-07 22:56:39.117 DEBUG [http-nio-8899-exec-9]com.tqk.blog.mapper.BlLogMapper.save.debug:159 -==> Parameters: /type/listBack(String), [](String), 1(Integer), null, GET(String), 90(Long), {"code":20000,"data":[{"deleted":0,"enable":1,"typeBlogCount":105,"typeId":1,"typeName":"Java"},{"deleted":0,"enable":1,"typeBlogCount":0,"typeId":3,"typeName":"Python"},{"deleted":0,"enable":1,"typeBlogCount":0,"typeId":6,"typeName":"going"},{"deleted":0,"enable":1,"typeBlogCount":0,"typeId":7,"typeName":"Spring"},{"deleted":0,"enable":1,"typeBlogCount":0,"typeId":8,"typeName":"nginx"},{"deleted":0,"enable":1,"typeBlogCount":0,"typeId":9,"typeName":"Redis"},{"deleted":0,"enable":1,"typeBlogCount":0,"typeId":10,"typeName":"Docker"}],"msg":"操作成功！"}(String), 192.168.101.29(String)
2020-12-07 22:56:39.222 DEBUG [http-nio-8899-exec-9]com.tqk.blog.mapper.BlLogMapper.save.debug:159 -<==    Updates: 1
2020-12-07 22:56:58.873 DEBUG [http-nio-8899-exec-10]com.tqk.blog.mapper.BlBlogMapper.getByPage.debug:159 -==>  Preparing: select blog_id, blog_title, blog_image, blog_goods, blog_read, blog_collection, blog_remark, blog_comment, blog_source, created_time, update_time,type_name from bl_blog as b inner join bl_type as t on type_id = blog_type where t.deleted = 0 and b.deleted = 0 limit ?, ? 
2020-12-07 22:56:58.874 DEBUG [http-nio-8899-exec-10]com.tqk.blog.mapper.BlBlogMapper.getByPage.debug:159 -==> Parameters: 0(Integer), 10(Integer)
2020-12-07 22:56:58.917 DEBUG [http-nio-8899-exec-10]com.tqk.blog.mapper.BlBlogMapper.getByPage.debug:159 -<==      Total: 3
2020-12-07 22:56:58.919 DEBUG [http-nio-8899-exec-10]com.tqk.blog.mapper.BlBlogMapper.getCountByPage.debug:159 -==>  Preparing: select count(*) from bl_blog as b inner join bl_type as t on type_id = blog_type where t.deleted = 0 and b.deleted = 0 
2020-12-07 22:56:58.920 DEBUG [http-nio-8899-exec-10]com.tqk.blog.mapper.BlBlogMapper.getCountByPage.debug:159 -==> Parameters: 
2020-12-07 22:56:58.960 DEBUG [http-nio-8899-exec-10]com.tqk.blog.mapper.BlBlogMapper.getCountByPage.debug:159 -<==      Total: 1
2020-12-07 22:56:59.079 DEBUG [http-nio-8899-exec-10]com.tqk.blog.mapper.BlLogMapper.save.debug:159 -==>  Preparing: insert into bl_log( log_url, log_params, log_status, log_message, log_method, log_time, log_result, log_ip ) values ( ?, ?, ?, ?, ?, ?, ?, ? ) 
2020-12-07 22:56:59.080 DEBUG [http-nio-8899-exec-10]com.tqk.blog.mapper.BlLogMapper.save.debug:159 -==> Parameters: /blog/getByPage(String), [Page(currentPage=1, pageSize=10, totalPage=0, totalCount=0, list=[], params={}, sortColumn=null, sortMethod=asc)](String), 1(Integer), null, POST(String), 259(Long), {"code":20000,"data":{"currentPage":1,"index":0,"list":[{"blogCollection":0,"blogComment":0,"blogGoods":0,"blogId":"1324038097171820544","blogImage":"Java","blogRead":0,"blogRemark":"BeanUtils它提供了对java反射和自省API的包装。它里面还有很多工具类，这里我们介绍一下copyProperties。","blogSource":"百度","blogTitle":"BeanUtils.copyProperties的用法","createdTime":"2020-11-04 17:17:33","typeName":"Java","updateTime":"2020-11-22 13:04:15"},{"blogCollection":0,"blogComment":0,"blogGoods":0,"blogId":"1330877080455553024","blogRead":0,"blogRemark":"MySQL","blogTitle":"面试官不讲武德问我：为什么MySQL不建议使用delete删除数据？","createdTime":"2020-11-23 14:13:16","typeName":"Java","updateTime":"2020-11-23 14:23:06"},{"blogCollection":0,"blogComment":0,"blogGoods":0,"blogId":"1330879440221315072","blogRead":0,"blogRemark":"面试必备","blogTitle":"Java岗四面字节跳动成功之前，我都刷了那些面试题以及做了那些准备！","createdTime":"2020-11-23 14:22:39","typeName":"Java","updateTime":"2020-11-23 14:22:39"}],"pageSize":10,"params":{},"sortMethod":"asc","totalCount":3,"totalPage":1},"msg":"操作成功！"}(String), 192.168.101.29(String)
2020-12-07 22:56:59.169 DEBUG [http-nio-8899-exec-10]com.tqk.blog.mapper.BlLogMapper.save.debug:159 -<==    Updates: 1
2020-12-07 22:57:06.512 DEBUG [http-nio-8899-exec-2]com.tqk.blog.mapper.BlAboutMapper.getByPage.debug:159 -==>  Preparing: select about_id, about_title, about_read, about_content, created_time, update_time, enable from bl_about where deleted = 0 limit ?, ? 
2020-12-07 22:57:06.514 DEBUG [http-nio-8899-exec-2]com.tqk.blog.mapper.BlAboutMapper.getByPage.debug:159 -==> Parameters: 0(Integer), 10(Integer)
2020-12-07 22:57:06.561 DEBUG [http-nio-8899-exec-2]com.tqk.blog.mapper.BlAboutMapper.getByPage.debug:159 -<==      Total: 2
2020-12-07 22:57:06.603 DEBUG [http-nio-8899-exec-2]com.tqk.blog.mapper.BlAboutMapper.getCountByPage.debug:159 -==>  Preparing: select count(*) from bl_about where deleted = 0 
2020-12-07 22:57:06.605 DEBUG [http-nio-8899-exec-2]com.tqk.blog.mapper.BlAboutMapper.getCountByPage.debug:159 -==> Parameters: 
2020-12-07 22:57:06.644 DEBUG [http-nio-8899-exec-2]com.tqk.blog.mapper.BlAboutMapper.getCountByPage.debug:159 -<==      Total: 1
2020-12-07 22:57:06.699 DEBUG [http-nio-8899-exec-2]com.tqk.blog.mapper.BlLogMapper.save.debug:159 -==>  Preparing: insert into bl_log( log_url, log_params, log_status, log_message, log_method, log_time, log_result, log_ip ) values ( ?, ?, ?, ?, ?, ?, ?, ? ) 
2020-12-07 22:57:06.700 DEBUG [http-nio-8899-exec-2]com.tqk.blog.mapper.BlLogMapper.save.debug:159 -==> Parameters: /about/getByPage(String), [Page(currentPage=1, pageSize=10, totalPage=0, totalCount=0, list=[], params={}, sortColumn=null, sortMethod=asc)](String), 1(Integer), null, POST(String), 194(Long), {"code":20000,"data":{"currentPage":1,"index":0,"list":[{"aboutContent":"<p>最近，上海、天津等地出现个别疫情，也出现了将患者或相关人士的信息在网络上泄露，影响这些人的生活的事件。还有关于清华&ldquo;学姐&rdquo;在网络上的基于误会将一个男生的信息曝光的事件，更有一些快递公司&ldquo;内鬼&rdquo;泄露大量客户的详细信息的事件。这些其实都把个人隐私的保护上所出现的问题推到了前台。一方面确实接连出现那种个人隐私被泄露的事件，另一方面这些隐私的泄露所造成的实实在在的损害在这些例子中也都有充分的展现。</p>\n<p>个人隐私的保护，既是对于个人权利的尊重，也对于社会具有重要的意义。隐私的保护对于个体来说当然是重要的，因为个人的隐私的泄露当然会对个体由多方面的伤害，让个体的正常生活受到冲击和威胁。对于社会来说，个人的隐私的保护其实也是使社会生活更加安全的重要的保障。个人的隐私受到保护，既是在法律上十分清晰的，也是在伦理上极为必要的。这其实也是一个重要的社会底线。</p>\n<p>网络和大数据的发展使得个人的信息的搜集和处理都更加便捷和迅速。社会为了更便捷地运作和有效地运转，为了公众利益和为个体更好地服务，往往更多地搜集个人的多方面的资料，个人的资料为相关的方面所掌握在社会中也是必要的。但这当然不可能是无限度无底线的，这些其实都有法律的严格规定，也有伦理的基本的原则。实际上，这些界限其实是相当明确和清晰的。</p>\n<p>现在所出现的一些情况，就是完全违反了这些基本的限定，一些人随意地把他人的隐私信息在互联网这样的无远弗届的公共空间泄露。这种泄露造成的诸如&ldquo;网暴&rdquo;&ldquo;社交死亡&rdquo;等等现象现在在社会中已经成为的相当多的存在。个人的行为的许多不需要也不应该为公众广泛了解的一些情况，在被人们在公共空间中暴露，当然会对个人形成相当的伤害，也会让一些居心不良的人所利用，同时也会对于社会中的人们基本的安全的诉求构成冲击。</p>\n<p>有些人误解了基于&ldquo;公众利益&rdquo;的对于个人的信息的适度的披露和揭隐私、揭老底一类的恶俗行为的的关系，往往把过去小社区中的街谈巷议等等直接放到了所有人的公共空间的互联网上。也有人把&ldquo;群&rdquo;还是看成小圈子，小群体，传播有限，不知道实际上这种传播只要在网上，就可以是全社会的传播。有些接触一般人难以接触的资料的人，也并不觉得泄露这些是严重的事情。这其实和一些人缺少公共空间与私人生活的界限有关，也与当下的新的技术手段造成的便捷的传播有关。这些都构成了对于隐私的保护的冲击，这种冲击没有被有效制止，侵害隐私的行为没有得到惩戒和批评，就会产生&ldquo;示范效应&rdquo;，使得这样的情况一一发不可收拾，构成对于个人和社会的严重伤害。</p>\n<p>严格对于隐私保护的相关法律的执行，对于隐私保护的伦理要求也需要受到公众和社会的更多的维护。让人们生活在一个个人的隐私不能被随便泄露的状况中，这也需要全社会的更多的努力。</p>","aboutId":"1","aboutRead":1,"aboutTitle":"“社交死亡”现象越来越多 ，该如何保护个人隐私","createdTime":1603782451000,"enable":1,"updateTime":1606199712000},{"aboutContent":"你好(*´▽｀)ノノ","aboutId":"3","aboutRead":3,"aboutTitle":"hello","createdTime":1603780570000,"enable":0,"updateTime":1603782499000}],"pageSize":10,"params":{},"sortMethod":"asc","totalCount":2,"totalPage":1},"msg":"操作成功！"}(String), 192.168.101.29(String)
2020-12-07 22:57:06.795 DEBUG [http-nio-8899-exec-2]com.tqk.blog.mapper.BlLogMapper.save.debug:159 -<==    Updates: 1
2020-12-07 22:57:07.537 DEBUG [http-nio-8899-exec-1]com.tqk.blog.mapper.BlTypeMapper.selectAll.debug:159 -==>  Preparing: SELECT type_id,type_name,type_blog_count,enable,deleted FROM bl_type 
2020-12-07 22:57:07.538 DEBUG [http-nio-8899-exec-1]com.tqk.blog.mapper.BlTypeMapper.selectAll.debug:159 -==> Parameters: 
2020-12-07 22:57:07.578 DEBUG [http-nio-8899-exec-1]com.tqk.blog.mapper.BlTypeMapper.selectAll.debug:159 -<==      Total: 7
2020-12-07 22:57:07.622 DEBUG [http-nio-8899-exec-1]com.tqk.blog.mapper.BlLogMapper.save.debug:159 -==>  Preparing: insert into bl_log( log_url, log_params, log_status, log_message, log_method, log_time, log_result, log_ip ) values ( ?, ?, ?, ?, ?, ?, ?, ? ) 
2020-12-07 22:57:07.624 DEBUG [http-nio-8899-exec-1]com.tqk.blog.mapper.BlLogMapper.save.debug:159 -==> Parameters: /type/listBack(String), [](String), 1(Integer), null, GET(String), 88(Long), {"code":20000,"data":[{"deleted":0,"enable":1,"typeBlogCount":105,"typeId":1,"typeName":"Java"},{"deleted":0,"enable":1,"typeBlogCount":0,"typeId":3,"typeName":"Python"},{"deleted":0,"enable":1,"typeBlogCount":0,"typeId":6,"typeName":"going"},{"deleted":0,"enable":1,"typeBlogCount":0,"typeId":7,"typeName":"Spring"},{"deleted":0,"enable":1,"typeBlogCount":0,"typeId":8,"typeName":"nginx"},{"deleted":0,"enable":1,"typeBlogCount":0,"typeId":9,"typeName":"Redis"},{"deleted":0,"enable":1,"typeBlogCount":0,"typeId":10,"typeName":"Docker"}],"msg":"操作成功！"}(String), 192.168.101.29(String)
2020-12-07 22:57:07.714 DEBUG [http-nio-8899-exec-1]com.tqk.blog.mapper.BlLogMapper.save.debug:159 -<==    Updates: 1
2020-12-07 23:07:47.105 DEBUG [http-nio-8899-exec-3]com.tqk.blog.mapper.BlLogMapper.save.debug:159 -==>  Preparing: insert into bl_log( log_url, log_params, log_status, log_message, log_method, log_time, log_result, log_ip ) values ( ?, ?, ?, ?, ?, ?, ?, ? ) 
2020-12-07 23:07:47.106 DEBUG [http-nio-8899-exec-3]com.tqk.blog.mapper.BlLogMapper.save.debug:159 -==> Parameters: /BlAdmin/info(String), [](String), 1(Integer), null, GET(String), 2(Long), {"code":20000,"data":{"name":"田起凯","password":"","signature":"hold on","username":"admin"},"msg":"操作成功！"}(String), 192.168.101.29(String)
2020-12-07 23:07:47.262 DEBUG [http-nio-8899-exec-3]com.tqk.blog.mapper.BlLogMapper.save.debug:159 -<==    Updates: 1
2020-12-07 23:07:47.603 DEBUG [http-nio-8899-exec-6]com.tqk.blog.mapper.BlAboutMapper.getByPage.debug:159 -==>  Preparing: select about_id, about_title, about_read, about_content, created_time, update_time, enable from bl_about where deleted = 0 limit ?, ? 
2020-12-07 23:07:47.604 DEBUG [http-nio-8899-exec-6]com.tqk.blog.mapper.BlAboutMapper.getByPage.debug:159 -==> Parameters: 0(Integer), 10(Integer)
2020-12-07 23:07:47.605 DEBUG [http-nio-8899-exec-4]com.tqk.blog.mapper.BlTypeMapper.selectByExample.debug:159 -==>  Preparing: SELECT type_id,type_name,type_blog_count,enable,deleted FROM bl_type WHERE ( enable = ? and deleted = ? ) 
2020-12-07 23:07:47.607 DEBUG [http-nio-8899-exec-4]com.tqk.blog.mapper.BlTypeMapper.selectByExample.debug:159 -==> Parameters: 1(Integer), 0(Integer)
2020-12-07 23:07:47.648 DEBUG [http-nio-8899-exec-6]com.tqk.blog.mapper.BlAboutMapper.getByPage.debug:159 -<==      Total: 2
2020-12-07 23:07:47.682 DEBUG [http-nio-8899-exec-4]com.tqk.blog.mapper.BlTypeMapper.selectByExample.debug:159 -<==      Total: 7
2020-12-07 23:07:47.721 DEBUG [http-nio-8899-exec-6]com.tqk.blog.mapper.BlAboutMapper.getCountByPage.debug:159 -==>  Preparing: select count(*) from bl_about where deleted = 0 
2020-12-07 23:07:47.722 DEBUG [http-nio-8899-exec-6]com.tqk.blog.mapper.BlAboutMapper.getCountByPage.debug:159 -==> Parameters: 
2020-12-07 23:07:47.764 DEBUG [http-nio-8899-exec-6]com.tqk.blog.mapper.BlAboutMapper.getCountByPage.debug:159 -<==      Total: 1
2020-12-07 23:07:47.768 DEBUG [http-nio-8899-exec-4]com.tqk.blog.mapper.BlLogMapper.save.debug:159 -==>  Preparing: insert into bl_log( log_url, log_params, log_status, log_message, log_method, log_time, log_result, log_ip ) values ( ?, ?, ?, ?, ?, ?, ?, ? ) 
2020-12-07 23:07:47.770 DEBUG [http-nio-8899-exec-4]com.tqk.blog.mapper.BlLogMapper.save.debug:159 -==> Parameters: /type/getList(String), [](String), 1(Integer), null, GET(String), 130(Long), {"code":20000,"data":[{"deleted":0,"enable":1,"typeBlogCount":105,"typeId":1,"typeName":"Java"},{"deleted":0,"enable":1,"typeBlogCount":0,"typeId":3,"typeName":"Python"},{"deleted":0,"enable":1,"typeBlogCount":0,"typeId":6,"typeName":"going"},{"deleted":0,"enable":1,"typeBlogCount":0,"typeId":7,"typeName":"Spring"},{"deleted":0,"enable":1,"typeBlogCount":0,"typeId":8,"typeName":"nginx"},{"deleted":0,"enable":1,"typeBlogCount":0,"typeId":9,"typeName":"Redis"},{"deleted":0,"enable":1,"typeBlogCount":0,"typeId":10,"typeName":"Docker"}],"msg":"操作成功！"}(String), 192.168.101.29(String)
2020-12-07 23:07:47.819 DEBUG [http-nio-8899-exec-6]com.tqk.blog.mapper.BlLogMapper.save.debug:159 -==>  Preparing: insert into bl_log( log_url, log_params, log_status, log_message, log_method, log_time, log_result, log_ip ) values ( ?, ?, ?, ?, ?, ?, ?, ? ) 
2020-12-07 23:07:47.820 DEBUG [http-nio-8899-exec-6]com.tqk.blog.mapper.BlLogMapper.save.debug:159 -==> Parameters: /about/getByPage(String), [Page(currentPage=1, pageSize=10, totalPage=0, totalCount=0, list=[], params={}, sortColumn=null, sortMethod=asc)](String), 1(Integer), null, POST(String), 208(Long), {"code":20000,"data":{"currentPage":1,"index":0,"list":[{"aboutContent":"<p>最近，上海、天津等地出现个别疫情，也出现了将患者或相关人士的信息在网络上泄露，影响这些人的生活的事件。还有关于清华&ldquo;学姐&rdquo;在网络上的基于误会将一个男生的信息曝光的事件，更有一些快递公司&ldquo;内鬼&rdquo;泄露大量客户的详细信息的事件。这些其实都把个人隐私的保护上所出现的问题推到了前台。一方面确实接连出现那种个人隐私被泄露的事件，另一方面这些隐私的泄露所造成的实实在在的损害在这些例子中也都有充分的展现。</p>\n<p>个人隐私的保护，既是对于个人权利的尊重，也对于社会具有重要的意义。隐私的保护对于个体来说当然是重要的，因为个人的隐私的泄露当然会对个体由多方面的伤害，让个体的正常生活受到冲击和威胁。对于社会来说，个人的隐私的保护其实也是使社会生活更加安全的重要的保障。个人的隐私受到保护，既是在法律上十分清晰的，也是在伦理上极为必要的。这其实也是一个重要的社会底线。</p>\n<p>网络和大数据的发展使得个人的信息的搜集和处理都更加便捷和迅速。社会为了更便捷地运作和有效地运转，为了公众利益和为个体更好地服务，往往更多地搜集个人的多方面的资料，个人的资料为相关的方面所掌握在社会中也是必要的。但这当然不可能是无限度无底线的，这些其实都有法律的严格规定，也有伦理的基本的原则。实际上，这些界限其实是相当明确和清晰的。</p>\n<p>现在所出现的一些情况，就是完全违反了这些基本的限定，一些人随意地把他人的隐私信息在互联网这样的无远弗届的公共空间泄露。这种泄露造成的诸如&ldquo;网暴&rdquo;&ldquo;社交死亡&rdquo;等等现象现在在社会中已经成为的相当多的存在。个人的行为的许多不需要也不应该为公众广泛了解的一些情况，在被人们在公共空间中暴露，当然会对个人形成相当的伤害，也会让一些居心不良的人所利用，同时也会对于社会中的人们基本的安全的诉求构成冲击。</p>\n<p>有些人误解了基于&ldquo;公众利益&rdquo;的对于个人的信息的适度的披露和揭隐私、揭老底一类的恶俗行为的的关系，往往把过去小社区中的街谈巷议等等直接放到了所有人的公共空间的互联网上。也有人把&ldquo;群&rdquo;还是看成小圈子，小群体，传播有限，不知道实际上这种传播只要在网上，就可以是全社会的传播。有些接触一般人难以接触的资料的人，也并不觉得泄露这些是严重的事情。这其实和一些人缺少公共空间与私人生活的界限有关，也与当下的新的技术手段造成的便捷的传播有关。这些都构成了对于隐私的保护的冲击，这种冲击没有被有效制止，侵害隐私的行为没有得到惩戒和批评，就会产生&ldquo;示范效应&rdquo;，使得这样的情况一一发不可收拾，构成对于个人和社会的严重伤害。</p>\n<p>严格对于隐私保护的相关法律的执行，对于隐私保护的伦理要求也需要受到公众和社会的更多的维护。让人们生活在一个个人的隐私不能被随便泄露的状况中，这也需要全社会的更多的努力。</p>","aboutId":"1","aboutRead":1,"aboutTitle":"“社交死亡”现象越来越多 ，该如何保护个人隐私","createdTime":1603782451000,"enable":1,"updateTime":1606199712000},{"aboutContent":"你好(*´▽｀)ノノ","aboutId":"3","aboutRead":3,"aboutTitle":"hello","createdTime":1603780570000,"enable":0,"updateTime":1603782499000}],"pageSize":10,"params":{},"sortMethod":"asc","totalCount":2,"totalPage":1},"msg":"操作成功！"}(String), 192.168.101.29(String)
2020-12-07 23:07:47.913 DEBUG [http-nio-8899-exec-4]com.tqk.blog.mapper.BlLogMapper.save.debug:159 -<==    Updates: 1
2020-12-07 23:07:47.950 DEBUG [http-nio-8899-exec-6]com.tqk.blog.mapper.BlLogMapper.save.debug:159 -<==    Updates: 1
2020-12-07 23:07:59.716 DEBUG [http-nio-8899-exec-7]com.tqk.blog.mapper.BlAboutMapper.getByPage.debug:159 -==>  Preparing: select about_id, about_title, about_read, about_content, created_time, update_time, enable from bl_about where deleted = 0 limit ?, ? 
2020-12-07 23:07:59.717 DEBUG [http-nio-8899-exec-7]com.tqk.blog.mapper.BlAboutMapper.getByPage.debug:159 -==> Parameters: 0(Integer), 10(Integer)
2020-12-07 23:07:59.754 DEBUG [http-nio-8899-exec-7]com.tqk.blog.mapper.BlAboutMapper.getByPage.debug:159 -<==      Total: 2
2020-12-07 23:07:59.799 DEBUG [http-nio-8899-exec-7]com.tqk.blog.mapper.BlAboutMapper.getCountByPage.debug:159 -==>  Preparing: select count(*) from bl_about where deleted = 0 
2020-12-07 23:07:59.799 DEBUG [http-nio-8899-exec-7]com.tqk.blog.mapper.BlAboutMapper.getCountByPage.debug:159 -==> Parameters: 
2020-12-07 23:07:59.837 DEBUG [http-nio-8899-exec-7]com.tqk.blog.mapper.BlAboutMapper.getCountByPage.debug:159 -<==      Total: 1
2020-12-07 23:07:59.881 DEBUG [http-nio-8899-exec-7]com.tqk.blog.mapper.BlLogMapper.save.debug:159 -==>  Preparing: insert into bl_log( log_url, log_params, log_status, log_message, log_method, log_time, log_result, log_ip ) values ( ?, ?, ?, ?, ?, ?, ?, ? ) 
2020-12-07 23:07:59.883 DEBUG [http-nio-8899-exec-7]com.tqk.blog.mapper.BlLogMapper.save.debug:159 -==> Parameters: /about/getByPage(String), [Page(currentPage=1, pageSize=10, totalPage=0, totalCount=0, list=[], params={}, sortColumn=null, sortMethod=asc)](String), 1(Integer), null, POST(String), 166(Long), {"code":20000,"data":{"currentPage":1,"index":0,"list":[{"aboutContent":"<p>最近，上海、天津等地出现个别疫情，也出现了将患者或相关人士的信息在网络上泄露，影响这些人的生活的事件。还有关于清华&ldquo;学姐&rdquo;在网络上的基于误会将一个男生的信息曝光的事件，更有一些快递公司&ldquo;内鬼&rdquo;泄露大量客户的详细信息的事件。这些其实都把个人隐私的保护上所出现的问题推到了前台。一方面确实接连出现那种个人隐私被泄露的事件，另一方面这些隐私的泄露所造成的实实在在的损害在这些例子中也都有充分的展现。</p>\n<p>个人隐私的保护，既是对于个人权利的尊重，也对于社会具有重要的意义。隐私的保护对于个体来说当然是重要的，因为个人的隐私的泄露当然会对个体由多方面的伤害，让个体的正常生活受到冲击和威胁。对于社会来说，个人的隐私的保护其实也是使社会生活更加安全的重要的保障。个人的隐私受到保护，既是在法律上十分清晰的，也是在伦理上极为必要的。这其实也是一个重要的社会底线。</p>\n<p>网络和大数据的发展使得个人的信息的搜集和处理都更加便捷和迅速。社会为了更便捷地运作和有效地运转，为了公众利益和为个体更好地服务，往往更多地搜集个人的多方面的资料，个人的资料为相关的方面所掌握在社会中也是必要的。但这当然不可能是无限度无底线的，这些其实都有法律的严格规定，也有伦理的基本的原则。实际上，这些界限其实是相当明确和清晰的。</p>\n<p>现在所出现的一些情况，就是完全违反了这些基本的限定，一些人随意地把他人的隐私信息在互联网这样的无远弗届的公共空间泄露。这种泄露造成的诸如&ldquo;网暴&rdquo;&ldquo;社交死亡&rdquo;等等现象现在在社会中已经成为的相当多的存在。个人的行为的许多不需要也不应该为公众广泛了解的一些情况，在被人们在公共空间中暴露，当然会对个人形成相当的伤害，也会让一些居心不良的人所利用，同时也会对于社会中的人们基本的安全的诉求构成冲击。</p>\n<p>有些人误解了基于&ldquo;公众利益&rdquo;的对于个人的信息的适度的披露和揭隐私、揭老底一类的恶俗行为的的关系，往往把过去小社区中的街谈巷议等等直接放到了所有人的公共空间的互联网上。也有人把&ldquo;群&rdquo;还是看成小圈子，小群体，传播有限，不知道实际上这种传播只要在网上，就可以是全社会的传播。有些接触一般人难以接触的资料的人，也并不觉得泄露这些是严重的事情。这其实和一些人缺少公共空间与私人生活的界限有关，也与当下的新的技术手段造成的便捷的传播有关。这些都构成了对于隐私的保护的冲击，这种冲击没有被有效制止，侵害隐私的行为没有得到惩戒和批评，就会产生&ldquo;示范效应&rdquo;，使得这样的情况一一发不可收拾，构成对于个人和社会的严重伤害。</p>\n<p>严格对于隐私保护的相关法律的执行，对于隐私保护的伦理要求也需要受到公众和社会的更多的维护。让人们生活在一个个人的隐私不能被随便泄露的状况中，这也需要全社会的更多的努力。</p>","aboutId":"1","aboutRead":1,"aboutTitle":"“社交死亡”现象越来越多 ，该如何保护个人隐私","createdTime":1603782451000,"enable":1,"updateTime":1606199712000},{"aboutContent":"你好(*´▽｀)ノノ","aboutId":"3","aboutRead":3,"aboutTitle":"hello","createdTime":1603780570000,"enable":0,"updateTime":1603782499000}],"pageSize":10,"params":{},"sortMethod":"asc","totalCount":2,"totalPage":1},"msg":"操作成功！"}(String), 192.168.101.29(String)
2020-12-07 23:07:59.973 DEBUG [http-nio-8899-exec-7]com.tqk.blog.mapper.BlLogMapper.save.debug:159 -<==    Updates: 1
2020-12-07 23:12:57.261 DEBUG [http-nio-8899-exec-9]com.tqk.blog.mapper.BlAboutMapper.getByPage.debug:159 -==>  Preparing: select about_id, about_title, about_read, about_content, created_time, update_time, enable from bl_about where deleted = 0 limit ?, ? 
2020-12-07 23:12:57.262 DEBUG [http-nio-8899-exec-9]com.tqk.blog.mapper.BlAboutMapper.getByPage.debug:159 -==> Parameters: 0(Integer), 10(Integer)
2020-12-07 23:12:57.305 DEBUG [http-nio-8899-exec-9]com.tqk.blog.mapper.BlAboutMapper.getByPage.debug:159 -<==      Total: 2
2020-12-07 23:12:57.342 DEBUG [http-nio-8899-exec-9]com.tqk.blog.mapper.BlAboutMapper.getCountByPage.debug:159 -==>  Preparing: select count(*) from bl_about where deleted = 0 
2020-12-07 23:12:57.343 DEBUG [http-nio-8899-exec-9]com.tqk.blog.mapper.BlAboutMapper.getCountByPage.debug:159 -==> Parameters: 
2020-12-07 23:12:57.379 DEBUG [http-nio-8899-exec-9]com.tqk.blog.mapper.BlAboutMapper.getCountByPage.debug:159 -<==      Total: 1
2020-12-07 23:12:57.417 DEBUG [http-nio-8899-exec-9]com.tqk.blog.mapper.BlLogMapper.save.debug:159 -==>  Preparing: insert into bl_log( log_url, log_params, log_status, log_message, log_method, log_time, log_result, log_ip ) values ( ?, ?, ?, ?, ?, ?, ?, ? ) 
2020-12-07 23:12:57.418 DEBUG [http-nio-8899-exec-9]com.tqk.blog.mapper.BlLogMapper.save.debug:159 -==> Parameters: /about/getByPage(String), [Page(currentPage=1, pageSize=10, totalPage=0, totalCount=0, list=[], params={}, sortColumn=null, sortMethod=asc)](String), 1(Integer), null, POST(String), 159(Long), {"code":20000,"data":{"currentPage":1,"index":0,"list":[{"aboutContent":"<p>最近，上海、天津等地出现个别疫情，也出现了将患者或相关人士的信息在网络上泄露，影响这些人的生活的事件。还有关于清华&ldquo;学姐&rdquo;在网络上的基于误会将一个男生的信息曝光的事件，更有一些快递公司&ldquo;内鬼&rdquo;泄露大量客户的详细信息的事件。这些其实都把个人隐私的保护上所出现的问题推到了前台。一方面确实接连出现那种个人隐私被泄露的事件，另一方面这些隐私的泄露所造成的实实在在的损害在这些例子中也都有充分的展现。</p>\n<p>个人隐私的保护，既是对于个人权利的尊重，也对于社会具有重要的意义。隐私的保护对于个体来说当然是重要的，因为个人的隐私的泄露当然会对个体由多方面的伤害，让个体的正常生活受到冲击和威胁。对于社会来说，个人的隐私的保护其实也是使社会生活更加安全的重要的保障。个人的隐私受到保护，既是在法律上十分清晰的，也是在伦理上极为必要的。这其实也是一个重要的社会底线。</p>\n<p>网络和大数据的发展使得个人的信息的搜集和处理都更加便捷和迅速。社会为了更便捷地运作和有效地运转，为了公众利益和为个体更好地服务，往往更多地搜集个人的多方面的资料，个人的资料为相关的方面所掌握在社会中也是必要的。但这当然不可能是无限度无底线的，这些其实都有法律的严格规定，也有伦理的基本的原则。实际上，这些界限其实是相当明确和清晰的。</p>\n<p>现在所出现的一些情况，就是完全违反了这些基本的限定，一些人随意地把他人的隐私信息在互联网这样的无远弗届的公共空间泄露。这种泄露造成的诸如&ldquo;网暴&rdquo;&ldquo;社交死亡&rdquo;等等现象现在在社会中已经成为的相当多的存在。个人的行为的许多不需要也不应该为公众广泛了解的一些情况，在被人们在公共空间中暴露，当然会对个人形成相当的伤害，也会让一些居心不良的人所利用，同时也会对于社会中的人们基本的安全的诉求构成冲击。</p>\n<p>有些人误解了基于&ldquo;公众利益&rdquo;的对于个人的信息的适度的披露和揭隐私、揭老底一类的恶俗行为的的关系，往往把过去小社区中的街谈巷议等等直接放到了所有人的公共空间的互联网上。也有人把&ldquo;群&rdquo;还是看成小圈子，小群体，传播有限，不知道实际上这种传播只要在网上，就可以是全社会的传播。有些接触一般人难以接触的资料的人，也并不觉得泄露这些是严重的事情。这其实和一些人缺少公共空间与私人生活的界限有关，也与当下的新的技术手段造成的便捷的传播有关。这些都构成了对于隐私的保护的冲击，这种冲击没有被有效制止，侵害隐私的行为没有得到惩戒和批评，就会产生&ldquo;示范效应&rdquo;，使得这样的情况一一发不可收拾，构成对于个人和社会的严重伤害。</p>\n<p>严格对于隐私保护的相关法律的执行，对于隐私保护的伦理要求也需要受到公众和社会的更多的维护。让人们生活在一个个人的隐私不能被随便泄露的状况中，这也需要全社会的更多的努力。</p>","aboutId":"1","aboutRead":1,"aboutTitle":"“社交死亡”现象越来越多 ，该如何保护个人隐私","createdTime":1603782451000,"enable":1,"updateTime":1606199712000},{"aboutContent":"你好(*´▽｀)ノノ","aboutId":"3","aboutRead":3,"aboutTitle":"hello","createdTime":1603780570000,"enable":0,"updateTime":1603782499000}],"pageSize":10,"params":{},"sortMethod":"asc","totalCount":2,"totalPage":1},"msg":"操作成功！"}(String), 192.168.101.29(String)
2020-12-07 23:12:57.497 DEBUG [http-nio-8899-exec-9]com.tqk.blog.mapper.BlLogMapper.save.debug:159 -<==    Updates: 1
2020-12-07 23:13:01.116 DEBUG [http-nio-8899-exec-10]com.tqk.blog.mapper.BlBlogMapper.getByPage.debug:159 -==>  Preparing: select blog_id, blog_title, blog_image, blog_goods, blog_read, blog_collection, blog_remark, blog_comment, blog_source, created_time, update_time,type_name from bl_blog as b inner join bl_type as t on type_id = blog_type where t.deleted = 0 and b.deleted = 0 limit ?, ? 
2020-12-07 23:13:01.117 DEBUG [http-nio-8899-exec-10]com.tqk.blog.mapper.BlBlogMapper.getByPage.debug:159 -==> Parameters: 0(Integer), 10(Integer)
2020-12-07 23:13:01.156 DEBUG [http-nio-8899-exec-10]com.tqk.blog.mapper.BlBlogMapper.getByPage.debug:159 -<==      Total: 3
2020-12-07 23:13:01.157 DEBUG [http-nio-8899-exec-10]com.tqk.blog.mapper.BlBlogMapper.getCountByPage.debug:159 -==>  Preparing: select count(*) from bl_blog as b inner join bl_type as t on type_id = blog_type where t.deleted = 0 and b.deleted = 0 
2020-12-07 23:13:01.158 DEBUG [http-nio-8899-exec-10]com.tqk.blog.mapper.BlBlogMapper.getCountByPage.debug:159 -==> Parameters: 
2020-12-07 23:13:01.194 DEBUG [http-nio-8899-exec-10]com.tqk.blog.mapper.BlBlogMapper.getCountByPage.debug:159 -<==      Total: 1
2020-12-07 23:13:01.307 DEBUG [http-nio-8899-exec-10]com.tqk.blog.mapper.BlLogMapper.save.debug:159 -==>  Preparing: insert into bl_log( log_url, log_params, log_status, log_message, log_method, log_time, log_result, log_ip ) values ( ?, ?, ?, ?, ?, ?, ?, ? ) 
2020-12-07 23:13:01.309 DEBUG [http-nio-8899-exec-10]com.tqk.blog.mapper.BlLogMapper.save.debug:159 -==> Parameters: /blog/getByPage(String), [Page(currentPage=1, pageSize=10, totalPage=0, totalCount=0, list=[], params={}, sortColumn=null, sortMethod=asc)](String), 1(Integer), null, POST(String), 587(Long), {"code":20000,"data":{"currentPage":1,"index":0,"list":[{"blogCollection":0,"blogComment":0,"blogGoods":0,"blogId":"1324038097171820544","blogImage":"Java","blogRead":0,"blogRemark":"BeanUtils它提供了对java反射和自省API的包装。它里面还有很多工具类，这里我们介绍一下copyProperties。","blogSource":"百度","blogTitle":"BeanUtils.copyProperties的用法","createdTime":"2020-11-04 17:17:33","typeName":"Java","updateTime":"2020-11-22 13:04:15"},{"blogCollection":0,"blogComment":0,"blogGoods":0,"blogId":"1330877080455553024","blogRead":0,"blogRemark":"MySQL","blogTitle":"面试官不讲武德问我：为什么MySQL不建议使用delete删除数据？","createdTime":"2020-11-23 14:13:16","typeName":"Java","updateTime":"2020-11-23 14:23:06"},{"blogCollection":0,"blogComment":0,"blogGoods":0,"blogId":"1330879440221315072","blogRead":0,"blogRemark":"面试必备","blogTitle":"Java岗四面字节跳动成功之前，我都刷了那些面试题以及做了那些准备！","createdTime":"2020-11-23 14:22:39","typeName":"Java","updateTime":"2020-11-23 14:22:39"}],"pageSize":10,"params":{},"sortMethod":"asc","totalCount":3,"totalPage":1},"msg":"操作成功！"}(String), 192.168.101.29(String)
2020-12-07 23:13:01.395 DEBUG [http-nio-8899-exec-10]com.tqk.blog.mapper.BlLogMapper.save.debug:159 -<==    Updates: 1
2020-12-07 23:13:04.572 DEBUG [http-nio-8899-exec-2]com.tqk.blog.mapper.BlTypeMapper.selectAll.debug:159 -==>  Preparing: SELECT type_id,type_name,type_blog_count,enable,deleted FROM bl_type 
2020-12-07 23:13:04.573 DEBUG [http-nio-8899-exec-2]com.tqk.blog.mapper.BlTypeMapper.selectAll.debug:159 -==> Parameters: 
2020-12-07 23:13:04.611 DEBUG [http-nio-8899-exec-2]com.tqk.blog.mapper.BlTypeMapper.selectAll.debug:159 -<==      Total: 7
2020-12-07 23:13:04.651 DEBUG [http-nio-8899-exec-2]com.tqk.blog.mapper.BlLogMapper.save.debug:159 -==>  Preparing: insert into bl_log( log_url, log_params, log_status, log_message, log_method, log_time, log_result, log_ip ) values ( ?, ?, ?, ?, ?, ?, ?, ? ) 
2020-12-07 23:13:04.653 DEBUG [http-nio-8899-exec-2]com.tqk.blog.mapper.BlLogMapper.save.debug:159 -==> Parameters: /type/listBack(String), [](String), 1(Integer), null, GET(String), 82(Long), {"code":20000,"data":[{"deleted":0,"enable":1,"typeBlogCount":105,"typeId":1,"typeName":"Java"},{"deleted":0,"enable":1,"typeBlogCount":0,"typeId":3,"typeName":"Python"},{"deleted":0,"enable":1,"typeBlogCount":0,"typeId":6,"typeName":"going"},{"deleted":0,"enable":1,"typeBlogCount":0,"typeId":7,"typeName":"Spring"},{"deleted":0,"enable":1,"typeBlogCount":0,"typeId":8,"typeName":"nginx"},{"deleted":0,"enable":1,"typeBlogCount":0,"typeId":9,"typeName":"Redis"},{"deleted":0,"enable":1,"typeBlogCount":0,"typeId":10,"typeName":"Docker"}],"msg":"操作成功！"}(String), 192.168.101.29(String)
2020-12-07 23:13:04.735 DEBUG [http-nio-8899-exec-2]com.tqk.blog.mapper.BlLogMapper.save.debug:159 -<==    Updates: 1
2020-12-07 23:13:09.949 DEBUG [http-nio-8899-exec-1]com.tqk.blog.mapper.BlLogMapper.getByPage.debug:159 -==>  Preparing: select log_id, log_url, log_params, log_status, log_message, log_method, log_time, log_result, log_ip, created_time from bl_log limit ?, ? 
2020-12-07 23:13:09.950 DEBUG [http-nio-8899-exec-1]com.tqk.blog.mapper.BlLogMapper.getByPage.debug:159 -==> Parameters: 0(Integer), 10(Integer)
2020-12-07 23:13:10.081 DEBUG [http-nio-8899-exec-1]com.tqk.blog.mapper.BlLogMapper.getByPage.debug:159 -<==      Total: 10
2020-12-07 23:13:10.529 DEBUG [http-nio-8899-exec-1]com.tqk.blog.mapper.BlLogMapper.getCountByPage.debug:159 -==>  Preparing: select count(*) from bl_log 
2020-12-07 23:13:10.531 DEBUG [http-nio-8899-exec-1]com.tqk.blog.mapper.BlLogMapper.getCountByPage.debug:159 -==> Parameters: 
2020-12-07 23:13:10.568 DEBUG [http-nio-8899-exec-1]com.tqk.blog.mapper.BlLogMapper.getCountByPage.debug:159 -<==      Total: 1
2020-12-07 23:13:10.637 DEBUG [http-nio-8899-exec-1]com.tqk.blog.mapper.BlLogMapper.save.debug:159 -==>  Preparing: insert into bl_log( log_url, log_params, log_status, log_message, log_method, log_time, log_result, log_ip ) values ( ?, ?, ?, ?, ?, ?, ?, ? ) 
2020-12-07 23:13:10.639 DEBUG [http-nio-8899-exec-1]com.tqk.blog.mapper.BlLogMapper.save.debug:159 -==> Parameters: /log/getByPage(String), [Page(currentPage=1, pageSize=10, totalPage=0, totalCount=0, list=[], params={}, sortColumn=null, sortMethod=asc)](String), 1(Integer), null, POST(String), 677(Long), {"code":20000,"data":{"currentPage":1,"index":0,"list":[{"createdTime":1603177676000,"logId":22,"logIp":"0:0:0:0:0:0:0:1","logMethod":"GET","logParams":"[]","logResult":"\"hhhhhhhhhhhhh\"","logStatus":1,"logTime":14,"logUrl":"/BlAdmin/welcome"},{"createdTime":1603179396000,"logId":23,"logIp":"0:0:0:0:0:0:0:1","logMethod":"GET","logParams":"[]","logResult":"\"hhhhhhhhhhhhh\"","logStatus":1,"logTime":14,"logUrl":"/BlAdmin/welcome"},{"createdTime":1603179406000,"logId":24,"logIp":"0:0:0:0:0:0:0:1","logMethod":"GET","logParams":"[]","logResult":"\"hhhhhhhhhhhhh\"","logStatus":1,"logTime":6,"logUrl":"/BlAdmin/welcome"},{"createdTime":1603179407000,"logId":25,"logIp":"0:0:0:0:0:0:0:1","logMethod":"GET","logParams":"[]","logResult":"\"hhhhhhhhhhhhh\"","logStatus":1,"logTime":3,"logUrl":"/BlAdmin/welcome"},{"createdTime":1603179408000,"logId":26,"logIp":"0:0:0:0:0:0:0:1","logMethod":"GET","logParams":"[]","logResult":"\"hhhhhhhhhhhhh\"","logStatus":1,"logTime":4,"logUrl":"/BlAdmin/welcome"},{"createdTime":1603179411000,"logId":27,"logIp":"0:0:0:0:0:0:0:1","logMethod":"GET","logParams":"[]","logResult":"\"hhhhhhhhhhhhh\"","logStatus":1,"logTime":2,"logUrl":"/BlAdmin/welcome"},{"createdTime":1603179644000,"logId":28,"logIp":"0:0:0:0:0:0:0:1","logMethod":"GET","logParams":"[]","logResult":"\"hhhhhhhhhhhhh\"","logStatus":1,"logTime":14,"logUrl":"/BlAdmin/welcome"},{"createdTime":1603179649000,"logId":29,"logIp":"0:0:0:0:0:0:0:1","logMethod":"GET","logParams":"[]","logResult":"\"hhhhhhhhhhhhh\"","logStatus":1,"logTime":2,"logUrl":"/BlAdmin/welcome"},{"createdTime":1603179705000,"logId":30,"logIp":"0:0:0:0:0:0:0:1","logMethod":"GET","logParams":"[]","logResult":"\"hhhhhhhhhhhhh\"","logStatus":1,"logTime":16,"logUrl":"/BlAdmin/welcome"},{"createdTime":1603179730000,"logId":31,"logIp":"0:0:0:0:0:0:0:1","logMethod":"GET","logParams":"[]","logResult":"\"欢迎登陆莫兰迪酒店！\"","logStatus":1,"logTime":9,"logUrl":"/hotel/welcome"}],"pageSize":10,"params":{},"sortMethod":"asc","totalCount":570,"totalPage":57},"msg":"操作成功！"}(String), 192.168.101.29(String)
2020-12-07 23:13:10.804 DEBUG [http-nio-8899-exec-1]com.tqk.blog.mapper.BlLogMapper.save.debug:159 -<==    Updates: 1
2020-12-07 23:13:14.856 DEBUG [http-nio-8899-exec-3]com.tqk.blog.mapper.BlMusicMapper.getByPage.debug:159 -==>  Preparing: select id, name, artist, url, cover, created_time, enable from bl_music where deleted = 0 limit ?, ? 
2020-12-07 23:13:14.857 DEBUG [http-nio-8899-exec-3]com.tqk.blog.mapper.BlMusicMapper.getByPage.debug:159 -==> Parameters: 0(Integer), 10(Integer)
2020-12-07 23:13:14.894 DEBUG [http-nio-8899-exec-3]com.tqk.blog.mapper.BlMusicMapper.getByPage.debug:159 -<==      Total: 2
2020-12-07 23:13:14.947 DEBUG [http-nio-8899-exec-3]com.tqk.blog.mapper.BlMusicMapper.getCountByPage.debug:159 -==>  Preparing: select count(*) from bl_music where deleted = 0 
2020-12-07 23:13:14.948 DEBUG [http-nio-8899-exec-3]com.tqk.blog.mapper.BlMusicMapper.getCountByPage.debug:159 -==> Parameters: 
2020-12-07 23:13:15.019 DEBUG [http-nio-8899-exec-3]com.tqk.blog.mapper.BlMusicMapper.getCountByPage.debug:159 -<==      Total: 1
2020-12-07 23:13:15.078 DEBUG [http-nio-8899-exec-3]com.tqk.blog.mapper.BlLogMapper.save.debug:159 -==>  Preparing: insert into bl_log( log_url, log_params, log_status, log_message, log_method, log_time, log_result, log_ip ) values ( ?, ?, ?, ?, ?, ?, ?, ? ) 
2020-12-07 23:13:15.078 DEBUG [http-nio-8899-exec-3]com.tqk.blog.mapper.BlLogMapper.save.debug:159 -==> Parameters: /music/getByPage(String), [Page(currentPage=1, pageSize=10, totalPage=0, totalCount=0, list=[], params={}, sortColumn=null, sortMethod=asc)](String), 1(Integer), null, POST(String), 263(Long), {"code":20000,"data":{"currentPage":1,"index":0,"list":[{"artist":"乔伊·汉森","cover":"XXXX","createdTime":20201026231000,"enable":1,"id":2,"name":"Traveling Light","url":"I found my freedom now"},{"artist":"Music genius","cover":"词不达意","createdTime":20201026231000,"enable":0,"id":3,"name":"没有撤退可言","url":"I found my freedom now"}],"pageSize":10,"params":{},"sortMethod":"asc","totalCount":2,"totalPage":1},"msg":"操作成功！"}(String), 192.168.101.29(String)
2020-12-07 23:13:15.170 DEBUG [http-nio-8899-exec-3]com.tqk.blog.mapper.BlLogMapper.save.debug:159 -<==    Updates: 1
2020-12-07 23:13:16.694 DEBUG [http-nio-8899-exec-4]com.tqk.blog.mapper.BlLinkMapper.getAll.debug:159 -==>  Preparing: select link_id, link_name, link_url, version from bl_link where deleted='0' 
2020-12-07 23:13:16.695 DEBUG [http-nio-8899-exec-4]com.tqk.blog.mapper.BlLinkMapper.getAll.debug:159 -==> Parameters: 
2020-12-07 23:13:16.741 DEBUG [http-nio-8899-exec-4]com.tqk.blog.mapper.BlLinkMapper.getAll.debug:159 -<==      Total: 1
2020-12-07 23:13:16.797 DEBUG [http-nio-8899-exec-4]com.tqk.blog.mapper.BlLogMapper.save.debug:159 -==>  Preparing: insert into bl_log( log_url, log_params, log_status, log_message, log_method, log_time, log_result, log_ip ) values ( ?, ?, ?, ?, ?, ?, ?, ? ) 
2020-12-07 23:13:16.798 DEBUG [http-nio-8899-exec-4]com.tqk.blog.mapper.BlLogMapper.save.debug:159 -==> Parameters: /link/list(String), [](String), 1(Integer), null, GET(String), 116(Long), {"code":20000,"data":[{"linkId":1,"linkName":"百度一下","linkUrl":"https://baidu.com/","version":2}],"msg":"操作成功！"}(String), 192.168.101.29(String)
2020-12-07 23:13:16.946 DEBUG [http-nio-8899-exec-4]com.tqk.blog.mapper.BlLogMapper.save.debug:159 -<==    Updates: 1
2020-12-07 23:13:19.687 DEBUG [http-nio-8899-exec-6]com.tqk.blog.mapper.BlUserMapper.getByPage.debug:159 -==>  Preparing: select user_id, username, name, sex, header, nickname, user_email, created_time, update_time from bl_user where deleted = 0 limit ?, ? 
2020-12-07 23:13:19.688 DEBUG [http-nio-8899-exec-6]com.tqk.blog.mapper.BlUserMapper.getByPage.debug:159 -==> Parameters: 0(Integer), 10(Integer)
2020-12-07 23:13:19.737 DEBUG [http-nio-8899-exec-6]com.tqk.blog.mapper.BlUserMapper.getByPage.debug:159 -<==      Total: 1
2020-12-07 23:13:19.776 DEBUG [http-nio-8899-exec-6]com.tqk.blog.mapper.BlUserMapper.getCountByPage.debug:159 -==>  Preparing: select count(*) from bl_user where deleted = 0 
2020-12-07 23:13:19.778 DEBUG [http-nio-8899-exec-6]com.tqk.blog.mapper.BlUserMapper.getCountByPage.debug:159 -==> Parameters: 
2020-12-07 23:13:19.816 DEBUG [http-nio-8899-exec-6]com.tqk.blog.mapper.BlUserMapper.getCountByPage.debug:159 -<==      Total: 1
2020-12-07 23:13:20.036 DEBUG [http-nio-8899-exec-6]com.tqk.blog.mapper.BlLogMapper.save.debug:159 -==>  Preparing: insert into bl_log( log_url, log_params, log_status, log_message, log_method, log_time, log_result, log_ip ) values ( ?, ?, ?, ?, ?, ?, ?, ? ) 
2020-12-07 23:13:20.036 DEBUG [http-nio-8899-exec-6]com.tqk.blog.mapper.BlLogMapper.save.debug:159 -==> Parameters: /user/getByPage(String), [Page(currentPage=1, pageSize=10, totalPage=0, totalCount=0, list=[], params={}, sortColumn=null, sortMethod=asc)](String), 1(Integer), null, POST(String), 181(Long), {"code":20000,"data":{"currentPage":1,"index":0,"list":[{"createdTime":1603955993000,"header":"哈哈哈","name":"天气开","nickname":"一切皆文件","sex":1,"updateTime":1603955993000,"userEmail":"953811508@qq.com","userId":4,"username":"田起凯"}],"pageSize":10,"params":{},"sortMethod":"asc","totalCount":1,"totalPage":1},"msg":"操作成功！"}(String), 192.168.101.29(String)
2020-12-07 23:13:20.125 DEBUG [http-nio-8899-exec-6]com.tqk.blog.mapper.BlLogMapper.save.debug:159 -<==    Updates: 1
2020-12-07 23:13:54.786 DEBUG [http-nio-8899-exec-7]com.tqk.blog.mapper.BlAboutMapper.getByPage.debug:159 -==>  Preparing: select about_id, about_title, about_read, about_content, created_time, update_time, enable from bl_about where deleted = 0 limit ?, ? 
2020-12-07 23:13:54.787 DEBUG [http-nio-8899-exec-7]com.tqk.blog.mapper.BlAboutMapper.getByPage.debug:159 -==> Parameters: 0(Integer), 10(Integer)
2020-12-07 23:13:54.825 DEBUG [http-nio-8899-exec-7]com.tqk.blog.mapper.BlAboutMapper.getByPage.debug:159 -<==      Total: 2
2020-12-07 23:13:54.863 DEBUG [http-nio-8899-exec-7]com.tqk.blog.mapper.BlAboutMapper.getCountByPage.debug:159 -==>  Preparing: select count(*) from bl_about where deleted = 0 
2020-12-07 23:13:54.864 DEBUG [http-nio-8899-exec-7]com.tqk.blog.mapper.BlAboutMapper.getCountByPage.debug:159 -==> Parameters: 
2020-12-07 23:13:54.899 DEBUG [http-nio-8899-exec-7]com.tqk.blog.mapper.BlAboutMapper.getCountByPage.debug:159 -<==      Total: 1
2020-12-07 23:13:54.943 DEBUG [http-nio-8899-exec-7]com.tqk.blog.mapper.BlLogMapper.save.debug:159 -==>  Preparing: insert into bl_log( log_url, log_params, log_status, log_message, log_method, log_time, log_result, log_ip ) values ( ?, ?, ?, ?, ?, ?, ?, ? ) 
2020-12-07 23:13:54.946 DEBUG [http-nio-8899-exec-7]com.tqk.blog.mapper.BlLogMapper.save.debug:159 -==> Parameters: /about/getByPage(String), [Page(currentPage=1, pageSize=10, totalPage=0, totalCount=0, list=[], params={}, sortColumn=null, sortMethod=asc)](String), 1(Integer), null, POST(String), 163(Long), {"code":20000,"data":{"currentPage":1,"index":0,"list":[{"aboutContent":"<p>最近，上海、天津等地出现个别疫情，也出现了将患者或相关人士的信息在网络上泄露，影响这些人的生活的事件。还有关于清华&ldquo;学姐&rdquo;在网络上的基于误会将一个男生的信息曝光的事件，更有一些快递公司&ldquo;内鬼&rdquo;泄露大量客户的详细信息的事件。这些其实都把个人隐私的保护上所出现的问题推到了前台。一方面确实接连出现那种个人隐私被泄露的事件，另一方面这些隐私的泄露所造成的实实在在的损害在这些例子中也都有充分的展现。</p>\n<p>个人隐私的保护，既是对于个人权利的尊重，也对于社会具有重要的意义。隐私的保护对于个体来说当然是重要的，因为个人的隐私的泄露当然会对个体由多方面的伤害，让个体的正常生活受到冲击和威胁。对于社会来说，个人的隐私的保护其实也是使社会生活更加安全的重要的保障。个人的隐私受到保护，既是在法律上十分清晰的，也是在伦理上极为必要的。这其实也是一个重要的社会底线。</p>\n<p>网络和大数据的发展使得个人的信息的搜集和处理都更加便捷和迅速。社会为了更便捷地运作和有效地运转，为了公众利益和为个体更好地服务，往往更多地搜集个人的多方面的资料，个人的资料为相关的方面所掌握在社会中也是必要的。但这当然不可能是无限度无底线的，这些其实都有法律的严格规定，也有伦理的基本的原则。实际上，这些界限其实是相当明确和清晰的。</p>\n<p>现在所出现的一些情况，就是完全违反了这些基本的限定，一些人随意地把他人的隐私信息在互联网这样的无远弗届的公共空间泄露。这种泄露造成的诸如&ldquo;网暴&rdquo;&ldquo;社交死亡&rdquo;等等现象现在在社会中已经成为的相当多的存在。个人的行为的许多不需要也不应该为公众广泛了解的一些情况，在被人们在公共空间中暴露，当然会对个人形成相当的伤害，也会让一些居心不良的人所利用，同时也会对于社会中的人们基本的安全的诉求构成冲击。</p>\n<p>有些人误解了基于&ldquo;公众利益&rdquo;的对于个人的信息的适度的披露和揭隐私、揭老底一类的恶俗行为的的关系，往往把过去小社区中的街谈巷议等等直接放到了所有人的公共空间的互联网上。也有人把&ldquo;群&rdquo;还是看成小圈子，小群体，传播有限，不知道实际上这种传播只要在网上，就可以是全社会的传播。有些接触一般人难以接触的资料的人，也并不觉得泄露这些是严重的事情。这其实和一些人缺少公共空间与私人生活的界限有关，也与当下的新的技术手段造成的便捷的传播有关。这些都构成了对于隐私的保护的冲击，这种冲击没有被有效制止，侵害隐私的行为没有得到惩戒和批评，就会产生&ldquo;示范效应&rdquo;，使得这样的情况一一发不可收拾，构成对于个人和社会的严重伤害。</p>\n<p>严格对于隐私保护的相关法律的执行，对于隐私保护的伦理要求也需要受到公众和社会的更多的维护。让人们生活在一个个人的隐私不能被随便泄露的状况中，这也需要全社会的更多的努力。</p>","aboutId":"1","aboutRead":1,"aboutTitle":"“社交死亡”现象越来越多 ，该如何保护个人隐私","createdTime":1603782451000,"enable":1,"updateTime":1606199712000},{"aboutContent":"你好(*´▽｀)ノノ","aboutId":"3","aboutRead":3,"aboutTitle":"hello","createdTime":1603780570000,"enable":0,"updateTime":1603782499000}],"pageSize":10,"params":{},"sortMethod":"asc","totalCount":2,"totalPage":1},"msg":"操作成功！"}(String), 192.168.101.29(String)
2020-12-07 23:13:55.042 DEBUG [http-nio-8899-exec-7]com.tqk.blog.mapper.BlLogMapper.save.debug:159 -<==    Updates: 1
