2020-11-21 23:00:07.366 INFO  [main]com.tqk.blog.BlogApplication.logStarting:55 -Starting BlogApplication on WIN-LFFH2UEU8RH with PID 15324 (D:\javaweb\blog\target\classes started by Administrator in D:\javaweb\blog)
2020-11-21 23:00:07.385 INFO  [main]com.tqk.blog.BlogApplication.logStartupProfileInfo:655 -The following profiles are active: dev
2020-11-21 23:00:08.822 INFO  [main]o.s.c.s.PostProcessorRegistrationDelegate$BeanPostProcessorChecker.postProcessAfterInitialization:330 -Bean 'org.springframework.transaction.annotation.ProxyTransactionManagementConfiguration' of type [org.springframework.transaction.annotation.ProxyTransactionManagementConfiguration] is not eligible for getting processed by all BeanPostProcessors (for example: not eligible for auto-proxying)
2020-11-21 23:00:09.084 INFO  [main]o.s.c.s.PostProcessorRegistrationDelegate$BeanPostProcessorChecker.postProcessAfterInitialization:330 -Bean 'shiroConfig' of type [com.tqk.blog.config.ShiroConfig$$EnhancerBySpringCGLIB$$2a0f1bf6] is not eligible for getting processed by all BeanPostProcessors (for example: not eligible for auto-proxying)
2020-11-21 23:00:09.151 INFO  [main]o.s.c.s.PostProcessorRegistrationDelegate$BeanPostProcessorChecker.postProcessAfterInitialization:330 -Bean 'mybatis-tk.mybatis.mapper.autoconfigure.MybatisProperties' of type [tk.mybatis.mapper.autoconfigure.MybatisProperties] is not eligible for getting processed by all BeanPostProcessors (for example: not eligible for auto-proxying)
2020-11-21 23:00:09.173 INFO  [main]o.s.c.s.PostProcessorRegistrationDelegate$BeanPostProcessorChecker.postProcessAfterInitialization:330 -Bean 'tk.mybatis.mapper.autoconfigure.MapperAutoConfiguration' of type [tk.mybatis.mapper.autoconfigure.MapperAutoConfiguration$$EnhancerBySpringCGLIB$$730c9f24] is not eligible for getting processed by all BeanPostProcessors (for example: not eligible for auto-proxying)
2020-11-21 23:00:09.179 INFO  [main]o.s.c.s.PostProcessorRegistrationDelegate$BeanPostProcessorChecker.postProcessAfterInitialization:330 -Bean 'com.alibaba.druid.spring.boot.autoconfigure.DruidDataSourceAutoConfigure' of type [com.alibaba.druid.spring.boot.autoconfigure.DruidDataSourceAutoConfigure$$EnhancerBySpringCGLIB$$d6c7ecfd] is not eligible for getting processed by all BeanPostProcessors (for example: not eligible for auto-proxying)
2020-11-21 23:00:09.185 INFO  [main]c.a.d.s.boot.autoconfigure.DruidDataSourceAutoConfigure.dataSource:56 -Init DruidDataSource
2020-11-21 23:00:09.281 INFO  [main]o.s.c.s.PostProcessorRegistrationDelegate$BeanPostProcessorChecker.postProcessAfterInitialization:330 -Bean 'spring.datasource-org.springframework.boot.autoconfigure.jdbc.DataSourceProperties' of type [org.springframework.boot.autoconfigure.jdbc.DataSourceProperties] is not eligible for getting processed by all BeanPostProcessors (for example: not eligible for auto-proxying)
2020-11-21 23:00:09.307 INFO  [main]o.s.c.s.PostProcessorRegistrationDelegate$BeanPostProcessorChecker.postProcessAfterInitialization:330 -Bean 'com.alibaba.druid.spring.boot.autoconfigure.stat.DruidFilterConfiguration' of type [com.alibaba.druid.spring.boot.autoconfigure.stat.DruidFilterConfiguration] is not eligible for getting processed by all BeanPostProcessors (for example: not eligible for auto-proxying)
2020-11-21 23:00:09.348 INFO  [main]o.s.c.s.PostProcessorRegistrationDelegate$BeanPostProcessorChecker.postProcessAfterInitialization:330 -Bean 'statFilter' of type [com.alibaba.druid.filter.stat.StatFilter] is not eligible for getting processed by all BeanPostProcessors (for example: not eligible for auto-proxying)
2020-11-21 23:00:12.039 INFO  [main]com.alibaba.druid.pool.DruidDataSource.init:930 -{dataSource-1} inited
2020-11-21 23:00:12.040 INFO  [main]o.s.c.s.PostProcessorRegistrationDelegate$BeanPostProcessorChecker.postProcessAfterInitialization:330 -Bean 'dataSource' of type [com.alibaba.druid.spring.boot.autoconfigure.DruidDataSourceWrapper] is not eligible for getting processed by all BeanPostProcessors (for example: not eligible for auto-proxying)
2020-11-21 23:00:12.167 INFO  [main]o.s.c.s.PostProcessorRegistrationDelegate$BeanPostProcessorChecker.postProcessAfterInitialization:330 -Bean 'org.springframework.boot.autoconfigure.jdbc.DataSourceInitializerInvoker' of type [org.springframework.boot.autoconfigure.jdbc.DataSourceInitializerInvoker] is not eligible for getting processed by all BeanPostProcessors (for example: not eligible for auto-proxying)
2020-11-21 23:00:12.588 INFO  [main]o.s.c.s.PostProcessorRegistrationDelegate$BeanPostProcessorChecker.postProcessAfterInitialization:330 -Bean 'sqlSessionFactory' of type [org.apache.ibatis.session.defaults.DefaultSqlSessionFactory] is not eligible for getting processed by all BeanPostProcessors (for example: not eligible for auto-proxying)
2020-11-21 23:00:12.598 INFO  [main]o.s.c.s.PostProcessorRegistrationDelegate$BeanPostProcessorChecker.postProcessAfterInitialization:330 -Bean 'sqlSessionTemplate' of type [org.mybatis.spring.SqlSessionTemplate] is not eligible for getting processed by all BeanPostProcessors (for example: not eligible for auto-proxying)
2020-11-21 23:00:12.683 INFO  [main]o.s.c.s.PostProcessorRegistrationDelegate$BeanPostProcessorChecker.postProcessAfterInitialization:330 -Bean 'blAdminMapper' of type [tk.mybatis.spring.mapper.MapperFactoryBean] is not eligible for getting processed by all BeanPostProcessors (for example: not eligible for auto-proxying)
2020-11-21 23:00:12.694 INFO  [main]o.s.c.s.PostProcessorRegistrationDelegate$BeanPostProcessorChecker.postProcessAfterInitialization:330 -Bean 'blAdminMapper' of type [com.sun.proxy.$Proxy86] is not eligible for getting processed by all BeanPostProcessors (for example: not eligible for auto-proxying)
2020-11-21 23:00:12.745 INFO  [main]o.s.c.s.PostProcessorRegistrationDelegate$BeanPostProcessorChecker.postProcessAfterInitialization:330 -Bean 'adminServiceImpl' of type [com.tqk.blog.service.impl.AdminServiceImpl] is not eligible for getting processed by all BeanPostProcessors (for example: not eligible for auto-proxying)
2020-11-21 23:00:12.747 INFO  [main]o.s.c.s.PostProcessorRegistrationDelegate$BeanPostProcessorChecker.postProcessAfterInitialization:330 -Bean 'adminRealm' of type [com.tqk.blog.realm.AdminRealm] is not eligible for getting processed by all BeanPostProcessors (for example: not eligible for auto-proxying)
2020-11-21 23:00:13.366 INFO  [main]o.s.c.s.PostProcessorRegistrationDelegate$BeanPostProcessorChecker.postProcessAfterInitialization:330 -Bean 'securityManager' of type [org.apache.shiro.web.mgt.DefaultWebSecurityManager] is not eligible for getting processed by all BeanPostProcessors (for example: not eligible for auto-proxying)
2020-11-21 23:00:13.393 INFO  [main]o.s.c.s.PostProcessorRegistrationDelegate$BeanPostProcessorChecker.postProcessAfterInitialization:330 -Bean 'authorizationAttributeSourceAdvisor' of type [org.apache.shiro.spring.security.interceptor.AuthorizationAttributeSourceAdvisor] is not eligible for getting processed by all BeanPostProcessors (for example: not eligible for auto-proxying)
2020-11-21 23:00:13.836 INFO  [main]o.s.boot.web.embedded.tomcat.TomcatWebServer.initialize:92 -Tomcat initialized with port(s): 8899 (http)
2020-11-21 23:00:13.850 INFO  [main]org.apache.coyote.http11.Http11NioProtocol.log:173 -Initializing ProtocolHandler ["http-nio-8899"]
2020-11-21 23:00:13.851 INFO  [main]org.apache.catalina.core.StandardService.log:173 -Starting service [Tomcat]
2020-11-21 23:00:13.852 INFO  [main]org.apache.catalina.core.StandardEngine.log:173 -Starting Servlet engine: [Apache Tomcat/9.0.29]
2020-11-21 23:00:14.002 INFO  [main]o.a.catalina.core.ContainerBase.[Tomcat].[localhost].[/].log:173 -Initializing Spring embedded WebApplicationContext
2020-11-21 23:00:14.003 INFO  [main]org.springframework.web.context.ContextLoader.prepareWebApplicationContext:284 -Root WebApplicationContext: initialization completed in 6517 ms
2020-11-21 23:00:15.223 INFO  [main]o.s.scheduling.concurrent.ThreadPoolTaskExecutor.initialize:171 -Initializing ExecutorService 'applicationTaskExecutor'
2020-11-21 23:00:15.744 INFO  [main]org.apache.coyote.http11.Http11NioProtocol.log:173 -Starting ProtocolHandler ["http-nio-8899"]
2020-11-21 23:00:15.774 INFO  [main]o.s.boot.web.embedded.tomcat.TomcatWebServer.start:204 -Tomcat started on port(s): 8899 (http) with context path ''
2020-11-21 23:00:15.777 INFO  [main]com.tqk.blog.BlogApplication.logStarted:61 -Started BlogApplication in 9.268 seconds (JVM running for 10.035)
2020-11-21 23:07:16.798 INFO  [main]com.tqk.blog.BlogApplication.logStarting:55 -Starting BlogApplication on WIN-LFFH2UEU8RH with PID 15012 (D:\javaweb\blog\target\classes started by Administrator in D:\javaweb\blog)
2020-11-21 23:07:16.803 INFO  [main]com.tqk.blog.BlogApplication.logStartupProfileInfo:655 -The following profiles are active: dev
2020-11-21 23:07:18.190 INFO  [main]o.s.c.s.PostProcessorRegistrationDelegate$BeanPostProcessorChecker.postProcessAfterInitialization:330 -Bean 'org.springframework.transaction.annotation.ProxyTransactionManagementConfiguration' of type [org.springframework.transaction.annotation.ProxyTransactionManagementConfiguration] is not eligible for getting processed by all BeanPostProcessors (for example: not eligible for auto-proxying)
2020-11-21 23:07:18.319 INFO  [main]o.s.c.s.PostProcessorRegistrationDelegate$BeanPostProcessorChecker.postProcessAfterInitialization:330 -Bean 'shiroConfig' of type [com.tqk.blog.config.ShiroConfig$$EnhancerBySpringCGLIB$$e3bb0814] is not eligible for getting processed by all BeanPostProcessors (for example: not eligible for auto-proxying)
2020-11-21 23:07:18.398 INFO  [main]o.s.c.s.PostProcessorRegistrationDelegate$BeanPostProcessorChecker.postProcessAfterInitialization:330 -Bean 'mybatis-tk.mybatis.mapper.autoconfigure.MybatisProperties' of type [tk.mybatis.mapper.autoconfigure.MybatisProperties] is not eligible for getting processed by all BeanPostProcessors (for example: not eligible for auto-proxying)
2020-11-21 23:07:18.416 INFO  [main]o.s.c.s.PostProcessorRegistrationDelegate$BeanPostProcessorChecker.postProcessAfterInitialization:330 -Bean 'tk.mybatis.mapper.autoconfigure.MapperAutoConfiguration' of type [tk.mybatis.mapper.autoconfigure.MapperAutoConfiguration$$EnhancerBySpringCGLIB$$2cb88b42] is not eligible for getting processed by all BeanPostProcessors (for example: not eligible for auto-proxying)
2020-11-21 23:07:18.422 INFO  [main]o.s.c.s.PostProcessorRegistrationDelegate$BeanPostProcessorChecker.postProcessAfterInitialization:330 -Bean 'com.alibaba.druid.spring.boot.autoconfigure.DruidDataSourceAutoConfigure' of type [com.alibaba.druid.spring.boot.autoconfigure.DruidDataSourceAutoConfigure$$EnhancerBySpringCGLIB$$9073d91b] is not eligible for getting processed by all BeanPostProcessors (for example: not eligible for auto-proxying)
2020-11-21 23:07:18.429 INFO  [main]c.a.d.s.boot.autoconfigure.DruidDataSourceAutoConfigure.dataSource:56 -Init DruidDataSource
2020-11-21 23:07:18.516 INFO  [main]o.s.c.s.PostProcessorRegistrationDelegate$BeanPostProcessorChecker.postProcessAfterInitialization:330 -Bean 'spring.datasource-org.springframework.boot.autoconfigure.jdbc.DataSourceProperties' of type [org.springframework.boot.autoconfigure.jdbc.DataSourceProperties] is not eligible for getting processed by all BeanPostProcessors (for example: not eligible for auto-proxying)
2020-11-21 23:07:18.544 INFO  [main]o.s.c.s.PostProcessorRegistrationDelegate$BeanPostProcessorChecker.postProcessAfterInitialization:330 -Bean 'com.alibaba.druid.spring.boot.autoconfigure.stat.DruidFilterConfiguration' of type [com.alibaba.druid.spring.boot.autoconfigure.stat.DruidFilterConfiguration] is not eligible for getting processed by all BeanPostProcessors (for example: not eligible for auto-proxying)
2020-11-21 23:07:18.579 INFO  [main]o.s.c.s.PostProcessorRegistrationDelegate$BeanPostProcessorChecker.postProcessAfterInitialization:330 -Bean 'statFilter' of type [com.alibaba.druid.filter.stat.StatFilter] is not eligible for getting processed by all BeanPostProcessors (for example: not eligible for auto-proxying)
2020-11-21 23:07:21.240 INFO  [main]com.alibaba.druid.pool.DruidDataSource.init:930 -{dataSource-1} inited
2020-11-21 23:07:21.242 INFO  [main]o.s.c.s.PostProcessorRegistrationDelegate$BeanPostProcessorChecker.postProcessAfterInitialization:330 -Bean 'dataSource' of type [com.alibaba.druid.spring.boot.autoconfigure.DruidDataSourceWrapper] is not eligible for getting processed by all BeanPostProcessors (for example: not eligible for auto-proxying)
2020-11-21 23:07:21.339 INFO  [main]o.s.c.s.PostProcessorRegistrationDelegate$BeanPostProcessorChecker.postProcessAfterInitialization:330 -Bean 'org.springframework.boot.autoconfigure.jdbc.DataSourceInitializerInvoker' of type [org.springframework.boot.autoconfigure.jdbc.DataSourceInitializerInvoker] is not eligible for getting processed by all BeanPostProcessors (for example: not eligible for auto-proxying)
2020-11-21 23:07:21.680 INFO  [main]o.s.c.s.PostProcessorRegistrationDelegate$BeanPostProcessorChecker.postProcessAfterInitialization:330 -Bean 'sqlSessionFactory' of type [org.apache.ibatis.session.defaults.DefaultSqlSessionFactory] is not eligible for getting processed by all BeanPostProcessors (for example: not eligible for auto-proxying)
2020-11-21 23:07:21.691 INFO  [main]o.s.c.s.PostProcessorRegistrationDelegate$BeanPostProcessorChecker.postProcessAfterInitialization:330 -Bean 'sqlSessionTemplate' of type [org.mybatis.spring.SqlSessionTemplate] is not eligible for getting processed by all BeanPostProcessors (for example: not eligible for auto-proxying)
2020-11-21 23:07:21.784 INFO  [main]o.s.c.s.PostProcessorRegistrationDelegate$BeanPostProcessorChecker.postProcessAfterInitialization:330 -Bean 'blAdminMapper' of type [tk.mybatis.spring.mapper.MapperFactoryBean] is not eligible for getting processed by all BeanPostProcessors (for example: not eligible for auto-proxying)
2020-11-21 23:07:21.795 INFO  [main]o.s.c.s.PostProcessorRegistrationDelegate$BeanPostProcessorChecker.postProcessAfterInitialization:330 -Bean 'blAdminMapper' of type [com.sun.proxy.$Proxy86] is not eligible for getting processed by all BeanPostProcessors (for example: not eligible for auto-proxying)
2020-11-21 23:07:21.839 INFO  [main]o.s.c.s.PostProcessorRegistrationDelegate$BeanPostProcessorChecker.postProcessAfterInitialization:330 -Bean 'adminServiceImpl' of type [com.tqk.blog.service.impl.AdminServiceImpl] is not eligible for getting processed by all BeanPostProcessors (for example: not eligible for auto-proxying)
2020-11-21 23:07:21.842 INFO  [main]o.s.c.s.PostProcessorRegistrationDelegate$BeanPostProcessorChecker.postProcessAfterInitialization:330 -Bean 'adminRealm' of type [com.tqk.blog.realm.AdminRealm] is not eligible for getting processed by all BeanPostProcessors (for example: not eligible for auto-proxying)
2020-11-21 23:07:22.357 INFO  [main]o.s.c.s.PostProcessorRegistrationDelegate$BeanPostProcessorChecker.postProcessAfterInitialization:330 -Bean 'securityManager' of type [org.apache.shiro.web.mgt.DefaultWebSecurityManager] is not eligible for getting processed by all BeanPostProcessors (for example: not eligible for auto-proxying)
2020-11-21 23:07:22.383 INFO  [main]o.s.c.s.PostProcessorRegistrationDelegate$BeanPostProcessorChecker.postProcessAfterInitialization:330 -Bean 'authorizationAttributeSourceAdvisor' of type [org.apache.shiro.spring.security.interceptor.AuthorizationAttributeSourceAdvisor] is not eligible for getting processed by all BeanPostProcessors (for example: not eligible for auto-proxying)
2020-11-21 23:07:22.720 INFO  [main]o.s.boot.web.embedded.tomcat.TomcatWebServer.initialize:92 -Tomcat initialized with port(s): 8899 (http)
2020-11-21 23:07:22.734 INFO  [main]org.apache.coyote.http11.Http11NioProtocol.log:173 -Initializing ProtocolHandler ["http-nio-8899"]
2020-11-21 23:07:22.735 INFO  [main]org.apache.catalina.core.StandardService.log:173 -Starting service [Tomcat]
2020-11-21 23:07:22.735 INFO  [main]org.apache.catalina.core.StandardEngine.log:173 -Starting Servlet engine: [Apache Tomcat/9.0.29]
2020-11-21 23:07:22.915 INFO  [main]o.a.catalina.core.ContainerBase.[Tomcat].[localhost].[/].log:173 -Initializing Spring embedded WebApplicationContext
2020-11-21 23:07:22.916 INFO  [main]org.springframework.web.context.ContextLoader.prepareWebApplicationContext:284 -Root WebApplicationContext: initialization completed in 6061 ms
2020-11-21 23:07:24.158 INFO  [main]o.s.scheduling.concurrent.ThreadPoolTaskExecutor.initialize:171 -Initializing ExecutorService 'applicationTaskExecutor'
2020-11-21 23:07:24.638 INFO  [main]org.apache.coyote.http11.Http11NioProtocol.log:173 -Starting ProtocolHandler ["http-nio-8899"]
2020-11-21 23:07:24.667 INFO  [main]o.s.boot.web.embedded.tomcat.TomcatWebServer.start:204 -Tomcat started on port(s): 8899 (http) with context path ''
2020-11-21 23:07:24.670 INFO  [main]com.tqk.blog.BlogApplication.logStarted:61 -Started BlogApplication in 8.503 seconds (JVM running for 9.055)
2020-11-21 23:09:31.373 INFO  [http-nio-8899-exec-1]o.a.catalina.core.ContainerBase.[Tomcat].[localhost].[/].log:173 -Initializing Spring DispatcherServlet 'dispatcherServlet'
2020-11-21 23:09:31.374 INFO  [http-nio-8899-exec-1]org.springframework.web.servlet.DispatcherServlet.initServletBean:525 -Initializing Servlet 'dispatcherServlet'
2020-11-21 23:09:31.395 INFO  [http-nio-8899-exec-1]org.springframework.web.servlet.DispatcherServlet.initServletBean:547 -Completed initialization in 20 ms
2020-11-21 23:09:31.448 INFO  [http-nio-8899-exec-1]com.tqk.blog.aspect.RequestAspect.printRequestLog:115 -请求地址 : /BlAdmin/login
2020-11-21 23:09:31.453 INFO  [http-nio-8899-exec-1]com.tqk.blog.aspect.RequestAspect.printRequestLog:116 -请求方式 : POST
2020-11-21 23:09:31.456 INFO  [http-nio-8899-exec-1]com.tqk.blog.aspect.RequestAspect.printRequestLog:119 -IP : 192.168.101.29
2020-11-21 23:09:31.457 INFO  [http-nio-8899-exec-1]com.tqk.blog.aspect.RequestAspect.printRequestLog:121 -方法 : com.tqk.blog.controller.AdminController.login
2020-11-21 23:09:31.458 INFO  [http-nio-8899-exec-1]com.tqk.blog.aspect.RequestAspect.printRequestLog:123 -请求参数：[]
2020-11-21 23:09:31.464 INFO  [http-nio-8899-exec-1]com.tqk.blog.aspect.RequestAspect.doAround:67 -耗时 : 16
2020-11-21 23:09:31.562 INFO  [http-nio-8899-exec-1]com.tqk.blog.aspect.RequestAspect.doAfterReturning:81 -返回值：{"code":20000,"data":{"token":"sessionId"},"msg":"操作成功！"}
2020-11-21 23:10:39.563 INFO  [main]com.tqk.blog.BlogApplication.logStarting:55 -Starting BlogApplication on WIN-LFFH2UEU8RH with PID 16868 (D:\javaweb\blog\target\classes started by Administrator in D:\javaweb\blog)
2020-11-21 23:10:39.567 INFO  [main]com.tqk.blog.BlogApplication.logStartupProfileInfo:655 -The following profiles are active: dev
2020-11-21 23:10:41.025 INFO  [main]o.s.c.s.PostProcessorRegistrationDelegate$BeanPostProcessorChecker.postProcessAfterInitialization:330 -Bean 'org.springframework.transaction.annotation.ProxyTransactionManagementConfiguration' of type [org.springframework.transaction.annotation.ProxyTransactionManagementConfiguration] is not eligible for getting processed by all BeanPostProcessors (for example: not eligible for auto-proxying)
2020-11-21 23:10:41.189 INFO  [main]o.s.c.s.PostProcessorRegistrationDelegate$BeanPostProcessorChecker.postProcessAfterInitialization:330 -Bean 'shiroConfig' of type [com.tqk.blog.config.ShiroConfig$$EnhancerBySpringCGLIB$$52a890b7] is not eligible for getting processed by all BeanPostProcessors (for example: not eligible for auto-proxying)
2020-11-21 23:10:41.250 INFO  [main]o.s.c.s.PostProcessorRegistrationDelegate$BeanPostProcessorChecker.postProcessAfterInitialization:330 -Bean 'mybatis-tk.mybatis.mapper.autoconfigure.MybatisProperties' of type [tk.mybatis.mapper.autoconfigure.MybatisProperties] is not eligible for getting processed by all BeanPostProcessors (for example: not eligible for auto-proxying)
2020-11-21 23:10:41.265 INFO  [main]o.s.c.s.PostProcessorRegistrationDelegate$BeanPostProcessorChecker.postProcessAfterInitialization:330 -Bean 'tk.mybatis.mapper.autoconfigure.MapperAutoConfiguration' of type [tk.mybatis.mapper.autoconfigure.MapperAutoConfiguration$$EnhancerBySpringCGLIB$$9ba613e5] is not eligible for getting processed by all BeanPostProcessors (for example: not eligible for auto-proxying)
2020-11-21 23:10:41.272 INFO  [main]o.s.c.s.PostProcessorRegistrationDelegate$BeanPostProcessorChecker.postProcessAfterInitialization:330 -Bean 'com.alibaba.druid.spring.boot.autoconfigure.DruidDataSourceAutoConfigure' of type [com.alibaba.druid.spring.boot.autoconfigure.DruidDataSourceAutoConfigure$$EnhancerBySpringCGLIB$$ff6161be] is not eligible for getting processed by all BeanPostProcessors (for example: not eligible for auto-proxying)
2020-11-21 23:10:41.278 INFO  [main]c.a.d.s.boot.autoconfigure.DruidDataSourceAutoConfigure.dataSource:56 -Init DruidDataSource
2020-11-21 23:10:41.357 INFO  [main]o.s.c.s.PostProcessorRegistrationDelegate$BeanPostProcessorChecker.postProcessAfterInitialization:330 -Bean 'spring.datasource-org.springframework.boot.autoconfigure.jdbc.DataSourceProperties' of type [org.springframework.boot.autoconfigure.jdbc.DataSourceProperties] is not eligible for getting processed by all BeanPostProcessors (for example: not eligible for auto-proxying)
2020-11-21 23:10:41.378 INFO  [main]o.s.c.s.PostProcessorRegistrationDelegate$BeanPostProcessorChecker.postProcessAfterInitialization:330 -Bean 'com.alibaba.druid.spring.boot.autoconfigure.stat.DruidFilterConfiguration' of type [com.alibaba.druid.spring.boot.autoconfigure.stat.DruidFilterConfiguration] is not eligible for getting processed by all BeanPostProcessors (for example: not eligible for auto-proxying)
2020-11-21 23:10:41.415 INFO  [main]o.s.c.s.PostProcessorRegistrationDelegate$BeanPostProcessorChecker.postProcessAfterInitialization:330 -Bean 'statFilter' of type [com.alibaba.druid.filter.stat.StatFilter] is not eligible for getting processed by all BeanPostProcessors (for example: not eligible for auto-proxying)
2020-11-21 23:10:44.192 INFO  [main]com.alibaba.druid.pool.DruidDataSource.init:930 -{dataSource-1} inited
2020-11-21 23:10:44.192 INFO  [main]o.s.c.s.PostProcessorRegistrationDelegate$BeanPostProcessorChecker.postProcessAfterInitialization:330 -Bean 'dataSource' of type [com.alibaba.druid.spring.boot.autoconfigure.DruidDataSourceWrapper] is not eligible for getting processed by all BeanPostProcessors (for example: not eligible for auto-proxying)
2020-11-21 23:10:44.295 INFO  [main]o.s.c.s.PostProcessorRegistrationDelegate$BeanPostProcessorChecker.postProcessAfterInitialization:330 -Bean 'org.springframework.boot.autoconfigure.jdbc.DataSourceInitializerInvoker' of type [org.springframework.boot.autoconfigure.jdbc.DataSourceInitializerInvoker] is not eligible for getting processed by all BeanPostProcessors (for example: not eligible for auto-proxying)
2020-11-21 23:10:44.641 INFO  [main]o.s.c.s.PostProcessorRegistrationDelegate$BeanPostProcessorChecker.postProcessAfterInitialization:330 -Bean 'sqlSessionFactory' of type [org.apache.ibatis.session.defaults.DefaultSqlSessionFactory] is not eligible for getting processed by all BeanPostProcessors (for example: not eligible for auto-proxying)
2020-11-21 23:10:44.652 INFO  [main]o.s.c.s.PostProcessorRegistrationDelegate$BeanPostProcessorChecker.postProcessAfterInitialization:330 -Bean 'sqlSessionTemplate' of type [org.mybatis.spring.SqlSessionTemplate] is not eligible for getting processed by all BeanPostProcessors (for example: not eligible for auto-proxying)
2020-11-21 23:10:44.737 INFO  [main]o.s.c.s.PostProcessorRegistrationDelegate$BeanPostProcessorChecker.postProcessAfterInitialization:330 -Bean 'blAdminMapper' of type [tk.mybatis.spring.mapper.MapperFactoryBean] is not eligible for getting processed by all BeanPostProcessors (for example: not eligible for auto-proxying)
2020-11-21 23:10:44.745 INFO  [main]o.s.c.s.PostProcessorRegistrationDelegate$BeanPostProcessorChecker.postProcessAfterInitialization:330 -Bean 'blAdminMapper' of type [com.sun.proxy.$Proxy86] is not eligible for getting processed by all BeanPostProcessors (for example: not eligible for auto-proxying)
2020-11-21 23:10:44.798 INFO  [main]o.s.c.s.PostProcessorRegistrationDelegate$BeanPostProcessorChecker.postProcessAfterInitialization:330 -Bean 'adminServiceImpl' of type [com.tqk.blog.service.impl.AdminServiceImpl] is not eligible for getting processed by all BeanPostProcessors (for example: not eligible for auto-proxying)
2020-11-21 23:10:44.800 INFO  [main]o.s.c.s.PostProcessorRegistrationDelegate$BeanPostProcessorChecker.postProcessAfterInitialization:330 -Bean 'adminRealm' of type [com.tqk.blog.realm.AdminRealm] is not eligible for getting processed by all BeanPostProcessors (for example: not eligible for auto-proxying)
2020-11-21 23:10:45.265 INFO  [main]o.s.c.s.PostProcessorRegistrationDelegate$BeanPostProcessorChecker.postProcessAfterInitialization:330 -Bean 'securityManager' of type [org.apache.shiro.web.mgt.DefaultWebSecurityManager] is not eligible for getting processed by all BeanPostProcessors (for example: not eligible for auto-proxying)
2020-11-21 23:10:45.292 INFO  [main]o.s.c.s.PostProcessorRegistrationDelegate$BeanPostProcessorChecker.postProcessAfterInitialization:330 -Bean 'authorizationAttributeSourceAdvisor' of type [org.apache.shiro.spring.security.interceptor.AuthorizationAttributeSourceAdvisor] is not eligible for getting processed by all BeanPostProcessors (for example: not eligible for auto-proxying)
2020-11-21 23:10:45.674 INFO  [main]o.s.boot.web.embedded.tomcat.TomcatWebServer.initialize:92 -Tomcat initialized with port(s): 8899 (http)
2020-11-21 23:10:45.691 INFO  [main]org.apache.coyote.http11.Http11NioProtocol.log:173 -Initializing ProtocolHandler ["http-nio-8899"]
2020-11-21 23:10:45.692 INFO  [main]org.apache.catalina.core.StandardService.log:173 -Starting service [Tomcat]
2020-11-21 23:10:45.692 INFO  [main]org.apache.catalina.core.StandardEngine.log:173 -Starting Servlet engine: [Apache Tomcat/9.0.29]
2020-11-21 23:10:45.818 INFO  [main]o.a.catalina.core.ContainerBase.[Tomcat].[localhost].[/].log:173 -Initializing Spring embedded WebApplicationContext
2020-11-21 23:10:45.818 INFO  [main]org.springframework.web.context.ContextLoader.prepareWebApplicationContext:284 -Root WebApplicationContext: initialization completed in 6197 ms
2020-11-21 23:10:46.944 INFO  [main]o.s.scheduling.concurrent.ThreadPoolTaskExecutor.initialize:171 -Initializing ExecutorService 'applicationTaskExecutor'
2020-11-21 23:10:47.402 INFO  [main]org.apache.coyote.http11.Http11NioProtocol.log:173 -Starting ProtocolHandler ["http-nio-8899"]
2020-11-21 23:10:47.427 INFO  [main]o.s.boot.web.embedded.tomcat.TomcatWebServer.start:204 -Tomcat started on port(s): 8899 (http) with context path ''
2020-11-21 23:10:47.430 INFO  [main]com.tqk.blog.BlogApplication.logStarted:61 -Started BlogApplication in 8.567 seconds (JVM running for 9.065)
2020-11-21 23:10:54.123 INFO  [http-nio-8899-exec-1]o.a.catalina.core.ContainerBase.[Tomcat].[localhost].[/].log:173 -Initializing Spring DispatcherServlet 'dispatcherServlet'
2020-11-21 23:10:54.124 INFO  [http-nio-8899-exec-1]org.springframework.web.servlet.DispatcherServlet.initServletBean:525 -Initializing Servlet 'dispatcherServlet'
2020-11-21 23:10:54.146 INFO  [http-nio-8899-exec-1]org.springframework.web.servlet.DispatcherServlet.initServletBean:547 -Completed initialization in 22 ms
2020-11-21 23:10:54.202 INFO  [http-nio-8899-exec-1]com.tqk.blog.aspect.RequestAspect.printRequestLog:115 -请求地址 : /BlAdmin/login
2020-11-21 23:10:54.204 INFO  [http-nio-8899-exec-1]com.tqk.blog.aspect.RequestAspect.printRequestLog:116 -请求方式 : GET
2020-11-21 23:10:54.207 INFO  [http-nio-8899-exec-1]com.tqk.blog.aspect.RequestAspect.printRequestLog:119 -IP : 192.168.101.29
2020-11-21 23:10:54.209 INFO  [http-nio-8899-exec-1]com.tqk.blog.aspect.RequestAspect.printRequestLog:121 -方法 : com.tqk.blog.controller.AdminController.login
2020-11-21 23:10:54.209 INFO  [http-nio-8899-exec-1]com.tqk.blog.aspect.RequestAspect.printRequestLog:123 -请求参数：[]
2020-11-21 23:10:54.218 INFO  [http-nio-8899-exec-1]com.tqk.blog.aspect.RequestAspect.doAround:67 -耗时 : 16
2020-11-21 23:10:54.337 INFO  [http-nio-8899-exec-1]com.tqk.blog.aspect.RequestAspect.doAfterReturning:81 -返回值：{"code":20000,"data":{"token":"sessionId"},"msg":"操作成功！"}
2020-11-21 23:12:00.313 INFO  [main]com.tqk.blog.BlogApplication.logStarting:55 -Starting BlogApplication on WIN-LFFH2UEU8RH with PID 13856 (D:\javaweb\blog\target\classes started by Administrator in D:\javaweb\blog)
2020-11-21 23:12:00.318 INFO  [main]com.tqk.blog.BlogApplication.logStartupProfileInfo:655 -The following profiles are active: dev
2020-11-21 23:12:01.582 INFO  [main]o.s.c.s.PostProcessorRegistrationDelegate$BeanPostProcessorChecker.postProcessAfterInitialization:330 -Bean 'org.springframework.transaction.annotation.ProxyTransactionManagementConfiguration' of type [org.springframework.transaction.annotation.ProxyTransactionManagementConfiguration] is not eligible for getting processed by all BeanPostProcessors (for example: not eligible for auto-proxying)
2020-11-21 23:12:01.728 INFO  [main]o.s.c.s.PostProcessorRegistrationDelegate$BeanPostProcessorChecker.postProcessAfterInitialization:330 -Bean 'shiroConfig' of type [com.tqk.blog.config.ShiroConfig$$EnhancerBySpringCGLIB$$145772b5] is not eligible for getting processed by all BeanPostProcessors (for example: not eligible for auto-proxying)
2020-11-21 23:12:01.782 INFO  [main]o.s.c.s.PostProcessorRegistrationDelegate$BeanPostProcessorChecker.postProcessAfterInitialization:330 -Bean 'mybatis-tk.mybatis.mapper.autoconfigure.MybatisProperties' of type [tk.mybatis.mapper.autoconfigure.MybatisProperties] is not eligible for getting processed by all BeanPostProcessors (for example: not eligible for auto-proxying)
2020-11-21 23:12:01.797 INFO  [main]o.s.c.s.PostProcessorRegistrationDelegate$BeanPostProcessorChecker.postProcessAfterInitialization:330 -Bean 'tk.mybatis.mapper.autoconfigure.MapperAutoConfiguration' of type [tk.mybatis.mapper.autoconfigure.MapperAutoConfiguration$$EnhancerBySpringCGLIB$$5d54f5e3] is not eligible for getting processed by all BeanPostProcessors (for example: not eligible for auto-proxying)
2020-11-21 23:12:01.802 INFO  [main]o.s.c.s.PostProcessorRegistrationDelegate$BeanPostProcessorChecker.postProcessAfterInitialization:330 -Bean 'com.alibaba.druid.spring.boot.autoconfigure.DruidDataSourceAutoConfigure' of type [com.alibaba.druid.spring.boot.autoconfigure.DruidDataSourceAutoConfigure$$EnhancerBySpringCGLIB$$c11043bc] is not eligible for getting processed by all BeanPostProcessors (for example: not eligible for auto-proxying)
2020-11-21 23:12:01.807 INFO  [main]c.a.d.s.boot.autoconfigure.DruidDataSourceAutoConfigure.dataSource:56 -Init DruidDataSource
2020-11-21 23:12:01.872 INFO  [main]o.s.c.s.PostProcessorRegistrationDelegate$BeanPostProcessorChecker.postProcessAfterInitialization:330 -Bean 'spring.datasource-org.springframework.boot.autoconfigure.jdbc.DataSourceProperties' of type [org.springframework.boot.autoconfigure.jdbc.DataSourceProperties] is not eligible for getting processed by all BeanPostProcessors (for example: not eligible for auto-proxying)
2020-11-21 23:12:01.895 INFO  [main]o.s.c.s.PostProcessorRegistrationDelegate$BeanPostProcessorChecker.postProcessAfterInitialization:330 -Bean 'com.alibaba.druid.spring.boot.autoconfigure.stat.DruidFilterConfiguration' of type [com.alibaba.druid.spring.boot.autoconfigure.stat.DruidFilterConfiguration] is not eligible for getting processed by all BeanPostProcessors (for example: not eligible for auto-proxying)
2020-11-21 23:12:01.929 INFO  [main]o.s.c.s.PostProcessorRegistrationDelegate$BeanPostProcessorChecker.postProcessAfterInitialization:330 -Bean 'statFilter' of type [com.alibaba.druid.filter.stat.StatFilter] is not eligible for getting processed by all BeanPostProcessors (for example: not eligible for auto-proxying)
2020-11-21 23:12:05.619 INFO  [main]com.alibaba.druid.pool.DruidDataSource.init:930 -{dataSource-1} inited
2020-11-21 23:12:05.621 INFO  [main]o.s.c.s.PostProcessorRegistrationDelegate$BeanPostProcessorChecker.postProcessAfterInitialization:330 -Bean 'dataSource' of type [com.alibaba.druid.spring.boot.autoconfigure.DruidDataSourceWrapper] is not eligible for getting processed by all BeanPostProcessors (for example: not eligible for auto-proxying)
2020-11-21 23:12:05.742 INFO  [main]o.s.c.s.PostProcessorRegistrationDelegate$BeanPostProcessorChecker.postProcessAfterInitialization:330 -Bean 'org.springframework.boot.autoconfigure.jdbc.DataSourceInitializerInvoker' of type [org.springframework.boot.autoconfigure.jdbc.DataSourceInitializerInvoker] is not eligible for getting processed by all BeanPostProcessors (for example: not eligible for auto-proxying)
2020-11-21 23:12:06.096 INFO  [main]o.s.c.s.PostProcessorRegistrationDelegate$BeanPostProcessorChecker.postProcessAfterInitialization:330 -Bean 'sqlSessionFactory' of type [org.apache.ibatis.session.defaults.DefaultSqlSessionFactory] is not eligible for getting processed by all BeanPostProcessors (for example: not eligible for auto-proxying)
2020-11-21 23:12:06.106 INFO  [main]o.s.c.s.PostProcessorRegistrationDelegate$BeanPostProcessorChecker.postProcessAfterInitialization:330 -Bean 'sqlSessionTemplate' of type [org.mybatis.spring.SqlSessionTemplate] is not eligible for getting processed by all BeanPostProcessors (for example: not eligible for auto-proxying)
2020-11-21 23:12:06.173 INFO  [main]o.s.c.s.PostProcessorRegistrationDelegate$BeanPostProcessorChecker.postProcessAfterInitialization:330 -Bean 'blAdminMapper' of type [tk.mybatis.spring.mapper.MapperFactoryBean] is not eligible for getting processed by all BeanPostProcessors (for example: not eligible for auto-proxying)
2020-11-21 23:12:06.181 INFO  [main]o.s.c.s.PostProcessorRegistrationDelegate$BeanPostProcessorChecker.postProcessAfterInitialization:330 -Bean 'blAdminMapper' of type [com.sun.proxy.$Proxy86] is not eligible for getting processed by all BeanPostProcessors (for example: not eligible for auto-proxying)
2020-11-21 23:12:06.228 INFO  [main]o.s.c.s.PostProcessorRegistrationDelegate$BeanPostProcessorChecker.postProcessAfterInitialization:330 -Bean 'adminServiceImpl' of type [com.tqk.blog.service.impl.AdminServiceImpl] is not eligible for getting processed by all BeanPostProcessors (for example: not eligible for auto-proxying)
2020-11-21 23:12:06.230 INFO  [main]o.s.c.s.PostProcessorRegistrationDelegate$BeanPostProcessorChecker.postProcessAfterInitialization:330 -Bean 'adminRealm' of type [com.tqk.blog.realm.AdminRealm] is not eligible for getting processed by all BeanPostProcessors (for example: not eligible for auto-proxying)
2020-11-21 23:12:06.705 INFO  [main]o.s.c.s.PostProcessorRegistrationDelegate$BeanPostProcessorChecker.postProcessAfterInitialization:330 -Bean 'securityManager' of type [org.apache.shiro.web.mgt.DefaultWebSecurityManager] is not eligible for getting processed by all BeanPostProcessors (for example: not eligible for auto-proxying)
2020-11-21 23:12:06.738 INFO  [main]o.s.c.s.PostProcessorRegistrationDelegate$BeanPostProcessorChecker.postProcessAfterInitialization:330 -Bean 'authorizationAttributeSourceAdvisor' of type [org.apache.shiro.spring.security.interceptor.AuthorizationAttributeSourceAdvisor] is not eligible for getting processed by all BeanPostProcessors (for example: not eligible for auto-proxying)
2020-11-21 23:12:07.103 INFO  [main]o.s.boot.web.embedded.tomcat.TomcatWebServer.initialize:92 -Tomcat initialized with port(s): 8899 (http)
2020-11-21 23:12:07.114 INFO  [main]org.apache.coyote.http11.Http11NioProtocol.log:173 -Initializing ProtocolHandler ["http-nio-8899"]
2020-11-21 23:12:07.115 INFO  [main]org.apache.catalina.core.StandardService.log:173 -Starting service [Tomcat]
2020-11-21 23:12:07.115 INFO  [main]org.apache.catalina.core.StandardEngine.log:173 -Starting Servlet engine: [Apache Tomcat/9.0.29]
2020-11-21 23:12:07.241 INFO  [main]o.a.catalina.core.ContainerBase.[Tomcat].[localhost].[/].log:173 -Initializing Spring embedded WebApplicationContext
2020-11-21 23:12:07.242 INFO  [main]org.springframework.web.context.ContextLoader.prepareWebApplicationContext:284 -Root WebApplicationContext: initialization completed in 6868 ms
2020-11-21 23:12:08.378 INFO  [main]o.s.scheduling.concurrent.ThreadPoolTaskExecutor.initialize:171 -Initializing ExecutorService 'applicationTaskExecutor'
2020-11-21 23:12:08.840 INFO  [main]org.apache.coyote.http11.Http11NioProtocol.log:173 -Starting ProtocolHandler ["http-nio-8899"]
2020-11-21 23:12:08.870 INFO  [main]o.s.boot.web.embedded.tomcat.TomcatWebServer.start:204 -Tomcat started on port(s): 8899 (http) with context path ''
2020-11-21 23:12:08.873 INFO  [main]com.tqk.blog.BlogApplication.logStarted:61 -Started BlogApplication in 9.172 seconds (JVM running for 9.71)
2020-11-21 23:12:20.298 INFO  [http-nio-8899-exec-2]o.a.catalina.core.ContainerBase.[Tomcat].[localhost].[/].log:173 -Initializing Spring DispatcherServlet 'dispatcherServlet'
2020-11-21 23:12:20.299 INFO  [http-nio-8899-exec-2]org.springframework.web.servlet.DispatcherServlet.initServletBean:525 -Initializing Servlet 'dispatcherServlet'
2020-11-21 23:12:20.318 INFO  [http-nio-8899-exec-2]org.springframework.web.servlet.DispatcherServlet.initServletBean:547 -Completed initialization in 19 ms
2020-11-21 23:12:20.367 INFO  [http-nio-8899-exec-2]com.tqk.blog.aspect.RequestAspect.printRequestLog:115 -请求地址 : /BlAdmin/login
2020-11-21 23:12:20.369 INFO  [http-nio-8899-exec-2]com.tqk.blog.aspect.RequestAspect.printRequestLog:116 -请求方式 : GET
2020-11-21 23:12:20.371 INFO  [http-nio-8899-exec-2]com.tqk.blog.aspect.RequestAspect.printRequestLog:119 -IP : 192.168.101.29
2020-11-21 23:12:20.373 INFO  [http-nio-8899-exec-2]com.tqk.blog.aspect.RequestAspect.printRequestLog:121 -方法 : com.tqk.blog.controller.AdminController.login
2020-11-21 23:12:20.373 INFO  [http-nio-8899-exec-2]com.tqk.blog.aspect.RequestAspect.printRequestLog:123 -请求参数：[]
2020-11-21 23:12:20.382 INFO  [http-nio-8899-exec-2]com.tqk.blog.aspect.RequestAspect.doAround:67 -耗时 : 15
2020-11-21 23:12:20.479 INFO  [http-nio-8899-exec-2]com.tqk.blog.aspect.RequestAspect.doAfterReturning:81 -返回值：{"code":20000,"data":{"token":"sessionId"},"msg":"操作成功！"}
2020-11-21 23:12:32.663 INFO  [http-nio-8899-exec-3]com.tqk.blog.aspect.RequestAspect.printRequestLog:115 -请求地址 : /BlAdmin/login
2020-11-21 23:12:32.664 INFO  [http-nio-8899-exec-3]com.tqk.blog.aspect.RequestAspect.printRequestLog:116 -请求方式 : GET
2020-11-21 23:12:32.665 INFO  [http-nio-8899-exec-3]com.tqk.blog.aspect.RequestAspect.printRequestLog:119 -IP : 192.168.101.29
2020-11-21 23:12:32.665 INFO  [http-nio-8899-exec-3]com.tqk.blog.aspect.RequestAspect.printRequestLog:121 -方法 : com.tqk.blog.controller.AdminController.login
2020-11-21 23:12:32.667 INFO  [http-nio-8899-exec-3]com.tqk.blog.aspect.RequestAspect.printRequestLog:123 -请求参数：[]
2020-11-21 23:12:32.668 INFO  [http-nio-8899-exec-3]com.tqk.blog.aspect.RequestAspect.doAround:67 -耗时 : 5
2020-11-21 23:12:32.669 INFO  [http-nio-8899-exec-3]com.tqk.blog.aspect.RequestAspect.doAfterReturning:81 -返回值：{"code":20000,"data":{"token":"sessionId"},"msg":"操作成功！"}
2020-11-21 23:13:24.210 INFO  [http-nio-8899-exec-5]com.tqk.blog.aspect.RequestAspect.printRequestLog:115 -请求地址 : /BlAdmin/login
2020-11-21 23:13:24.212 INFO  [http-nio-8899-exec-5]com.tqk.blog.aspect.RequestAspect.printRequestLog:116 -请求方式 : GET
2020-11-21 23:13:24.213 INFO  [http-nio-8899-exec-5]com.tqk.blog.aspect.RequestAspect.printRequestLog:119 -IP : 192.168.101.29
2020-11-21 23:13:24.214 INFO  [http-nio-8899-exec-5]com.tqk.blog.aspect.RequestAspect.printRequestLog:121 -方法 : com.tqk.blog.controller.AdminController.login
2020-11-21 23:13:24.215 INFO  [http-nio-8899-exec-5]com.tqk.blog.aspect.RequestAspect.printRequestLog:123 -请求参数：[]
2020-11-21 23:13:24.216 INFO  [http-nio-8899-exec-5]com.tqk.blog.aspect.RequestAspect.doAround:67 -耗时 : 6
2020-11-21 23:13:24.216 INFO  [http-nio-8899-exec-5]com.tqk.blog.aspect.RequestAspect.doAfterReturning:81 -返回值：{"code":20000,"data":{"token":"sessionId"},"msg":"操作成功！"}
2020-11-21 23:13:24.388 INFO  [http-nio-8899-exec-6]com.tqk.blog.aspect.RequestAspect.printRequestLog:115 -请求地址 : /BlAdmin/info
2020-11-21 23:13:24.389 INFO  [http-nio-8899-exec-6]com.tqk.blog.aspect.RequestAspect.printRequestLog:116 -请求方式 : GET
2020-11-21 23:13:24.390 INFO  [http-nio-8899-exec-6]com.tqk.blog.aspect.RequestAspect.printRequestLog:119 -IP : 192.168.101.29
2020-11-21 23:13:24.391 INFO  [http-nio-8899-exec-6]com.tqk.blog.aspect.RequestAspect.printRequestLog:121 -方法 : com.tqk.blog.controller.AdminController.getLoginInfo
2020-11-21 23:13:24.391 INFO  [http-nio-8899-exec-6]com.tqk.blog.aspect.RequestAspect.printRequestLog:123 -请求参数：[]
2020-11-21 23:21:47.559 INFO  [http-nio-8899-exec-7]com.tqk.blog.aspect.RequestAspect.printRequestLog:115 -请求地址 : /BlAdmin/login
2020-11-21 23:21:47.560 INFO  [http-nio-8899-exec-7]com.tqk.blog.aspect.RequestAspect.printRequestLog:116 -请求方式 : GET
2020-11-21 23:21:47.561 INFO  [http-nio-8899-exec-7]com.tqk.blog.aspect.RequestAspect.printRequestLog:119 -IP : 192.168.101.29
2020-11-21 23:21:47.562 INFO  [http-nio-8899-exec-7]com.tqk.blog.aspect.RequestAspect.printRequestLog:121 -方法 : com.tqk.blog.controller.AdminController.login
2020-11-21 23:21:47.563 INFO  [http-nio-8899-exec-7]com.tqk.blog.aspect.RequestAspect.printRequestLog:123 -请求参数：[]
2020-11-21 23:21:47.563 INFO  [http-nio-8899-exec-7]com.tqk.blog.aspect.RequestAspect.doAround:67 -耗时 : 4
2020-11-21 23:21:47.564 INFO  [http-nio-8899-exec-7]com.tqk.blog.aspect.RequestAspect.doAfterReturning:81 -返回值：{"code":20000,"data":{"token":"sessionId"},"msg":"操作成功！"}
2020-11-21 23:21:47.807 INFO  [http-nio-8899-exec-8]com.tqk.blog.aspect.RequestAspect.printRequestLog:115 -请求地址 : /BlAdmin/info
2020-11-21 23:21:47.808 INFO  [http-nio-8899-exec-8]com.tqk.blog.aspect.RequestAspect.printRequestLog:116 -请求方式 : GET
2020-11-21 23:21:47.808 INFO  [http-nio-8899-exec-8]com.tqk.blog.aspect.RequestAspect.printRequestLog:119 -IP : 192.168.101.29
2020-11-21 23:21:47.808 INFO  [http-nio-8899-exec-8]com.tqk.blog.aspect.RequestAspect.printRequestLog:121 -方法 : com.tqk.blog.controller.AdminController.getLoginInfo
2020-11-21 23:21:47.808 INFO  [http-nio-8899-exec-8]com.tqk.blog.aspect.RequestAspect.printRequestLog:123 -请求参数：[]
2020-11-21 23:23:04.642 INFO  [main]com.tqk.blog.BlogApplication.logStarting:55 -Starting BlogApplication on WIN-LFFH2UEU8RH with PID 10156 (D:\javaweb\blog\target\classes started by Administrator in D:\javaweb\blog)
2020-11-21 23:23:04.647 INFO  [main]com.tqk.blog.BlogApplication.logStartupProfileInfo:655 -The following profiles are active: dev
2020-11-21 23:23:06.008 INFO  [main]o.s.c.s.PostProcessorRegistrationDelegate$BeanPostProcessorChecker.postProcessAfterInitialization:330 -Bean 'org.springframework.transaction.annotation.ProxyTransactionManagementConfiguration' of type [org.springframework.transaction.annotation.ProxyTransactionManagementConfiguration] is not eligible for getting processed by all BeanPostProcessors (for example: not eligible for auto-proxying)
2020-11-21 23:23:06.493 INFO  [main]o.s.c.s.PostProcessorRegistrationDelegate$BeanPostProcessorChecker.postProcessAfterInitialization:330 -Bean 'shiroConfig' of type [com.tqk.blog.config.ShiroConfig$$EnhancerBySpringCGLIB$$349ada6d] is not eligible for getting processed by all BeanPostProcessors (for example: not eligible for auto-proxying)
2020-11-21 23:23:06.547 INFO  [main]o.s.c.s.PostProcessorRegistrationDelegate$BeanPostProcessorChecker.postProcessAfterInitialization:330 -Bean 'mybatis-tk.mybatis.mapper.autoconfigure.MybatisProperties' of type [tk.mybatis.mapper.autoconfigure.MybatisProperties] is not eligible for getting processed by all BeanPostProcessors (for example: not eligible for auto-proxying)
2020-11-21 23:23:06.565 INFO  [main]o.s.c.s.PostProcessorRegistrationDelegate$BeanPostProcessorChecker.postProcessAfterInitialization:330 -Bean 'tk.mybatis.mapper.autoconfigure.MapperAutoConfiguration' of type [tk.mybatis.mapper.autoconfigure.MapperAutoConfiguration$$EnhancerBySpringCGLIB$$7d985d9b] is not eligible for getting processed by all BeanPostProcessors (for example: not eligible for auto-proxying)
2020-11-21 23:23:06.572 INFO  [main]o.s.c.s.PostProcessorRegistrationDelegate$BeanPostProcessorChecker.postProcessAfterInitialization:330 -Bean 'com.alibaba.druid.spring.boot.autoconfigure.DruidDataSourceAutoConfigure' of type [com.alibaba.druid.spring.boot.autoconfigure.DruidDataSourceAutoConfigure$$EnhancerBySpringCGLIB$$e153ab74] is not eligible for getting processed by all BeanPostProcessors (for example: not eligible for auto-proxying)
2020-11-21 23:23:06.577 INFO  [main]c.a.d.s.boot.autoconfigure.DruidDataSourceAutoConfigure.dataSource:56 -Init DruidDataSource
2020-11-21 23:23:06.655 INFO  [main]o.s.c.s.PostProcessorRegistrationDelegate$BeanPostProcessorChecker.postProcessAfterInitialization:330 -Bean 'spring.datasource-org.springframework.boot.autoconfigure.jdbc.DataSourceProperties' of type [org.springframework.boot.autoconfigure.jdbc.DataSourceProperties] is not eligible for getting processed by all BeanPostProcessors (for example: not eligible for auto-proxying)
2020-11-21 23:23:06.678 INFO  [main]o.s.c.s.PostProcessorRegistrationDelegate$BeanPostProcessorChecker.postProcessAfterInitialization:330 -Bean 'com.alibaba.druid.spring.boot.autoconfigure.stat.DruidFilterConfiguration' of type [com.alibaba.druid.spring.boot.autoconfigure.stat.DruidFilterConfiguration] is not eligible for getting processed by all BeanPostProcessors (for example: not eligible for auto-proxying)
2020-11-21 23:23:06.710 INFO  [main]o.s.c.s.PostProcessorRegistrationDelegate$BeanPostProcessorChecker.postProcessAfterInitialization:330 -Bean 'statFilter' of type [com.alibaba.druid.filter.stat.StatFilter] is not eligible for getting processed by all BeanPostProcessors (for example: not eligible for auto-proxying)
2020-11-21 23:23:09.386 INFO  [main]com.alibaba.druid.pool.DruidDataSource.init:930 -{dataSource-1} inited
2020-11-21 23:23:09.387 INFO  [main]o.s.c.s.PostProcessorRegistrationDelegate$BeanPostProcessorChecker.postProcessAfterInitialization:330 -Bean 'dataSource' of type [com.alibaba.druid.spring.boot.autoconfigure.DruidDataSourceWrapper] is not eligible for getting processed by all BeanPostProcessors (for example: not eligible for auto-proxying)
2020-11-21 23:23:09.506 INFO  [main]o.s.c.s.PostProcessorRegistrationDelegate$BeanPostProcessorChecker.postProcessAfterInitialization:330 -Bean 'org.springframework.boot.autoconfigure.jdbc.DataSourceInitializerInvoker' of type [org.springframework.boot.autoconfigure.jdbc.DataSourceInitializerInvoker] is not eligible for getting processed by all BeanPostProcessors (for example: not eligible for auto-proxying)
2020-11-21 23:23:09.850 INFO  [main]o.s.c.s.PostProcessorRegistrationDelegate$BeanPostProcessorChecker.postProcessAfterInitialization:330 -Bean 'sqlSessionFactory' of type [org.apache.ibatis.session.defaults.DefaultSqlSessionFactory] is not eligible for getting processed by all BeanPostProcessors (for example: not eligible for auto-proxying)
2020-11-21 23:23:09.861 INFO  [main]o.s.c.s.PostProcessorRegistrationDelegate$BeanPostProcessorChecker.postProcessAfterInitialization:330 -Bean 'sqlSessionTemplate' of type [org.mybatis.spring.SqlSessionTemplate] is not eligible for getting processed by all BeanPostProcessors (for example: not eligible for auto-proxying)
2020-11-21 23:23:09.940 INFO  [main]o.s.c.s.PostProcessorRegistrationDelegate$BeanPostProcessorChecker.postProcessAfterInitialization:330 -Bean 'blAdminMapper' of type [tk.mybatis.spring.mapper.MapperFactoryBean] is not eligible for getting processed by all BeanPostProcessors (for example: not eligible for auto-proxying)
2020-11-21 23:23:09.951 INFO  [main]o.s.c.s.PostProcessorRegistrationDelegate$BeanPostProcessorChecker.postProcessAfterInitialization:330 -Bean 'blAdminMapper' of type [com.sun.proxy.$Proxy86] is not eligible for getting processed by all BeanPostProcessors (for example: not eligible for auto-proxying)
2020-11-21 23:23:09.994 INFO  [main]o.s.c.s.PostProcessorRegistrationDelegate$BeanPostProcessorChecker.postProcessAfterInitialization:330 -Bean 'adminServiceImpl' of type [com.tqk.blog.service.impl.AdminServiceImpl] is not eligible for getting processed by all BeanPostProcessors (for example: not eligible for auto-proxying)
2020-11-21 23:23:09.996 INFO  [main]o.s.c.s.PostProcessorRegistrationDelegate$BeanPostProcessorChecker.postProcessAfterInitialization:330 -Bean 'adminRealm' of type [com.tqk.blog.realm.AdminRealm] is not eligible for getting processed by all BeanPostProcessors (for example: not eligible for auto-proxying)
2020-11-21 23:23:10.466 INFO  [main]o.s.c.s.PostProcessorRegistrationDelegate$BeanPostProcessorChecker.postProcessAfterInitialization:330 -Bean 'securityManager' of type [org.apache.shiro.web.mgt.DefaultWebSecurityManager] is not eligible for getting processed by all BeanPostProcessors (for example: not eligible for auto-proxying)
2020-11-21 23:23:10.500 INFO  [main]o.s.c.s.PostProcessorRegistrationDelegate$BeanPostProcessorChecker.postProcessAfterInitialization:330 -Bean 'authorizationAttributeSourceAdvisor' of type [org.apache.shiro.spring.security.interceptor.AuthorizationAttributeSourceAdvisor] is not eligible for getting processed by all BeanPostProcessors (for example: not eligible for auto-proxying)
2020-11-21 23:23:10.864 INFO  [main]o.s.boot.web.embedded.tomcat.TomcatWebServer.initialize:92 -Tomcat initialized with port(s): 8899 (http)
2020-11-21 23:23:10.879 INFO  [main]org.apache.coyote.http11.Http11NioProtocol.log:173 -Initializing ProtocolHandler ["http-nio-8899"]
2020-11-21 23:23:10.880 INFO  [main]org.apache.catalina.core.StandardService.log:173 -Starting service [Tomcat]
2020-11-21 23:23:10.880 INFO  [main]org.apache.catalina.core.StandardEngine.log:173 -Starting Servlet engine: [Apache Tomcat/9.0.29]
2020-11-21 23:23:11.035 INFO  [main]o.a.catalina.core.ContainerBase.[Tomcat].[localhost].[/].log:173 -Initializing Spring embedded WebApplicationContext
2020-11-21 23:23:11.036 INFO  [main]org.springframework.web.context.ContextLoader.prepareWebApplicationContext:284 -Root WebApplicationContext: initialization completed in 6313 ms
2020-11-21 23:23:12.151 INFO  [main]o.s.scheduling.concurrent.ThreadPoolTaskExecutor.initialize:171 -Initializing ExecutorService 'applicationTaskExecutor'
2020-11-21 23:23:12.617 INFO  [main]org.apache.coyote.http11.Http11NioProtocol.log:173 -Starting ProtocolHandler ["http-nio-8899"]
2020-11-21 23:23:12.642 INFO  [main]o.s.boot.web.embedded.tomcat.TomcatWebServer.start:204 -Tomcat started on port(s): 8899 (http) with context path ''
2020-11-21 23:23:12.645 INFO  [main]com.tqk.blog.BlogApplication.logStarted:61 -Started BlogApplication in 8.648 seconds (JVM running for 9.153)
2020-11-21 23:23:31.406 INFO  [http-nio-8899-exec-1]o.a.catalina.core.ContainerBase.[Tomcat].[localhost].[/].log:173 -Initializing Spring DispatcherServlet 'dispatcherServlet'
2020-11-21 23:23:31.406 INFO  [http-nio-8899-exec-1]org.springframework.web.servlet.DispatcherServlet.initServletBean:525 -Initializing Servlet 'dispatcherServlet'
2020-11-21 23:23:31.421 INFO  [http-nio-8899-exec-1]org.springframework.web.servlet.DispatcherServlet.initServletBean:547 -Completed initialization in 15 ms
2020-11-21 23:23:31.465 INFO  [http-nio-8899-exec-1]com.tqk.blog.aspect.RequestAspect.printRequestLog:115 -请求地址 : /BlAdmin/login
2020-11-21 23:23:31.467 INFO  [http-nio-8899-exec-1]com.tqk.blog.aspect.RequestAspect.printRequestLog:116 -请求方式 : POST
2020-11-21 23:23:31.469 INFO  [http-nio-8899-exec-1]com.tqk.blog.aspect.RequestAspect.printRequestLog:119 -IP : 192.168.101.29
2020-11-21 23:23:31.470 INFO  [http-nio-8899-exec-1]com.tqk.blog.aspect.RequestAspect.printRequestLog:121 -方法 : com.tqk.blog.controller.AdminController.login
2020-11-21 23:23:31.470 INFO  [http-nio-8899-exec-1]com.tqk.blog.aspect.RequestAspect.printRequestLog:123 -请求参数：[]
2020-11-21 23:23:31.476 INFO  [http-nio-8899-exec-1]com.tqk.blog.controller.AdminController.login:44 -com.tqk.blog.pojo.BlAdmin@6011dba5
2020-11-21 23:23:31.650 INFO  [http-nio-8899-exec-1]com.tqk.blog.aspect.RequestAspect.doAround:67 -耗时 : 185
2020-11-21 23:23:31.749 INFO  [http-nio-8899-exec-1]com.tqk.blog.aspect.RequestAspect.doAfterReturning:81 -返回值：{"code":20000,"data":{"token":"sessionId"},"msg":"操作成功！"}
2020-11-21 23:23:31.961 INFO  [http-nio-8899-exec-2]com.tqk.blog.aspect.RequestAspect.printRequestLog:115 -请求地址 : /BlAdmin/info
2020-11-21 23:23:31.962 INFO  [http-nio-8899-exec-2]com.tqk.blog.aspect.RequestAspect.printRequestLog:116 -请求方式 : GET
2020-11-21 23:23:31.962 INFO  [http-nio-8899-exec-2]com.tqk.blog.aspect.RequestAspect.printRequestLog:119 -IP : 192.168.101.29
2020-11-21 23:23:31.962 INFO  [http-nio-8899-exec-2]com.tqk.blog.aspect.RequestAspect.printRequestLog:121 -方法 : com.tqk.blog.controller.AdminController.getLoginInfo
2020-11-21 23:23:31.963 INFO  [http-nio-8899-exec-2]com.tqk.blog.aspect.RequestAspect.printRequestLog:123 -请求参数：[]
2020-11-21 23:23:31.963 INFO  [http-nio-8899-exec-2]com.tqk.blog.aspect.RequestAspect.doAround:67 -耗时 : 2
2020-11-21 23:23:31.969 INFO  [http-nio-8899-exec-2]com.tqk.blog.aspect.RequestAspect.doAfterReturning:81 -返回值：{"code":20000,"data":{"name":"田起凯","password":"","signature":"hold on","username":"admin"},"msg":"操作成功！"}
2020-11-21 23:40:52.482 INFO  [http-nio-8899-exec-4]com.tqk.blog.aspect.RequestAspect.printRequestLog:115 -请求地址 : /BlAdmin/info
2020-11-21 23:40:52.484 INFO  [http-nio-8899-exec-4]com.tqk.blog.aspect.RequestAspect.printRequestLog:116 -请求方式 : GET
2020-11-21 23:40:52.484 INFO  [http-nio-8899-exec-4]com.tqk.blog.aspect.RequestAspect.printRequestLog:119 -IP : 192.168.101.29
2020-11-21 23:40:52.484 INFO  [http-nio-8899-exec-4]com.tqk.blog.aspect.RequestAspect.printRequestLog:121 -方法 : com.tqk.blog.controller.AdminController.getLoginInfo
2020-11-21 23:40:52.485 INFO  [http-nio-8899-exec-4]com.tqk.blog.aspect.RequestAspect.printRequestLog:123 -请求参数：[]
2020-11-21 23:40:52.485 INFO  [http-nio-8899-exec-4]com.tqk.blog.aspect.RequestAspect.doAround:67 -耗时 : 3
2020-11-21 23:40:52.485 INFO  [http-nio-8899-exec-4]com.tqk.blog.aspect.RequestAspect.doAfterReturning:81 -返回值：{"code":20000,"data":{"name":"田起凯","password":"","signature":"hold on","username":"admin"},"msg":"操作成功！"}
