2020-10-27 22:04:24.404 DEBUG [main]com.tqk.blog.BlogApplication.logStarting:56 -Running with Spring Boot v2.2.2.RELEASE, Spring v5.2.2.RELEASE
2020-10-27 22:06:33.301 DEBUG [http-nio-8080-exec-1]com.tqk.blog.mapper.BlAdminMapper.getByUsername.debug:159 -==>  Preparing: select name, header, signature, username, password from bl_admin where username = ? 
2020-10-27 22:06:33.355 DEBUG [http-nio-8080-exec-1]com.tqk.blog.mapper.BlAdminMapper.getByUsername.debug:159 -==> Parameters: admin(String)
2020-10-27 22:06:33.423 DEBUG [http-nio-8080-exec-1]com.tqk.blog.mapper.BlAdminMapper.getByUsername.debug:159 -<==      Total: 1
2020-10-27 22:06:33.572 DEBUG [http-nio-8080-exec-1]com.tqk.blog.mapper.BlLogMapper.save.debug:159 -==>  Preparing: insert into bl_log( log_url, log_params, log_status, log_message, log_method, log_time, log_result, log_ip ) values ( ?, ?, ?, ?, ?, ?, ?, ? ) 
2020-10-27 22:06:33.580 DEBUG [http-nio-8080-exec-1]com.tqk.blog.mapper.BlLogMapper.save.debug:159 -==> Parameters: /BlAdmin/login(String), [com.tqk.blog.pojo.BlAdmin@2a1733d6](String), 1(Integer), null, POST(String), 227(Long), {"code":20000,"data":{"token":"BFA9B18F3A740A1E88D59CA5EDF755F8"},"msg":"操作成功！"}(String), 0:0:0:0:0:0:0:1(String)
2020-10-27 22:06:33.662 DEBUG [http-nio-8080-exec-1]com.tqk.blog.mapper.BlLogMapper.save.debug:159 -<==    Updates: 1
2020-10-27 22:08:23.026 DEBUG [http-nio-8080-exec-5]com.tqk.blog.mapper.BlAboutMapper.save.debug:159 -==>  Preparing: insert into bl_about(about_title, about_content) values( ?, ? ) 
2020-10-27 22:08:23.027 DEBUG [http-nio-8080-exec-5]com.tqk.blog.mapper.BlAboutMapper.save.debug:159 -==> Parameters: 标题内容(String), 哈哈哈哈哈哈啊哈哈哈(String)
2020-10-27 22:08:23.275 DEBUG [http-nio-8080-exec-5]com.tqk.blog.mapper.BlLogMapper.save.debug:159 -==>  Preparing: insert into bl_log( log_url, log_params, log_status, log_message, log_method, log_time, log_result, log_ip ) values ( ?, ?, ?, ?, ?, ?, ?, ? ) 
2020-10-27 22:08:23.276 DEBUG [http-nio-8080-exec-5]com.tqk.blog.mapper.BlLogMapper.save.debug:159 -==> Parameters: /about/save(String), [BlAbout(aboutId=null, aboutTitle=标题内容, aboutRead=null, createdTime=null, updateTime=null, version=null, enable=null, deleted=null, aboutContent=哈哈哈哈哈哈啊哈哈哈)](String), 0(Integer), org.springframework.dao.DataIntegrityViolationException: 
### Error updating database.  Cause: java.sql.SQLException: Field 'about_id' doesn't have a default value
### The error may involve com.tqk.blog.mapper.BlAboutMapper.save-Inline
### Cause: java.sql.SQLException: Field 'about_id' doesn't have a default value
; Field 'about_id' doesn't have a default value; nested exception is java.sql.SQLException: Field 'about_id' doesn't have a default value
	at com.tqk.blog.service.impl.AboutServiceImpl.save(AboutServiceImpl.java:36)
	at com.tqk.blog.service.impl.AboutServiceImpl$$FastClassBySpringCGLIB$$41186c7e.invoke(<generated>)
	at com.tqk.blog.service.impl.AboutServiceImpl$$EnhancerBySpringCGLIB$$7db68a0d.save(<generated>)
	at com.tqk.blog.service.impl.AboutServiceImpl$$FastClassBySpringCGLIB$$41186c7e.invoke(<generated>)
	at com.tqk.blog.service.impl.AboutServiceImpl$$EnhancerBySpringCGLIB$$9dc548bf.save(<generated>)
	at com.tqk.blog.controller.AboutController.save(AboutController.java:35)
	at com.tqk.blog.controller.AboutController$$FastClassBySpringCGLIB$$50fab016.invoke(<generated>)
	at com.tqk.blog.aspect.RequestAspect.doAround(RequestAspect.java:65)
	at com.tqk.blog.controller.AboutController$$EnhancerBySpringCGLIB$$55153d2a.save(<generated>)
Caused by: java.sql.SQLException: Field 'about_id' doesn't have a default value
(String), POST(String), 0(Long), null, 0:0:0:0:0:0:0:1(String)
2020-10-27 22:08:23.354 DEBUG [http-nio-8080-exec-5]com.tqk.blog.mapper.BlLogMapper.save.debug:159 -<==    Updates: 1
2020-10-27 22:22:05.588 DEBUG [main]com.tqk.blog.BlogApplication.logStarting:56 -Running with Spring Boot v2.2.2.RELEASE, Spring v5.2.2.RELEASE
2020-10-27 22:22:32.578 DEBUG [http-nio-8080-exec-2]com.tqk.blog.mapper.BlAdminMapper.getByUsername.debug:159 -==>  Preparing: select name, header, signature, username, password from bl_admin where username = ? 
2020-10-27 22:22:32.617 DEBUG [http-nio-8080-exec-2]com.tqk.blog.mapper.BlAdminMapper.getByUsername.debug:159 -==> Parameters: admin(String)
2020-10-27 22:22:32.687 DEBUG [http-nio-8080-exec-2]com.tqk.blog.mapper.BlAdminMapper.getByUsername.debug:159 -<==      Total: 1
2020-10-27 22:22:32.845 DEBUG [http-nio-8080-exec-2]com.tqk.blog.mapper.BlLogMapper.save.debug:159 -==>  Preparing: insert into bl_log( log_url, log_params, log_status, log_message, log_method, log_time, log_result, log_ip ) values ( ?, ?, ?, ?, ?, ?, ?, ? ) 
2020-10-27 22:22:32.848 DEBUG [http-nio-8080-exec-2]com.tqk.blog.mapper.BlLogMapper.save.debug:159 -==> Parameters: /BlAdmin/login(String), [com.tqk.blog.pojo.BlAdmin@5080cf64](String), 1(Integer), null, POST(String), 223(Long), {"code":20000,"data":{"token":"3D5E147B2618D0DE21558BD87F9E4A99"},"msg":"操作成功！"}(String), 0:0:0:0:0:0:0:1(String)
2020-10-27 22:22:32.941 DEBUG [http-nio-8080-exec-2]com.tqk.blog.mapper.BlLogMapper.save.debug:159 -<==    Updates: 1
2020-10-27 22:22:49.076 DEBUG [http-nio-8080-exec-3]com.tqk.blog.mapper.BlAboutMapper.save.debug:159 -==>  Preparing: insert into bl_about(about_id,about_title, about_content) values( ?, ?, ? ) 
2020-10-27 22:22:49.078 DEBUG [http-nio-8080-exec-3]com.tqk.blog.mapper.BlAboutMapper.save.debug:159 -==> Parameters: null, 标题内容(String), 哈哈哈哈哈哈啊哈哈哈(String)
2020-10-27 22:22:49.330 DEBUG [http-nio-8080-exec-3]com.tqk.blog.mapper.BlLogMapper.save.debug:159 -==>  Preparing: insert into bl_log( log_url, log_params, log_status, log_message, log_method, log_time, log_result, log_ip ) values ( ?, ?, ?, ?, ?, ?, ?, ? ) 
2020-10-27 22:22:49.332 DEBUG [http-nio-8080-exec-3]com.tqk.blog.mapper.BlLogMapper.save.debug:159 -==> Parameters: /about/save(String), [BlAbout(aboutId=null, aboutTitle=标题内容, aboutRead=null, createdTime=null, updateTime=null, version=null, enable=null, deleted=null, aboutContent=哈哈哈哈哈哈啊哈哈哈)](String), 0(Integer), org.springframework.dao.DataIntegrityViolationException: 
### Error updating database.  Cause: java.sql.SQLIntegrityConstraintViolationException: Column 'about_id' cannot be null
### The error may involve com.tqk.blog.mapper.BlAboutMapper.save-Inline
### Cause: java.sql.SQLIntegrityConstraintViolationException: Column 'about_id' cannot be null
; Column 'about_id' cannot be null; nested exception is java.sql.SQLIntegrityConstraintViolationException: Column 'about_id' cannot be null
	at com.tqk.blog.service.impl.AboutServiceImpl.save(AboutServiceImpl.java:36)
	at com.tqk.blog.service.impl.AboutServiceImpl$$FastClassBySpringCGLIB$$41186c7e.invoke(<generated>)
	at com.tqk.blog.service.impl.AboutServiceImpl$$EnhancerBySpringCGLIB$$9b2d74d.save(<generated>)
	at com.tqk.blog.service.impl.AboutServiceImpl$$FastClassBySpringCGLIB$$41186c7e.invoke(<generated>)
	at com.tqk.blog.service.impl.AboutServiceImpl$$EnhancerBySpringCGLIB$$29c195ff.save(<generated>)
	at com.tqk.blog.controller.AboutController.save(AboutController.java:35)
	at com.tqk.blog.controller.AboutController$$FastClassBySpringCGLIB$$50fab016.invoke(<generated>)
	at com.tqk.blog.aspect.RequestAspect.doAround(RequestAspect.java:65)
	at com.tqk.blog.controller.AboutController$$EnhancerBySpringCGLIB$$291ac93c.save(<generated>)
Caused by: java.sql.SQLIntegrityConstraintViolationException: Column 'about_id' cannot be null
(String), POST(String), 0(Long), null, 0:0:0:0:0:0:0:1(String)
2020-10-27 22:22:49.425 DEBUG [http-nio-8080-exec-3]com.tqk.blog.mapper.BlLogMapper.save.debug:159 -<==    Updates: 1
2020-10-27 22:23:45.346 DEBUG [http-nio-8080-exec-6]com.tqk.blog.mapper.BlAboutMapper.save.debug:159 -==>  Preparing: insert into bl_about(about_id,about_title, about_content) values( ?, ?, ? ) 
2020-10-27 22:23:45.347 DEBUG [http-nio-8080-exec-6]com.tqk.blog.mapper.BlAboutMapper.save.debug:159 -==> Parameters: 1(String), 标题内容(String), 哈哈哈哈哈哈啊哈哈哈(String)
2020-10-27 22:23:45.440 DEBUG [http-nio-8080-exec-6]com.tqk.blog.mapper.BlAboutMapper.save.debug:159 -<==    Updates: 1
2020-10-27 22:23:45.488 DEBUG [http-nio-8080-exec-6]com.tqk.blog.mapper.BlLogMapper.save.debug:159 -==>  Preparing: insert into bl_log( log_url, log_params, log_status, log_message, log_method, log_time, log_result, log_ip ) values ( ?, ?, ?, ?, ?, ?, ?, ? ) 
2020-10-27 22:23:45.490 DEBUG [http-nio-8080-exec-6]com.tqk.blog.mapper.BlLogMapper.save.debug:159 -==> Parameters: /about/save(String), [BlAbout(aboutId=1, aboutTitle=标题内容, aboutRead=null, createdTime=null, updateTime=null, version=null, enable=null, deleted=null, aboutContent=哈哈哈哈哈哈啊哈哈哈)](String), 1(Integer), null, POST(String), 141(Long), {"code":20000,"msg":"添加成功！"}(String), 0:0:0:0:0:0:0:1(String)
2020-10-27 22:23:45.590 DEBUG [http-nio-8080-exec-6]com.tqk.blog.mapper.BlLogMapper.save.debug:159 -<==    Updates: 1
2020-10-27 22:35:53.905 DEBUG [http-nio-8080-exec-8]com.tqk.blog.mapper.BlAboutMapper.save.debug:159 -==>  Preparing: insert into bl_about(about_id,about_title, about_content) values( ?, ?, ? ) 
2020-10-27 22:35:53.906 DEBUG [http-nio-8080-exec-8]com.tqk.blog.mapper.BlAboutMapper.save.debug:159 -==> Parameters: 2(String), 标题内容(String), 哈哈哈哈哈哈啊哈哈哈(String)
2020-10-27 22:35:54.004 DEBUG [http-nio-8080-exec-8]com.tqk.blog.mapper.BlAboutMapper.save.debug:159 -<==    Updates: 1
2020-10-27 22:35:54.048 DEBUG [http-nio-8080-exec-8]com.tqk.blog.mapper.BlLogMapper.save.debug:159 -==>  Preparing: insert into bl_log( log_url, log_params, log_status, log_message, log_method, log_time, log_result, log_ip ) values ( ?, ?, ?, ?, ?, ?, ?, ? ) 
2020-10-27 22:35:54.049 DEBUG [http-nio-8080-exec-8]com.tqk.blog.mapper.BlLogMapper.save.debug:159 -==> Parameters: /about/save(String), [BlAbout(aboutId=2, aboutTitle=标题内容, aboutRead=null, createdTime=null, updateTime=null, version=null, enable=null, deleted=null, aboutContent=哈哈哈哈哈哈啊哈哈哈)](String), 1(Integer), null, POST(String), 146(Long), {"code":20000,"msg":"添加成功！"}(String), 0:0:0:0:0:0:0:1(String)
2020-10-27 22:35:54.142 DEBUG [http-nio-8080-exec-8]com.tqk.blog.mapper.BlLogMapper.save.debug:159 -<==    Updates: 1
2020-10-27 22:36:10.742 DEBUG [http-nio-8080-exec-9]com.tqk.blog.mapper.BlAboutMapper.save.debug:159 -==>  Preparing: insert into bl_about(about_id,about_title, about_content) values( ?, ?, ? ) 
2020-10-27 22:36:10.743 DEBUG [http-nio-8080-exec-9]com.tqk.blog.mapper.BlAboutMapper.save.debug:159 -==> Parameters: 3(String), 标题内容3(String), 哈哈哈哈哈哈啊哈哈哈3(String)
2020-10-27 22:36:10.835 DEBUG [http-nio-8080-exec-9]com.tqk.blog.mapper.BlAboutMapper.save.debug:159 -<==    Updates: 1
2020-10-27 22:36:10.885 DEBUG [http-nio-8080-exec-9]com.tqk.blog.mapper.BlLogMapper.save.debug:159 -==>  Preparing: insert into bl_log( log_url, log_params, log_status, log_message, log_method, log_time, log_result, log_ip ) values ( ?, ?, ?, ?, ?, ?, ?, ? ) 
2020-10-27 22:36:10.887 DEBUG [http-nio-8080-exec-9]com.tqk.blog.mapper.BlLogMapper.save.debug:159 -==> Parameters: /about/save(String), [BlAbout(aboutId=3, aboutTitle=标题内容3, aboutRead=null, createdTime=null, updateTime=null, version=null, enable=null, deleted=null, aboutContent=哈哈哈哈哈哈啊哈哈哈3)](String), 1(Integer), null, POST(String), 143(Long), {"code":20000,"msg":"添加成功！"}(String), 0:0:0:0:0:0:0:1(String)
2020-10-27 22:36:10.978 DEBUG [http-nio-8080-exec-9]com.tqk.blog.mapper.BlLogMapper.save.debug:159 -<==    Updates: 1
2020-10-27 22:36:42.872 DEBUG [http-nio-8080-exec-10]com.tqk.blog.mapper.BlAboutMapper.updateByPrimaryKey.debug:159 -==>  Preparing: UPDATE bl_about SET about_title = ?,about_read = ?,created_time = ?,update_time = ?,version = ?,enable = ?,deleted = ?,about_content = ? WHERE about_id = ? 
2020-10-27 22:36:42.874 DEBUG [http-nio-8080-exec-10]com.tqk.blog.mapper.BlAboutMapper.updateByPrimaryKey.debug:159 -==> Parameters: hello(String), null, null, null, null, null, null, 你好(*´▽｀)ノノ(String), 3(String)
2020-10-27 22:36:43.007 DEBUG [http-nio-8080-exec-10]com.tqk.blog.mapper.BlLogMapper.save.debug:159 -==>  Preparing: insert into bl_log( log_url, log_params, log_status, log_message, log_method, log_time, log_result, log_ip ) values ( ?, ?, ?, ?, ?, ?, ?, ? ) 
2020-10-27 22:36:43.009 DEBUG [http-nio-8080-exec-10]com.tqk.blog.mapper.BlLogMapper.save.debug:159 -==> Parameters: /about/update(String), [BlAbout(aboutId=3, aboutTitle=hello, aboutRead=null, createdTime=null, updateTime=null, version=null, enable=null, deleted=null, aboutContent=你好(*´▽｀)ノノ)](String), 0(Integer), org.springframework.dao.DataIntegrityViolationException: 
### Error updating database.  Cause: java.sql.SQLIntegrityConstraintViolationException: Column 'about_read' cannot be null
### The error may involve com.tqk.blog.mapper.BlAboutMapper.updateByPrimaryKey-Inline
### Cause: java.sql.SQLIntegrityConstraintViolationException: Column 'about_read' cannot be null
; Column 'about_read' cannot be null; nested exception is java.sql.SQLIntegrityConstraintViolationException: Column 'about_read' cannot be null
	at com.tqk.blog.service.impl.AboutServiceImpl.update(AboutServiceImpl.java:42)
	at com.tqk.blog.service.impl.AboutServiceImpl$$FastClassBySpringCGLIB$$41186c7e.invoke(<generated>)
	at com.tqk.blog.service.impl.AboutServiceImpl$$EnhancerBySpringCGLIB$$9b2d74d.update(<generated>)
	at com.tqk.blog.service.impl.AboutServiceImpl$$FastClassBySpringCGLIB$$41186c7e.invoke(<generated>)
	at com.tqk.blog.service.impl.AboutServiceImpl$$EnhancerBySpringCGLIB$$29c195ff.update(<generated>)
	at com.tqk.blog.controller.AboutController.update(AboutController.java:47)
	at com.tqk.blog.controller.AboutController$$FastClassBySpringCGLIB$$50fab016.invoke(<generated>)
	at com.tqk.blog.aspect.RequestAspect.doAround(RequestAspect.java:65)
	at com.tqk.blog.controller.AboutController$$EnhancerBySpringCGLIB$$291ac93c.update(<generated>)
Caused by: java.sql.SQLIntegrityConstraintViolationException: Column 'about_read' cannot be null
(String), PUT(String), 0(Long), null, 0:0:0:0:0:0:0:1(String)
2020-10-27 22:36:43.108 DEBUG [http-nio-8080-exec-10]com.tqk.blog.mapper.BlLogMapper.save.debug:159 -<==    Updates: 1
2020-10-27 22:37:12.439 DEBUG [http-nio-8080-exec-2]com.tqk.blog.mapper.BlAboutMapper.updateByPrimaryKey.debug:159 -==>  Preparing: UPDATE bl_about SET about_title = ?,about_read = ?,created_time = ?,update_time = ?,version = ?,enable = ?,deleted = ?,about_content = ? WHERE about_id = ? 
2020-10-27 22:37:12.441 DEBUG [http-nio-8080-exec-2]com.tqk.blog.mapper.BlAboutMapper.updateByPrimaryKey.debug:159 -==> Parameters: hello(String), 2(Integer), null, null, null, null, null, 你好(*´▽｀)ノノ(String), 3(String)
2020-10-27 22:37:12.571 DEBUG [http-nio-8080-exec-2]com.tqk.blog.mapper.BlLogMapper.save.debug:159 -==>  Preparing: insert into bl_log( log_url, log_params, log_status, log_message, log_method, log_time, log_result, log_ip ) values ( ?, ?, ?, ?, ?, ?, ?, ? ) 
2020-10-27 22:37:12.573 DEBUG [http-nio-8080-exec-2]com.tqk.blog.mapper.BlLogMapper.save.debug:159 -==> Parameters: /about/update(String), [BlAbout(aboutId=3, aboutTitle=hello, aboutRead=2, createdTime=null, updateTime=null, version=null, enable=null, deleted=null, aboutContent=你好(*´▽｀)ノノ)](String), 0(Integer), org.springframework.dao.DataIntegrityViolationException: 
### Error updating database.  Cause: java.sql.SQLIntegrityConstraintViolationException: Column 'created_time' cannot be null
### The error may involve com.tqk.blog.mapper.BlAboutMapper.updateByPrimaryKey-Inline
### Cause: java.sql.SQLIntegrityConstraintViolationException: Column 'created_time' cannot be null
; Column 'created_time' cannot be null; nested exception is java.sql.SQLIntegrityConstraintViolationException: Column 'created_time' cannot be null
	at com.tqk.blog.service.impl.AboutServiceImpl.update(AboutServiceImpl.java:42)
	at com.tqk.blog.service.impl.AboutServiceImpl$$FastClassBySpringCGLIB$$41186c7e.invoke(<generated>)
	at com.tqk.blog.service.impl.AboutServiceImpl$$EnhancerBySpringCGLIB$$9b2d74d.update(<generated>)
	at com.tqk.blog.service.impl.AboutServiceImpl$$FastClassBySpringCGLIB$$41186c7e.invoke(<generated>)
	at com.tqk.blog.service.impl.AboutServiceImpl$$EnhancerBySpringCGLIB$$29c195ff.update(<generated>)
	at com.tqk.blog.controller.AboutController.update(AboutController.java:47)
	at com.tqk.blog.controller.AboutController$$FastClassBySpringCGLIB$$50fab016.invoke(<generated>)
	at com.tqk.blog.aspect.RequestAspect.doAround(RequestAspect.java:65)
	at com.tqk.blog.controller.AboutController$$EnhancerBySpringCGLIB$$291ac93c.update(<generated>)
Caused by: java.sql.SQLIntegrityConstraintViolationException: Column 'created_time' cannot be null
(String), PUT(String), 0(Long), {"code":20000,"data":{"token":"3D5E147B2618D0DE21558BD87F9E4A99"},"msg":"操作成功！"}(String), 0:0:0:0:0:0:0:1(String)
2020-10-27 22:37:12.664 DEBUG [http-nio-8080-exec-2]com.tqk.blog.mapper.BlLogMapper.save.debug:159 -<==    Updates: 1
2020-10-27 22:38:58.700 DEBUG [main]com.tqk.blog.BlogApplication.logStarting:56 -Running with Spring Boot v2.2.2.RELEASE, Spring v5.2.2.RELEASE
2020-10-27 22:39:20.346 DEBUG [http-nio-8080-exec-2]com.tqk.blog.mapper.BlAdminMapper.getByUsername.debug:159 -==>  Preparing: select name, header, signature, username, password from bl_admin where username = ? 
2020-10-27 22:39:20.380 DEBUG [http-nio-8080-exec-2]com.tqk.blog.mapper.BlAdminMapper.getByUsername.debug:159 -==> Parameters: admin(String)
2020-10-27 22:39:20.448 DEBUG [http-nio-8080-exec-2]com.tqk.blog.mapper.BlAdminMapper.getByUsername.debug:159 -<==      Total: 1
2020-10-27 22:39:20.604 DEBUG [http-nio-8080-exec-2]com.tqk.blog.mapper.BlLogMapper.save.debug:159 -==>  Preparing: insert into bl_log( log_url, log_params, log_status, log_message, log_method, log_time, log_result, log_ip ) values ( ?, ?, ?, ?, ?, ?, ?, ? ) 
2020-10-27 22:39:20.608 DEBUG [http-nio-8080-exec-2]com.tqk.blog.mapper.BlLogMapper.save.debug:159 -==> Parameters: /BlAdmin/login(String), [com.tqk.blog.pojo.BlAdmin@199780d9](String), 1(Integer), null, POST(String), 201(Long), {"code":20000,"data":{"token":"623A11FE74553D4FD5E3A42C2660CCFA"},"msg":"操作成功！"}(String), 0:0:0:0:0:0:0:1(String)
2020-10-27 22:39:20.686 DEBUG [http-nio-8080-exec-2]com.tqk.blog.mapper.BlLogMapper.save.debug:159 -<==    Updates: 1
2020-10-27 22:39:32.788 DEBUG [http-nio-8080-exec-4]com.tqk.blog.mapper.BlAboutMapper.updateById.debug:159 -==>  Preparing: update bl_about set version = version + 1 ,about_title = ? ,about_content = ? ,about_read = ? where about_id = ? and version = ? 
2020-10-27 22:39:32.789 DEBUG [http-nio-8080-exec-4]com.tqk.blog.mapper.BlAboutMapper.updateById.debug:159 -==> Parameters: hello(String), 你好(*´▽｀)ノノ(String), 2(Integer), 3(String), null
2020-10-27 22:39:32.857 DEBUG [http-nio-8080-exec-4]com.tqk.blog.mapper.BlAboutMapper.updateById.debug:159 -<==    Updates: 0
2020-10-27 22:39:32.899 DEBUG [http-nio-8080-exec-4]com.tqk.blog.mapper.BlLogMapper.save.debug:159 -==>  Preparing: insert into bl_log( log_url, log_params, log_status, log_message, log_method, log_time, log_result, log_ip ) values ( ?, ?, ?, ?, ?, ?, ?, ? ) 
2020-10-27 22:39:32.901 DEBUG [http-nio-8080-exec-4]com.tqk.blog.mapper.BlLogMapper.save.debug:159 -==> Parameters: /about/update(String), [BlAbout(aboutId=3, aboutTitle=hello, aboutRead=2, createdTime=null, updateTime=null, version=null, enable=null, deleted=null, aboutContent=你好(*´▽｀)ノノ)](String), 1(Integer), null, PUT(String), 154(Long), {"code":20000,"msg":"修改成功！"}(String), 0:0:0:0:0:0:0:1(String)
2020-10-27 22:39:32.988 DEBUG [http-nio-8080-exec-4]com.tqk.blog.mapper.BlLogMapper.save.debug:159 -<==    Updates: 1
2020-10-27 22:40:48.795 DEBUG [http-nio-8080-exec-6]com.tqk.blog.mapper.BlAboutMapper.updateById.debug:159 -==>  Preparing: update bl_about set version = version + 1 ,about_title = ? ,about_content = ? ,about_read = ? where about_id = ? and version = ? 
2020-10-27 22:40:48.796 DEBUG [http-nio-8080-exec-6]com.tqk.blog.mapper.BlAboutMapper.updateById.debug:159 -==> Parameters: hello(String), 你好(*´▽｀)ノノ(String), 2(Integer), 3(String), 1(Integer)
2020-10-27 22:40:48.877 DEBUG [http-nio-8080-exec-6]com.tqk.blog.mapper.BlAboutMapper.updateById.debug:159 -<==    Updates: 1
2020-10-27 22:40:48.920 DEBUG [http-nio-8080-exec-6]com.tqk.blog.mapper.BlLogMapper.save.debug:159 -==>  Preparing: insert into bl_log( log_url, log_params, log_status, log_message, log_method, log_time, log_result, log_ip ) values ( ?, ?, ?, ?, ?, ?, ?, ? ) 
2020-10-27 22:40:48.922 DEBUG [http-nio-8080-exec-6]com.tqk.blog.mapper.BlLogMapper.save.debug:159 -==> Parameters: /about/update(String), [BlAbout(aboutId=3, aboutTitle=hello, aboutRead=2, createdTime=null, updateTime=null, version=1, enable=null, deleted=null, aboutContent=你好(*´▽｀)ノノ)](String), 1(Integer), null, PUT(String), 121(Long), {"code":20000,"msg":"修改成功！"}(String), 0:0:0:0:0:0:0:1(String)
2020-10-27 22:40:49.002 DEBUG [http-nio-8080-exec-6]com.tqk.blog.mapper.BlLogMapper.save.debug:159 -<==    Updates: 1
2020-10-27 22:41:08.804 DEBUG [http-nio-8080-exec-7]com.tqk.blog.mapper.BlAboutMapper.getById.debug:159 -==>  Preparing: select about_id, about_title, about_content, about_read, created_time, update_time, version from bl_about where about_id = ? and deleted = 0 
2020-10-27 22:41:08.805 DEBUG [http-nio-8080-exec-7]com.tqk.blog.mapper.BlAboutMapper.getById.debug:159 -==> Parameters: 1(Integer)
2020-10-27 22:41:08.879 DEBUG [http-nio-8080-exec-7]com.tqk.blog.mapper.BlAboutMapper.getById.debug:159 -<==      Total: 1
2020-10-27 22:41:08.936 DEBUG [http-nio-8080-exec-7]com.tqk.blog.mapper.BlLogMapper.save.debug:159 -==>  Preparing: insert into bl_log( log_url, log_params, log_status, log_message, log_method, log_time, log_result, log_ip ) values ( ?, ?, ?, ?, ?, ?, ?, ? ) 
2020-10-27 22:41:08.938 DEBUG [http-nio-8080-exec-7]com.tqk.blog.mapper.BlLogMapper.save.debug:159 -==> Parameters: /about/get/1(String), [1](String), 1(Integer), null, GET(String), 116(Long), {"code":20000,"data":{"aboutContent":"哈哈哈哈哈哈啊哈哈哈","aboutId":"1","aboutRead":0,"aboutTitle":"标题内容","createdTime":1603779825000,"updateTime":1603779825000,"version":1},"msg":"操作成功！"}(String), 0:0:0:0:0:0:0:1(String)
2020-10-27 22:41:09.021 DEBUG [http-nio-8080-exec-7]com.tqk.blog.mapper.BlLogMapper.save.debug:159 -<==    Updates: 1
2020-10-27 22:41:19.644 DEBUG [http-nio-8080-exec-8]com.tqk.blog.mapper.BlAboutMapper.deleteById.debug:159 -==>  Preparing: update bl_about set deleted = 1 where about_id = ? 
2020-10-27 22:41:19.646 DEBUG [http-nio-8080-exec-8]com.tqk.blog.mapper.BlAboutMapper.deleteById.debug:159 -==> Parameters: 2(Integer)
2020-10-27 22:41:19.724 DEBUG [http-nio-8080-exec-8]com.tqk.blog.mapper.BlAboutMapper.deleteById.debug:159 -<==    Updates: 1
2020-10-27 22:41:19.766 DEBUG [http-nio-8080-exec-8]com.tqk.blog.mapper.BlLogMapper.save.debug:159 -==>  Preparing: insert into bl_log( log_url, log_params, log_status, log_message, log_method, log_time, log_result, log_ip ) values ( ?, ?, ?, ?, ?, ?, ?, ? ) 
2020-10-27 22:41:19.769 DEBUG [http-nio-8080-exec-8]com.tqk.blog.mapper.BlLogMapper.save.debug:159 -==> Parameters: /about/delete/2(String), [2](String), 1(Integer), null, DELETE(String), 125(Long), {"code":20000,"msg":"删除成功！"}(String), 0:0:0:0:0:0:0:1(String)
2020-10-27 22:41:19.852 DEBUG [http-nio-8080-exec-8]com.tqk.blog.mapper.BlLogMapper.save.debug:159 -<==    Updates: 1
2020-10-27 22:41:34.753 DEBUG [http-nio-8080-exec-9]com.tqk.blog.mapper.BlAboutMapper.getAbout.debug:159 -==>  Preparing: select about_id, about_title, about_content, about_read, created_time, update_time, version from bl_about where enable = 1 and deleted = 0 limit 1 
2020-10-27 22:41:34.754 DEBUG [http-nio-8080-exec-9]com.tqk.blog.mapper.BlAboutMapper.getAbout.debug:159 -==> Parameters: 
2020-10-27 22:41:34.791 DEBUG [http-nio-8080-exec-9]com.tqk.blog.mapper.BlAboutMapper.getAbout.debug:159 -<==      Total: 1
2020-10-27 22:41:34.910 DEBUG [http-nio-8080-exec-9]com.tqk.blog.mapper.BlLogMapper.save.debug:159 -==>  Preparing: insert into bl_log( log_url, log_params, log_status, log_message, log_method, log_time, log_result, log_ip ) values ( ?, ?, ?, ?, ?, ?, ?, ? ) 
2020-10-27 22:41:34.911 DEBUG [http-nio-8080-exec-9]com.tqk.blog.mapper.BlLogMapper.save.debug:159 -==> Parameters: /about/enable/2(String), [2](String), 0(Integer), com.tqk.blog.execption.BlogException: 当前已存在启用中的关于我的
	at com.tqk.blog.service.impl.AboutServiceImpl.enableById(AboutServiceImpl.java:74)
	at com.tqk.blog.service.impl.AboutServiceImpl$$FastClassBySpringCGLIB$$41186c7e.invoke(<generated>)
	at com.tqk.blog.service.impl.AboutServiceImpl$$EnhancerBySpringCGLIB$$a1035ce.enableById(<generated>)
	at com.tqk.blog.service.impl.AboutServiceImpl$$FastClassBySpringCGLIB$$41186c7e.invoke(<generated>)
	at com.tqk.blog.service.impl.AboutServiceImpl$$EnhancerBySpringCGLIB$$2a1ef480.enableById(<generated>)
	at com.tqk.blog.controller.AboutController.enable(AboutController.java:94)
	at com.tqk.blog.controller.AboutController$$FastClassBySpringCGLIB$$50fab016.invoke(<generated>)
	at com.tqk.blog.aspect.RequestAspect.doAround(RequestAspect.java:65)
	at com.tqk.blog.controller.AboutController$$EnhancerBySpringCGLIB$$c083c03e.enable(<generated>)
(String), PUT(String), 0(Long), null, 0:0:0:0:0:0:0:1(String)
2020-10-27 22:41:34.991 DEBUG [http-nio-8080-exec-9]com.tqk.blog.mapper.BlLogMapper.save.debug:159 -<==    Updates: 1
2020-10-27 22:42:00.867 DEBUG [http-nio-8080-exec-3]com.tqk.blog.mapper.BlAboutMapper.selectByPrimaryKey.debug:159 -==>  Preparing: SELECT about_id,about_title,about_read,created_time,update_time,version,enable,deleted,about_content FROM bl_about WHERE about_id = ? 
2020-10-27 22:42:00.950 DEBUG [http-nio-8080-exec-3]com.tqk.blog.mapper.BlLogMapper.save.debug:159 -==>  Preparing: insert into bl_log( log_url, log_params, log_status, log_message, log_method, log_time, log_result, log_ip ) values ( ?, ?, ?, ?, ?, ?, ?, ? ) 
2020-10-27 22:42:00.952 DEBUG [http-nio-8080-exec-3]com.tqk.blog.mapper.BlLogMapper.save.debug:159 -==> Parameters: /about/disable/3(String), [3](String), 0(Integer), org.mybatis.spring.MyBatisSystemException: nested exception is org.apache.ibatis.type.TypeException: Could not set parameters for mapping: ParameterMapping{property='aboutId', mode=IN, javaType=class java.lang.String, jdbcType=null, numericScale=null, resultMapId='null', jdbcTypeName='null', expression='null'}. Cause: org.apache.ibatis.type.TypeException: Error setting non null for parameter #1 with JdbcType null . Try setting a different JdbcType for this parameter or a different configuration property. Cause: java.lang.ClassCastException: java.lang.Integer cannot be cast to java.lang.String
	at com.tqk.blog.service.impl.AboutServiceImpl.disableById(AboutServiceImpl.java:84)
	at com.tqk.blog.service.impl.AboutServiceImpl$$FastClassBySpringCGLIB$$41186c7e.invoke(<generated>)
	at com.tqk.blog.service.impl.AboutServiceImpl$$EnhancerBySpringCGLIB$$a1035ce.disableById(<generated>)
	at com.tqk.blog.service.impl.AboutServiceImpl$$FastClassBySpringCGLIB$$41186c7e.invoke(<generated>)
	at com.tqk.blog.service.impl.AboutServiceImpl$$EnhancerBySpringCGLIB$$2a1ef480.disableById(<generated>)
	at com.tqk.blog.controller.AboutController.disable(AboutController.java:106)
	at com.tqk.blog.controller.AboutController$$FastClassBySpringCGLIB$$50fab016.invoke(<generated>)
	at com.tqk.blog.aspect.RequestAspect.doAround(RequestAspect.java:65)
	at com.tqk.blog.controller.AboutController$$EnhancerBySpringCGLIB$$c083c03e.disable(<generated>)
Caused by: org.apache.ibatis.type.TypeException: Could not set parameters for mapping: ParameterMapping{property='aboutId', mode=IN, javaType=class java.lang.String, jdbcType=null, numericScale=null, resultMapId='null', jdbcTypeName='null', expression='null'}. Cause: org.apache.ibatis.type.TypeException: Error setting non null for parameter #1 with JdbcType null . Try setting a different JdbcType for this parameter or a different configuration property. Cause: java.lang.ClassCastException: java.lang.Integer cannot be cast to java.lang.String
Caused by: org.apache.ibatis.type.TypeException: Error setting non null for parameter #1 with JdbcType null . Try setting a different JdbcType for this parameter or a different configuration property. Cause: java.lang.ClassCastException: java.lang.Integer cannot be cast to java.lang.String
Caused by: java.lang.ClassCastException: java.lang.Integer cannot be cast to java.lang.String
(String), PUT(String), 0(Long), null, 0:0:0:0:0:0:0:1(String)
2020-10-27 22:42:01.052 DEBUG [http-nio-8080-exec-3]com.tqk.blog.mapper.BlLogMapper.save.debug:159 -<==    Updates: 1
2020-10-27 22:42:14.726 DEBUG [http-nio-8080-exec-4]com.tqk.blog.mapper.BlAboutMapper.selectByPrimaryKey.debug:159 -==>  Preparing: SELECT about_id,about_title,about_read,created_time,update_time,version,enable,deleted,about_content FROM bl_about WHERE about_id = ? 
2020-10-27 22:42:14.808 DEBUG [http-nio-8080-exec-4]com.tqk.blog.mapper.BlLogMapper.save.debug:159 -==>  Preparing: insert into bl_log( log_url, log_params, log_status, log_message, log_method, log_time, log_result, log_ip ) values ( ?, ?, ?, ?, ?, ?, ?, ? ) 
2020-10-27 22:42:14.811 DEBUG [http-nio-8080-exec-4]com.tqk.blog.mapper.BlLogMapper.save.debug:159 -==> Parameters: /about/disable/3(String), [3](String), 0(Integer), org.mybatis.spring.MyBatisSystemException: nested exception is org.apache.ibatis.type.TypeException: Could not set parameters for mapping: ParameterMapping{property='aboutId', mode=IN, javaType=class java.lang.String, jdbcType=null, numericScale=null, resultMapId='null', jdbcTypeName='null', expression='null'}. Cause: org.apache.ibatis.type.TypeException: Error setting non null for parameter #1 with JdbcType null . Try setting a different JdbcType for this parameter or a different configuration property. Cause: java.lang.ClassCastException: java.lang.Integer cannot be cast to java.lang.String
	at com.tqk.blog.service.impl.AboutServiceImpl.disableById(AboutServiceImpl.java:84)
	at com.tqk.blog.service.impl.AboutServiceImpl$$FastClassBySpringCGLIB$$41186c7e.invoke(<generated>)
	at com.tqk.blog.service.impl.AboutServiceImpl$$EnhancerBySpringCGLIB$$a1035ce.disableById(<generated>)
	at com.tqk.blog.service.impl.AboutServiceImpl$$FastClassBySpringCGLIB$$41186c7e.invoke(<generated>)
	at com.tqk.blog.service.impl.AboutServiceImpl$$EnhancerBySpringCGLIB$$2a1ef480.disableById(<generated>)
	at com.tqk.blog.controller.AboutController.disable(AboutController.java:106)
	at com.tqk.blog.controller.AboutController$$FastClassBySpringCGLIB$$50fab016.invoke(<generated>)
	at com.tqk.blog.aspect.RequestAspect.doAround(RequestAspect.java:65)
	at com.tqk.blog.controller.AboutController$$EnhancerBySpringCGLIB$$c083c03e.disable(<generated>)
Caused by: org.apache.ibatis.type.TypeException: Could not set parameters for mapping: ParameterMapping{property='aboutId', mode=IN, javaType=class java.lang.String, jdbcType=null, numericScale=null, resultMapId='null', jdbcTypeName='null', expression='null'}. Cause: org.apache.ibatis.type.TypeException: Error setting non null for parameter #1 with JdbcType null . Try setting a different JdbcType for this parameter or a different configuration property. Cause: java.lang.ClassCastException: java.lang.Integer cannot be cast to java.lang.String
Caused by: org.apache.ibatis.type.TypeException: Error setting non null for parameter #1 with JdbcType null . Try setting a different JdbcType for this parameter or a different configuration property. Cause: java.lang.ClassCastException: java.lang.Integer cannot be cast to java.lang.String
Caused by: java.lang.ClassCastException: java.lang.Integer cannot be cast to java.lang.String
(String), PUT(String), 0(Long), {"code":20000,"msg":"修改成功！"}(String), 0:0:0:0:0:0:0:1(String)
2020-10-27 22:42:14.899 DEBUG [http-nio-8080-exec-4]com.tqk.blog.mapper.BlLogMapper.save.debug:159 -<==    Updates: 1
2020-10-27 22:42:58.737 DEBUG [http-nio-8080-exec-5]com.tqk.blog.mapper.BlAboutMapper.getAbout.debug:159 -==>  Preparing: select about_id, about_title, about_content, about_read, created_time, update_time, version from bl_about where enable = 1 and deleted = 0 limit 1 
2020-10-27 22:42:58.738 DEBUG [http-nio-8080-exec-5]com.tqk.blog.mapper.BlAboutMapper.getAbout.debug:159 -==> Parameters: 
2020-10-27 22:42:58.782 DEBUG [http-nio-8080-exec-5]com.tqk.blog.mapper.BlAboutMapper.getAbout.debug:159 -<==      Total: 1
2020-10-27 22:42:58.897 DEBUG [http-nio-8080-exec-5]com.tqk.blog.mapper.BlLogMapper.save.debug:159 -==>  Preparing: insert into bl_log( log_url, log_params, log_status, log_message, log_method, log_time, log_result, log_ip ) values ( ?, ?, ?, ?, ?, ?, ?, ? ) 
2020-10-27 22:42:58.900 DEBUG [http-nio-8080-exec-5]com.tqk.blog.mapper.BlLogMapper.save.debug:159 -==> Parameters: /about/enable/2(String), [2](String), 0(Integer), com.tqk.blog.execption.BlogException: 当前已存在启用中的关于我的
	at com.tqk.blog.service.impl.AboutServiceImpl.enableById(AboutServiceImpl.java:74)
	at com.tqk.blog.service.impl.AboutServiceImpl$$FastClassBySpringCGLIB$$41186c7e.invoke(<generated>)
	at com.tqk.blog.service.impl.AboutServiceImpl$$EnhancerBySpringCGLIB$$a1035ce.enableById(<generated>)
	at com.tqk.blog.service.impl.AboutServiceImpl$$FastClassBySpringCGLIB$$41186c7e.invoke(<generated>)
	at com.tqk.blog.service.impl.AboutServiceImpl$$EnhancerBySpringCGLIB$$2a1ef480.enableById(<generated>)
	at com.tqk.blog.controller.AboutController.enable(AboutController.java:94)
	at com.tqk.blog.controller.AboutController$$FastClassBySpringCGLIB$$50fab016.invoke(<generated>)
	at com.tqk.blog.aspect.RequestAspect.doAround(RequestAspect.java:65)
	at com.tqk.blog.controller.AboutController$$EnhancerBySpringCGLIB$$c083c03e.enable(<generated>)
(String), PUT(String), 0(Long), null, 0:0:0:0:0:0:0:1(String)
2020-10-27 22:42:58.987 DEBUG [http-nio-8080-exec-5]com.tqk.blog.mapper.BlLogMapper.save.debug:159 -<==    Updates: 1
2020-10-27 22:43:08.484 DEBUG [http-nio-8080-exec-7]com.tqk.blog.mapper.BlAboutMapper.selectByPrimaryKey.debug:159 -==>  Preparing: SELECT about_id,about_title,about_read,created_time,update_time,version,enable,deleted,about_content FROM bl_about WHERE about_id = ? 
2020-10-27 22:43:08.563 DEBUG [http-nio-8080-exec-7]com.tqk.blog.mapper.BlLogMapper.save.debug:159 -==>  Preparing: insert into bl_log( log_url, log_params, log_status, log_message, log_method, log_time, log_result, log_ip ) values ( ?, ?, ?, ?, ?, ?, ?, ? ) 
2020-10-27 22:43:08.566 DEBUG [http-nio-8080-exec-7]com.tqk.blog.mapper.BlLogMapper.save.debug:159 -==> Parameters: /about/disable/3(String), [3](String), 0(Integer), org.mybatis.spring.MyBatisSystemException: nested exception is org.apache.ibatis.type.TypeException: Could not set parameters for mapping: ParameterMapping{property='aboutId', mode=IN, javaType=class java.lang.String, jdbcType=null, numericScale=null, resultMapId='null', jdbcTypeName='null', expression='null'}. Cause: org.apache.ibatis.type.TypeException: Error setting non null for parameter #1 with JdbcType null . Try setting a different JdbcType for this parameter or a different configuration property. Cause: java.lang.ClassCastException: java.lang.Integer cannot be cast to java.lang.String
	at com.tqk.blog.service.impl.AboutServiceImpl.disableById(AboutServiceImpl.java:84)
	at com.tqk.blog.service.impl.AboutServiceImpl$$FastClassBySpringCGLIB$$41186c7e.invoke(<generated>)
	at com.tqk.blog.service.impl.AboutServiceImpl$$EnhancerBySpringCGLIB$$a1035ce.disableById(<generated>)
	at com.tqk.blog.service.impl.AboutServiceImpl$$FastClassBySpringCGLIB$$41186c7e.invoke(<generated>)
	at com.tqk.blog.service.impl.AboutServiceImpl$$EnhancerBySpringCGLIB$$2a1ef480.disableById(<generated>)
	at com.tqk.blog.controller.AboutController.disable(AboutController.java:106)
	at com.tqk.blog.controller.AboutController$$FastClassBySpringCGLIB$$50fab016.invoke(<generated>)
	at com.tqk.blog.aspect.RequestAspect.doAround(RequestAspect.java:65)
	at com.tqk.blog.controller.AboutController$$EnhancerBySpringCGLIB$$c083c03e.disable(<generated>)
Caused by: org.apache.ibatis.type.TypeException: Could not set parameters for mapping: ParameterMapping{property='aboutId', mode=IN, javaType=class java.lang.String, jdbcType=null, numericScale=null, resultMapId='null', jdbcTypeName='null', expression='null'}. Cause: org.apache.ibatis.type.TypeException: Error setting non null for parameter #1 with JdbcType null . Try setting a different JdbcType for this parameter or a different configuration property. Cause: java.lang.ClassCastException: java.lang.Integer cannot be cast to java.lang.String
Caused by: org.apache.ibatis.type.TypeException: Error setting non null for parameter #1 with JdbcType null . Try setting a different JdbcType for this parameter or a different configuration property. Cause: java.lang.ClassCastException: java.lang.Integer cannot be cast to java.lang.String
Caused by: java.lang.ClassCastException: java.lang.Integer cannot be cast to java.lang.String
(String), PUT(String), 0(Long), {"code":20000,"data":{"aboutContent":"哈哈哈哈哈哈啊哈哈哈","aboutId":"1","aboutRead":0,"aboutTitle":"标题内容","createdTime":1603779825000,"updateTime":1603779825000,"version":1},"msg":"操作成功！"}(String), 0:0:0:0:0:0:0:1(String)
2020-10-27 22:43:08.647 DEBUG [http-nio-8080-exec-7]com.tqk.blog.mapper.BlLogMapper.save.debug:159 -<==    Updates: 1
2020-10-27 22:45:37.317 DEBUG [http-nio-8080-exec-9]com.tqk.blog.mapper.BlAboutMapper.getAbout.debug:159 -==>  Preparing: select about_id, about_title, about_content, about_read, created_time, update_time, version from bl_about where enable = 1 and deleted = 0 limit 1 
2020-10-27 22:45:37.319 DEBUG [http-nio-8080-exec-9]com.tqk.blog.mapper.BlAboutMapper.getAbout.debug:159 -==> Parameters: 
2020-10-27 22:45:37.356 DEBUG [http-nio-8080-exec-9]com.tqk.blog.mapper.BlAboutMapper.getAbout.debug:159 -<==      Total: 1
2020-10-27 22:45:37.474 DEBUG [http-nio-8080-exec-9]com.tqk.blog.mapper.BlLogMapper.save.debug:159 -==>  Preparing: insert into bl_log( log_url, log_params, log_status, log_message, log_method, log_time, log_result, log_ip ) values ( ?, ?, ?, ?, ?, ?, ?, ? ) 
2020-10-27 22:45:37.477 DEBUG [http-nio-8080-exec-9]com.tqk.blog.mapper.BlLogMapper.save.debug:159 -==> Parameters: /about/enable/2(String), [2](String), 0(Integer), com.tqk.blog.execption.BlogException: 当前已存在启用中的关于我的
	at com.tqk.blog.service.impl.AboutServiceImpl.enableById(AboutServiceImpl.java:74)
	at com.tqk.blog.service.impl.AboutServiceImpl$$FastClassBySpringCGLIB$$41186c7e.invoke(<generated>)
	at com.tqk.blog.service.impl.AboutServiceImpl$$EnhancerBySpringCGLIB$$a1035ce.enableById(<generated>)
	at com.tqk.blog.service.impl.AboutServiceImpl$$FastClassBySpringCGLIB$$41186c7e.invoke(<generated>)
	at com.tqk.blog.service.impl.AboutServiceImpl$$EnhancerBySpringCGLIB$$2a1ef480.enableById(<generated>)
	at com.tqk.blog.controller.AboutController.enable(AboutController.java:94)
	at com.tqk.blog.controller.AboutController$$FastClassBySpringCGLIB$$50fab016.invoke(<generated>)
	at com.tqk.blog.aspect.RequestAspect.doAround(RequestAspect.java:65)
	at com.tqk.blog.controller.AboutController$$EnhancerBySpringCGLIB$$c083c03e.enable(<generated>)
(String), PUT(String), 0(Long), null, 0:0:0:0:0:0:0:1(String)
2020-10-27 22:45:37.563 DEBUG [http-nio-8080-exec-9]com.tqk.blog.mapper.BlLogMapper.save.debug:159 -<==    Updates: 1
2020-10-27 22:47:18.097 DEBUG [http-nio-8080-exec-3]com.tqk.blog.mapper.BlAboutMapper.getAbout.debug:159 -==>  Preparing: select about_id, about_title, about_content, about_read, created_time, update_time, version from bl_about where enable = 1 and deleted = 0 limit 1 
2020-10-27 22:47:18.099 DEBUG [http-nio-8080-exec-3]com.tqk.blog.mapper.BlAboutMapper.getAbout.debug:159 -==> Parameters: 
2020-10-27 22:47:18.135 DEBUG [http-nio-8080-exec-3]com.tqk.blog.mapper.BlAboutMapper.getAbout.debug:159 -<==      Total: 0
2020-10-27 22:47:18.137 DEBUG [http-nio-8080-exec-3]com.tqk.blog.mapper.BlAboutMapper.selectByPrimaryKey.debug:159 -==>  Preparing: SELECT about_id,about_title,about_read,created_time,update_time,version,enable,deleted,about_content FROM bl_about WHERE about_id = ? 
2020-10-27 22:47:18.248 DEBUG [http-nio-8080-exec-3]com.tqk.blog.mapper.BlLogMapper.save.debug:159 -==>  Preparing: insert into bl_log( log_url, log_params, log_status, log_message, log_method, log_time, log_result, log_ip ) values ( ?, ?, ?, ?, ?, ?, ?, ? ) 
2020-10-27 22:47:18.251 DEBUG [http-nio-8080-exec-3]com.tqk.blog.mapper.BlLogMapper.save.debug:159 -==> Parameters: /about/enable/2(String), [2](String), 0(Integer), org.mybatis.spring.MyBatisSystemException: nested exception is org.apache.ibatis.type.TypeException: Could not set parameters for mapping: ParameterMapping{property='aboutId', mode=IN, javaType=class java.lang.String, jdbcType=null, numericScale=null, resultMapId='null', jdbcTypeName='null', expression='null'}. Cause: org.apache.ibatis.type.TypeException: Error setting non null for parameter #1 with JdbcType null . Try setting a different JdbcType for this parameter or a different configuration property. Cause: java.lang.ClassCastException: java.lang.Integer cannot be cast to java.lang.String
	at com.tqk.blog.service.impl.AboutServiceImpl.enableById(AboutServiceImpl.java:76)
	at com.tqk.blog.service.impl.AboutServiceImpl$$FastClassBySpringCGLIB$$41186c7e.invoke(<generated>)
	at com.tqk.blog.service.impl.AboutServiceImpl$$EnhancerBySpringCGLIB$$a1035ce.enableById(<generated>)
	at com.tqk.blog.service.impl.AboutServiceImpl$$FastClassBySpringCGLIB$$41186c7e.invoke(<generated>)
	at com.tqk.blog.service.impl.AboutServiceImpl$$EnhancerBySpringCGLIB$$2a1ef480.enableById(<generated>)
	at com.tqk.blog.controller.AboutController.enable(AboutController.java:94)
	at com.tqk.blog.controller.AboutController$$FastClassBySpringCGLIB$$50fab016.invoke(<generated>)
	at com.tqk.blog.aspect.RequestAspect.doAround(RequestAspect.java:65)
	at com.tqk.blog.controller.AboutController$$EnhancerBySpringCGLIB$$c083c03e.enable(<generated>)
Caused by: org.apache.ibatis.type.TypeException: Could not set parameters for mapping: ParameterMapping{property='aboutId', mode=IN, javaType=class java.lang.String, jdbcType=null, numericScale=null, resultMapId='null', jdbcTypeName='null', expression='null'}. Cause: org.apache.ibatis.type.TypeException: Error setting non null for parameter #1 with JdbcType null . Try setting a different JdbcType for this parameter or a different configuration property. Cause: java.lang.ClassCastException: java.lang.Integer cannot be cast to java.lang.String
Caused by: org.apache.ibatis.type.TypeException: Error setting non null for parameter #1 with JdbcType null . Try setting a different JdbcType for this parameter or a different configuration property. Cause: java.lang.ClassCastException: java.lang.Integer cannot be cast to java.lang.String
Caused by: java.lang.ClassCastException: java.lang.Integer cannot be cast to java.lang.String
(String), PUT(String), 0(Long), null, 0:0:0:0:0:0:0:1(String)
2020-10-27 22:47:18.334 DEBUG [http-nio-8080-exec-3]com.tqk.blog.mapper.BlLogMapper.save.debug:159 -<==    Updates: 1
2020-10-27 22:58:34.497 DEBUG [http-nio-8080-exec-4]com.tqk.blog.mapper.BlAboutMapper.selectByPrimaryKey.debug:159 -==>  Preparing: SELECT about_id,about_title,about_read,created_time,update_time,version,enable,deleted,about_content FROM bl_about WHERE about_id = ? 
2020-10-27 22:58:34.571 DEBUG [http-nio-8080-exec-4]com.tqk.blog.mapper.BlLogMapper.save.debug:159 -==>  Preparing: insert into bl_log( log_url, log_params, log_status, log_message, log_method, log_time, log_result, log_ip ) values ( ?, ?, ?, ?, ?, ?, ?, ? ) 
2020-10-27 22:58:34.572 DEBUG [http-nio-8080-exec-4]com.tqk.blog.mapper.BlLogMapper.save.debug:159 -==> Parameters: /about/disable/3(String), [3](String), 0(Integer), org.mybatis.spring.MyBatisSystemException: nested exception is org.apache.ibatis.type.TypeException: Could not set parameters for mapping: ParameterMapping{property='aboutId', mode=IN, javaType=class java.lang.String, jdbcType=null, numericScale=null, resultMapId='null', jdbcTypeName='null', expression='null'}. Cause: org.apache.ibatis.type.TypeException: Error setting non null for parameter #1 with JdbcType null . Try setting a different JdbcType for this parameter or a different configuration property. Cause: java.lang.ClassCastException: java.lang.Integer cannot be cast to java.lang.String
	at com.tqk.blog.service.impl.AboutServiceImpl.disableById(AboutServiceImpl.java:84)
	at com.tqk.blog.service.impl.AboutServiceImpl$$FastClassBySpringCGLIB$$41186c7e.invoke(<generated>)
	at com.tqk.blog.service.impl.AboutServiceImpl$$EnhancerBySpringCGLIB$$a1035ce.disableById(<generated>)
	at com.tqk.blog.service.impl.AboutServiceImpl$$FastClassBySpringCGLIB$$41186c7e.invoke(<generated>)
	at com.tqk.blog.service.impl.AboutServiceImpl$$EnhancerBySpringCGLIB$$2a1ef480.disableById(<generated>)
	at com.tqk.blog.controller.AboutController.disable(AboutController.java:106)
	at com.tqk.blog.controller.AboutController$$FastClassBySpringCGLIB$$50fab016.invoke(<generated>)
	at com.tqk.blog.aspect.RequestAspect.doAround(RequestAspect.java:65)
	at com.tqk.blog.controller.AboutController$$EnhancerBySpringCGLIB$$c083c03e.disable(<generated>)
Caused by: org.apache.ibatis.type.TypeException: Could not set parameters for mapping: ParameterMapping{property='aboutId', mode=IN, javaType=class java.lang.String, jdbcType=null, numericScale=null, resultMapId='null', jdbcTypeName='null', expression='null'}. Cause: org.apache.ibatis.type.TypeException: Error setting non null for parameter #1 with JdbcType null . Try setting a different JdbcType for this parameter or a different configuration property. Cause: java.lang.ClassCastException: java.lang.Integer cannot be cast to java.lang.String
Caused by: org.apache.ibatis.type.TypeException: Error setting non null for parameter #1 with JdbcType null . Try setting a different JdbcType for this parameter or a different configuration property. Cause: java.lang.ClassCastException: java.lang.Integer cannot be cast to java.lang.String
Caused by: java.lang.ClassCastException: java.lang.Integer cannot be cast to java.lang.String
(String), PUT(String), 0(Long), {"code":20000,"msg":"修改成功！"}(String), 0:0:0:0:0:0:0:1(String)
2020-10-27 22:58:34.652 DEBUG [http-nio-8080-exec-4]com.tqk.blog.mapper.BlLogMapper.save.debug:159 -<==    Updates: 1
2020-10-27 22:58:41.512 DEBUG [http-nio-8080-exec-1]com.tqk.blog.mapper.BlAboutMapper.selectByPrimaryKey.debug:159 -==>  Preparing: SELECT about_id,about_title,about_read,created_time,update_time,version,enable,deleted,about_content FROM bl_about WHERE about_id = ? 
2020-10-27 22:58:41.591 DEBUG [http-nio-8080-exec-1]com.tqk.blog.mapper.BlLogMapper.save.debug:159 -==>  Preparing: insert into bl_log( log_url, log_params, log_status, log_message, log_method, log_time, log_result, log_ip ) values ( ?, ?, ?, ?, ?, ?, ?, ? ) 
2020-10-27 22:58:41.593 DEBUG [http-nio-8080-exec-1]com.tqk.blog.mapper.BlLogMapper.save.debug:159 -==> Parameters: /about/disable/3(String), [3](String), 0(Integer), org.mybatis.spring.MyBatisSystemException: nested exception is org.apache.ibatis.type.TypeException: Could not set parameters for mapping: ParameterMapping{property='aboutId', mode=IN, javaType=class java.lang.String, jdbcType=null, numericScale=null, resultMapId='null', jdbcTypeName='null', expression='null'}. Cause: org.apache.ibatis.type.TypeException: Error setting non null for parameter #1 with JdbcType null . Try setting a different JdbcType for this parameter or a different configuration property. Cause: java.lang.ClassCastException: java.lang.Integer cannot be cast to java.lang.String
	at com.tqk.blog.service.impl.AboutServiceImpl.disableById(AboutServiceImpl.java:84)
	at com.tqk.blog.service.impl.AboutServiceImpl$$FastClassBySpringCGLIB$$41186c7e.invoke(<generated>)
	at com.tqk.blog.service.impl.AboutServiceImpl$$EnhancerBySpringCGLIB$$a1035ce.disableById(<generated>)
	at com.tqk.blog.service.impl.AboutServiceImpl$$FastClassBySpringCGLIB$$41186c7e.invoke(<generated>)
	at com.tqk.blog.service.impl.AboutServiceImpl$$EnhancerBySpringCGLIB$$2a1ef480.disableById(<generated>)
	at com.tqk.blog.controller.AboutController.disable(AboutController.java:106)
	at com.tqk.blog.controller.AboutController$$FastClassBySpringCGLIB$$50fab016.invoke(<generated>)
	at com.tqk.blog.aspect.RequestAspect.doAround(RequestAspect.java:65)
	at com.tqk.blog.controller.AboutController$$EnhancerBySpringCGLIB$$c083c03e.disable(<generated>)
Caused by: org.apache.ibatis.type.TypeException: Could not set parameters for mapping: ParameterMapping{property='aboutId', mode=IN, javaType=class java.lang.String, jdbcType=null, numericScale=null, resultMapId='null', jdbcTypeName='null', expression='null'}. Cause: org.apache.ibatis.type.TypeException: Error setting non null for parameter #1 with JdbcType null . Try setting a different JdbcType for this parameter or a different configuration property. Cause: java.lang.ClassCastException: java.lang.Integer cannot be cast to java.lang.String
Caused by: org.apache.ibatis.type.TypeException: Error setting non null for parameter #1 with JdbcType null . Try setting a different JdbcType for this parameter or a different configuration property. Cause: java.lang.ClassCastException: java.lang.Integer cannot be cast to java.lang.String
Caused by: java.lang.ClassCastException: java.lang.Integer cannot be cast to java.lang.String
(String), PUT(String), 0(Long), null, 0:0:0:0:0:0:0:1(String)
2020-10-27 22:58:41.672 DEBUG [http-nio-8080-exec-1]com.tqk.blog.mapper.BlLogMapper.save.debug:159 -<==    Updates: 1
2020-10-27 23:00:49.932 DEBUG [main]com.tqk.blog.BlogApplication.logStarting:56 -Running with Spring Boot v2.2.2.RELEASE, Spring v5.2.2.RELEASE
2020-10-27 23:03:26.906 DEBUG [main]com.tqk.blog.BlogApplication.logStarting:56 -Running with Spring Boot v2.2.2.RELEASE, Spring v5.2.2.RELEASE
2020-10-27 23:04:41.398 DEBUG [http-nio-8080-exec-1]com.tqk.blog.mapper.BlAdminMapper.getByUsername.debug:159 -==>  Preparing: select name, header, signature, username, password from bl_admin where username = ? 
2020-10-27 23:04:41.434 DEBUG [http-nio-8080-exec-1]com.tqk.blog.mapper.BlAdminMapper.getByUsername.debug:159 -==> Parameters: admin(String)
2020-10-27 23:04:41.507 DEBUG [http-nio-8080-exec-1]com.tqk.blog.mapper.BlAdminMapper.getByUsername.debug:159 -<==      Total: 1
2020-10-27 23:04:41.671 DEBUG [http-nio-8080-exec-1]com.tqk.blog.mapper.BlLogMapper.save.debug:159 -==>  Preparing: insert into bl_log( log_url, log_params, log_status, log_message, log_method, log_time, log_result, log_ip ) values ( ?, ?, ?, ?, ?, ?, ?, ? ) 
2020-10-27 23:04:41.675 DEBUG [http-nio-8080-exec-1]com.tqk.blog.mapper.BlLogMapper.save.debug:159 -==> Parameters: /BlAdmin/login(String), [com.tqk.blog.pojo.BlAdmin@14b0a4a5](String), 1(Integer), null, POST(String), 213(Long), {"code":20000,"data":{"token":"EFD332E360D6873C103943E2F0499841"},"msg":"操作成功！"}(String), 0:0:0:0:0:0:0:1(String)
2020-10-27 23:04:41.765 DEBUG [http-nio-8080-exec-1]com.tqk.blog.mapper.BlLogMapper.save.debug:159 -<==    Updates: 1
2020-10-27 23:06:56.750 DEBUG [main]com.tqk.blog.BlogApplication.logStarting:56 -Running with Spring Boot v2.2.2.RELEASE, Spring v5.2.2.RELEASE
2020-10-27 23:07:09.067 DEBUG [http-nio-8080-exec-2]com.tqk.blog.mapper.BlAdminMapper.getByUsername.debug:159 -==>  Preparing: select name, header, signature, username, password from bl_admin where username = ? 
2020-10-27 23:07:09.105 DEBUG [http-nio-8080-exec-2]com.tqk.blog.mapper.BlAdminMapper.getByUsername.debug:159 -==> Parameters: admin(String)
2020-10-27 23:07:09.176 DEBUG [http-nio-8080-exec-2]com.tqk.blog.mapper.BlAdminMapper.getByUsername.debug:159 -<==      Total: 1
2020-10-27 23:07:09.333 DEBUG [http-nio-8080-exec-2]com.tqk.blog.mapper.BlLogMapper.save.debug:159 -==>  Preparing: insert into bl_log( log_url, log_params, log_status, log_message, log_method, log_time, log_result, log_ip ) values ( ?, ?, ?, ?, ?, ?, ?, ? ) 
2020-10-27 23:07:09.336 DEBUG [http-nio-8080-exec-2]com.tqk.blog.mapper.BlLogMapper.save.debug:159 -==> Parameters: /BlAdmin/login(String), [com.tqk.blog.pojo.BlAdmin@16f6e80f](String), 1(Integer), null, POST(String), 228(Long), {"code":20000,"data":{"token":"20EA25E4ECAEE0FE1D7AB239F36FD80A"},"msg":"操作成功！"}(String), 0:0:0:0:0:0:0:1(String)
2020-10-27 23:07:09.422 DEBUG [http-nio-8080-exec-2]com.tqk.blog.mapper.BlLogMapper.save.debug:159 -<==    Updates: 1
2020-10-27 23:07:31.627 DEBUG [http-nio-8080-exec-3]com.tqk.blog.mapper.BlAboutMapper.save.debug:159 -==>  Preparing: insert into bl_about(about_id,about_title, about_content) values( ?, ?, ? ) 
2020-10-27 23:07:31.628 DEBUG [http-nio-8080-exec-3]com.tqk.blog.mapper.BlAboutMapper.save.debug:159 -==> Parameters: 1(String), 标题内容3(String), 哈哈哈哈哈哈啊哈哈哈3(String)
2020-10-27 23:07:31.711 DEBUG [http-nio-8080-exec-3]com.tqk.blog.mapper.BlAboutMapper.save.debug:159 -<==    Updates: 1
2020-10-27 23:07:31.754 DEBUG [http-nio-8080-exec-3]com.tqk.blog.mapper.BlLogMapper.save.debug:159 -==>  Preparing: insert into bl_log( log_url, log_params, log_status, log_message, log_method, log_time, log_result, log_ip ) values ( ?, ?, ?, ?, ?, ?, ?, ? ) 
2020-10-27 23:07:31.757 DEBUG [http-nio-8080-exec-3]com.tqk.blog.mapper.BlLogMapper.save.debug:159 -==> Parameters: /about/save(String), [BlAbout(aboutId=1, aboutTitle=标题内容3, aboutRead=null, createdTime=null, updateTime=null, version=null, enable=null, deleted=null, aboutContent=哈哈哈哈哈哈啊哈哈哈3)](String), 1(Integer), null, POST(String), 148(Long), {"code":20000,"msg":"添加成功！"}(String), 0:0:0:0:0:0:0:1(String)
2020-10-27 23:07:31.854 DEBUG [http-nio-8080-exec-3]com.tqk.blog.mapper.BlLogMapper.save.debug:159 -<==    Updates: 1
2020-10-27 23:07:48.120 DEBUG [http-nio-8080-exec-4]com.tqk.blog.mapper.BlAboutMapper.updateById.debug:159 -==>  Preparing: update bl_about set version = version + 1 ,about_title = ? ,about_content = ? ,about_read = ? where about_id = ? and version = ? 
2020-10-27 23:07:48.122 DEBUG [http-nio-8080-exec-4]com.tqk.blog.mapper.BlAboutMapper.updateById.debug:159 -==> Parameters: hello(String), 你好(*´▽｀)ノノ(String), 3(Integer), 3(String), 1(Integer)
2020-10-27 23:07:48.195 DEBUG [http-nio-8080-exec-4]com.tqk.blog.mapper.BlAboutMapper.updateById.debug:159 -<==    Updates: 0
2020-10-27 23:07:48.242 DEBUG [http-nio-8080-exec-4]com.tqk.blog.mapper.BlLogMapper.save.debug:159 -==>  Preparing: insert into bl_log( log_url, log_params, log_status, log_message, log_method, log_time, log_result, log_ip ) values ( ?, ?, ?, ?, ?, ?, ?, ? ) 
2020-10-27 23:07:48.244 DEBUG [http-nio-8080-exec-4]com.tqk.blog.mapper.BlLogMapper.save.debug:159 -==> Parameters: /about/update(String), [BlAbout(aboutId=3, aboutTitle=hello, aboutRead=3, createdTime=null, updateTime=null, version=1, enable=null, deleted=null, aboutContent=你好(*´▽｀)ノノ)](String), 1(Integer), null, PUT(String), 152(Long), {"code":20000,"msg":"修改成功！"}(String), 0:0:0:0:0:0:0:1(String)
2020-10-27 23:07:48.332 DEBUG [http-nio-8080-exec-4]com.tqk.blog.mapper.BlLogMapper.save.debug:159 -<==    Updates: 1
2020-10-27 23:08:19.984 DEBUG [http-nio-8080-exec-5]com.tqk.blog.mapper.BlAboutMapper.updateById.debug:159 -==>  Preparing: update bl_about set version = version + 1 ,about_title = ? ,about_content = ? ,about_read = ? where about_id = ? and version = ? 
2020-10-27 23:08:19.986 DEBUG [http-nio-8080-exec-5]com.tqk.blog.mapper.BlAboutMapper.updateById.debug:159 -==> Parameters: hello(String), 你好(*´▽｀)ノノ(String), 3(Integer), 3(String), 2(Integer)
2020-10-27 23:08:20.068 DEBUG [http-nio-8080-exec-5]com.tqk.blog.mapper.BlAboutMapper.updateById.debug:159 -<==    Updates: 1
2020-10-27 23:08:20.113 DEBUG [http-nio-8080-exec-5]com.tqk.blog.mapper.BlLogMapper.save.debug:159 -==>  Preparing: insert into bl_log( log_url, log_params, log_status, log_message, log_method, log_time, log_result, log_ip ) values ( ?, ?, ?, ?, ?, ?, ?, ? ) 
2020-10-27 23:08:20.114 DEBUG [http-nio-8080-exec-5]com.tqk.blog.mapper.BlLogMapper.save.debug:159 -==> Parameters: /about/update(String), [BlAbout(aboutId=3, aboutTitle=hello, aboutRead=3, createdTime=null, updateTime=null, version=2, enable=null, deleted=null, aboutContent=你好(*´▽｀)ノノ)](String), 1(Integer), null, PUT(String), 130(Long), {"code":20000,"msg":"修改成功！"}(String), 0:0:0:0:0:0:0:1(String)
2020-10-27 23:08:20.201 DEBUG [http-nio-8080-exec-5]com.tqk.blog.mapper.BlLogMapper.save.debug:159 -<==    Updates: 1
2020-10-27 23:08:30.140 DEBUG [http-nio-8080-exec-6]com.tqk.blog.mapper.BlAboutMapper.getById.debug:159 -==>  Preparing: select about_id, about_title, about_content, about_read, created_time, update_time, version from bl_about where about_id = ? and deleted = 0 
2020-10-27 23:08:30.141 DEBUG [http-nio-8080-exec-6]com.tqk.blog.mapper.BlAboutMapper.getById.debug:159 -==> Parameters: 1(String)
2020-10-27 23:08:30.188 DEBUG [http-nio-8080-exec-6]com.tqk.blog.mapper.BlAboutMapper.getById.debug:159 -<==      Total: 1
2020-10-27 23:08:30.243 DEBUG [http-nio-8080-exec-6]com.tqk.blog.mapper.BlLogMapper.save.debug:159 -==>  Preparing: insert into bl_log( log_url, log_params, log_status, log_message, log_method, log_time, log_result, log_ip ) values ( ?, ?, ?, ?, ?, ?, ?, ? ) 
2020-10-27 23:08:30.245 DEBUG [http-nio-8080-exec-6]com.tqk.blog.mapper.BlLogMapper.save.debug:159 -==> Parameters: /about/get/1(String), [1](String), 1(Integer), null, GET(String), 91(Long), {"code":20000,"data":{"aboutContent":"哈哈哈哈哈哈啊哈哈哈3","aboutId":"1","aboutRead":0,"aboutTitle":"标题内容3","createdTime":1603782451000,"updateTime":1603782451000,"version":1},"msg":"操作成功！"}(String), 0:0:0:0:0:0:0:1(String)
2020-10-27 23:08:30.328 DEBUG [http-nio-8080-exec-6]com.tqk.blog.mapper.BlLogMapper.save.debug:159 -<==    Updates: 1
2020-10-27 23:08:33.846 DEBUG [http-nio-8080-exec-7]com.tqk.blog.mapper.BlAboutMapper.deleteById.debug:159 -==>  Preparing: update bl_about set deleted = 1 where about_id = ? 
2020-10-27 23:08:33.847 DEBUG [http-nio-8080-exec-7]com.tqk.blog.mapper.BlAboutMapper.deleteById.debug:159 -==> Parameters: 2(String)
2020-10-27 23:08:33.920 DEBUG [http-nio-8080-exec-7]com.tqk.blog.mapper.BlAboutMapper.deleteById.debug:159 -<==    Updates: 0
2020-10-27 23:08:33.964 DEBUG [http-nio-8080-exec-7]com.tqk.blog.mapper.BlLogMapper.save.debug:159 -==>  Preparing: insert into bl_log( log_url, log_params, log_status, log_message, log_method, log_time, log_result, log_ip ) values ( ?, ?, ?, ?, ?, ?, ?, ? ) 
2020-10-27 23:08:33.966 DEBUG [http-nio-8080-exec-7]com.tqk.blog.mapper.BlLogMapper.save.debug:159 -==> Parameters: /about/delete/2(String), [2](String), 1(Integer), null, DELETE(String), 116(Long), {"code":20000,"msg":"删除成功！"}(String), 0:0:0:0:0:0:0:1(String)
2020-10-27 23:08:34.051 DEBUG [http-nio-8080-exec-7]com.tqk.blog.mapper.BlLogMapper.save.debug:159 -<==    Updates: 1
2020-10-27 23:08:41.138 DEBUG [http-nio-8080-exec-8]com.tqk.blog.mapper.BlAboutMapper.getAbout.debug:159 -==>  Preparing: select about_id, about_title, about_content, about_read, created_time, update_time, version from bl_about where enable = 1 and deleted = 0 limit 1 
2020-10-27 23:08:41.139 DEBUG [http-nio-8080-exec-8]com.tqk.blog.mapper.BlAboutMapper.getAbout.debug:159 -==> Parameters: 
2020-10-27 23:08:41.188 DEBUG [http-nio-8080-exec-8]com.tqk.blog.mapper.BlAboutMapper.getAbout.debug:159 -<==      Total: 1
2020-10-27 23:08:41.311 DEBUG [http-nio-8080-exec-8]com.tqk.blog.mapper.BlLogMapper.save.debug:159 -==>  Preparing: insert into bl_log( log_url, log_params, log_status, log_message, log_method, log_time, log_result, log_ip ) values ( ?, ?, ?, ?, ?, ?, ?, ? ) 
2020-10-27 23:08:41.313 DEBUG [http-nio-8080-exec-8]com.tqk.blog.mapper.BlLogMapper.save.debug:159 -==> Parameters: /about/enable/2(String), [2](String), 0(Integer), com.tqk.blog.execption.BlogException: 当前已存在启用中的关于我的
	at com.tqk.blog.service.impl.AboutServiceImpl.enableById(AboutServiceImpl.java:74)
	at com.tqk.blog.service.impl.AboutServiceImpl$$FastClassBySpringCGLIB$$41186c7e.invoke(<generated>)
	at com.tqk.blog.service.impl.AboutServiceImpl$$EnhancerBySpringCGLIB$$99288e76.enableById(<generated>)
	at com.tqk.blog.service.impl.AboutServiceImpl$$FastClassBySpringCGLIB$$41186c7e.invoke(<generated>)
	at com.tqk.blog.service.impl.AboutServiceImpl$$EnhancerBySpringCGLIB$$b9374d28.enableById(<generated>)
	at com.tqk.blog.controller.AboutController.enable(AboutController.java:97)
	at com.tqk.blog.controller.AboutController$$FastClassBySpringCGLIB$$50fab016.invoke(<generated>)
	at com.tqk.blog.aspect.RequestAspect.doAround(RequestAspect.java:65)
	at com.tqk.blog.controller.AboutController$$EnhancerBySpringCGLIB$$e01ac943.enable(<generated>)
(String), PUT(String), 0(Long), null, 0:0:0:0:0:0:0:1(String)
2020-10-27 23:08:41.416 DEBUG [http-nio-8080-exec-8]com.tqk.blog.mapper.BlLogMapper.save.debug:159 -<==    Updates: 1
2020-10-27 23:08:45.642 DEBUG [http-nio-8080-exec-10]com.tqk.blog.mapper.BlAboutMapper.selectByPrimaryKey.debug:159 -==>  Preparing: SELECT about_id,about_title,about_read,created_time,update_time,version,enable,deleted,about_content FROM bl_about WHERE about_id = ? 
2020-10-27 23:08:45.643 DEBUG [http-nio-8080-exec-10]com.tqk.blog.mapper.BlAboutMapper.selectByPrimaryKey.debug:159 -==> Parameters: 3(String)
2020-10-27 23:08:45.681 DEBUG [http-nio-8080-exec-10]com.tqk.blog.mapper.BlAboutMapper.selectByPrimaryKey.debug:159 -<==      Total: 1
2020-10-27 23:08:45.683 DEBUG [http-nio-8080-exec-10]com.tqk.blog.mapper.BlAboutMapper.updateByPrimaryKey.debug:159 -==>  Preparing: UPDATE bl_about SET about_title = ?,about_read = ?,created_time = ?,update_time = ?,version = ?,enable = ?,deleted = ?,about_content = ? WHERE about_id = ? 
2020-10-27 23:08:45.686 DEBUG [http-nio-8080-exec-10]com.tqk.blog.mapper.BlAboutMapper.updateByPrimaryKey.debug:159 -==> Parameters: hello(String), 3(Integer), 2020-10-27 14:36:10.0(Timestamp), 2020-10-27 15:08:19.0(Timestamp), 3(Integer), 0(Integer), 0(Integer), 你好(*´▽｀)ノノ(String), 3(String)
2020-10-27 23:08:45.765 DEBUG [http-nio-8080-exec-10]com.tqk.blog.mapper.BlAboutMapper.updateByPrimaryKey.debug:159 -<==    Updates: 1
2020-10-27 23:08:45.883 DEBUG [http-nio-8080-exec-10]com.tqk.blog.mapper.BlLogMapper.save.debug:159 -==>  Preparing: insert into bl_log( log_url, log_params, log_status, log_message, log_method, log_time, log_result, log_ip ) values ( ?, ?, ?, ?, ?, ?, ?, ? ) 
2020-10-27 23:08:45.886 DEBUG [http-nio-8080-exec-10]com.tqk.blog.mapper.BlLogMapper.save.debug:159 -==> Parameters: /about/disable/3(String), [3](String), 1(Integer), null, PUT(String), 278(Long), {"code":20000,"msg":"弃用成功"}(String), 0:0:0:0:0:0:0:1(String)
2020-10-27 23:08:45.969 DEBUG [http-nio-8080-exec-10]com.tqk.blog.mapper.BlLogMapper.save.debug:159 -<==    Updates: 1
2020-10-27 23:08:58.909 DEBUG [http-nio-8080-exec-1]com.tqk.blog.mapper.BlAboutMapper.getAbout.debug:159 -==>  Preparing: select about_id, about_title, about_content, about_read, created_time, update_time, version from bl_about where enable = 1 and deleted = 0 limit 1 
2020-10-27 23:08:58.911 DEBUG [http-nio-8080-exec-1]com.tqk.blog.mapper.BlAboutMapper.getAbout.debug:159 -==> Parameters: 
2020-10-27 23:08:58.951 DEBUG [http-nio-8080-exec-1]com.tqk.blog.mapper.BlAboutMapper.getAbout.debug:159 -<==      Total: 1
2020-10-27 23:08:59.074 DEBUG [http-nio-8080-exec-1]com.tqk.blog.mapper.BlLogMapper.save.debug:159 -==>  Preparing: insert into bl_log( log_url, log_params, log_status, log_message, log_method, log_time, log_result, log_ip ) values ( ?, ?, ?, ?, ?, ?, ?, ? ) 
2020-10-27 23:08:59.076 DEBUG [http-nio-8080-exec-1]com.tqk.blog.mapper.BlLogMapper.save.debug:159 -==> Parameters: /about/enable/2(String), [2](String), 0(Integer), com.tqk.blog.execption.BlogException: 当前已存在启用中的关于我的
	at com.tqk.blog.service.impl.AboutServiceImpl.enableById(AboutServiceImpl.java:74)
	at com.tqk.blog.service.impl.AboutServiceImpl$$FastClassBySpringCGLIB$$41186c7e.invoke(<generated>)
	at com.tqk.blog.service.impl.AboutServiceImpl$$EnhancerBySpringCGLIB$$99288e76.enableById(<generated>)
	at com.tqk.blog.service.impl.AboutServiceImpl$$FastClassBySpringCGLIB$$41186c7e.invoke(<generated>)
	at com.tqk.blog.service.impl.AboutServiceImpl$$EnhancerBySpringCGLIB$$b9374d28.enableById(<generated>)
	at com.tqk.blog.controller.AboutController.enable(AboutController.java:97)
	at com.tqk.blog.controller.AboutController$$FastClassBySpringCGLIB$$50fab016.invoke(<generated>)
	at com.tqk.blog.aspect.RequestAspect.doAround(RequestAspect.java:65)
	at com.tqk.blog.controller.AboutController$$EnhancerBySpringCGLIB$$e01ac943.enable(<generated>)
(String), PUT(String), 0(Long), null, 0:0:0:0:0:0:0:1(String)
2020-10-27 23:08:59.163 DEBUG [http-nio-8080-exec-1]com.tqk.blog.mapper.BlLogMapper.save.debug:159 -<==    Updates: 1
2020-10-27 23:09:09.827 DEBUG [http-nio-8080-exec-3]com.tqk.blog.mapper.BlAboutMapper.getByPage.debug:159 -==>  Preparing: select about_id, about_title, about_read, created_time, update_time, enable from bl_about where deleted = 0 limit ?, ? 
2020-10-27 23:09:09.828 DEBUG [http-nio-8080-exec-3]com.tqk.blog.mapper.BlAboutMapper.getByPage.debug:159 -==> Parameters: 0(Integer), 20(Integer)
2020-10-27 23:09:09.866 DEBUG [http-nio-8080-exec-3]com.tqk.blog.mapper.BlAboutMapper.getByPage.debug:159 -<==      Total: 2
2020-10-27 23:09:09.909 DEBUG [http-nio-8080-exec-3]com.tqk.blog.mapper.BlAboutMapper.getCountByPage.debug:159 -==>  Preparing: select count(*) from bl_about where deleted = 0 
2020-10-27 23:09:09.910 DEBUG [http-nio-8080-exec-3]com.tqk.blog.mapper.BlAboutMapper.getCountByPage.debug:159 -==> Parameters: 
2020-10-27 23:09:09.948 DEBUG [http-nio-8080-exec-3]com.tqk.blog.mapper.BlAboutMapper.getCountByPage.debug:159 -<==      Total: 1
2020-10-27 23:09:10.005 DEBUG [http-nio-8080-exec-3]com.tqk.blog.mapper.BlLogMapper.save.debug:159 -==>  Preparing: insert into bl_log( log_url, log_params, log_status, log_message, log_method, log_time, log_result, log_ip ) values ( ?, ?, ?, ?, ?, ?, ?, ? ) 
2020-10-27 23:09:10.007 DEBUG [http-nio-8080-exec-3]com.tqk.blog.mapper.BlLogMapper.save.debug:159 -==> Parameters: /about/getByPage(String), [Page(currentPage=1, pageSize=20, totalPage=0, totalCount=0, list=null, params={}, sortColumn=null, sortMethod=asc)](String), 1(Integer), null, POST(String), 170(Long), {"code":20000,"data":{"currentPage":1,"index":0,"list":[{"aboutId":"1","aboutRead":0,"aboutTitle":"标题内容3","createdTime":1603782451000,"enable":1,"updateTime":1603782451000},{"aboutId":"3","aboutRead":3,"aboutTitle":"hello","createdTime":1603780570000,"enable":0,"updateTime":1603782499000}],"pageSize":20,"params":{},"sortMethod":"asc","totalCount":2,"totalPage":1},"msg":"操作成功！"}(String), 0:0:0:0:0:0:0:1(String)
2020-10-27 23:09:10.094 DEBUG [http-nio-8080-exec-3]com.tqk.blog.mapper.BlLogMapper.save.debug:159 -<==    Updates: 1
2020-10-27 23:09:43.929 DEBUG [http-nio-8080-exec-4]com.tqk.blog.mapper.BlAboutMapper.getAbout.debug:159 -==>  Preparing: select about_id, about_title, about_content, about_read, created_time, update_time, version from bl_about where enable = 1 and deleted = 0 limit 1 
2020-10-27 23:09:43.930 DEBUG [http-nio-8080-exec-4]com.tqk.blog.mapper.BlAboutMapper.getAbout.debug:159 -==> Parameters: 
2020-10-27 23:09:43.969 DEBUG [http-nio-8080-exec-4]com.tqk.blog.mapper.BlAboutMapper.getAbout.debug:159 -<==      Total: 1
2020-10-27 23:09:43.972 DEBUG [http-nio-8080-exec-4]com.tqk.blog.mapper.BlAboutMapper.updateById.debug:159 -==>  Preparing: update bl_about set version = version + 1 ,about_title = ? ,about_content = ? ,about_read = ? where about_id = ? and version = ? 
2020-10-27 23:09:43.974 DEBUG [http-nio-8080-exec-4]com.tqk.blog.mapper.BlAboutMapper.updateById.debug:159 -==> Parameters: 标题内容3(String), 哈哈哈哈哈哈啊哈哈哈3(String), 1(Integer), 1(String), 1(Integer)
2020-10-27 23:09:44.047 DEBUG [http-nio-8080-exec-4]com.tqk.blog.mapper.BlAboutMapper.updateById.debug:159 -<==    Updates: 1
2020-10-27 23:09:44.176 DEBUG [http-nio-8080-exec-4]com.tqk.blog.mapper.BlLogMapper.save.debug:159 -==>  Preparing: insert into bl_log( log_url, log_params, log_status, log_message, log_method, log_time, log_result, log_ip ) values ( ?, ?, ?, ?, ?, ?, ?, ? ) 
2020-10-27 23:09:44.178 DEBUG [http-nio-8080-exec-4]com.tqk.blog.mapper.BlLogMapper.save.debug:159 -==> Parameters: /about/read(String), [](String), 1(Integer), null, GET(String), 291(Long), {"code":20000,"data":{"aboutContent":"哈哈哈哈哈哈啊哈哈哈3","aboutId":"1","aboutRead":1,"aboutTitle":"标题内容3","createdTime":1603782451000,"updateTime":1603782451000,"version":1},"msg":"操作成功！"}(String), 0:0:0:0:0:0:0:1(String)
2020-10-27 23:09:44.262 DEBUG [http-nio-8080-exec-4]com.tqk.blog.mapper.BlLogMapper.save.debug:159 -<==    Updates: 1
2020-10-27 23:11:47.790 DEBUG [main]com.tqk.blog.BlogApplication.logStarting:56 -Running with Spring Boot v2.2.2.RELEASE, Spring v5.2.2.RELEASE
2020-10-27 23:11:57.220 DEBUG [http-nio-8080-exec-2]com.tqk.blog.mapper.BlAdminMapper.getByUsername.debug:159 -==>  Preparing: select name, header, signature, username, password from bl_admin where username = ? 
2020-10-27 23:11:57.253 DEBUG [http-nio-8080-exec-2]com.tqk.blog.mapper.BlAdminMapper.getByUsername.debug:159 -==> Parameters: admin(String)
2020-10-27 23:11:57.321 DEBUG [http-nio-8080-exec-2]com.tqk.blog.mapper.BlAdminMapper.getByUsername.debug:159 -<==      Total: 1
2020-10-27 23:11:57.449 DEBUG [http-nio-8080-exec-2]com.tqk.blog.mapper.BlLogMapper.save.debug:159 -==>  Preparing: insert into bl_log( log_url, log_params, log_status, log_message, log_method, log_time, log_result, log_ip ) values ( ?, ?, ?, ?, ?, ?, ?, ? ) 
2020-10-27 23:11:57.452 DEBUG [http-nio-8080-exec-2]com.tqk.blog.mapper.BlLogMapper.save.debug:159 -==> Parameters: /BlAdmin/login(String), [com.tqk.blog.pojo.BlAdmin@54dbdf1e](String), 1(Integer), null, POST(String), 214(Long), {"code":20000,"data":{"token":"B6F558100461C726E58B730A5F876EEB"},"msg":"操作成功！"}(String), 0:0:0:0:0:0:0:1(String)
2020-10-27 23:11:57.556 DEBUG [http-nio-8080-exec-2]com.tqk.blog.mapper.BlLogMapper.save.debug:159 -<==    Updates: 1
2020-10-27 23:12:11.226 DEBUG [http-nio-8080-exec-3]com.tqk.blog.mapper.BlAboutMapper.getByPage.debug:159 -==>  Preparing: select about_id, about_title, about_read, about_content, created_time, update_time, enable from bl_about where deleted = 0 limit ?, ? 
2020-10-27 23:12:11.227 DEBUG [http-nio-8080-exec-3]com.tqk.blog.mapper.BlAboutMapper.getByPage.debug:159 -==> Parameters: 0(Integer), 20(Integer)
2020-10-27 23:12:11.279 DEBUG [http-nio-8080-exec-3]com.tqk.blog.mapper.BlAboutMapper.getByPage.debug:159 -<==      Total: 2
2020-10-27 23:12:11.327 DEBUG [http-nio-8080-exec-3]com.tqk.blog.mapper.BlAboutMapper.getCountByPage.debug:159 -==>  Preparing: select count(*) from bl_about where deleted = 0 
2020-10-27 23:12:11.328 DEBUG [http-nio-8080-exec-3]com.tqk.blog.mapper.BlAboutMapper.getCountByPage.debug:159 -==> Parameters: 
2020-10-27 23:12:11.371 DEBUG [http-nio-8080-exec-3]com.tqk.blog.mapper.BlAboutMapper.getCountByPage.debug:159 -<==      Total: 1
2020-10-27 23:12:11.450 DEBUG [http-nio-8080-exec-3]com.tqk.blog.mapper.BlLogMapper.save.debug:159 -==>  Preparing: insert into bl_log( log_url, log_params, log_status, log_message, log_method, log_time, log_result, log_ip ) values ( ?, ?, ?, ?, ?, ?, ?, ? ) 
2020-10-27 23:12:11.452 DEBUG [http-nio-8080-exec-3]com.tqk.blog.mapper.BlLogMapper.save.debug:159 -==> Parameters: /about/getByPage(String), [Page(currentPage=1, pageSize=20, totalPage=0, totalCount=0, list=null, params={}, sortColumn=null, sortMethod=asc)](String), 1(Integer), null, POST(String), 244(Long), {"code":20000,"data":{"currentPage":1,"index":0,"list":[{"aboutContent":"哈哈哈哈哈哈啊哈哈哈3","aboutId":"1","aboutRead":1,"aboutTitle":"标题内容3","createdTime":1603782451000,"enable":1,"updateTime":1603782583000},{"aboutContent":"你好(*´▽｀)ノノ","aboutId":"3","aboutRead":3,"aboutTitle":"hello","createdTime":1603780570000,"enable":0,"updateTime":1603782499000}],"pageSize":20,"params":{},"sortMethod":"asc","totalCount":2,"totalPage":1},"msg":"操作成功！"}(String), 0:0:0:0:0:0:0:1(String)
2020-10-27 23:12:11.547 DEBUG [http-nio-8080-exec-3]com.tqk.blog.mapper.BlLogMapper.save.debug:159 -<==    Updates: 1
