2020-10-27 22:04:24.398 INFO  [main]com.tqk.blog.BlogApplication.logStarting:55 -Starting BlogApplication on WIN-LFFH2UEU8RH with PID 9472 (D:\javaweb\blog\target\classes started by Administrator in D:\javaweb\blog)
2020-10-27 22:04:24.407 INFO  [main]com.tqk.blog.BlogApplication.logStartupProfileInfo:655 -The following profiles are active: dev
2020-10-27 22:04:25.897 INFO  [main]o.s.c.s.PostProcessorRegistrationDelegate$BeanPostProcessorChecker.postProcessAfterInitialization:330 -Bean 'org.springframework.transaction.annotation.ProxyTransactionManagementConfiguration' of type [org.springframework.transaction.annotation.ProxyTransactionManagementConfiguration] is not eligible for getting processed by all BeanPostProcessors (for example: not eligible for auto-proxying)
2020-10-27 22:04:26.071 INFO  [main]o.s.c.s.PostProcessorRegistrationDelegate$BeanPostProcessorChecker.postProcessAfterInitialization:330 -Bean 'shiroConfig' of type [com.tqk.blog.config.ShiroConfig$$EnhancerBySpringCGLIB$$90a865e1] is not eligible for getting processed by all BeanPostProcessors (for example: not eligible for auto-proxying)
2020-10-27 22:04:26.143 INFO  [main]o.s.c.s.PostProcessorRegistrationDelegate$BeanPostProcessorChecker.postProcessAfterInitialization:330 -Bean 'mybatis-tk.mybatis.mapper.autoconfigure.MybatisProperties' of type [tk.mybatis.mapper.autoconfigure.MybatisProperties] is not eligible for getting processed by all BeanPostProcessors (for example: not eligible for auto-proxying)
2020-10-27 22:04:26.161 INFO  [main]o.s.c.s.PostProcessorRegistrationDelegate$BeanPostProcessorChecker.postProcessAfterInitialization:330 -Bean 'tk.mybatis.mapper.autoconfigure.MapperAutoConfiguration' of type [tk.mybatis.mapper.autoconfigure.MapperAutoConfiguration$$EnhancerBySpringCGLIB$$d9a5e90f] is not eligible for getting processed by all BeanPostProcessors (for example: not eligible for auto-proxying)
2020-10-27 22:04:26.167 INFO  [main]o.s.c.s.PostProcessorRegistrationDelegate$BeanPostProcessorChecker.postProcessAfterInitialization:330 -Bean 'com.alibaba.druid.spring.boot.autoconfigure.DruidDataSourceAutoConfigure' of type [com.alibaba.druid.spring.boot.autoconfigure.DruidDataSourceAutoConfigure$$EnhancerBySpringCGLIB$$3d6136e8] is not eligible for getting processed by all BeanPostProcessors (for example: not eligible for auto-proxying)
2020-10-27 22:04:26.172 INFO  [main]c.a.d.s.boot.autoconfigure.DruidDataSourceAutoConfigure.dataSource:56 -Init DruidDataSource
2020-10-27 22:04:26.239 INFO  [main]o.s.c.s.PostProcessorRegistrationDelegate$BeanPostProcessorChecker.postProcessAfterInitialization:330 -Bean 'spring.datasource-org.springframework.boot.autoconfigure.jdbc.DataSourceProperties' of type [org.springframework.boot.autoconfigure.jdbc.DataSourceProperties] is not eligible for getting processed by all BeanPostProcessors (for example: not eligible for auto-proxying)
2020-10-27 22:04:26.261 INFO  [main]o.s.c.s.PostProcessorRegistrationDelegate$BeanPostProcessorChecker.postProcessAfterInitialization:330 -Bean 'com.alibaba.druid.spring.boot.autoconfigure.stat.DruidFilterConfiguration' of type [com.alibaba.druid.spring.boot.autoconfigure.stat.DruidFilterConfiguration] is not eligible for getting processed by all BeanPostProcessors (for example: not eligible for auto-proxying)
2020-10-27 22:04:26.290 INFO  [main]o.s.c.s.PostProcessorRegistrationDelegate$BeanPostProcessorChecker.postProcessAfterInitialization:330 -Bean 'statFilter' of type [com.alibaba.druid.filter.stat.StatFilter] is not eligible for getting processed by all BeanPostProcessors (for example: not eligible for auto-proxying)
2020-10-27 22:04:29.004 INFO  [main]com.alibaba.druid.pool.DruidDataSource.init:930 -{dataSource-1} inited
2020-10-27 22:04:29.005 INFO  [main]o.s.c.s.PostProcessorRegistrationDelegate$BeanPostProcessorChecker.postProcessAfterInitialization:330 -Bean 'dataSource' of type [com.alibaba.druid.spring.boot.autoconfigure.DruidDataSourceWrapper] is not eligible for getting processed by all BeanPostProcessors (for example: not eligible for auto-proxying)
2020-10-27 22:04:29.110 INFO  [main]o.s.c.s.PostProcessorRegistrationDelegate$BeanPostProcessorChecker.postProcessAfterInitialization:330 -Bean 'org.springframework.boot.autoconfigure.jdbc.DataSourceInitializerInvoker' of type [org.springframework.boot.autoconfigure.jdbc.DataSourceInitializerInvoker] is not eligible for getting processed by all BeanPostProcessors (for example: not eligible for auto-proxying)
2020-10-27 22:04:29.445 INFO  [main]o.s.c.s.PostProcessorRegistrationDelegate$BeanPostProcessorChecker.postProcessAfterInitialization:330 -Bean 'sqlSessionFactory' of type [org.apache.ibatis.session.defaults.DefaultSqlSessionFactory] is not eligible for getting processed by all BeanPostProcessors (for example: not eligible for auto-proxying)
2020-10-27 22:04:29.453 INFO  [main]o.s.c.s.PostProcessorRegistrationDelegate$BeanPostProcessorChecker.postProcessAfterInitialization:330 -Bean 'sqlSessionTemplate' of type [org.mybatis.spring.SqlSessionTemplate] is not eligible for getting processed by all BeanPostProcessors (for example: not eligible for auto-proxying)
2020-10-27 22:04:29.528 INFO  [main]o.s.c.s.PostProcessorRegistrationDelegate$BeanPostProcessorChecker.postProcessAfterInitialization:330 -Bean 'blAdminMapper' of type [tk.mybatis.spring.mapper.MapperFactoryBean] is not eligible for getting processed by all BeanPostProcessors (for example: not eligible for auto-proxying)
2020-10-27 22:04:29.537 INFO  [main]o.s.c.s.PostProcessorRegistrationDelegate$BeanPostProcessorChecker.postProcessAfterInitialization:330 -Bean 'blAdminMapper' of type [com.sun.proxy.$Proxy86] is not eligible for getting processed by all BeanPostProcessors (for example: not eligible for auto-proxying)
2020-10-27 22:04:29.622 INFO  [main]o.s.c.s.PostProcessorRegistrationDelegate$BeanPostProcessorChecker.postProcessAfterInitialization:330 -Bean 'adminServiceImpl' of type [com.tqk.blog.service.impl.AdminServiceImpl] is not eligible for getting processed by all BeanPostProcessors (for example: not eligible for auto-proxying)
2020-10-27 22:04:29.623 INFO  [main]o.s.c.s.PostProcessorRegistrationDelegate$BeanPostProcessorChecker.postProcessAfterInitialization:330 -Bean 'adminRealm' of type [com.tqk.blog.realm.AdminRealm] is not eligible for getting processed by all BeanPostProcessors (for example: not eligible for auto-proxying)
2020-10-27 22:04:30.115 INFO  [main]o.s.c.s.PostProcessorRegistrationDelegate$BeanPostProcessorChecker.postProcessAfterInitialization:330 -Bean 'securityManager' of type [org.apache.shiro.web.mgt.DefaultWebSecurityManager] is not eligible for getting processed by all BeanPostProcessors (for example: not eligible for auto-proxying)
2020-10-27 22:04:30.142 INFO  [main]o.s.c.s.PostProcessorRegistrationDelegate$BeanPostProcessorChecker.postProcessAfterInitialization:330 -Bean 'authorizationAttributeSourceAdvisor' of type [org.apache.shiro.spring.security.interceptor.AuthorizationAttributeSourceAdvisor] is not eligible for getting processed by all BeanPostProcessors (for example: not eligible for auto-proxying)
2020-10-27 22:04:30.522 INFO  [main]o.s.boot.web.embedded.tomcat.TomcatWebServer.initialize:92 -Tomcat initialized with port(s): 8080 (http)
2020-10-27 22:04:30.540 INFO  [main]org.apache.coyote.http11.Http11NioProtocol.log:173 -Initializing ProtocolHandler ["http-nio-8080"]
2020-10-27 22:04:30.540 INFO  [main]org.apache.catalina.core.StandardService.log:173 -Starting service [Tomcat]
2020-10-27 22:04:30.541 INFO  [main]org.apache.catalina.core.StandardEngine.log:173 -Starting Servlet engine: [Apache Tomcat/9.0.29]
2020-10-27 22:04:30.693 INFO  [main]o.a.catalina.core.ContainerBase.[Tomcat].[localhost].[/].log:173 -Initializing Spring embedded WebApplicationContext
2020-10-27 22:04:30.694 INFO  [main]org.springframework.web.context.ContextLoader.prepareWebApplicationContext:284 -Root WebApplicationContext: initialization completed in 6206 ms
2020-10-27 22:04:31.848 INFO  [main]o.s.scheduling.concurrent.ThreadPoolTaskExecutor.initialize:171 -Initializing ExecutorService 'applicationTaskExecutor'
2020-10-27 22:04:32.296 INFO  [main]org.apache.coyote.http11.Http11NioProtocol.log:173 -Starting ProtocolHandler ["http-nio-8080"]
2020-10-27 22:04:32.321 INFO  [main]o.s.boot.web.embedded.tomcat.TomcatWebServer.start:204 -Tomcat started on port(s): 8080 (http) with context path ''
2020-10-27 22:04:32.324 INFO  [main]com.tqk.blog.BlogApplication.logStarted:61 -Started BlogApplication in 8.679 seconds (JVM running for 9.232)
2020-10-27 22:06:33.054 INFO  [http-nio-8080-exec-1]o.a.catalina.core.ContainerBase.[Tomcat].[localhost].[/].log:173 -Initializing Spring DispatcherServlet 'dispatcherServlet'
2020-10-27 22:06:33.055 INFO  [http-nio-8080-exec-1]org.springframework.web.servlet.DispatcherServlet.initServletBean:525 -Initializing Servlet 'dispatcherServlet'
2020-10-27 22:06:33.074 INFO  [http-nio-8080-exec-1]org.springframework.web.servlet.DispatcherServlet.initServletBean:547 -Completed initialization in 19 ms
2020-10-27 22:06:33.215 INFO  [http-nio-8080-exec-1]com.tqk.blog.aspect.RequestAspect.printRequestLog:115 -请求地址 : /BlAdmin/login
2020-10-27 22:06:33.217 INFO  [http-nio-8080-exec-1]com.tqk.blog.aspect.RequestAspect.printRequestLog:116 -请求方式 : POST
2020-10-27 22:06:33.218 INFO  [http-nio-8080-exec-1]com.tqk.blog.aspect.RequestAspect.printRequestLog:119 -IP : 0:0:0:0:0:0:0:1
2020-10-27 22:06:33.220 INFO  [http-nio-8080-exec-1]com.tqk.blog.aspect.RequestAspect.printRequestLog:121 -方法 : com.tqk.blog.controller.AdminController.login
2020-10-27 22:06:33.220 INFO  [http-nio-8080-exec-1]com.tqk.blog.aspect.RequestAspect.printRequestLog:123 -请求参数：[com.tqk.blog.pojo.BlAdmin@2a1733d6]
2020-10-27 22:06:33.442 INFO  [http-nio-8080-exec-1]com.tqk.blog.aspect.RequestAspect.doAround:67 -耗时 : 227
2020-10-27 22:06:33.529 INFO  [http-nio-8080-exec-1]com.tqk.blog.aspect.RequestAspect.doAfterReturning:81 -返回值：{"code":20000,"data":{"token":"BFA9B18F3A740A1E88D59CA5EDF755F8"},"msg":"操作成功！"}
2020-10-27 22:08:22.970 INFO  [http-nio-8080-exec-5]com.tqk.blog.aspect.RequestAspect.printRequestLog:115 -请求地址 : /about/save
2020-10-27 22:08:22.971 INFO  [http-nio-8080-exec-5]com.tqk.blog.aspect.RequestAspect.printRequestLog:116 -请求方式 : POST
2020-10-27 22:08:22.971 INFO  [http-nio-8080-exec-5]com.tqk.blog.aspect.RequestAspect.printRequestLog:119 -IP : 0:0:0:0:0:0:0:1
2020-10-27 22:08:22.972 INFO  [http-nio-8080-exec-5]com.tqk.blog.aspect.RequestAspect.printRequestLog:121 -方法 : com.tqk.blog.controller.AboutController.save
2020-10-27 22:08:22.972 INFO  [http-nio-8080-exec-5]com.tqk.blog.aspect.RequestAspect.printRequestLog:123 -请求参数：[BlAbout(aboutId=null, aboutTitle=标题内容, aboutRead=null, createdTime=null, updateTime=null, version=null, enable=null, deleted=null, aboutContent=哈哈哈哈哈哈啊哈哈哈)]
2020-10-27 22:22:05.584 INFO  [main]com.tqk.blog.BlogApplication.logStarting:55 -Starting BlogApplication on WIN-LFFH2UEU8RH with PID 8808 (D:\javaweb\blog\target\classes started by Administrator in D:\javaweb\blog)
2020-10-27 22:22:05.589 INFO  [main]com.tqk.blog.BlogApplication.logStartupProfileInfo:655 -The following profiles are active: dev
2020-10-27 22:22:07.048 INFO  [main]o.s.c.s.PostProcessorRegistrationDelegate$BeanPostProcessorChecker.postProcessAfterInitialization:330 -Bean 'org.springframework.transaction.annotation.ProxyTransactionManagementConfiguration' of type [org.springframework.transaction.annotation.ProxyTransactionManagementConfiguration] is not eligible for getting processed by all BeanPostProcessors (for example: not eligible for auto-proxying)
2020-10-27 22:22:07.188 INFO  [main]o.s.c.s.PostProcessorRegistrationDelegate$BeanPostProcessorChecker.postProcessAfterInitialization:330 -Bean 'shiroConfig' of type [com.tqk.blog.config.ShiroConfig$$EnhancerBySpringCGLIB$$5dcdd9c4] is not eligible for getting processed by all BeanPostProcessors (for example: not eligible for auto-proxying)
2020-10-27 22:22:07.267 INFO  [main]o.s.c.s.PostProcessorRegistrationDelegate$BeanPostProcessorChecker.postProcessAfterInitialization:330 -Bean 'mybatis-tk.mybatis.mapper.autoconfigure.MybatisProperties' of type [tk.mybatis.mapper.autoconfigure.MybatisProperties] is not eligible for getting processed by all BeanPostProcessors (for example: not eligible for auto-proxying)
2020-10-27 22:22:07.281 INFO  [main]o.s.c.s.PostProcessorRegistrationDelegate$BeanPostProcessorChecker.postProcessAfterInitialization:330 -Bean 'tk.mybatis.mapper.autoconfigure.MapperAutoConfiguration' of type [tk.mybatis.mapper.autoconfigure.MapperAutoConfiguration$$EnhancerBySpringCGLIB$$a6cb5cf2] is not eligible for getting processed by all BeanPostProcessors (for example: not eligible for auto-proxying)
2020-10-27 22:22:07.288 INFO  [main]o.s.c.s.PostProcessorRegistrationDelegate$BeanPostProcessorChecker.postProcessAfterInitialization:330 -Bean 'com.alibaba.druid.spring.boot.autoconfigure.DruidDataSourceAutoConfigure' of type [com.alibaba.druid.spring.boot.autoconfigure.DruidDataSourceAutoConfigure$$EnhancerBySpringCGLIB$$a86aacb] is not eligible for getting processed by all BeanPostProcessors (for example: not eligible for auto-proxying)
2020-10-27 22:22:07.294 INFO  [main]c.a.d.s.boot.autoconfigure.DruidDataSourceAutoConfigure.dataSource:56 -Init DruidDataSource
2020-10-27 22:22:07.369 INFO  [main]o.s.c.s.PostProcessorRegistrationDelegate$BeanPostProcessorChecker.postProcessAfterInitialization:330 -Bean 'spring.datasource-org.springframework.boot.autoconfigure.jdbc.DataSourceProperties' of type [org.springframework.boot.autoconfigure.jdbc.DataSourceProperties] is not eligible for getting processed by all BeanPostProcessors (for example: not eligible for auto-proxying)
2020-10-27 22:22:07.398 INFO  [main]o.s.c.s.PostProcessorRegistrationDelegate$BeanPostProcessorChecker.postProcessAfterInitialization:330 -Bean 'com.alibaba.druid.spring.boot.autoconfigure.stat.DruidFilterConfiguration' of type [com.alibaba.druid.spring.boot.autoconfigure.stat.DruidFilterConfiguration] is not eligible for getting processed by all BeanPostProcessors (for example: not eligible for auto-proxying)
2020-10-27 22:22:07.435 INFO  [main]o.s.c.s.PostProcessorRegistrationDelegate$BeanPostProcessorChecker.postProcessAfterInitialization:330 -Bean 'statFilter' of type [com.alibaba.druid.filter.stat.StatFilter] is not eligible for getting processed by all BeanPostProcessors (for example: not eligible for auto-proxying)
2020-10-27 22:22:10.237 INFO  [main]com.alibaba.druid.pool.DruidDataSource.init:930 -{dataSource-1} inited
2020-10-27 22:22:10.238 INFO  [main]o.s.c.s.PostProcessorRegistrationDelegate$BeanPostProcessorChecker.postProcessAfterInitialization:330 -Bean 'dataSource' of type [com.alibaba.druid.spring.boot.autoconfigure.DruidDataSourceWrapper] is not eligible for getting processed by all BeanPostProcessors (for example: not eligible for auto-proxying)
2020-10-27 22:22:10.335 INFO  [main]o.s.c.s.PostProcessorRegistrationDelegate$BeanPostProcessorChecker.postProcessAfterInitialization:330 -Bean 'org.springframework.boot.autoconfigure.jdbc.DataSourceInitializerInvoker' of type [org.springframework.boot.autoconfigure.jdbc.DataSourceInitializerInvoker] is not eligible for getting processed by all BeanPostProcessors (for example: not eligible for auto-proxying)
2020-10-27 22:22:10.681 INFO  [main]o.s.c.s.PostProcessorRegistrationDelegate$BeanPostProcessorChecker.postProcessAfterInitialization:330 -Bean 'sqlSessionFactory' of type [org.apache.ibatis.session.defaults.DefaultSqlSessionFactory] is not eligible for getting processed by all BeanPostProcessors (for example: not eligible for auto-proxying)
2020-10-27 22:22:10.692 INFO  [main]o.s.c.s.PostProcessorRegistrationDelegate$BeanPostProcessorChecker.postProcessAfterInitialization:330 -Bean 'sqlSessionTemplate' of type [org.mybatis.spring.SqlSessionTemplate] is not eligible for getting processed by all BeanPostProcessors (for example: not eligible for auto-proxying)
2020-10-27 22:22:10.768 INFO  [main]o.s.c.s.PostProcessorRegistrationDelegate$BeanPostProcessorChecker.postProcessAfterInitialization:330 -Bean 'blAdminMapper' of type [tk.mybatis.spring.mapper.MapperFactoryBean] is not eligible for getting processed by all BeanPostProcessors (for example: not eligible for auto-proxying)
2020-10-27 22:22:10.776 INFO  [main]o.s.c.s.PostProcessorRegistrationDelegate$BeanPostProcessorChecker.postProcessAfterInitialization:330 -Bean 'blAdminMapper' of type [com.sun.proxy.$Proxy86] is not eligible for getting processed by all BeanPostProcessors (for example: not eligible for auto-proxying)
2020-10-27 22:22:10.837 INFO  [main]o.s.c.s.PostProcessorRegistrationDelegate$BeanPostProcessorChecker.postProcessAfterInitialization:330 -Bean 'adminServiceImpl' of type [com.tqk.blog.service.impl.AdminServiceImpl] is not eligible for getting processed by all BeanPostProcessors (for example: not eligible for auto-proxying)
2020-10-27 22:22:10.840 INFO  [main]o.s.c.s.PostProcessorRegistrationDelegate$BeanPostProcessorChecker.postProcessAfterInitialization:330 -Bean 'adminRealm' of type [com.tqk.blog.realm.AdminRealm] is not eligible for getting processed by all BeanPostProcessors (for example: not eligible for auto-proxying)
2020-10-27 22:22:11.322 INFO  [main]o.s.c.s.PostProcessorRegistrationDelegate$BeanPostProcessorChecker.postProcessAfterInitialization:330 -Bean 'securityManager' of type [org.apache.shiro.web.mgt.DefaultWebSecurityManager] is not eligible for getting processed by all BeanPostProcessors (for example: not eligible for auto-proxying)
2020-10-27 22:22:11.345 INFO  [main]o.s.c.s.PostProcessorRegistrationDelegate$BeanPostProcessorChecker.postProcessAfterInitialization:330 -Bean 'authorizationAttributeSourceAdvisor' of type [org.apache.shiro.spring.security.interceptor.AuthorizationAttributeSourceAdvisor] is not eligible for getting processed by all BeanPostProcessors (for example: not eligible for auto-proxying)
2020-10-27 22:22:11.689 INFO  [main]o.s.boot.web.embedded.tomcat.TomcatWebServer.initialize:92 -Tomcat initialized with port(s): 8080 (http)
2020-10-27 22:22:11.704 INFO  [main]org.apache.coyote.http11.Http11NioProtocol.log:173 -Initializing ProtocolHandler ["http-nio-8080"]
2020-10-27 22:22:11.704 INFO  [main]org.apache.catalina.core.StandardService.log:173 -Starting service [Tomcat]
2020-10-27 22:22:11.704 INFO  [main]org.apache.catalina.core.StandardEngine.log:173 -Starting Servlet engine: [Apache Tomcat/9.0.29]
2020-10-27 22:22:11.849 INFO  [main]o.a.catalina.core.ContainerBase.[Tomcat].[localhost].[/].log:173 -Initializing Spring embedded WebApplicationContext
2020-10-27 22:22:11.850 INFO  [main]org.springframework.web.context.ContextLoader.prepareWebApplicationContext:284 -Root WebApplicationContext: initialization completed in 6191 ms
2020-10-27 22:22:13.021 INFO  [main]o.s.scheduling.concurrent.ThreadPoolTaskExecutor.initialize:171 -Initializing ExecutorService 'applicationTaskExecutor'
2020-10-27 22:22:13.532 INFO  [main]org.apache.coyote.http11.Http11NioProtocol.log:173 -Starting ProtocolHandler ["http-nio-8080"]
2020-10-27 22:22:13.564 INFO  [main]o.s.boot.web.embedded.tomcat.TomcatWebServer.start:204 -Tomcat started on port(s): 8080 (http) with context path ''
2020-10-27 22:22:13.568 INFO  [main]com.tqk.blog.BlogApplication.logStarted:61 -Started BlogApplication in 8.69 seconds (JVM running for 9.281)
2020-10-27 22:22:32.345 INFO  [http-nio-8080-exec-2]o.a.catalina.core.ContainerBase.[Tomcat].[localhost].[/].log:173 -Initializing Spring DispatcherServlet 'dispatcherServlet'
2020-10-27 22:22:32.345 INFO  [http-nio-8080-exec-2]org.springframework.web.servlet.DispatcherServlet.initServletBean:525 -Initializing Servlet 'dispatcherServlet'
2020-10-27 22:22:32.360 INFO  [http-nio-8080-exec-2]org.springframework.web.servlet.DispatcherServlet.initServletBean:547 -Completed initialization in 14 ms
2020-10-27 22:22:32.480 INFO  [http-nio-8080-exec-2]com.tqk.blog.aspect.RequestAspect.printRequestLog:115 -请求地址 : /BlAdmin/login
2020-10-27 22:22:32.483 INFO  [http-nio-8080-exec-2]com.tqk.blog.aspect.RequestAspect.printRequestLog:116 -请求方式 : POST
2020-10-27 22:22:32.486 INFO  [http-nio-8080-exec-2]com.tqk.blog.aspect.RequestAspect.printRequestLog:119 -IP : 0:0:0:0:0:0:0:1
2020-10-27 22:22:32.488 INFO  [http-nio-8080-exec-2]com.tqk.blog.aspect.RequestAspect.printRequestLog:121 -方法 : com.tqk.blog.controller.AdminController.login
2020-10-27 22:22:32.489 INFO  [http-nio-8080-exec-2]com.tqk.blog.aspect.RequestAspect.printRequestLog:123 -请求参数：[com.tqk.blog.pojo.BlAdmin@5080cf64]
2020-10-27 22:22:32.703 INFO  [http-nio-8080-exec-2]com.tqk.blog.aspect.RequestAspect.doAround:67 -耗时 : 223
2020-10-27 22:22:32.799 INFO  [http-nio-8080-exec-2]com.tqk.blog.aspect.RequestAspect.doAfterReturning:81 -返回值：{"code":20000,"data":{"token":"3D5E147B2618D0DE21558BD87F9E4A99"},"msg":"操作成功！"}
2020-10-27 22:22:49.012 INFO  [http-nio-8080-exec-3]com.tqk.blog.aspect.RequestAspect.printRequestLog:115 -请求地址 : /about/save
2020-10-27 22:22:49.013 INFO  [http-nio-8080-exec-3]com.tqk.blog.aspect.RequestAspect.printRequestLog:116 -请求方式 : POST
2020-10-27 22:22:49.014 INFO  [http-nio-8080-exec-3]com.tqk.blog.aspect.RequestAspect.printRequestLog:119 -IP : 0:0:0:0:0:0:0:1
2020-10-27 22:22:49.015 INFO  [http-nio-8080-exec-3]com.tqk.blog.aspect.RequestAspect.printRequestLog:121 -方法 : com.tqk.blog.controller.AboutController.save
2020-10-27 22:22:49.016 INFO  [http-nio-8080-exec-3]com.tqk.blog.aspect.RequestAspect.printRequestLog:123 -请求参数：[BlAbout(aboutId=null, aboutTitle=标题内容, aboutRead=null, createdTime=null, updateTime=null, version=null, enable=null, deleted=null, aboutContent=哈哈哈哈哈哈啊哈哈哈)]
2020-10-27 22:23:45.300 INFO  [http-nio-8080-exec-6]com.tqk.blog.aspect.RequestAspect.printRequestLog:115 -请求地址 : /about/save
2020-10-27 22:23:45.302 INFO  [http-nio-8080-exec-6]com.tqk.blog.aspect.RequestAspect.printRequestLog:116 -请求方式 : POST
2020-10-27 22:23:45.303 INFO  [http-nio-8080-exec-6]com.tqk.blog.aspect.RequestAspect.printRequestLog:119 -IP : 0:0:0:0:0:0:0:1
2020-10-27 22:23:45.303 INFO  [http-nio-8080-exec-6]com.tqk.blog.aspect.RequestAspect.printRequestLog:121 -方法 : com.tqk.blog.controller.AboutController.save
2020-10-27 22:23:45.304 INFO  [http-nio-8080-exec-6]com.tqk.blog.aspect.RequestAspect.printRequestLog:123 -请求参数：[BlAbout(aboutId=1, aboutTitle=标题内容, aboutRead=null, createdTime=null, updateTime=null, version=null, enable=null, deleted=null, aboutContent=哈哈哈哈哈哈啊哈哈哈)]
2020-10-27 22:23:45.441 INFO  [http-nio-8080-exec-6]com.tqk.blog.aspect.RequestAspect.doAround:67 -耗时 : 141
2020-10-27 22:23:45.442 INFO  [http-nio-8080-exec-6]com.tqk.blog.aspect.RequestAspect.doAfterReturning:81 -返回值：{"code":20000,"msg":"添加成功！"}
2020-10-27 22:35:53.858 INFO  [http-nio-8080-exec-8]com.tqk.blog.aspect.RequestAspect.printRequestLog:115 -请求地址 : /about/save
2020-10-27 22:35:53.858 INFO  [http-nio-8080-exec-8]com.tqk.blog.aspect.RequestAspect.printRequestLog:116 -请求方式 : POST
2020-10-27 22:35:53.859 INFO  [http-nio-8080-exec-8]com.tqk.blog.aspect.RequestAspect.printRequestLog:119 -IP : 0:0:0:0:0:0:0:1
2020-10-27 22:35:53.859 INFO  [http-nio-8080-exec-8]com.tqk.blog.aspect.RequestAspect.printRequestLog:121 -方法 : com.tqk.blog.controller.AboutController.save
2020-10-27 22:35:53.860 INFO  [http-nio-8080-exec-8]com.tqk.blog.aspect.RequestAspect.printRequestLog:123 -请求参数：[BlAbout(aboutId=2, aboutTitle=标题内容, aboutRead=null, createdTime=null, updateTime=null, version=null, enable=null, deleted=null, aboutContent=哈哈哈哈哈哈啊哈哈哈)]
2020-10-27 22:35:54.004 INFO  [http-nio-8080-exec-8]com.tqk.blog.aspect.RequestAspect.doAround:67 -耗时 : 146
2020-10-27 22:35:54.005 INFO  [http-nio-8080-exec-8]com.tqk.blog.aspect.RequestAspect.doAfterReturning:81 -返回值：{"code":20000,"msg":"添加成功！"}
2020-10-27 22:36:10.693 INFO  [http-nio-8080-exec-9]com.tqk.blog.aspect.RequestAspect.printRequestLog:115 -请求地址 : /about/save
2020-10-27 22:36:10.694 INFO  [http-nio-8080-exec-9]com.tqk.blog.aspect.RequestAspect.printRequestLog:116 -请求方式 : POST
2020-10-27 22:36:10.695 INFO  [http-nio-8080-exec-9]com.tqk.blog.aspect.RequestAspect.printRequestLog:119 -IP : 0:0:0:0:0:0:0:1
2020-10-27 22:36:10.696 INFO  [http-nio-8080-exec-9]com.tqk.blog.aspect.RequestAspect.printRequestLog:121 -方法 : com.tqk.blog.controller.AboutController.save
2020-10-27 22:36:10.697 INFO  [http-nio-8080-exec-9]com.tqk.blog.aspect.RequestAspect.printRequestLog:123 -请求参数：[BlAbout(aboutId=3, aboutTitle=标题内容3, aboutRead=null, createdTime=null, updateTime=null, version=null, enable=null, deleted=null, aboutContent=哈哈哈哈哈哈啊哈哈哈3)]
2020-10-27 22:36:10.836 INFO  [http-nio-8080-exec-9]com.tqk.blog.aspect.RequestAspect.doAround:67 -耗时 : 143
2020-10-27 22:36:10.837 INFO  [http-nio-8080-exec-9]com.tqk.blog.aspect.RequestAspect.doAfterReturning:81 -返回值：{"code":20000,"msg":"添加成功！"}
2020-10-27 22:36:42.825 INFO  [http-nio-8080-exec-10]com.tqk.blog.aspect.RequestAspect.printRequestLog:115 -请求地址 : /about/update
2020-10-27 22:36:42.826 INFO  [http-nio-8080-exec-10]com.tqk.blog.aspect.RequestAspect.printRequestLog:116 -请求方式 : PUT
2020-10-27 22:36:42.827 INFO  [http-nio-8080-exec-10]com.tqk.blog.aspect.RequestAspect.printRequestLog:119 -IP : 0:0:0:0:0:0:0:1
2020-10-27 22:36:42.827 INFO  [http-nio-8080-exec-10]com.tqk.blog.aspect.RequestAspect.printRequestLog:121 -方法 : com.tqk.blog.controller.AboutController.update
2020-10-27 22:36:42.828 INFO  [http-nio-8080-exec-10]com.tqk.blog.aspect.RequestAspect.printRequestLog:123 -请求参数：[BlAbout(aboutId=3, aboutTitle=hello, aboutRead=null, createdTime=null, updateTime=null, version=null, enable=null, deleted=null, aboutContent=你好(*´▽｀)ノノ)]
2020-10-27 22:37:12.393 INFO  [http-nio-8080-exec-2]com.tqk.blog.aspect.RequestAspect.printRequestLog:115 -请求地址 : /about/update
2020-10-27 22:37:12.394 INFO  [http-nio-8080-exec-2]com.tqk.blog.aspect.RequestAspect.printRequestLog:116 -请求方式 : PUT
2020-10-27 22:37:12.394 INFO  [http-nio-8080-exec-2]com.tqk.blog.aspect.RequestAspect.printRequestLog:119 -IP : 0:0:0:0:0:0:0:1
2020-10-27 22:37:12.394 INFO  [http-nio-8080-exec-2]com.tqk.blog.aspect.RequestAspect.printRequestLog:121 -方法 : com.tqk.blog.controller.AboutController.update
2020-10-27 22:37:12.395 INFO  [http-nio-8080-exec-2]com.tqk.blog.aspect.RequestAspect.printRequestLog:123 -请求参数：[BlAbout(aboutId=3, aboutTitle=hello, aboutRead=2, createdTime=null, updateTime=null, version=null, enable=null, deleted=null, aboutContent=你好(*´▽｀)ノノ)]
2020-10-27 22:38:58.695 INFO  [main]com.tqk.blog.BlogApplication.logStarting:55 -Starting BlogApplication on WIN-LFFH2UEU8RH with PID 9328 (D:\javaweb\blog\target\classes started by Administrator in D:\javaweb\blog)
2020-10-27 22:38:58.700 INFO  [main]com.tqk.blog.BlogApplication.logStartupProfileInfo:655 -The following profiles are active: dev
2020-10-27 22:39:00.158 INFO  [main]o.s.c.s.PostProcessorRegistrationDelegate$BeanPostProcessorChecker.postProcessAfterInitialization:330 -Bean 'org.springframework.transaction.annotation.ProxyTransactionManagementConfiguration' of type [org.springframework.transaction.annotation.ProxyTransactionManagementConfiguration] is not eligible for getting processed by all BeanPostProcessors (for example: not eligible for auto-proxying)
2020-10-27 22:39:00.288 INFO  [main]o.s.c.s.PostProcessorRegistrationDelegate$BeanPostProcessorChecker.postProcessAfterInitialization:330 -Bean 'shiroConfig' of type [com.tqk.blog.config.ShiroConfig$$EnhancerBySpringCGLIB$$6c560763] is not eligible for getting processed by all BeanPostProcessors (for example: not eligible for auto-proxying)
2020-10-27 22:39:00.374 INFO  [main]o.s.c.s.PostProcessorRegistrationDelegate$BeanPostProcessorChecker.postProcessAfterInitialization:330 -Bean 'mybatis-tk.mybatis.mapper.autoconfigure.MybatisProperties' of type [tk.mybatis.mapper.autoconfigure.MybatisProperties] is not eligible for getting processed by all BeanPostProcessors (for example: not eligible for auto-proxying)
2020-10-27 22:39:00.388 INFO  [main]o.s.c.s.PostProcessorRegistrationDelegate$BeanPostProcessorChecker.postProcessAfterInitialization:330 -Bean 'tk.mybatis.mapper.autoconfigure.MapperAutoConfiguration' of type [tk.mybatis.mapper.autoconfigure.MapperAutoConfiguration$$EnhancerBySpringCGLIB$$b5538a91] is not eligible for getting processed by all BeanPostProcessors (for example: not eligible for auto-proxying)
2020-10-27 22:39:00.394 INFO  [main]o.s.c.s.PostProcessorRegistrationDelegate$BeanPostProcessorChecker.postProcessAfterInitialization:330 -Bean 'com.alibaba.druid.spring.boot.autoconfigure.DruidDataSourceAutoConfigure' of type [com.alibaba.druid.spring.boot.autoconfigure.DruidDataSourceAutoConfigure$$EnhancerBySpringCGLIB$$190ed86a] is not eligible for getting processed by all BeanPostProcessors (for example: not eligible for auto-proxying)
2020-10-27 22:39:00.400 INFO  [main]c.a.d.s.boot.autoconfigure.DruidDataSourceAutoConfigure.dataSource:56 -Init DruidDataSource
2020-10-27 22:39:00.471 INFO  [main]o.s.c.s.PostProcessorRegistrationDelegate$BeanPostProcessorChecker.postProcessAfterInitialization:330 -Bean 'spring.datasource-org.springframework.boot.autoconfigure.jdbc.DataSourceProperties' of type [org.springframework.boot.autoconfigure.jdbc.DataSourceProperties] is not eligible for getting processed by all BeanPostProcessors (for example: not eligible for auto-proxying)
2020-10-27 22:39:00.495 INFO  [main]o.s.c.s.PostProcessorRegistrationDelegate$BeanPostProcessorChecker.postProcessAfterInitialization:330 -Bean 'com.alibaba.druid.spring.boot.autoconfigure.stat.DruidFilterConfiguration' of type [com.alibaba.druid.spring.boot.autoconfigure.stat.DruidFilterConfiguration] is not eligible for getting processed by all BeanPostProcessors (for example: not eligible for auto-proxying)
2020-10-27 22:39:00.534 INFO  [main]o.s.c.s.PostProcessorRegistrationDelegate$BeanPostProcessorChecker.postProcessAfterInitialization:330 -Bean 'statFilter' of type [com.alibaba.druid.filter.stat.StatFilter] is not eligible for getting processed by all BeanPostProcessors (for example: not eligible for auto-proxying)
2020-10-27 22:39:03.142 INFO  [main]com.alibaba.druid.pool.DruidDataSource.init:930 -{dataSource-1} inited
2020-10-27 22:39:03.143 INFO  [main]o.s.c.s.PostProcessorRegistrationDelegate$BeanPostProcessorChecker.postProcessAfterInitialization:330 -Bean 'dataSource' of type [com.alibaba.druid.spring.boot.autoconfigure.DruidDataSourceWrapper] is not eligible for getting processed by all BeanPostProcessors (for example: not eligible for auto-proxying)
2020-10-27 22:39:03.248 INFO  [main]o.s.c.s.PostProcessorRegistrationDelegate$BeanPostProcessorChecker.postProcessAfterInitialization:330 -Bean 'org.springframework.boot.autoconfigure.jdbc.DataSourceInitializerInvoker' of type [org.springframework.boot.autoconfigure.jdbc.DataSourceInitializerInvoker] is not eligible for getting processed by all BeanPostProcessors (for example: not eligible for auto-proxying)
2020-10-27 22:39:03.587 INFO  [main]o.s.c.s.PostProcessorRegistrationDelegate$BeanPostProcessorChecker.postProcessAfterInitialization:330 -Bean 'sqlSessionFactory' of type [org.apache.ibatis.session.defaults.DefaultSqlSessionFactory] is not eligible for getting processed by all BeanPostProcessors (for example: not eligible for auto-proxying)
2020-10-27 22:39:03.598 INFO  [main]o.s.c.s.PostProcessorRegistrationDelegate$BeanPostProcessorChecker.postProcessAfterInitialization:330 -Bean 'sqlSessionTemplate' of type [org.mybatis.spring.SqlSessionTemplate] is not eligible for getting processed by all BeanPostProcessors (for example: not eligible for auto-proxying)
2020-10-27 22:39:03.678 INFO  [main]o.s.c.s.PostProcessorRegistrationDelegate$BeanPostProcessorChecker.postProcessAfterInitialization:330 -Bean 'blAdminMapper' of type [tk.mybatis.spring.mapper.MapperFactoryBean] is not eligible for getting processed by all BeanPostProcessors (for example: not eligible for auto-proxying)
2020-10-27 22:39:03.691 INFO  [main]o.s.c.s.PostProcessorRegistrationDelegate$BeanPostProcessorChecker.postProcessAfterInitialization:330 -Bean 'blAdminMapper' of type [com.sun.proxy.$Proxy86] is not eligible for getting processed by all BeanPostProcessors (for example: not eligible for auto-proxying)
2020-10-27 22:39:03.754 INFO  [main]o.s.c.s.PostProcessorRegistrationDelegate$BeanPostProcessorChecker.postProcessAfterInitialization:330 -Bean 'adminServiceImpl' of type [com.tqk.blog.service.impl.AdminServiceImpl] is not eligible for getting processed by all BeanPostProcessors (for example: not eligible for auto-proxying)
2020-10-27 22:39:03.756 INFO  [main]o.s.c.s.PostProcessorRegistrationDelegate$BeanPostProcessorChecker.postProcessAfterInitialization:330 -Bean 'adminRealm' of type [com.tqk.blog.realm.AdminRealm] is not eligible for getting processed by all BeanPostProcessors (for example: not eligible for auto-proxying)
2020-10-27 22:39:04.263 INFO  [main]o.s.c.s.PostProcessorRegistrationDelegate$BeanPostProcessorChecker.postProcessAfterInitialization:330 -Bean 'securityManager' of type [org.apache.shiro.web.mgt.DefaultWebSecurityManager] is not eligible for getting processed by all BeanPostProcessors (for example: not eligible for auto-proxying)
2020-10-27 22:39:04.293 INFO  [main]o.s.c.s.PostProcessorRegistrationDelegate$BeanPostProcessorChecker.postProcessAfterInitialization:330 -Bean 'authorizationAttributeSourceAdvisor' of type [org.apache.shiro.spring.security.interceptor.AuthorizationAttributeSourceAdvisor] is not eligible for getting processed by all BeanPostProcessors (for example: not eligible for auto-proxying)
2020-10-27 22:39:04.644 INFO  [main]o.s.boot.web.embedded.tomcat.TomcatWebServer.initialize:92 -Tomcat initialized with port(s): 8080 (http)
2020-10-27 22:39:04.660 INFO  [main]org.apache.coyote.http11.Http11NioProtocol.log:173 -Initializing ProtocolHandler ["http-nio-8080"]
2020-10-27 22:39:04.661 INFO  [main]org.apache.catalina.core.StandardService.log:173 -Starting service [Tomcat]
2020-10-27 22:39:04.661 INFO  [main]org.apache.catalina.core.StandardEngine.log:173 -Starting Servlet engine: [Apache Tomcat/9.0.29]
2020-10-27 22:39:04.785 INFO  [main]o.a.catalina.core.ContainerBase.[Tomcat].[localhost].[/].log:173 -Initializing Spring embedded WebApplicationContext
2020-10-27 22:39:04.786 INFO  [main]org.springframework.web.context.ContextLoader.prepareWebApplicationContext:284 -Root WebApplicationContext: initialization completed in 6024 ms
2020-10-27 22:39:06.117 INFO  [main]o.s.scheduling.concurrent.ThreadPoolTaskExecutor.initialize:171 -Initializing ExecutorService 'applicationTaskExecutor'
2020-10-27 22:39:06.619 INFO  [main]org.apache.coyote.http11.Http11NioProtocol.log:173 -Starting ProtocolHandler ["http-nio-8080"]
2020-10-27 22:39:06.657 INFO  [main]o.s.boot.web.embedded.tomcat.TomcatWebServer.start:204 -Tomcat started on port(s): 8080 (http) with context path ''
2020-10-27 22:39:06.662 INFO  [main]com.tqk.blog.BlogApplication.logStarted:61 -Started BlogApplication in 8.603 seconds (JVM running for 9.121)
2020-10-27 22:39:20.112 INFO  [http-nio-8080-exec-2]o.a.catalina.core.ContainerBase.[Tomcat].[localhost].[/].log:173 -Initializing Spring DispatcherServlet 'dispatcherServlet'
2020-10-27 22:39:20.112 INFO  [http-nio-8080-exec-2]org.springframework.web.servlet.DispatcherServlet.initServletBean:525 -Initializing Servlet 'dispatcherServlet'
2020-10-27 22:39:20.128 INFO  [http-nio-8080-exec-2]org.springframework.web.servlet.DispatcherServlet.initServletBean:547 -Completed initialization in 16 ms
2020-10-27 22:39:20.261 INFO  [http-nio-8080-exec-2]com.tqk.blog.aspect.RequestAspect.printRequestLog:115 -请求地址 : /BlAdmin/login
2020-10-27 22:39:20.263 INFO  [http-nio-8080-exec-2]com.tqk.blog.aspect.RequestAspect.printRequestLog:116 -请求方式 : POST
2020-10-27 22:39:20.265 INFO  [http-nio-8080-exec-2]com.tqk.blog.aspect.RequestAspect.printRequestLog:119 -IP : 0:0:0:0:0:0:0:1
2020-10-27 22:39:20.267 INFO  [http-nio-8080-exec-2]com.tqk.blog.aspect.RequestAspect.printRequestLog:121 -方法 : com.tqk.blog.controller.AdminController.login
2020-10-27 22:39:20.267 INFO  [http-nio-8080-exec-2]com.tqk.blog.aspect.RequestAspect.printRequestLog:123 -请求参数：[com.tqk.blog.pojo.BlAdmin@199780d9]
2020-10-27 22:39:20.462 INFO  [http-nio-8080-exec-2]com.tqk.blog.aspect.RequestAspect.doAround:67 -耗时 : 201
2020-10-27 22:39:20.564 INFO  [http-nio-8080-exec-2]com.tqk.blog.aspect.RequestAspect.doAfterReturning:81 -返回值：{"code":20000,"data":{"token":"623A11FE74553D4FD5E3A42C2660CCFA"},"msg":"操作成功！"}
2020-10-27 22:39:32.705 INFO  [http-nio-8080-exec-4]com.tqk.blog.aspect.RequestAspect.printRequestLog:115 -请求地址 : /about/update
2020-10-27 22:39:32.706 INFO  [http-nio-8080-exec-4]com.tqk.blog.aspect.RequestAspect.printRequestLog:116 -请求方式 : PUT
2020-10-27 22:39:32.706 INFO  [http-nio-8080-exec-4]com.tqk.blog.aspect.RequestAspect.printRequestLog:119 -IP : 0:0:0:0:0:0:0:1
2020-10-27 22:39:32.706 INFO  [http-nio-8080-exec-4]com.tqk.blog.aspect.RequestAspect.printRequestLog:121 -方法 : com.tqk.blog.controller.AboutController.update
2020-10-27 22:39:32.707 INFO  [http-nio-8080-exec-4]com.tqk.blog.aspect.RequestAspect.printRequestLog:123 -请求参数：[BlAbout(aboutId=3, aboutTitle=hello, aboutRead=2, createdTime=null, updateTime=null, version=null, enable=null, deleted=null, aboutContent=你好(*´▽｀)ノノ)]
2020-10-27 22:39:32.859 INFO  [http-nio-8080-exec-4]com.tqk.blog.aspect.RequestAspect.doAround:67 -耗时 : 154
2020-10-27 22:39:32.860 INFO  [http-nio-8080-exec-4]com.tqk.blog.aspect.RequestAspect.doAfterReturning:81 -返回值：{"code":20000,"msg":"修改成功！"}
2020-10-27 22:40:48.757 INFO  [http-nio-8080-exec-6]com.tqk.blog.aspect.RequestAspect.printRequestLog:115 -请求地址 : /about/update
2020-10-27 22:40:48.758 INFO  [http-nio-8080-exec-6]com.tqk.blog.aspect.RequestAspect.printRequestLog:116 -请求方式 : PUT
2020-10-27 22:40:48.758 INFO  [http-nio-8080-exec-6]com.tqk.blog.aspect.RequestAspect.printRequestLog:119 -IP : 0:0:0:0:0:0:0:1
2020-10-27 22:40:48.758 INFO  [http-nio-8080-exec-6]com.tqk.blog.aspect.RequestAspect.printRequestLog:121 -方法 : com.tqk.blog.controller.AboutController.update
2020-10-27 22:40:48.758 INFO  [http-nio-8080-exec-6]com.tqk.blog.aspect.RequestAspect.printRequestLog:123 -请求参数：[BlAbout(aboutId=3, aboutTitle=hello, aboutRead=2, createdTime=null, updateTime=null, version=1, enable=null, deleted=null, aboutContent=你好(*´▽｀)ノノ)]
2020-10-27 22:40:48.878 INFO  [http-nio-8080-exec-6]com.tqk.blog.aspect.RequestAspect.doAround:67 -耗时 : 121
2020-10-27 22:40:48.879 INFO  [http-nio-8080-exec-6]com.tqk.blog.aspect.RequestAspect.doAfterReturning:81 -返回值：{"code":20000,"msg":"修改成功！"}
2020-10-27 22:41:08.764 INFO  [http-nio-8080-exec-7]com.tqk.blog.aspect.RequestAspect.printRequestLog:115 -请求地址 : /about/get/1
2020-10-27 22:41:08.765 INFO  [http-nio-8080-exec-7]com.tqk.blog.aspect.RequestAspect.printRequestLog:116 -请求方式 : GET
2020-10-27 22:41:08.766 INFO  [http-nio-8080-exec-7]com.tqk.blog.aspect.RequestAspect.printRequestLog:119 -IP : 0:0:0:0:0:0:0:1
2020-10-27 22:41:08.766 INFO  [http-nio-8080-exec-7]com.tqk.blog.aspect.RequestAspect.printRequestLog:121 -方法 : com.tqk.blog.controller.AboutController.get
2020-10-27 22:41:08.767 INFO  [http-nio-8080-exec-7]com.tqk.blog.aspect.RequestAspect.printRequestLog:123 -请求参数：[1]
2020-10-27 22:41:08.880 INFO  [http-nio-8080-exec-7]com.tqk.blog.aspect.RequestAspect.doAround:67 -耗时 : 116
2020-10-27 22:41:08.896 INFO  [http-nio-8080-exec-7]com.tqk.blog.aspect.RequestAspect.doAfterReturning:81 -返回值：{"code":20000,"data":{"aboutContent":"哈哈哈哈哈哈啊哈哈哈","aboutId":"1","aboutRead":0,"aboutTitle":"标题内容","createdTime":1603779825000,"updateTime":1603779825000,"version":1},"msg":"操作成功！"}
2020-10-27 22:41:19.601 INFO  [http-nio-8080-exec-8]com.tqk.blog.aspect.RequestAspect.printRequestLog:115 -请求地址 : /about/delete/2
2020-10-27 22:41:19.602 INFO  [http-nio-8080-exec-8]com.tqk.blog.aspect.RequestAspect.printRequestLog:116 -请求方式 : DELETE
2020-10-27 22:41:19.603 INFO  [http-nio-8080-exec-8]com.tqk.blog.aspect.RequestAspect.printRequestLog:119 -IP : 0:0:0:0:0:0:0:1
2020-10-27 22:41:19.603 INFO  [http-nio-8080-exec-8]com.tqk.blog.aspect.RequestAspect.printRequestLog:121 -方法 : com.tqk.blog.controller.AboutController.delete
2020-10-27 22:41:19.604 INFO  [http-nio-8080-exec-8]com.tqk.blog.aspect.RequestAspect.printRequestLog:123 -请求参数：[2]
2020-10-27 22:41:19.726 INFO  [http-nio-8080-exec-8]com.tqk.blog.aspect.RequestAspect.doAround:67 -耗时 : 125
2020-10-27 22:41:19.726 INFO  [http-nio-8080-exec-8]com.tqk.blog.aspect.RequestAspect.doAfterReturning:81 -返回值：{"code":20000,"msg":"删除成功！"}
2020-10-27 22:41:34.664 INFO  [http-nio-8080-exec-9]com.tqk.blog.aspect.RequestAspect.printRequestLog:115 -请求地址 : /about/enable/2
2020-10-27 22:41:34.665 INFO  [http-nio-8080-exec-9]com.tqk.blog.aspect.RequestAspect.printRequestLog:116 -请求方式 : PUT
2020-10-27 22:41:34.665 INFO  [http-nio-8080-exec-9]com.tqk.blog.aspect.RequestAspect.printRequestLog:119 -IP : 0:0:0:0:0:0:0:1
2020-10-27 22:41:34.666 INFO  [http-nio-8080-exec-9]com.tqk.blog.aspect.RequestAspect.printRequestLog:121 -方法 : com.tqk.blog.controller.AboutController.enable
2020-10-27 22:41:34.667 INFO  [http-nio-8080-exec-9]com.tqk.blog.aspect.RequestAspect.printRequestLog:123 -请求参数：[2]
2020-10-27 22:42:00.789 INFO  [http-nio-8080-exec-3]com.tqk.blog.aspect.RequestAspect.printRequestLog:115 -请求地址 : /about/disable/3
2020-10-27 22:42:00.790 INFO  [http-nio-8080-exec-3]com.tqk.blog.aspect.RequestAspect.printRequestLog:116 -请求方式 : PUT
2020-10-27 22:42:00.790 INFO  [http-nio-8080-exec-3]com.tqk.blog.aspect.RequestAspect.printRequestLog:119 -IP : 0:0:0:0:0:0:0:1
2020-10-27 22:42:00.790 INFO  [http-nio-8080-exec-3]com.tqk.blog.aspect.RequestAspect.printRequestLog:121 -方法 : com.tqk.blog.controller.AboutController.disable
2020-10-27 22:42:00.791 INFO  [http-nio-8080-exec-3]com.tqk.blog.aspect.RequestAspect.printRequestLog:123 -请求参数：[3]
2020-10-27 22:42:14.649 INFO  [http-nio-8080-exec-4]com.tqk.blog.aspect.RequestAspect.printRequestLog:115 -请求地址 : /about/disable/3
2020-10-27 22:42:14.651 INFO  [http-nio-8080-exec-4]com.tqk.blog.aspect.RequestAspect.printRequestLog:116 -请求方式 : PUT
2020-10-27 22:42:14.652 INFO  [http-nio-8080-exec-4]com.tqk.blog.aspect.RequestAspect.printRequestLog:119 -IP : 0:0:0:0:0:0:0:1
2020-10-27 22:42:14.653 INFO  [http-nio-8080-exec-4]com.tqk.blog.aspect.RequestAspect.printRequestLog:121 -方法 : com.tqk.blog.controller.AboutController.disable
2020-10-27 22:42:14.654 INFO  [http-nio-8080-exec-4]com.tqk.blog.aspect.RequestAspect.printRequestLog:123 -请求参数：[3]
2020-10-27 22:42:58.659 INFO  [http-nio-8080-exec-5]com.tqk.blog.aspect.RequestAspect.printRequestLog:115 -请求地址 : /about/enable/2
2020-10-27 22:42:58.660 INFO  [http-nio-8080-exec-5]com.tqk.blog.aspect.RequestAspect.printRequestLog:116 -请求方式 : PUT
2020-10-27 22:42:58.660 INFO  [http-nio-8080-exec-5]com.tqk.blog.aspect.RequestAspect.printRequestLog:119 -IP : 0:0:0:0:0:0:0:1
2020-10-27 22:42:58.661 INFO  [http-nio-8080-exec-5]com.tqk.blog.aspect.RequestAspect.printRequestLog:121 -方法 : com.tqk.blog.controller.AboutController.enable
2020-10-27 22:42:58.661 INFO  [http-nio-8080-exec-5]com.tqk.blog.aspect.RequestAspect.printRequestLog:123 -请求参数：[2]
2020-10-27 22:43:08.410 INFO  [http-nio-8080-exec-7]com.tqk.blog.aspect.RequestAspect.printRequestLog:115 -请求地址 : /about/disable/3
2020-10-27 22:43:08.411 INFO  [http-nio-8080-exec-7]com.tqk.blog.aspect.RequestAspect.printRequestLog:116 -请求方式 : PUT
2020-10-27 22:43:08.411 INFO  [http-nio-8080-exec-7]com.tqk.blog.aspect.RequestAspect.printRequestLog:119 -IP : 0:0:0:0:0:0:0:1
2020-10-27 22:43:08.411 INFO  [http-nio-8080-exec-7]com.tqk.blog.aspect.RequestAspect.printRequestLog:121 -方法 : com.tqk.blog.controller.AboutController.disable
2020-10-27 22:43:08.412 INFO  [http-nio-8080-exec-7]com.tqk.blog.aspect.RequestAspect.printRequestLog:123 -请求参数：[3]
2020-10-27 22:45:37.244 INFO  [http-nio-8080-exec-9]com.tqk.blog.aspect.RequestAspect.printRequestLog:115 -请求地址 : /about/enable/2
2020-10-27 22:45:37.244 INFO  [http-nio-8080-exec-9]com.tqk.blog.aspect.RequestAspect.printRequestLog:116 -请求方式 : PUT
2020-10-27 22:45:37.244 INFO  [http-nio-8080-exec-9]com.tqk.blog.aspect.RequestAspect.printRequestLog:119 -IP : 0:0:0:0:0:0:0:1
2020-10-27 22:45:37.245 INFO  [http-nio-8080-exec-9]com.tqk.blog.aspect.RequestAspect.printRequestLog:121 -方法 : com.tqk.blog.controller.AboutController.enable
2020-10-27 22:45:37.245 INFO  [http-nio-8080-exec-9]com.tqk.blog.aspect.RequestAspect.printRequestLog:123 -请求参数：[2]
2020-10-27 22:47:18.025 INFO  [http-nio-8080-exec-3]com.tqk.blog.aspect.RequestAspect.printRequestLog:115 -请求地址 : /about/enable/2
2020-10-27 22:47:18.025 INFO  [http-nio-8080-exec-3]com.tqk.blog.aspect.RequestAspect.printRequestLog:116 -请求方式 : PUT
2020-10-27 22:47:18.026 INFO  [http-nio-8080-exec-3]com.tqk.blog.aspect.RequestAspect.printRequestLog:119 -IP : 0:0:0:0:0:0:0:1
2020-10-27 22:47:18.026 INFO  [http-nio-8080-exec-3]com.tqk.blog.aspect.RequestAspect.printRequestLog:121 -方法 : com.tqk.blog.controller.AboutController.enable
2020-10-27 22:47:18.026 INFO  [http-nio-8080-exec-3]com.tqk.blog.aspect.RequestAspect.printRequestLog:123 -请求参数：[2]
2020-10-27 22:58:34.420 INFO  [http-nio-8080-exec-4]com.tqk.blog.aspect.RequestAspect.printRequestLog:115 -请求地址 : /about/disable/3
2020-10-27 22:58:34.421 INFO  [http-nio-8080-exec-4]com.tqk.blog.aspect.RequestAspect.printRequestLog:116 -请求方式 : PUT
2020-10-27 22:58:34.422 INFO  [http-nio-8080-exec-4]com.tqk.blog.aspect.RequestAspect.printRequestLog:119 -IP : 0:0:0:0:0:0:0:1
2020-10-27 22:58:34.422 INFO  [http-nio-8080-exec-4]com.tqk.blog.aspect.RequestAspect.printRequestLog:121 -方法 : com.tqk.blog.controller.AboutController.disable
2020-10-27 22:58:34.422 INFO  [http-nio-8080-exec-4]com.tqk.blog.aspect.RequestAspect.printRequestLog:123 -请求参数：[3]
2020-10-27 22:58:41.441 INFO  [http-nio-8080-exec-1]com.tqk.blog.aspect.RequestAspect.printRequestLog:115 -请求地址 : /about/disable/3
2020-10-27 22:58:41.442 INFO  [http-nio-8080-exec-1]com.tqk.blog.aspect.RequestAspect.printRequestLog:116 -请求方式 : PUT
2020-10-27 22:58:41.442 INFO  [http-nio-8080-exec-1]com.tqk.blog.aspect.RequestAspect.printRequestLog:119 -IP : 0:0:0:0:0:0:0:1
2020-10-27 22:58:41.443 INFO  [http-nio-8080-exec-1]com.tqk.blog.aspect.RequestAspect.printRequestLog:121 -方法 : com.tqk.blog.controller.AboutController.disable
2020-10-27 22:58:41.443 INFO  [http-nio-8080-exec-1]com.tqk.blog.aspect.RequestAspect.printRequestLog:123 -请求参数：[3]
2020-10-27 23:00:49.926 INFO  [main]com.tqk.blog.BlogApplication.logStarting:55 -Starting BlogApplication on WIN-LFFH2UEU8RH with PID 2184 (D:\javaweb\blog\target\classes started by Administrator in D:\javaweb\blog)
2020-10-27 23:00:49.932 INFO  [main]com.tqk.blog.BlogApplication.logStartupProfileInfo:655 -The following profiles are active: dev
2020-10-27 23:00:51.392 INFO  [main]o.s.c.s.PostProcessorRegistrationDelegate$BeanPostProcessorChecker.postProcessAfterInitialization:330 -Bean 'org.springframework.transaction.annotation.ProxyTransactionManagementConfiguration' of type [org.springframework.transaction.annotation.ProxyTransactionManagementConfiguration] is not eligible for getting processed by all BeanPostProcessors (for example: not eligible for auto-proxying)
2020-10-27 23:00:51.549 INFO  [main]o.s.c.s.PostProcessorRegistrationDelegate$BeanPostProcessorChecker.postProcessAfterInitialization:330 -Bean 'shiroConfig' of type [com.tqk.blog.config.ShiroConfig$$EnhancerBySpringCGLIB$$7f808be8] is not eligible for getting processed by all BeanPostProcessors (for example: not eligible for auto-proxying)
2020-10-27 23:00:51.607 INFO  [main]o.s.c.s.PostProcessorRegistrationDelegate$BeanPostProcessorChecker.postProcessAfterInitialization:330 -Bean 'mybatis-tk.mybatis.mapper.autoconfigure.MybatisProperties' of type [tk.mybatis.mapper.autoconfigure.MybatisProperties] is not eligible for getting processed by all BeanPostProcessors (for example: not eligible for auto-proxying)
2020-10-27 23:00:51.619 INFO  [main]o.s.c.s.PostProcessorRegistrationDelegate$BeanPostProcessorChecker.postProcessAfterInitialization:330 -Bean 'tk.mybatis.mapper.autoconfigure.MapperAutoConfiguration' of type [tk.mybatis.mapper.autoconfigure.MapperAutoConfiguration$$EnhancerBySpringCGLIB$$c87e0f16] is not eligible for getting processed by all BeanPostProcessors (for example: not eligible for auto-proxying)
2020-10-27 23:00:51.625 INFO  [main]o.s.c.s.PostProcessorRegistrationDelegate$BeanPostProcessorChecker.postProcessAfterInitialization:330 -Bean 'com.alibaba.druid.spring.boot.autoconfigure.DruidDataSourceAutoConfigure' of type [com.alibaba.druid.spring.boot.autoconfigure.DruidDataSourceAutoConfigure$$EnhancerBySpringCGLIB$$2c395cef] is not eligible for getting processed by all BeanPostProcessors (for example: not eligible for auto-proxying)
2020-10-27 23:00:51.631 INFO  [main]c.a.d.s.boot.autoconfigure.DruidDataSourceAutoConfigure.dataSource:56 -Init DruidDataSource
2020-10-27 23:00:51.705 INFO  [main]o.s.c.s.PostProcessorRegistrationDelegate$BeanPostProcessorChecker.postProcessAfterInitialization:330 -Bean 'spring.datasource-org.springframework.boot.autoconfigure.jdbc.DataSourceProperties' of type [org.springframework.boot.autoconfigure.jdbc.DataSourceProperties] is not eligible for getting processed by all BeanPostProcessors (for example: not eligible for auto-proxying)
2020-10-27 23:00:51.724 INFO  [main]o.s.c.s.PostProcessorRegistrationDelegate$BeanPostProcessorChecker.postProcessAfterInitialization:330 -Bean 'com.alibaba.druid.spring.boot.autoconfigure.stat.DruidFilterConfiguration' of type [com.alibaba.druid.spring.boot.autoconfigure.stat.DruidFilterConfiguration] is not eligible for getting processed by all BeanPostProcessors (for example: not eligible for auto-proxying)
2020-10-27 23:00:51.755 INFO  [main]o.s.c.s.PostProcessorRegistrationDelegate$BeanPostProcessorChecker.postProcessAfterInitialization:330 -Bean 'statFilter' of type [com.alibaba.druid.filter.stat.StatFilter] is not eligible for getting processed by all BeanPostProcessors (for example: not eligible for auto-proxying)
2020-10-27 23:00:54.413 INFO  [main]com.alibaba.druid.pool.DruidDataSource.init:930 -{dataSource-1} inited
2020-10-27 23:00:54.414 INFO  [main]o.s.c.s.PostProcessorRegistrationDelegate$BeanPostProcessorChecker.postProcessAfterInitialization:330 -Bean 'dataSource' of type [com.alibaba.druid.spring.boot.autoconfigure.DruidDataSourceWrapper] is not eligible for getting processed by all BeanPostProcessors (for example: not eligible for auto-proxying)
2020-10-27 23:00:54.516 INFO  [main]o.s.c.s.PostProcessorRegistrationDelegate$BeanPostProcessorChecker.postProcessAfterInitialization:330 -Bean 'org.springframework.boot.autoconfigure.jdbc.DataSourceInitializerInvoker' of type [org.springframework.boot.autoconfigure.jdbc.DataSourceInitializerInvoker] is not eligible for getting processed by all BeanPostProcessors (for example: not eligible for auto-proxying)
2020-10-27 23:00:54.851 INFO  [main]o.s.c.s.PostProcessorRegistrationDelegate$BeanPostProcessorChecker.postProcessAfterInitialization:330 -Bean 'sqlSessionFactory' of type [org.apache.ibatis.session.defaults.DefaultSqlSessionFactory] is not eligible for getting processed by all BeanPostProcessors (for example: not eligible for auto-proxying)
2020-10-27 23:00:54.859 INFO  [main]o.s.c.s.PostProcessorRegistrationDelegate$BeanPostProcessorChecker.postProcessAfterInitialization:330 -Bean 'sqlSessionTemplate' of type [org.mybatis.spring.SqlSessionTemplate] is not eligible for getting processed by all BeanPostProcessors (for example: not eligible for auto-proxying)
2020-10-27 23:00:54.948 INFO  [main]o.s.c.s.PostProcessorRegistrationDelegate$BeanPostProcessorChecker.postProcessAfterInitialization:330 -Bean 'blAdminMapper' of type [tk.mybatis.spring.mapper.MapperFactoryBean] is not eligible for getting processed by all BeanPostProcessors (for example: not eligible for auto-proxying)
2020-10-27 23:00:54.956 INFO  [main]o.s.c.s.PostProcessorRegistrationDelegate$BeanPostProcessorChecker.postProcessAfterInitialization:330 -Bean 'blAdminMapper' of type [com.sun.proxy.$Proxy86] is not eligible for getting processed by all BeanPostProcessors (for example: not eligible for auto-proxying)
2020-10-27 23:00:54.999 INFO  [main]o.s.c.s.PostProcessorRegistrationDelegate$BeanPostProcessorChecker.postProcessAfterInitialization:330 -Bean 'adminServiceImpl' of type [com.tqk.blog.service.impl.AdminServiceImpl] is not eligible for getting processed by all BeanPostProcessors (for example: not eligible for auto-proxying)
2020-10-27 23:00:55.001 INFO  [main]o.s.c.s.PostProcessorRegistrationDelegate$BeanPostProcessorChecker.postProcessAfterInitialization:330 -Bean 'adminRealm' of type [com.tqk.blog.realm.AdminRealm] is not eligible for getting processed by all BeanPostProcessors (for example: not eligible for auto-proxying)
2020-10-27 23:00:55.482 INFO  [main]o.s.c.s.PostProcessorRegistrationDelegate$BeanPostProcessorChecker.postProcessAfterInitialization:330 -Bean 'securityManager' of type [org.apache.shiro.web.mgt.DefaultWebSecurityManager] is not eligible for getting processed by all BeanPostProcessors (for example: not eligible for auto-proxying)
2020-10-27 23:00:55.527 INFO  [main]o.s.c.s.PostProcessorRegistrationDelegate$BeanPostProcessorChecker.postProcessAfterInitialization:330 -Bean 'authorizationAttributeSourceAdvisor' of type [org.apache.shiro.spring.security.interceptor.AuthorizationAttributeSourceAdvisor] is not eligible for getting processed by all BeanPostProcessors (for example: not eligible for auto-proxying)
2020-10-27 23:00:55.928 INFO  [main]o.s.boot.web.embedded.tomcat.TomcatWebServer.initialize:92 -Tomcat initialized with port(s): 8080 (http)
2020-10-27 23:00:55.939 INFO  [main]org.apache.coyote.http11.Http11NioProtocol.log:173 -Initializing ProtocolHandler ["http-nio-8080"]
2020-10-27 23:00:55.939 INFO  [main]org.apache.catalina.core.StandardService.log:173 -Starting service [Tomcat]
2020-10-27 23:00:55.939 INFO  [main]org.apache.catalina.core.StandardEngine.log:173 -Starting Servlet engine: [Apache Tomcat/9.0.29]
2020-10-27 23:00:56.063 INFO  [main]o.a.catalina.core.ContainerBase.[Tomcat].[localhost].[/].log:173 -Initializing Spring embedded WebApplicationContext
2020-10-27 23:00:56.063 INFO  [main]org.springframework.web.context.ContextLoader.prepareWebApplicationContext:284 -Root WebApplicationContext: initialization completed in 6073 ms
2020-10-27 23:00:57.237 INFO  [main]o.s.scheduling.concurrent.ThreadPoolTaskExecutor.initialize:171 -Initializing ExecutorService 'applicationTaskExecutor'
2020-10-27 23:00:57.774 INFO  [main]org.apache.coyote.http11.Http11NioProtocol.log:173 -Starting ProtocolHandler ["http-nio-8080"]
2020-10-27 23:00:57.805 INFO  [main]o.s.boot.web.embedded.tomcat.TomcatWebServer.start:204 -Tomcat started on port(s): 8080 (http) with context path ''
2020-10-27 23:00:57.809 INFO  [main]com.tqk.blog.BlogApplication.logStarted:61 -Started BlogApplication in 8.566 seconds (JVM running for 9.128)
2020-10-27 23:03:26.900 INFO  [main]com.tqk.blog.BlogApplication.logStarting:55 -Starting BlogApplication on WIN-LFFH2UEU8RH with PID 10804 (D:\javaweb\blog\target\classes started by Administrator in D:\javaweb\blog)
2020-10-27 23:03:26.906 INFO  [main]com.tqk.blog.BlogApplication.logStartupProfileInfo:655 -The following profiles are active: dev
2020-10-27 23:03:28.400 INFO  [main]o.s.c.s.PostProcessorRegistrationDelegate$BeanPostProcessorChecker.postProcessAfterInitialization:330 -Bean 'org.springframework.transaction.annotation.ProxyTransactionManagementConfiguration' of type [org.springframework.transaction.annotation.ProxyTransactionManagementConfiguration] is not eligible for getting processed by all BeanPostProcessors (for example: not eligible for auto-proxying)
2020-10-27 23:03:28.517 INFO  [main]o.s.c.s.PostProcessorRegistrationDelegate$BeanPostProcessorChecker.postProcessAfterInitialization:330 -Bean 'shiroConfig' of type [com.tqk.blog.config.ShiroConfig$$EnhancerBySpringCGLIB$$4466a657] is not eligible for getting processed by all BeanPostProcessors (for example: not eligible for auto-proxying)
2020-10-27 23:03:28.589 INFO  [main]o.s.c.s.PostProcessorRegistrationDelegate$BeanPostProcessorChecker.postProcessAfterInitialization:330 -Bean 'mybatis-tk.mybatis.mapper.autoconfigure.MybatisProperties' of type [tk.mybatis.mapper.autoconfigure.MybatisProperties] is not eligible for getting processed by all BeanPostProcessors (for example: not eligible for auto-proxying)
2020-10-27 23:03:28.603 INFO  [main]o.s.c.s.PostProcessorRegistrationDelegate$BeanPostProcessorChecker.postProcessAfterInitialization:330 -Bean 'tk.mybatis.mapper.autoconfigure.MapperAutoConfiguration' of type [tk.mybatis.mapper.autoconfigure.MapperAutoConfiguration$$EnhancerBySpringCGLIB$$8d642985] is not eligible for getting processed by all BeanPostProcessors (for example: not eligible for auto-proxying)
2020-10-27 23:03:28.611 INFO  [main]o.s.c.s.PostProcessorRegistrationDelegate$BeanPostProcessorChecker.postProcessAfterInitialization:330 -Bean 'com.alibaba.druid.spring.boot.autoconfigure.DruidDataSourceAutoConfigure' of type [com.alibaba.druid.spring.boot.autoconfigure.DruidDataSourceAutoConfigure$$EnhancerBySpringCGLIB$$f11f775e] is not eligible for getting processed by all BeanPostProcessors (for example: not eligible for auto-proxying)
2020-10-27 23:03:28.617 INFO  [main]c.a.d.s.boot.autoconfigure.DruidDataSourceAutoConfigure.dataSource:56 -Init DruidDataSource
2020-10-27 23:03:28.702 INFO  [main]o.s.c.s.PostProcessorRegistrationDelegate$BeanPostProcessorChecker.postProcessAfterInitialization:330 -Bean 'spring.datasource-org.springframework.boot.autoconfigure.jdbc.DataSourceProperties' of type [org.springframework.boot.autoconfigure.jdbc.DataSourceProperties] is not eligible for getting processed by all BeanPostProcessors (for example: not eligible for auto-proxying)
2020-10-27 23:03:28.726 INFO  [main]o.s.c.s.PostProcessorRegistrationDelegate$BeanPostProcessorChecker.postProcessAfterInitialization:330 -Bean 'com.alibaba.druid.spring.boot.autoconfigure.stat.DruidFilterConfiguration' of type [com.alibaba.druid.spring.boot.autoconfigure.stat.DruidFilterConfiguration] is not eligible for getting processed by all BeanPostProcessors (for example: not eligible for auto-proxying)
2020-10-27 23:03:28.752 INFO  [main]o.s.c.s.PostProcessorRegistrationDelegate$BeanPostProcessorChecker.postProcessAfterInitialization:330 -Bean 'statFilter' of type [com.alibaba.druid.filter.stat.StatFilter] is not eligible for getting processed by all BeanPostProcessors (for example: not eligible for auto-proxying)
2020-10-27 23:03:31.358 INFO  [main]com.alibaba.druid.pool.DruidDataSource.init:930 -{dataSource-1} inited
2020-10-27 23:03:31.359 INFO  [main]o.s.c.s.PostProcessorRegistrationDelegate$BeanPostProcessorChecker.postProcessAfterInitialization:330 -Bean 'dataSource' of type [com.alibaba.druid.spring.boot.autoconfigure.DruidDataSourceWrapper] is not eligible for getting processed by all BeanPostProcessors (for example: not eligible for auto-proxying)
2020-10-27 23:03:31.456 INFO  [main]o.s.c.s.PostProcessorRegistrationDelegate$BeanPostProcessorChecker.postProcessAfterInitialization:330 -Bean 'org.springframework.boot.autoconfigure.jdbc.DataSourceInitializerInvoker' of type [org.springframework.boot.autoconfigure.jdbc.DataSourceInitializerInvoker] is not eligible for getting processed by all BeanPostProcessors (for example: not eligible for auto-proxying)
2020-10-27 23:03:31.782 INFO  [main]o.s.c.s.PostProcessorRegistrationDelegate$BeanPostProcessorChecker.postProcessAfterInitialization:330 -Bean 'sqlSessionFactory' of type [org.apache.ibatis.session.defaults.DefaultSqlSessionFactory] is not eligible for getting processed by all BeanPostProcessors (for example: not eligible for auto-proxying)
2020-10-27 23:03:31.792 INFO  [main]o.s.c.s.PostProcessorRegistrationDelegate$BeanPostProcessorChecker.postProcessAfterInitialization:330 -Bean 'sqlSessionTemplate' of type [org.mybatis.spring.SqlSessionTemplate] is not eligible for getting processed by all BeanPostProcessors (for example: not eligible for auto-proxying)
2020-10-27 23:03:31.918 INFO  [main]o.s.c.s.PostProcessorRegistrationDelegate$BeanPostProcessorChecker.postProcessAfterInitialization:330 -Bean 'blAdminMapper' of type [tk.mybatis.spring.mapper.MapperFactoryBean] is not eligible for getting processed by all BeanPostProcessors (for example: not eligible for auto-proxying)
2020-10-27 23:03:31.930 INFO  [main]o.s.c.s.PostProcessorRegistrationDelegate$BeanPostProcessorChecker.postProcessAfterInitialization:330 -Bean 'blAdminMapper' of type [com.sun.proxy.$Proxy86] is not eligible for getting processed by all BeanPostProcessors (for example: not eligible for auto-proxying)
2020-10-27 23:03:31.974 INFO  [main]o.s.c.s.PostProcessorRegistrationDelegate$BeanPostProcessorChecker.postProcessAfterInitialization:330 -Bean 'adminServiceImpl' of type [com.tqk.blog.service.impl.AdminServiceImpl] is not eligible for getting processed by all BeanPostProcessors (for example: not eligible for auto-proxying)
2020-10-27 23:03:31.976 INFO  [main]o.s.c.s.PostProcessorRegistrationDelegate$BeanPostProcessorChecker.postProcessAfterInitialization:330 -Bean 'adminRealm' of type [com.tqk.blog.realm.AdminRealm] is not eligible for getting processed by all BeanPostProcessors (for example: not eligible for auto-proxying)
2020-10-27 23:03:32.459 INFO  [main]o.s.c.s.PostProcessorRegistrationDelegate$BeanPostProcessorChecker.postProcessAfterInitialization:330 -Bean 'securityManager' of type [org.apache.shiro.web.mgt.DefaultWebSecurityManager] is not eligible for getting processed by all BeanPostProcessors (for example: not eligible for auto-proxying)
2020-10-27 23:03:32.491 INFO  [main]o.s.c.s.PostProcessorRegistrationDelegate$BeanPostProcessorChecker.postProcessAfterInitialization:330 -Bean 'authorizationAttributeSourceAdvisor' of type [org.apache.shiro.spring.security.interceptor.AuthorizationAttributeSourceAdvisor] is not eligible for getting processed by all BeanPostProcessors (for example: not eligible for auto-proxying)
2020-10-27 23:03:32.859 INFO  [main]o.s.boot.web.embedded.tomcat.TomcatWebServer.initialize:92 -Tomcat initialized with port(s): 8080 (http)
2020-10-27 23:03:32.877 INFO  [main]org.apache.coyote.http11.Http11NioProtocol.log:173 -Initializing ProtocolHandler ["http-nio-8080"]
2020-10-27 23:03:32.879 INFO  [main]org.apache.catalina.core.StandardService.log:173 -Starting service [Tomcat]
2020-10-27 23:03:32.879 INFO  [main]org.apache.catalina.core.StandardEngine.log:173 -Starting Servlet engine: [Apache Tomcat/9.0.29]
2020-10-27 23:03:33.023 INFO  [main]o.a.catalina.core.ContainerBase.[Tomcat].[localhost].[/].log:173 -Initializing Spring embedded WebApplicationContext
2020-10-27 23:03:33.023 INFO  [main]org.springframework.web.context.ContextLoader.prepareWebApplicationContext:284 -Root WebApplicationContext: initialization completed in 6052 ms
2020-10-27 23:03:34.228 INFO  [main]o.s.scheduling.concurrent.ThreadPoolTaskExecutor.initialize:171 -Initializing ExecutorService 'applicationTaskExecutor'
2020-10-27 23:03:34.706 INFO  [main]org.apache.coyote.http11.Http11NioProtocol.log:173 -Starting ProtocolHandler ["http-nio-8080"]
2020-10-27 23:03:34.734 INFO  [main]o.s.boot.web.embedded.tomcat.TomcatWebServer.start:204 -Tomcat started on port(s): 8080 (http) with context path ''
2020-10-27 23:03:34.739 INFO  [main]com.tqk.blog.BlogApplication.logStarted:61 -Started BlogApplication in 8.513 seconds (JVM running for 9.026)
2020-10-27 23:04:41.161 INFO  [http-nio-8080-exec-1]o.a.catalina.core.ContainerBase.[Tomcat].[localhost].[/].log:173 -Initializing Spring DispatcherServlet 'dispatcherServlet'
2020-10-27 23:04:41.162 INFO  [http-nio-8080-exec-1]org.springframework.web.servlet.DispatcherServlet.initServletBean:525 -Initializing Servlet 'dispatcherServlet'
2020-10-27 23:04:41.184 INFO  [http-nio-8080-exec-1]org.springframework.web.servlet.DispatcherServlet.initServletBean:547 -Completed initialization in 22 ms
2020-10-27 23:04:41.310 INFO  [http-nio-8080-exec-1]com.tqk.blog.aspect.RequestAspect.printRequestLog:115 -请求地址 : /BlAdmin/login
2020-10-27 23:04:41.312 INFO  [http-nio-8080-exec-1]com.tqk.blog.aspect.RequestAspect.printRequestLog:116 -请求方式 : POST
2020-10-27 23:04:41.314 INFO  [http-nio-8080-exec-1]com.tqk.blog.aspect.RequestAspect.printRequestLog:119 -IP : 0:0:0:0:0:0:0:1
2020-10-27 23:04:41.317 INFO  [http-nio-8080-exec-1]com.tqk.blog.aspect.RequestAspect.printRequestLog:121 -方法 : com.tqk.blog.controller.AdminController.login
2020-10-27 23:04:41.317 INFO  [http-nio-8080-exec-1]com.tqk.blog.aspect.RequestAspect.printRequestLog:123 -请求参数：[com.tqk.blog.pojo.BlAdmin@14b0a4a5]
2020-10-27 23:04:41.523 INFO  [http-nio-8080-exec-1]com.tqk.blog.aspect.RequestAspect.doAround:67 -耗时 : 213
2020-10-27 23:04:41.619 INFO  [http-nio-8080-exec-1]com.tqk.blog.aspect.RequestAspect.doAfterReturning:81 -返回值：{"code":20000,"data":{"token":"EFD332E360D6873C103943E2F0499841"},"msg":"操作成功！"}
2020-10-27 23:06:56.746 INFO  [main]com.tqk.blog.BlogApplication.logStarting:55 -Starting BlogApplication on WIN-LFFH2UEU8RH with PID 4200 (D:\javaweb\blog\target\classes started by Administrator in D:\javaweb\blog)
2020-10-27 23:06:56.750 INFO  [main]com.tqk.blog.BlogApplication.logStartupProfileInfo:655 -The following profiles are active: dev
2020-10-27 23:06:58.152 INFO  [main]o.s.c.s.PostProcessorRegistrationDelegate$BeanPostProcessorChecker.postProcessAfterInitialization:330 -Bean 'org.springframework.transaction.annotation.ProxyTransactionManagementConfiguration' of type [org.springframework.transaction.annotation.ProxyTransactionManagementConfiguration] is not eligible for getting processed by all BeanPostProcessors (for example: not eligible for auto-proxying)
2020-10-27 23:06:58.265 INFO  [main]o.s.c.s.PostProcessorRegistrationDelegate$BeanPostProcessorChecker.postProcessAfterInitialization:330 -Bean 'shiroConfig' of type [com.tqk.blog.config.ShiroConfig$$EnhancerBySpringCGLIB$$627d6f2f] is not eligible for getting processed by all BeanPostProcessors (for example: not eligible for auto-proxying)
2020-10-27 23:06:58.330 INFO  [main]o.s.c.s.PostProcessorRegistrationDelegate$BeanPostProcessorChecker.postProcessAfterInitialization:330 -Bean 'mybatis-tk.mybatis.mapper.autoconfigure.MybatisProperties' of type [tk.mybatis.mapper.autoconfigure.MybatisProperties] is not eligible for getting processed by all BeanPostProcessors (for example: not eligible for auto-proxying)
2020-10-27 23:06:58.341 INFO  [main]o.s.c.s.PostProcessorRegistrationDelegate$BeanPostProcessorChecker.postProcessAfterInitialization:330 -Bean 'tk.mybatis.mapper.autoconfigure.MapperAutoConfiguration' of type [tk.mybatis.mapper.autoconfigure.MapperAutoConfiguration$$EnhancerBySpringCGLIB$$ab7af25d] is not eligible for getting processed by all BeanPostProcessors (for example: not eligible for auto-proxying)
2020-10-27 23:06:58.345 INFO  [main]o.s.c.s.PostProcessorRegistrationDelegate$BeanPostProcessorChecker.postProcessAfterInitialization:330 -Bean 'com.alibaba.druid.spring.boot.autoconfigure.DruidDataSourceAutoConfigure' of type [com.alibaba.druid.spring.boot.autoconfigure.DruidDataSourceAutoConfigure$$EnhancerBySpringCGLIB$$f364036] is not eligible for getting processed by all BeanPostProcessors (for example: not eligible for auto-proxying)
2020-10-27 23:06:58.350 INFO  [main]c.a.d.s.boot.autoconfigure.DruidDataSourceAutoConfigure.dataSource:56 -Init DruidDataSource
2020-10-27 23:06:58.430 INFO  [main]o.s.c.s.PostProcessorRegistrationDelegate$BeanPostProcessorChecker.postProcessAfterInitialization:330 -Bean 'spring.datasource-org.springframework.boot.autoconfigure.jdbc.DataSourceProperties' of type [org.springframework.boot.autoconfigure.jdbc.DataSourceProperties] is not eligible for getting processed by all BeanPostProcessors (for example: not eligible for auto-proxying)
2020-10-27 23:06:58.455 INFO  [main]o.s.c.s.PostProcessorRegistrationDelegate$BeanPostProcessorChecker.postProcessAfterInitialization:330 -Bean 'com.alibaba.druid.spring.boot.autoconfigure.stat.DruidFilterConfiguration' of type [com.alibaba.druid.spring.boot.autoconfigure.stat.DruidFilterConfiguration] is not eligible for getting processed by all BeanPostProcessors (for example: not eligible for auto-proxying)
2020-10-27 23:06:58.487 INFO  [main]o.s.c.s.PostProcessorRegistrationDelegate$BeanPostProcessorChecker.postProcessAfterInitialization:330 -Bean 'statFilter' of type [com.alibaba.druid.filter.stat.StatFilter] is not eligible for getting processed by all BeanPostProcessors (for example: not eligible for auto-proxying)
2020-10-27 23:07:01.082 INFO  [main]com.alibaba.druid.pool.DruidDataSource.init:930 -{dataSource-1} inited
2020-10-27 23:07:01.083 INFO  [main]o.s.c.s.PostProcessorRegistrationDelegate$BeanPostProcessorChecker.postProcessAfterInitialization:330 -Bean 'dataSource' of type [com.alibaba.druid.spring.boot.autoconfigure.DruidDataSourceWrapper] is not eligible for getting processed by all BeanPostProcessors (for example: not eligible for auto-proxying)
2020-10-27 23:07:01.186 INFO  [main]o.s.c.s.PostProcessorRegistrationDelegate$BeanPostProcessorChecker.postProcessAfterInitialization:330 -Bean 'org.springframework.boot.autoconfigure.jdbc.DataSourceInitializerInvoker' of type [org.springframework.boot.autoconfigure.jdbc.DataSourceInitializerInvoker] is not eligible for getting processed by all BeanPostProcessors (for example: not eligible for auto-proxying)
2020-10-27 23:07:01.503 INFO  [main]o.s.c.s.PostProcessorRegistrationDelegate$BeanPostProcessorChecker.postProcessAfterInitialization:330 -Bean 'sqlSessionFactory' of type [org.apache.ibatis.session.defaults.DefaultSqlSessionFactory] is not eligible for getting processed by all BeanPostProcessors (for example: not eligible for auto-proxying)
2020-10-27 23:07:01.510 INFO  [main]o.s.c.s.PostProcessorRegistrationDelegate$BeanPostProcessorChecker.postProcessAfterInitialization:330 -Bean 'sqlSessionTemplate' of type [org.mybatis.spring.SqlSessionTemplate] is not eligible for getting processed by all BeanPostProcessors (for example: not eligible for auto-proxying)
2020-10-27 23:07:01.600 INFO  [main]o.s.c.s.PostProcessorRegistrationDelegate$BeanPostProcessorChecker.postProcessAfterInitialization:330 -Bean 'blAdminMapper' of type [tk.mybatis.spring.mapper.MapperFactoryBean] is not eligible for getting processed by all BeanPostProcessors (for example: not eligible for auto-proxying)
2020-10-27 23:07:01.611 INFO  [main]o.s.c.s.PostProcessorRegistrationDelegate$BeanPostProcessorChecker.postProcessAfterInitialization:330 -Bean 'blAdminMapper' of type [com.sun.proxy.$Proxy86] is not eligible for getting processed by all BeanPostProcessors (for example: not eligible for auto-proxying)
2020-10-27 23:07:01.689 INFO  [main]o.s.c.s.PostProcessorRegistrationDelegate$BeanPostProcessorChecker.postProcessAfterInitialization:330 -Bean 'adminServiceImpl' of type [com.tqk.blog.service.impl.AdminServiceImpl] is not eligible for getting processed by all BeanPostProcessors (for example: not eligible for auto-proxying)
2020-10-27 23:07:01.692 INFO  [main]o.s.c.s.PostProcessorRegistrationDelegate$BeanPostProcessorChecker.postProcessAfterInitialization:330 -Bean 'adminRealm' of type [com.tqk.blog.realm.AdminRealm] is not eligible for getting processed by all BeanPostProcessors (for example: not eligible for auto-proxying)
2020-10-27 23:07:02.222 INFO  [main]o.s.c.s.PostProcessorRegistrationDelegate$BeanPostProcessorChecker.postProcessAfterInitialization:330 -Bean 'securityManager' of type [org.apache.shiro.web.mgt.DefaultWebSecurityManager] is not eligible for getting processed by all BeanPostProcessors (for example: not eligible for auto-proxying)
2020-10-27 23:07:02.254 INFO  [main]o.s.c.s.PostProcessorRegistrationDelegate$BeanPostProcessorChecker.postProcessAfterInitialization:330 -Bean 'authorizationAttributeSourceAdvisor' of type [org.apache.shiro.spring.security.interceptor.AuthorizationAttributeSourceAdvisor] is not eligible for getting processed by all BeanPostProcessors (for example: not eligible for auto-proxying)
2020-10-27 23:07:02.579 INFO  [main]o.s.boot.web.embedded.tomcat.TomcatWebServer.initialize:92 -Tomcat initialized with port(s): 8080 (http)
2020-10-27 23:07:02.591 INFO  [main]org.apache.coyote.http11.Http11NioProtocol.log:173 -Initializing ProtocolHandler ["http-nio-8080"]
2020-10-27 23:07:02.592 INFO  [main]org.apache.catalina.core.StandardService.log:173 -Starting service [Tomcat]
2020-10-27 23:07:02.593 INFO  [main]org.apache.catalina.core.StandardEngine.log:173 -Starting Servlet engine: [Apache Tomcat/9.0.29]
2020-10-27 23:07:02.722 INFO  [main]o.a.catalina.core.ContainerBase.[Tomcat].[localhost].[/].log:173 -Initializing Spring embedded WebApplicationContext
2020-10-27 23:07:02.723 INFO  [main]org.springframework.web.context.ContextLoader.prepareWebApplicationContext:284 -Root WebApplicationContext: initialization completed in 5916 ms
2020-10-27 23:07:03.828 INFO  [main]o.s.scheduling.concurrent.ThreadPoolTaskExecutor.initialize:171 -Initializing ExecutorService 'applicationTaskExecutor'
2020-10-27 23:07:04.357 INFO  [main]org.apache.coyote.http11.Http11NioProtocol.log:173 -Starting ProtocolHandler ["http-nio-8080"]
2020-10-27 23:07:04.387 INFO  [main]o.s.boot.web.embedded.tomcat.TomcatWebServer.start:204 -Tomcat started on port(s): 8080 (http) with context path ''
2020-10-27 23:07:04.393 INFO  [main]com.tqk.blog.BlogApplication.logStarted:61 -Started BlogApplication in 8.276 seconds (JVM running for 8.799)
2020-10-27 23:07:08.828 INFO  [http-nio-8080-exec-2]o.a.catalina.core.ContainerBase.[Tomcat].[localhost].[/].log:173 -Initializing Spring DispatcherServlet 'dispatcherServlet'
2020-10-27 23:07:08.828 INFO  [http-nio-8080-exec-2]org.springframework.web.servlet.DispatcherServlet.initServletBean:525 -Initializing Servlet 'dispatcherServlet'
2020-10-27 23:07:08.843 INFO  [http-nio-8080-exec-2]org.springframework.web.servlet.DispatcherServlet.initServletBean:547 -Completed initialization in 15 ms
2020-10-27 23:07:08.963 INFO  [http-nio-8080-exec-2]com.tqk.blog.aspect.RequestAspect.printRequestLog:115 -请求地址 : /BlAdmin/login
2020-10-27 23:07:08.966 INFO  [http-nio-8080-exec-2]com.tqk.blog.aspect.RequestAspect.printRequestLog:116 -请求方式 : POST
2020-10-27 23:07:08.970 INFO  [http-nio-8080-exec-2]com.tqk.blog.aspect.RequestAspect.printRequestLog:119 -IP : 0:0:0:0:0:0:0:1
2020-10-27 23:07:08.973 INFO  [http-nio-8080-exec-2]com.tqk.blog.aspect.RequestAspect.printRequestLog:121 -方法 : com.tqk.blog.controller.AdminController.login
2020-10-27 23:07:08.973 INFO  [http-nio-8080-exec-2]com.tqk.blog.aspect.RequestAspect.printRequestLog:123 -请求参数：[com.tqk.blog.pojo.BlAdmin@16f6e80f]
2020-10-27 23:07:09.191 INFO  [http-nio-8080-exec-2]com.tqk.blog.aspect.RequestAspect.doAround:67 -耗时 : 228
2020-10-27 23:07:09.289 INFO  [http-nio-8080-exec-2]com.tqk.blog.aspect.RequestAspect.doAfterReturning:81 -返回值：{"code":20000,"data":{"token":"20EA25E4ECAEE0FE1D7AB239F36FD80A"},"msg":"操作成功！"}
2020-10-27 23:07:31.564 INFO  [http-nio-8080-exec-3]com.tqk.blog.aspect.RequestAspect.printRequestLog:115 -请求地址 : /about/save
2020-10-27 23:07:31.565 INFO  [http-nio-8080-exec-3]com.tqk.blog.aspect.RequestAspect.printRequestLog:116 -请求方式 : POST
2020-10-27 23:07:31.566 INFO  [http-nio-8080-exec-3]com.tqk.blog.aspect.RequestAspect.printRequestLog:119 -IP : 0:0:0:0:0:0:0:1
2020-10-27 23:07:31.566 INFO  [http-nio-8080-exec-3]com.tqk.blog.aspect.RequestAspect.printRequestLog:121 -方法 : com.tqk.blog.controller.AboutController.save
2020-10-27 23:07:31.567 INFO  [http-nio-8080-exec-3]com.tqk.blog.aspect.RequestAspect.printRequestLog:123 -请求参数：[BlAbout(aboutId=1, aboutTitle=标题内容3, aboutRead=null, createdTime=null, updateTime=null, version=null, enable=null, deleted=null, aboutContent=哈哈哈哈哈哈啊哈哈哈3)]
2020-10-27 23:07:31.712 INFO  [http-nio-8080-exec-3]com.tqk.blog.aspect.RequestAspect.doAround:67 -耗时 : 148
2020-10-27 23:07:31.712 INFO  [http-nio-8080-exec-3]com.tqk.blog.aspect.RequestAspect.doAfterReturning:81 -返回值：{"code":20000,"msg":"添加成功！"}
2020-10-27 23:07:48.045 INFO  [http-nio-8080-exec-4]com.tqk.blog.aspect.RequestAspect.printRequestLog:115 -请求地址 : /about/update
2020-10-27 23:07:48.046 INFO  [http-nio-8080-exec-4]com.tqk.blog.aspect.RequestAspect.printRequestLog:116 -请求方式 : PUT
2020-10-27 23:07:48.047 INFO  [http-nio-8080-exec-4]com.tqk.blog.aspect.RequestAspect.printRequestLog:119 -IP : 0:0:0:0:0:0:0:1
2020-10-27 23:07:48.048 INFO  [http-nio-8080-exec-4]com.tqk.blog.aspect.RequestAspect.printRequestLog:121 -方法 : com.tqk.blog.controller.AboutController.update
2020-10-27 23:07:48.048 INFO  [http-nio-8080-exec-4]com.tqk.blog.aspect.RequestAspect.printRequestLog:123 -请求参数：[BlAbout(aboutId=3, aboutTitle=hello, aboutRead=3, createdTime=null, updateTime=null, version=1, enable=null, deleted=null, aboutContent=你好(*´▽｀)ノノ)]
2020-10-27 23:07:48.197 INFO  [http-nio-8080-exec-4]com.tqk.blog.aspect.RequestAspect.doAround:67 -耗时 : 152
2020-10-27 23:07:48.198 INFO  [http-nio-8080-exec-4]com.tqk.blog.aspect.RequestAspect.doAfterReturning:81 -返回值：{"code":20000,"msg":"修改成功！"}
2020-10-27 23:08:19.940 INFO  [http-nio-8080-exec-5]com.tqk.blog.aspect.RequestAspect.printRequestLog:115 -请求地址 : /about/update
2020-10-27 23:08:19.941 INFO  [http-nio-8080-exec-5]com.tqk.blog.aspect.RequestAspect.printRequestLog:116 -请求方式 : PUT
2020-10-27 23:08:19.941 INFO  [http-nio-8080-exec-5]com.tqk.blog.aspect.RequestAspect.printRequestLog:119 -IP : 0:0:0:0:0:0:0:1
2020-10-27 23:08:19.942 INFO  [http-nio-8080-exec-5]com.tqk.blog.aspect.RequestAspect.printRequestLog:121 -方法 : com.tqk.blog.controller.AboutController.update
2020-10-27 23:08:19.942 INFO  [http-nio-8080-exec-5]com.tqk.blog.aspect.RequestAspect.printRequestLog:123 -请求参数：[BlAbout(aboutId=3, aboutTitle=hello, aboutRead=3, createdTime=null, updateTime=null, version=2, enable=null, deleted=null, aboutContent=你好(*´▽｀)ノノ)]
2020-10-27 23:08:20.070 INFO  [http-nio-8080-exec-5]com.tqk.blog.aspect.RequestAspect.doAround:67 -耗时 : 130
2020-10-27 23:08:20.070 INFO  [http-nio-8080-exec-5]com.tqk.blog.aspect.RequestAspect.doAfterReturning:81 -返回值：{"code":20000,"msg":"修改成功！"}
2020-10-27 23:08:30.099 INFO  [http-nio-8080-exec-6]com.tqk.blog.aspect.RequestAspect.printRequestLog:115 -请求地址 : /about/get/1
2020-10-27 23:08:30.100 INFO  [http-nio-8080-exec-6]com.tqk.blog.aspect.RequestAspect.printRequestLog:116 -请求方式 : GET
2020-10-27 23:08:30.100 INFO  [http-nio-8080-exec-6]com.tqk.blog.aspect.RequestAspect.printRequestLog:119 -IP : 0:0:0:0:0:0:0:1
2020-10-27 23:08:30.100 INFO  [http-nio-8080-exec-6]com.tqk.blog.aspect.RequestAspect.printRequestLog:121 -方法 : com.tqk.blog.controller.AboutController.get
2020-10-27 23:08:30.100 INFO  [http-nio-8080-exec-6]com.tqk.blog.aspect.RequestAspect.printRequestLog:123 -请求参数：[1]
2020-10-27 23:08:30.190 INFO  [http-nio-8080-exec-6]com.tqk.blog.aspect.RequestAspect.doAround:67 -耗时 : 91
2020-10-27 23:08:30.203 INFO  [http-nio-8080-exec-6]com.tqk.blog.aspect.RequestAspect.doAfterReturning:81 -返回值：{"code":20000,"data":{"aboutContent":"哈哈哈哈哈哈啊哈哈哈3","aboutId":"1","aboutRead":0,"aboutTitle":"标题内容3","createdTime":1603782451000,"updateTime":1603782451000,"version":1},"msg":"操作成功！"}
2020-10-27 23:08:33.805 INFO  [http-nio-8080-exec-7]com.tqk.blog.aspect.RequestAspect.printRequestLog:115 -请求地址 : /about/delete/2
2020-10-27 23:08:33.806 INFO  [http-nio-8080-exec-7]com.tqk.blog.aspect.RequestAspect.printRequestLog:116 -请求方式 : DELETE
2020-10-27 23:08:33.806 INFO  [http-nio-8080-exec-7]com.tqk.blog.aspect.RequestAspect.printRequestLog:119 -IP : 0:0:0:0:0:0:0:1
2020-10-27 23:08:33.806 INFO  [http-nio-8080-exec-7]com.tqk.blog.aspect.RequestAspect.printRequestLog:121 -方法 : com.tqk.blog.controller.AboutController.delete
2020-10-27 23:08:33.807 INFO  [http-nio-8080-exec-7]com.tqk.blog.aspect.RequestAspect.printRequestLog:123 -请求参数：[2]
2020-10-27 23:08:33.921 INFO  [http-nio-8080-exec-7]com.tqk.blog.aspect.RequestAspect.doAround:67 -耗时 : 116
2020-10-27 23:08:33.922 INFO  [http-nio-8080-exec-7]com.tqk.blog.aspect.RequestAspect.doAfterReturning:81 -返回值：{"code":20000,"msg":"删除成功！"}
2020-10-27 23:08:41.048 INFO  [http-nio-8080-exec-8]com.tqk.blog.aspect.RequestAspect.printRequestLog:115 -请求地址 : /about/enable/2
2020-10-27 23:08:41.049 INFO  [http-nio-8080-exec-8]com.tqk.blog.aspect.RequestAspect.printRequestLog:116 -请求方式 : PUT
2020-10-27 23:08:41.050 INFO  [http-nio-8080-exec-8]com.tqk.blog.aspect.RequestAspect.printRequestLog:119 -IP : 0:0:0:0:0:0:0:1
2020-10-27 23:08:41.050 INFO  [http-nio-8080-exec-8]com.tqk.blog.aspect.RequestAspect.printRequestLog:121 -方法 : com.tqk.blog.controller.AboutController.enable
2020-10-27 23:08:41.051 INFO  [http-nio-8080-exec-8]com.tqk.blog.aspect.RequestAspect.printRequestLog:123 -请求参数：[2]
2020-10-27 23:08:41.052 INFO  [http-nio-8080-exec-8]com.tqk.blog.controller.AboutController.enable:96 -id[2]
2020-10-27 23:08:45.562 INFO  [http-nio-8080-exec-10]com.tqk.blog.aspect.RequestAspect.printRequestLog:115 -请求地址 : /about/disable/3
2020-10-27 23:08:45.563 INFO  [http-nio-8080-exec-10]com.tqk.blog.aspect.RequestAspect.printRequestLog:116 -请求方式 : PUT
2020-10-27 23:08:45.564 INFO  [http-nio-8080-exec-10]com.tqk.blog.aspect.RequestAspect.printRequestLog:119 -IP : 0:0:0:0:0:0:0:1
2020-10-27 23:08:45.564 INFO  [http-nio-8080-exec-10]com.tqk.blog.aspect.RequestAspect.printRequestLog:121 -方法 : com.tqk.blog.controller.AboutController.disable
2020-10-27 23:08:45.564 INFO  [http-nio-8080-exec-10]com.tqk.blog.aspect.RequestAspect.printRequestLog:123 -请求参数：[3]
2020-10-27 23:08:45.840 INFO  [http-nio-8080-exec-10]com.tqk.blog.aspect.RequestAspect.doAround:67 -耗时 : 278
2020-10-27 23:08:45.841 INFO  [http-nio-8080-exec-10]com.tqk.blog.aspect.RequestAspect.doAfterReturning:81 -返回值：{"code":20000,"msg":"弃用成功"}
2020-10-27 23:08:58.832 INFO  [http-nio-8080-exec-1]com.tqk.blog.aspect.RequestAspect.printRequestLog:115 -请求地址 : /about/enable/2
2020-10-27 23:08:58.833 INFO  [http-nio-8080-exec-1]com.tqk.blog.aspect.RequestAspect.printRequestLog:116 -请求方式 : PUT
2020-10-27 23:08:58.834 INFO  [http-nio-8080-exec-1]com.tqk.blog.aspect.RequestAspect.printRequestLog:119 -IP : 0:0:0:0:0:0:0:1
2020-10-27 23:08:58.834 INFO  [http-nio-8080-exec-1]com.tqk.blog.aspect.RequestAspect.printRequestLog:121 -方法 : com.tqk.blog.controller.AboutController.enable
2020-10-27 23:08:58.834 INFO  [http-nio-8080-exec-1]com.tqk.blog.aspect.RequestAspect.printRequestLog:123 -请求参数：[2]
2020-10-27 23:08:58.834 INFO  [http-nio-8080-exec-1]com.tqk.blog.controller.AboutController.enable:96 -id[2]
2020-10-27 23:09:09.780 INFO  [http-nio-8080-exec-3]com.tqk.blog.aspect.RequestAspect.printRequestLog:115 -请求地址 : /about/getByPage
2020-10-27 23:09:09.781 INFO  [http-nio-8080-exec-3]com.tqk.blog.aspect.RequestAspect.printRequestLog:116 -请求方式 : POST
2020-10-27 23:09:09.781 INFO  [http-nio-8080-exec-3]com.tqk.blog.aspect.RequestAspect.printRequestLog:119 -IP : 0:0:0:0:0:0:0:1
2020-10-27 23:09:09.781 INFO  [http-nio-8080-exec-3]com.tqk.blog.aspect.RequestAspect.printRequestLog:121 -方法 : com.tqk.blog.controller.AboutController.getByPage
2020-10-27 23:09:09.782 INFO  [http-nio-8080-exec-3]com.tqk.blog.aspect.RequestAspect.printRequestLog:123 -请求参数：[Page(currentPage=1, pageSize=20, totalPage=0, totalCount=0, list=null, params={}, sortColumn=null, sortMethod=asc)]
2020-10-27 23:09:09.950 INFO  [http-nio-8080-exec-3]com.tqk.blog.aspect.RequestAspect.doAround:67 -耗时 : 170
2020-10-27 23:09:09.963 INFO  [http-nio-8080-exec-3]com.tqk.blog.aspect.RequestAspect.doAfterReturning:81 -返回值：{"code":20000,"data":{"currentPage":1,"index":0,"list":[{"aboutId":"1","aboutRead":0,"aboutTitle":"标题内容3","createdTime":1603782451000,"enable":1,"updateTime":1603782451000},{"aboutId":"3","aboutRead":3,"aboutTitle":"hello","createdTime":1603780570000,"enable":0,"updateTime":1603782499000}],"pageSize":20,"params":{},"sortMethod":"asc","totalCount":2,"totalPage":1},"msg":"操作成功！"}
2020-10-27 23:09:43.845 INFO  [http-nio-8080-exec-4]com.tqk.blog.aspect.RequestAspect.printRequestLog:115 -请求地址 : /about/read
2020-10-27 23:09:43.846 INFO  [http-nio-8080-exec-4]com.tqk.blog.aspect.RequestAspect.printRequestLog:116 -请求方式 : GET
2020-10-27 23:09:43.846 INFO  [http-nio-8080-exec-4]com.tqk.blog.aspect.RequestAspect.printRequestLog:119 -IP : 0:0:0:0:0:0:0:1
2020-10-27 23:09:43.846 INFO  [http-nio-8080-exec-4]com.tqk.blog.aspect.RequestAspect.printRequestLog:121 -方法 : com.tqk.blog.controller.AboutController.read
2020-10-27 23:09:43.847 INFO  [http-nio-8080-exec-4]com.tqk.blog.aspect.RequestAspect.printRequestLog:123 -请求参数：[]
2020-10-27 23:09:44.136 INFO  [http-nio-8080-exec-4]com.tqk.blog.aspect.RequestAspect.doAround:67 -耗时 : 291
2020-10-27 23:09:44.136 INFO  [http-nio-8080-exec-4]com.tqk.blog.aspect.RequestAspect.doAfterReturning:81 -返回值：{"code":20000,"data":{"aboutContent":"哈哈哈哈哈哈啊哈哈哈3","aboutId":"1","aboutRead":1,"aboutTitle":"标题内容3","createdTime":1603782451000,"updateTime":1603782451000,"version":1},"msg":"操作成功！"}
2020-10-27 23:11:47.786 INFO  [main]com.tqk.blog.BlogApplication.logStarting:55 -Starting BlogApplication on WIN-LFFH2UEU8RH with PID 10052 (D:\javaweb\blog\target\classes started by Administrator in D:\javaweb\blog)
2020-10-27 23:11:47.791 INFO  [main]com.tqk.blog.BlogApplication.logStartupProfileInfo:655 -The following profiles are active: dev
2020-10-27 23:11:49.112 INFO  [main]o.s.c.s.PostProcessorRegistrationDelegate$BeanPostProcessorChecker.postProcessAfterInitialization:330 -Bean 'org.springframework.transaction.annotation.ProxyTransactionManagementConfiguration' of type [org.springframework.transaction.annotation.ProxyTransactionManagementConfiguration] is not eligible for getting processed by all BeanPostProcessors (for example: not eligible for auto-proxying)
2020-10-27 23:11:49.244 INFO  [main]o.s.c.s.PostProcessorRegistrationDelegate$BeanPostProcessorChecker.postProcessAfterInitialization:330 -Bean 'shiroConfig' of type [com.tqk.blog.config.ShiroConfig$$EnhancerBySpringCGLIB$$9962a933] is not eligible for getting processed by all BeanPostProcessors (for example: not eligible for auto-proxying)
2020-10-27 23:11:49.304 INFO  [main]o.s.c.s.PostProcessorRegistrationDelegate$BeanPostProcessorChecker.postProcessAfterInitialization:330 -Bean 'mybatis-tk.mybatis.mapper.autoconfigure.MybatisProperties' of type [tk.mybatis.mapper.autoconfigure.MybatisProperties] is not eligible for getting processed by all BeanPostProcessors (for example: not eligible for auto-proxying)
2020-10-27 23:11:49.320 INFO  [main]o.s.c.s.PostProcessorRegistrationDelegate$BeanPostProcessorChecker.postProcessAfterInitialization:330 -Bean 'tk.mybatis.mapper.autoconfigure.MapperAutoConfiguration' of type [tk.mybatis.mapper.autoconfigure.MapperAutoConfiguration$$EnhancerBySpringCGLIB$$e2602c61] is not eligible for getting processed by all BeanPostProcessors (for example: not eligible for auto-proxying)
2020-10-27 23:11:49.328 INFO  [main]o.s.c.s.PostProcessorRegistrationDelegate$BeanPostProcessorChecker.postProcessAfterInitialization:330 -Bean 'com.alibaba.druid.spring.boot.autoconfigure.DruidDataSourceAutoConfigure' of type [com.alibaba.druid.spring.boot.autoconfigure.DruidDataSourceAutoConfigure$$EnhancerBySpringCGLIB$$461b7a3a] is not eligible for getting processed by all BeanPostProcessors (for example: not eligible for auto-proxying)
2020-10-27 23:11:49.333 INFO  [main]c.a.d.s.boot.autoconfigure.DruidDataSourceAutoConfigure.dataSource:56 -Init DruidDataSource
2020-10-27 23:11:49.409 INFO  [main]o.s.c.s.PostProcessorRegistrationDelegate$BeanPostProcessorChecker.postProcessAfterInitialization:330 -Bean 'spring.datasource-org.springframework.boot.autoconfigure.jdbc.DataSourceProperties' of type [org.springframework.boot.autoconfigure.jdbc.DataSourceProperties] is not eligible for getting processed by all BeanPostProcessors (for example: not eligible for auto-proxying)
2020-10-27 23:11:49.432 INFO  [main]o.s.c.s.PostProcessorRegistrationDelegate$BeanPostProcessorChecker.postProcessAfterInitialization:330 -Bean 'com.alibaba.druid.spring.boot.autoconfigure.stat.DruidFilterConfiguration' of type [com.alibaba.druid.spring.boot.autoconfigure.stat.DruidFilterConfiguration] is not eligible for getting processed by all BeanPostProcessors (for example: not eligible for auto-proxying)
2020-10-27 23:11:49.461 INFO  [main]o.s.c.s.PostProcessorRegistrationDelegate$BeanPostProcessorChecker.postProcessAfterInitialization:330 -Bean 'statFilter' of type [com.alibaba.druid.filter.stat.StatFilter] is not eligible for getting processed by all BeanPostProcessors (for example: not eligible for auto-proxying)
2020-10-27 23:11:52.184 INFO  [main]com.alibaba.druid.pool.DruidDataSource.init:930 -{dataSource-1} inited
2020-10-27 23:11:52.185 INFO  [main]o.s.c.s.PostProcessorRegistrationDelegate$BeanPostProcessorChecker.postProcessAfterInitialization:330 -Bean 'dataSource' of type [com.alibaba.druid.spring.boot.autoconfigure.DruidDataSourceWrapper] is not eligible for getting processed by all BeanPostProcessors (for example: not eligible for auto-proxying)
2020-10-27 23:11:52.282 INFO  [main]o.s.c.s.PostProcessorRegistrationDelegate$BeanPostProcessorChecker.postProcessAfterInitialization:330 -Bean 'org.springframework.boot.autoconfigure.jdbc.DataSourceInitializerInvoker' of type [org.springframework.boot.autoconfigure.jdbc.DataSourceInitializerInvoker] is not eligible for getting processed by all BeanPostProcessors (for example: not eligible for auto-proxying)
2020-10-27 23:11:52.597 INFO  [main]o.s.c.s.PostProcessorRegistrationDelegate$BeanPostProcessorChecker.postProcessAfterInitialization:330 -Bean 'sqlSessionFactory' of type [org.apache.ibatis.session.defaults.DefaultSqlSessionFactory] is not eligible for getting processed by all BeanPostProcessors (for example: not eligible for auto-proxying)
2020-10-27 23:11:52.605 INFO  [main]o.s.c.s.PostProcessorRegistrationDelegate$BeanPostProcessorChecker.postProcessAfterInitialization:330 -Bean 'sqlSessionTemplate' of type [org.mybatis.spring.SqlSessionTemplate] is not eligible for getting processed by all BeanPostProcessors (for example: not eligible for auto-proxying)
2020-10-27 23:11:52.687 INFO  [main]o.s.c.s.PostProcessorRegistrationDelegate$BeanPostProcessorChecker.postProcessAfterInitialization:330 -Bean 'blAdminMapper' of type [tk.mybatis.spring.mapper.MapperFactoryBean] is not eligible for getting processed by all BeanPostProcessors (for example: not eligible for auto-proxying)
2020-10-27 23:11:52.698 INFO  [main]o.s.c.s.PostProcessorRegistrationDelegate$BeanPostProcessorChecker.postProcessAfterInitialization:330 -Bean 'blAdminMapper' of type [com.sun.proxy.$Proxy86] is not eligible for getting processed by all BeanPostProcessors (for example: not eligible for auto-proxying)
2020-10-27 23:11:52.742 INFO  [main]o.s.c.s.PostProcessorRegistrationDelegate$BeanPostProcessorChecker.postProcessAfterInitialization:330 -Bean 'adminServiceImpl' of type [com.tqk.blog.service.impl.AdminServiceImpl] is not eligible for getting processed by all BeanPostProcessors (for example: not eligible for auto-proxying)
2020-10-27 23:11:52.744 INFO  [main]o.s.c.s.PostProcessorRegistrationDelegate$BeanPostProcessorChecker.postProcessAfterInitialization:330 -Bean 'adminRealm' of type [com.tqk.blog.realm.AdminRealm] is not eligible for getting processed by all BeanPostProcessors (for example: not eligible for auto-proxying)
2020-10-27 23:11:53.235 INFO  [main]o.s.c.s.PostProcessorRegistrationDelegate$BeanPostProcessorChecker.postProcessAfterInitialization:330 -Bean 'securityManager' of type [org.apache.shiro.web.mgt.DefaultWebSecurityManager] is not eligible for getting processed by all BeanPostProcessors (for example: not eligible for auto-proxying)
2020-10-27 23:11:53.276 INFO  [main]o.s.c.s.PostProcessorRegistrationDelegate$BeanPostProcessorChecker.postProcessAfterInitialization:330 -Bean 'authorizationAttributeSourceAdvisor' of type [org.apache.shiro.spring.security.interceptor.AuthorizationAttributeSourceAdvisor] is not eligible for getting processed by all BeanPostProcessors (for example: not eligible for auto-proxying)
2020-10-27 23:11:53.665 INFO  [main]o.s.boot.web.embedded.tomcat.TomcatWebServer.initialize:92 -Tomcat initialized with port(s): 8080 (http)
2020-10-27 23:11:53.680 INFO  [main]org.apache.coyote.http11.Http11NioProtocol.log:173 -Initializing ProtocolHandler ["http-nio-8080"]
2020-10-27 23:11:53.680 INFO  [main]org.apache.catalina.core.StandardService.log:173 -Starting service [Tomcat]
2020-10-27 23:11:53.681 INFO  [main]org.apache.catalina.core.StandardEngine.log:173 -Starting Servlet engine: [Apache Tomcat/9.0.29]
2020-10-27 23:11:53.819 INFO  [main]o.a.catalina.core.ContainerBase.[Tomcat].[localhost].[/].log:173 -Initializing Spring embedded WebApplicationContext
2020-10-27 23:11:53.819 INFO  [main]org.springframework.web.context.ContextLoader.prepareWebApplicationContext:284 -Root WebApplicationContext: initialization completed in 5965 ms
2020-10-27 23:11:54.908 INFO  [main]o.s.scheduling.concurrent.ThreadPoolTaskExecutor.initialize:171 -Initializing ExecutorService 'applicationTaskExecutor'
2020-10-27 23:11:55.381 INFO  [main]org.apache.coyote.http11.Http11NioProtocol.log:173 -Starting ProtocolHandler ["http-nio-8080"]
2020-10-27 23:11:55.404 INFO  [main]o.s.boot.web.embedded.tomcat.TomcatWebServer.start:204 -Tomcat started on port(s): 8080 (http) with context path ''
2020-10-27 23:11:55.407 INFO  [main]com.tqk.blog.BlogApplication.logStarted:61 -Started BlogApplication in 8.234 seconds (JVM running for 8.721)
2020-10-27 23:11:56.967 INFO  [http-nio-8080-exec-2]o.a.catalina.core.ContainerBase.[Tomcat].[localhost].[/].log:173 -Initializing Spring DispatcherServlet 'dispatcherServlet'
2020-10-27 23:11:56.967 INFO  [http-nio-8080-exec-2]org.springframework.web.servlet.DispatcherServlet.initServletBean:525 -Initializing Servlet 'dispatcherServlet'
2020-10-27 23:11:56.985 INFO  [http-nio-8080-exec-2]org.springframework.web.servlet.DispatcherServlet.initServletBean:547 -Completed initialization in 18 ms
2020-10-27 23:11:57.119 INFO  [http-nio-8080-exec-2]com.tqk.blog.aspect.RequestAspect.printRequestLog:115 -请求地址 : /BlAdmin/login
2020-10-27 23:11:57.123 INFO  [http-nio-8080-exec-2]com.tqk.blog.aspect.RequestAspect.printRequestLog:116 -请求方式 : POST
2020-10-27 23:11:57.125 INFO  [http-nio-8080-exec-2]com.tqk.blog.aspect.RequestAspect.printRequestLog:119 -IP : 0:0:0:0:0:0:0:1
2020-10-27 23:11:57.127 INFO  [http-nio-8080-exec-2]com.tqk.blog.aspect.RequestAspect.printRequestLog:121 -方法 : com.tqk.blog.controller.AdminController.login
2020-10-27 23:11:57.127 INFO  [http-nio-8080-exec-2]com.tqk.blog.aspect.RequestAspect.printRequestLog:123 -请求参数：[com.tqk.blog.pojo.BlAdmin@54dbdf1e]
2020-10-27 23:11:57.333 INFO  [http-nio-8080-exec-2]com.tqk.blog.aspect.RequestAspect.doAround:67 -耗时 : 214
2020-10-27 23:11:57.404 INFO  [http-nio-8080-exec-2]com.tqk.blog.aspect.RequestAspect.doAfterReturning:81 -返回值：{"code":20000,"data":{"token":"B6F558100461C726E58B730A5F876EEB"},"msg":"操作成功！"}
2020-10-27 23:12:11.128 INFO  [http-nio-8080-exec-3]com.tqk.blog.aspect.RequestAspect.printRequestLog:115 -请求地址 : /about/getByPage
2020-10-27 23:12:11.129 INFO  [http-nio-8080-exec-3]com.tqk.blog.aspect.RequestAspect.printRequestLog:116 -请求方式 : POST
2020-10-27 23:12:11.129 INFO  [http-nio-8080-exec-3]com.tqk.blog.aspect.RequestAspect.printRequestLog:119 -IP : 0:0:0:0:0:0:0:1
2020-10-27 23:12:11.130 INFO  [http-nio-8080-exec-3]com.tqk.blog.aspect.RequestAspect.printRequestLog:121 -方法 : com.tqk.blog.controller.AboutController.getByPage
2020-10-27 23:12:11.130 INFO  [http-nio-8080-exec-3]com.tqk.blog.aspect.RequestAspect.printRequestLog:123 -请求参数：[Page(currentPage=1, pageSize=20, totalPage=0, totalCount=0, list=null, params={}, sortColumn=null, sortMethod=asc)]
2020-10-27 23:12:11.372 INFO  [http-nio-8080-exec-3]com.tqk.blog.aspect.RequestAspect.doAround:67 -耗时 : 244
2020-10-27 23:12:11.402 INFO  [http-nio-8080-exec-3]com.tqk.blog.aspect.RequestAspect.doAfterReturning:81 -返回值：{"code":20000,"data":{"currentPage":1,"index":0,"list":[{"aboutContent":"哈哈哈哈哈哈啊哈哈哈3","aboutId":"1","aboutRead":1,"aboutTitle":"标题内容3","createdTime":1603782451000,"enable":1,"updateTime":1603782583000},{"aboutContent":"你好(*´▽｀)ノノ","aboutId":"3","aboutRead":3,"aboutTitle":"hello","createdTime":1603780570000,"enable":0,"updateTime":1603782499000}],"pageSize":20,"params":{},"sortMethod":"asc","totalCount":2,"totalPage":1},"msg":"操作成功！"}
