2020-11-15 15:43:58.200 INFO  [main]com.tqk.blog.BlogApplication.logStarting:55 -Starting BlogApplication on WIN-LFFH2UEU8RH with PID 7660 (D:\javaweb\blog\target\classes started by Administrator in D:\javaweb\blog)
2020-11-15 15:43:58.211 DEBUG [main]com.tqk.blog.BlogApplication.logStarting:56 -Running with Spring Boot v2.2.2.RELEASE, Spring v5.2.2.RELEASE
2020-11-15 15:43:58.215 INFO  [main]com.tqk.blog.BlogApplication.logStartupProfileInfo:655 -The following profiles are active: dev
2020-11-15 15:43:59.702 INFO  [main]o.s.c.s.PostProcessorRegistrationDelegate$BeanPostProcessorChecker.postProcessAfterInitialization:330 -Bean 'org.springframework.transaction.annotation.ProxyTransactionManagementConfiguration' of type [org.springframework.transaction.annotation.ProxyTransactionManagementConfiguration] is not eligible for getting processed by all BeanPostProcessors (for example: not eligible for auto-proxying)
2020-11-15 15:43:59.891 INFO  [main]o.s.c.s.PostProcessorRegistrationDelegate$BeanPostProcessorChecker.postProcessAfterInitialization:330 -Bean 'shiroConfig' of type [com.tqk.blog.config.ShiroConfig$$EnhancerBySpringCGLIB$$7fd3832f] is not eligible for getting processed by all BeanPostProcessors (for example: not eligible for auto-proxying)
2020-11-15 15:43:59.953 INFO  [main]o.s.c.s.PostProcessorRegistrationDelegate$BeanPostProcessorChecker.postProcessAfterInitialization:330 -Bean 'mybatis-tk.mybatis.mapper.autoconfigure.MybatisProperties' of type [tk.mybatis.mapper.autoconfigure.MybatisProperties] is not eligible for getting processed by all BeanPostProcessors (for example: not eligible for auto-proxying)
2020-11-15 15:43:59.967 INFO  [main]o.s.c.s.PostProcessorRegistrationDelegate$BeanPostProcessorChecker.postProcessAfterInitialization:330 -Bean 'tk.mybatis.mapper.autoconfigure.MapperAutoConfiguration' of type [tk.mybatis.mapper.autoconfigure.MapperAutoConfiguration$$EnhancerBySpringCGLIB$$c8d1065d] is not eligible for getting processed by all BeanPostProcessors (for example: not eligible for auto-proxying)
2020-11-15 15:43:59.974 INFO  [main]o.s.c.s.PostProcessorRegistrationDelegate$BeanPostProcessorChecker.postProcessAfterInitialization:330 -Bean 'com.alibaba.druid.spring.boot.autoconfigure.DruidDataSourceAutoConfigure' of type [com.alibaba.druid.spring.boot.autoconfigure.DruidDataSourceAutoConfigure$$EnhancerBySpringCGLIB$$2c8c5436] is not eligible for getting processed by all BeanPostProcessors (for example: not eligible for auto-proxying)
2020-11-15 15:43:59.980 INFO  [main]c.a.d.s.boot.autoconfigure.DruidDataSourceAutoConfigure.dataSource:56 -Init DruidDataSource
2020-11-15 15:44:00.050 INFO  [main]o.s.c.s.PostProcessorRegistrationDelegate$BeanPostProcessorChecker.postProcessAfterInitialization:330 -Bean 'spring.datasource-org.springframework.boot.autoconfigure.jdbc.DataSourceProperties' of type [org.springframework.boot.autoconfigure.jdbc.DataSourceProperties] is not eligible for getting processed by all BeanPostProcessors (for example: not eligible for auto-proxying)
2020-11-15 15:44:00.073 INFO  [main]o.s.c.s.PostProcessorRegistrationDelegate$BeanPostProcessorChecker.postProcessAfterInitialization:330 -Bean 'com.alibaba.druid.spring.boot.autoconfigure.stat.DruidFilterConfiguration' of type [com.alibaba.druid.spring.boot.autoconfigure.stat.DruidFilterConfiguration] is not eligible for getting processed by all BeanPostProcessors (for example: not eligible for auto-proxying)
2020-11-15 15:44:00.102 INFO  [main]o.s.c.s.PostProcessorRegistrationDelegate$BeanPostProcessorChecker.postProcessAfterInitialization:330 -Bean 'statFilter' of type [com.alibaba.druid.filter.stat.StatFilter] is not eligible for getting processed by all BeanPostProcessors (for example: not eligible for auto-proxying)
2020-11-15 15:44:04.105 INFO  [main]com.alibaba.druid.pool.DruidDataSource.init:930 -{dataSource-1} inited
2020-11-15 15:44:04.107 INFO  [main]o.s.c.s.PostProcessorRegistrationDelegate$BeanPostProcessorChecker.postProcessAfterInitialization:330 -Bean 'dataSource' of type [com.alibaba.druid.spring.boot.autoconfigure.DruidDataSourceWrapper] is not eligible for getting processed by all BeanPostProcessors (for example: not eligible for auto-proxying)
2020-11-15 15:44:04.221 INFO  [main]o.s.c.s.PostProcessorRegistrationDelegate$BeanPostProcessorChecker.postProcessAfterInitialization:330 -Bean 'org.springframework.boot.autoconfigure.jdbc.DataSourceInitializerInvoker' of type [org.springframework.boot.autoconfigure.jdbc.DataSourceInitializerInvoker] is not eligible for getting processed by all BeanPostProcessors (for example: not eligible for auto-proxying)
2020-11-15 15:44:04.594 INFO  [main]o.s.c.s.PostProcessorRegistrationDelegate$BeanPostProcessorChecker.postProcessAfterInitialization:330 -Bean 'sqlSessionFactory' of type [org.apache.ibatis.session.defaults.DefaultSqlSessionFactory] is not eligible for getting processed by all BeanPostProcessors (for example: not eligible for auto-proxying)
2020-11-15 15:44:04.606 INFO  [main]o.s.c.s.PostProcessorRegistrationDelegate$BeanPostProcessorChecker.postProcessAfterInitialization:330 -Bean 'sqlSessionTemplate' of type [org.mybatis.spring.SqlSessionTemplate] is not eligible for getting processed by all BeanPostProcessors (for example: not eligible for auto-proxying)
2020-11-15 15:44:04.685 INFO  [main]o.s.c.s.PostProcessorRegistrationDelegate$BeanPostProcessorChecker.postProcessAfterInitialization:330 -Bean 'blAdminMapper' of type [tk.mybatis.spring.mapper.MapperFactoryBean] is not eligible for getting processed by all BeanPostProcessors (for example: not eligible for auto-proxying)
2020-11-15 15:44:04.694 INFO  [main]o.s.c.s.PostProcessorRegistrationDelegate$BeanPostProcessorChecker.postProcessAfterInitialization:330 -Bean 'blAdminMapper' of type [com.sun.proxy.$Proxy86] is not eligible for getting processed by all BeanPostProcessors (for example: not eligible for auto-proxying)
2020-11-15 15:44:04.738 INFO  [main]o.s.c.s.PostProcessorRegistrationDelegate$BeanPostProcessorChecker.postProcessAfterInitialization:330 -Bean 'adminServiceImpl' of type [com.tqk.blog.service.impl.AdminServiceImpl] is not eligible for getting processed by all BeanPostProcessors (for example: not eligible for auto-proxying)
2020-11-15 15:44:04.740 INFO  [main]o.s.c.s.PostProcessorRegistrationDelegate$BeanPostProcessorChecker.postProcessAfterInitialization:330 -Bean 'adminRealm' of type [com.tqk.blog.realm.AdminRealm] is not eligible for getting processed by all BeanPostProcessors (for example: not eligible for auto-proxying)
2020-11-15 15:44:05.222 INFO  [main]o.s.c.s.PostProcessorRegistrationDelegate$BeanPostProcessorChecker.postProcessAfterInitialization:330 -Bean 'securityManager' of type [org.apache.shiro.web.mgt.DefaultWebSecurityManager] is not eligible for getting processed by all BeanPostProcessors (for example: not eligible for auto-proxying)
2020-11-15 15:44:05.277 INFO  [main]o.s.c.s.PostProcessorRegistrationDelegate$BeanPostProcessorChecker.postProcessAfterInitialization:330 -Bean 'authorizationAttributeSourceAdvisor' of type [org.apache.shiro.spring.security.interceptor.AuthorizationAttributeSourceAdvisor] is not eligible for getting processed by all BeanPostProcessors (for example: not eligible for auto-proxying)
2020-11-15 15:44:05.336 ERROR [main]org.apache.catalina.core.AprLifecycleListener.log:173 -An incompatible version [1.1.30] of the APR based Apache Tomcat Native library is installed, while Tomcat requires version [1.2.14]
2020-11-15 15:44:05.621 ERROR [main]org.apache.catalina.core.AprLifecycleListener.log:173 -An incompatible version [1.1.30] of the APR based Apache Tomcat Native library is installed, while Tomcat requires version [1.2.14]
2020-11-15 15:44:05.740 INFO  [main]o.s.boot.web.embedded.tomcat.TomcatWebServer.initialize:92 -Tomcat initialized with port(s): 8080 (http)
2020-11-15 15:44:05.759 ERROR [main]org.apache.catalina.core.AprLifecycleListener.log:173 -An incompatible version [1.1.30] of the APR based Apache Tomcat Native library is installed, while Tomcat requires version [1.2.14]
2020-11-15 15:44:05.760 INFO  [main]org.apache.coyote.http11.Http11NioProtocol.log:173 -Initializing ProtocolHandler ["http-nio-8080"]
2020-11-15 15:44:05.761 INFO  [main]org.apache.catalina.core.StandardService.log:173 -Starting service [Tomcat]
2020-11-15 15:44:05.761 INFO  [main]org.apache.catalina.core.StandardEngine.log:173 -Starting Servlet engine: [Apache Tomcat/9.0.29]
2020-11-15 15:44:05.937 INFO  [main]o.a.catalina.core.ContainerBase.[Tomcat].[localhost].[/].log:173 -Initializing Spring embedded WebApplicationContext
2020-11-15 15:44:05.938 INFO  [main]org.springframework.web.context.ContextLoader.prepareWebApplicationContext:284 -Root WebApplicationContext: initialization completed in 7642 ms
2020-11-15 15:44:07.349 INFO  [main]o.s.scheduling.concurrent.ThreadPoolTaskExecutor.initialize:171 -Initializing ExecutorService 'applicationTaskExecutor'
2020-11-15 15:44:07.884 INFO  [main]org.apache.coyote.http11.Http11NioProtocol.log:173 -Starting ProtocolHandler ["http-nio-8080"]
2020-11-15 15:44:07.920 INFO  [main]o.s.boot.web.embedded.tomcat.TomcatWebServer.start:204 -Tomcat started on port(s): 8080 (http) with context path ''
2020-11-15 15:44:07.923 INFO  [main]com.tqk.blog.BlogApplication.logStarted:61 -Started BlogApplication in 10.526 seconds (JVM running for 11.275)
2020-11-15 15:57:22.933 INFO  [http-nio-8080-exec-2]o.a.catalina.core.ContainerBase.[Tomcat].[localhost].[/].log:173 -Initializing Spring DispatcherServlet 'dispatcherServlet'
2020-11-15 15:57:22.934 INFO  [http-nio-8080-exec-2]org.springframework.web.servlet.DispatcherServlet.initServletBean:525 -Initializing Servlet 'dispatcherServlet'
2020-11-15 15:57:22.955 INFO  [http-nio-8080-exec-2]org.springframework.web.servlet.DispatcherServlet.initServletBean:547 -Completed initialization in 20 ms
2020-11-15 15:57:23.095 INFO  [http-nio-8080-exec-2]com.tqk.blog.aspect.RequestAspect.printRequestLog:115 -请求地址 : /BlAdmin/login
2020-11-15 15:57:23.097 INFO  [http-nio-8080-exec-2]com.tqk.blog.aspect.RequestAspect.printRequestLog:116 -请求方式 : POST
2020-11-15 15:57:23.099 INFO  [http-nio-8080-exec-2]com.tqk.blog.aspect.RequestAspect.printRequestLog:119 -IP : 0:0:0:0:0:0:0:1
2020-11-15 15:57:23.101 INFO  [http-nio-8080-exec-2]com.tqk.blog.aspect.RequestAspect.printRequestLog:121 -方法 : com.tqk.blog.controller.AdminController.login
2020-11-15 15:57:23.101 INFO  [http-nio-8080-exec-2]com.tqk.blog.aspect.RequestAspect.printRequestLog:123 -请求参数：[com.tqk.blog.pojo.BlAdmin@6a2a12ed]
2020-11-15 15:57:23.199 DEBUG [http-nio-8080-exec-2]com.tqk.blog.mapper.BlAdminMapper.getByUsername.debug:159 -==>  Preparing: select name, header, signature, username, password from bl_admin where username = ? 
2020-11-15 15:57:23.230 DEBUG [http-nio-8080-exec-2]com.tqk.blog.mapper.BlAdminMapper.getByUsername.debug:159 -==> Parameters: admin(String)
2020-11-15 15:57:23.339 DEBUG [http-nio-8080-exec-2]com.tqk.blog.mapper.BlAdminMapper.getByUsername.debug:159 -<==      Total: 1
2020-11-15 15:57:23.360 INFO  [http-nio-8080-exec-2]com.tqk.blog.aspect.RequestAspect.doAround:67 -耗时 : 265
2020-11-15 15:57:23.462 INFO  [http-nio-8080-exec-2]com.tqk.blog.aspect.RequestAspect.doAfterReturning:81 -返回值：{"code":20000,"data":{"token":"5C16B7E3F5DF3CA9B99ECEAE579F0A9B"},"msg":"操作成功！"}
2020-11-15 15:57:23.512 DEBUG [http-nio-8080-exec-2]com.tqk.blog.mapper.BlLogMapper.save.debug:159 -==>  Preparing: insert into bl_log( log_url, log_params, log_status, log_message, log_method, log_time, log_result, log_ip ) values ( ?, ?, ?, ?, ?, ?, ?, ? ) 
2020-11-15 15:57:23.519 DEBUG [http-nio-8080-exec-2]com.tqk.blog.mapper.BlLogMapper.save.debug:159 -==> Parameters: /BlAdmin/login(String), [com.tqk.blog.pojo.BlAdmin@6a2a12ed](String), 1(Integer), null, POST(String), 265(Long), {"code":20000,"data":{"token":"5C16B7E3F5DF3CA9B99ECEAE579F0A9B"},"msg":"操作成功！"}(String), 0:0:0:0:0:0:0:1(String)
2020-11-15 15:57:23.666 DEBUG [http-nio-8080-exec-2]com.tqk.blog.mapper.BlLogMapper.save.debug:159 -<==    Updates: 1
2020-11-15 16:19:28.503 WARN  [http-nio-8080-exec-3]o.s.w.s.mvc.support.DefaultHandlerExceptionResolver.logException:199 -Resolved [org.springframework.http.converter.HttpMessageNotReadableException: I/O error while reading input message; nested exception is org.apache.catalina.connector.ClientAbortException: java.io.EOFException: Unexpected EOF read on the socket]
2020-11-15 16:19:51.704 WARN  [http-nio-8080-exec-4]o.s.w.s.mvc.support.DefaultHandlerExceptionResolver.logException:199 -Resolved [org.springframework.http.converter.HttpMessageNotReadableException: I/O error while reading input message; nested exception is org.apache.catalina.connector.ClientAbortException: java.io.EOFException: Unexpected EOF read on the socket]
2020-11-15 16:26:14.234 WARN  [http-nio-8080-exec-5]o.s.w.s.mvc.support.DefaultHandlerExceptionResolver.logException:199 -Resolved [org.springframework.http.converter.HttpMessageNotReadableException: I/O error while reading input message; nested exception is org.apache.catalina.connector.ClientAbortException: java.io.EOFException: Unexpected EOF read on the socket]
2020-11-15 16:44:57.069 WARN  [http-nio-8080-exec-6]o.s.w.s.mvc.support.DefaultHandlerExceptionResolver.logException:199 -Resolved [org.springframework.http.converter.HttpMessageNotReadableException: I/O error while reading input message; nested exception is org.apache.catalina.connector.ClientAbortException: java.io.EOFException: Unexpected EOF read on the socket]
2020-11-15 16:45:24.498 WARN  [http-nio-8080-exec-7]o.s.w.s.mvc.support.DefaultHandlerExceptionResolver.logException:199 -Resolved [org.springframework.http.converter.HttpMessageNotReadableException: I/O error while reading input message; nested exception is org.apache.catalina.connector.ClientAbortException: java.io.EOFException: Unexpected EOF read on the socket]
2020-11-15 16:48:36.089 INFO  [http-nio-8080-exec-9]com.tqk.blog.aspect.RequestAspect.printRequestLog:115 -请求地址 : /BlAdmin/login
2020-11-15 16:48:36.090 INFO  [http-nio-8080-exec-9]com.tqk.blog.aspect.RequestAspect.printRequestLog:116 -请求方式 : POST
2020-11-15 16:48:36.091 INFO  [http-nio-8080-exec-9]com.tqk.blog.aspect.RequestAspect.printRequestLog:119 -IP : 0:0:0:0:0:0:0:1
2020-11-15 16:48:36.092 INFO  [http-nio-8080-exec-9]com.tqk.blog.aspect.RequestAspect.printRequestLog:121 -方法 : com.tqk.blog.controller.AdminController.login
2020-11-15 16:48:36.093 INFO  [http-nio-8080-exec-9]com.tqk.blog.aspect.RequestAspect.printRequestLog:123 -请求参数：[com.tqk.blog.pojo.BlAdmin@239b9b27]
2020-11-15 16:48:36.143 DEBUG [http-nio-8080-exec-9]com.tqk.blog.mapper.BlAdminMapper.getByUsername.debug:159 -==>  Preparing: select name, header, signature, username, password from bl_admin where username = ? 
2020-11-15 16:48:36.144 DEBUG [http-nio-8080-exec-9]com.tqk.blog.mapper.BlAdminMapper.getByUsername.debug:159 -==> Parameters: admin(String)
2020-11-15 16:48:36.188 DEBUG [http-nio-8080-exec-9]com.tqk.blog.mapper.BlAdminMapper.getByUsername.debug:159 -<==      Total: 1
2020-11-15 16:48:36.189 INFO  [http-nio-8080-exec-9]com.tqk.blog.aspect.RequestAspect.doAround:67 -耗时 : 100
2020-11-15 16:48:36.190 INFO  [http-nio-8080-exec-9]com.tqk.blog.aspect.RequestAspect.doAfterReturning:81 -返回值：{"code":20000,"data":{"token":"1B574DB8872FF9822CA32EE9029EFCA1"},"msg":"操作成功！"}
2020-11-15 16:48:36.237 DEBUG [http-nio-8080-exec-9]com.tqk.blog.mapper.BlLogMapper.save.debug:159 -==>  Preparing: insert into bl_log( log_url, log_params, log_status, log_message, log_method, log_time, log_result, log_ip ) values ( ?, ?, ?, ?, ?, ?, ?, ? ) 
2020-11-15 16:48:36.240 DEBUG [http-nio-8080-exec-9]com.tqk.blog.mapper.BlLogMapper.save.debug:159 -==> Parameters: /BlAdmin/login(String), [com.tqk.blog.pojo.BlAdmin@239b9b27](String), 1(Integer), null, POST(String), 100(Long), {"code":20000,"data":{"token":"1B574DB8872FF9822CA32EE9029EFCA1"},"msg":"操作成功！"}(String), 0:0:0:0:0:0:0:1(String)
2020-11-15 16:48:36.334 DEBUG [http-nio-8080-exec-9]com.tqk.blog.mapper.BlLogMapper.save.debug:159 -<==    Updates: 1
2020-11-15 16:48:41.092 INFO  [http-nio-8080-exec-10]com.tqk.blog.aspect.RequestAspect.printRequestLog:115 -请求地址 : /BlAdmin/login
2020-11-15 16:48:41.093 INFO  [http-nio-8080-exec-10]com.tqk.blog.aspect.RequestAspect.printRequestLog:116 -请求方式 : POST
2020-11-15 16:48:41.094 INFO  [http-nio-8080-exec-10]com.tqk.blog.aspect.RequestAspect.printRequestLog:119 -IP : 0:0:0:0:0:0:0:1
2020-11-15 16:48:41.095 INFO  [http-nio-8080-exec-10]com.tqk.blog.aspect.RequestAspect.printRequestLog:121 -方法 : com.tqk.blog.controller.AdminController.login
2020-11-15 16:48:41.096 INFO  [http-nio-8080-exec-10]com.tqk.blog.aspect.RequestAspect.printRequestLog:123 -请求参数：[com.tqk.blog.pojo.BlAdmin@e86c14c]
2020-11-15 16:48:41.139 DEBUG [http-nio-8080-exec-10]com.tqk.blog.mapper.BlAdminMapper.getByUsername.debug:159 -==>  Preparing: select name, header, signature, username, password from bl_admin where username = ? 
2020-11-15 16:48:41.140 DEBUG [http-nio-8080-exec-10]com.tqk.blog.mapper.BlAdminMapper.getByUsername.debug:159 -==> Parameters: admin(String)
2020-11-15 16:48:41.184 DEBUG [http-nio-8080-exec-10]com.tqk.blog.mapper.BlAdminMapper.getByUsername.debug:159 -<==      Total: 1
2020-11-15 16:48:41.186 INFO  [http-nio-8080-exec-10]com.tqk.blog.aspect.RequestAspect.doAround:67 -耗时 : 94
2020-11-15 16:48:41.187 INFO  [http-nio-8080-exec-10]com.tqk.blog.aspect.RequestAspect.doAfterReturning:81 -返回值：{"code":20000,"data":{"token":"1B574DB8872FF9822CA32EE9029EFCA1"},"msg":"操作成功！"}
2020-11-15 16:48:41.236 DEBUG [http-nio-8080-exec-10]com.tqk.blog.mapper.BlLogMapper.save.debug:159 -==>  Preparing: insert into bl_log( log_url, log_params, log_status, log_message, log_method, log_time, log_result, log_ip ) values ( ?, ?, ?, ?, ?, ?, ?, ? ) 
2020-11-15 16:48:41.240 DEBUG [http-nio-8080-exec-10]com.tqk.blog.mapper.BlLogMapper.save.debug:159 -==> Parameters: /BlAdmin/login(String), [com.tqk.blog.pojo.BlAdmin@e86c14c](String), 1(Integer), null, POST(String), 94(Long), {"code":20000,"data":{"token":"1B574DB8872FF9822CA32EE9029EFCA1"},"msg":"操作成功！"}(String), 0:0:0:0:0:0:0:1(String)
2020-11-15 16:48:41.337 DEBUG [http-nio-8080-exec-10]com.tqk.blog.mapper.BlLogMapper.save.debug:159 -<==    Updates: 1
2020-11-15 16:51:48.090 WARN  [http-nio-8080-exec-2]o.s.w.s.mvc.support.DefaultHandlerExceptionResolver.logException:199 -Resolved [org.springframework.http.converter.HttpMessageNotReadableException: I/O error while reading input message; nested exception is org.apache.catalina.connector.ClientAbortException: java.io.EOFException: Unexpected EOF read on the socket]
2020-11-15 17:18:19.257 WARN  [http-nio-8080-exec-3]o.s.w.s.mvc.support.DefaultHandlerExceptionResolver.logException:199 -Resolved [org.springframework.http.converter.HttpMessageNotReadableException: I/O error while reading input message; nested exception is org.apache.catalina.connector.ClientAbortException: java.io.EOFException: Unexpected EOF read on the socket]
2020-11-15 17:25:12.774 WARN  [http-nio-8080-exec-4]o.s.w.s.mvc.support.DefaultHandlerExceptionResolver.logException:199 -Resolved [org.springframework.http.converter.HttpMessageNotReadableException: I/O error while reading input message; nested exception is org.apache.catalina.connector.ClientAbortException: java.io.EOFException: Unexpected EOF read on the socket]
2020-11-15 17:28:30.202 WARN  [http-nio-8080-exec-5]o.s.w.s.mvc.support.DefaultHandlerExceptionResolver.logException:199 -Resolved [org.springframework.http.converter.HttpMessageNotReadableException: I/O error while reading input message; nested exception is org.apache.catalina.connector.ClientAbortException: java.io.EOFException: Unexpected EOF read on the socket]
2020-11-15 19:35:20.672 WARN  [http-nio-8080-exec-6]o.s.w.s.mvc.support.DefaultHandlerExceptionResolver.logException:199 -Resolved [org.springframework.http.converter.HttpMessageNotReadableException: Required request body is missing: public com.tqk.blog.utils.Result<java.lang.Object> com.tqk.blog.controller.AdminController.login(com.tqk.blog.pojo.BlAdmin)]
2020-11-15 19:35:59.153 WARN  [http-nio-8080-exec-7]o.s.w.s.mvc.support.DefaultHandlerExceptionResolver.logException:199 -Resolved [org.springframework.http.converter.HttpMessageNotReadableException: Required request body is missing: public com.tqk.blog.utils.Result<java.lang.Object> com.tqk.blog.controller.AdminController.login(com.tqk.blog.pojo.BlAdmin)]
2020-11-15 20:03:08.932 WARN  [http-nio-8080-exec-8]o.s.w.s.mvc.support.DefaultHandlerExceptionResolver.logException:199 -Resolved [org.springframework.http.converter.HttpMessageNotReadableException: Required request body is missing: public com.tqk.blog.utils.Result<java.lang.Object> com.tqk.blog.controller.AdminController.login(com.tqk.blog.pojo.BlAdmin)]
2020-11-15 20:09:51.605 WARN  [http-nio-8080-exec-9]o.s.w.s.mvc.support.DefaultHandlerExceptionResolver.logException:199 -Resolved [org.springframework.http.converter.HttpMessageNotReadableException: Required request body is missing: public com.tqk.blog.utils.Result<java.lang.Object> com.tqk.blog.controller.AdminController.login(com.tqk.blog.pojo.BlAdmin)]
2020-11-15 20:10:40.768 INFO  [http-nio-8080-exec-1]com.tqk.blog.aspect.RequestAspect.printRequestLog:115 -请求地址 : /BlAdmin/login
2020-11-15 20:10:40.769 INFO  [http-nio-8080-exec-1]com.tqk.blog.aspect.RequestAspect.printRequestLog:116 -请求方式 : POST
2020-11-15 20:10:40.770 INFO  [http-nio-8080-exec-1]com.tqk.blog.aspect.RequestAspect.printRequestLog:119 -IP : 0:0:0:0:0:0:0:1
2020-11-15 20:10:40.770 INFO  [http-nio-8080-exec-1]com.tqk.blog.aspect.RequestAspect.printRequestLog:121 -方法 : com.tqk.blog.controller.AdminController.login
2020-11-15 20:10:40.770 INFO  [http-nio-8080-exec-1]com.tqk.blog.aspect.RequestAspect.printRequestLog:123 -请求参数：[com.tqk.blog.pojo.BlAdmin@4647c452]
2020-11-15 20:10:40.816 DEBUG [http-nio-8080-exec-1]com.tqk.blog.mapper.BlAdminMapper.getByUsername.debug:159 -==>  Preparing: select name, header, signature, username, password from bl_admin where username = ? 
2020-11-15 20:10:40.817 DEBUG [http-nio-8080-exec-1]com.tqk.blog.mapper.BlAdminMapper.getByUsername.debug:159 -==> Parameters: admin(String)
2020-11-15 20:10:40.861 DEBUG [http-nio-8080-exec-1]com.tqk.blog.mapper.BlAdminMapper.getByUsername.debug:159 -<==      Total: 1
2020-11-15 20:10:40.862 INFO  [http-nio-8080-exec-1]com.tqk.blog.aspect.RequestAspect.doAround:67 -耗时 : 94
2020-11-15 20:10:40.862 INFO  [http-nio-8080-exec-1]com.tqk.blog.aspect.RequestAspect.doAfterReturning:81 -返回值：{"code":20000,"data":{"token":"AEBFBAF29C2B1DCA2CD5B34C23FE0B49"},"msg":"操作成功！"}
2020-11-15 20:10:40.907 DEBUG [http-nio-8080-exec-1]com.tqk.blog.mapper.BlLogMapper.save.debug:159 -==>  Preparing: insert into bl_log( log_url, log_params, log_status, log_message, log_method, log_time, log_result, log_ip ) values ( ?, ?, ?, ?, ?, ?, ?, ? ) 
2020-11-15 20:10:40.909 DEBUG [http-nio-8080-exec-1]com.tqk.blog.mapper.BlLogMapper.save.debug:159 -==> Parameters: /BlAdmin/login(String), [com.tqk.blog.pojo.BlAdmin@4647c452](String), 1(Integer), null, POST(String), 94(Long), {"code":20000,"data":{"token":"AEBFBAF29C2B1DCA2CD5B34C23FE0B49"},"msg":"操作成功！"}(String), 0:0:0:0:0:0:0:1(String)
2020-11-15 20:10:41.002 DEBUG [http-nio-8080-exec-1]com.tqk.blog.mapper.BlLogMapper.save.debug:159 -<==    Updates: 1
2020-11-15 20:11:14.431 INFO  [http-nio-8080-exec-4]com.tqk.blog.aspect.RequestAspect.printRequestLog:115 -请求地址 : /BlAdmin/login
2020-11-15 20:11:14.432 INFO  [http-nio-8080-exec-4]com.tqk.blog.aspect.RequestAspect.printRequestLog:116 -请求方式 : POST
2020-11-15 20:11:14.432 INFO  [http-nio-8080-exec-4]com.tqk.blog.aspect.RequestAspect.printRequestLog:119 -IP : 0:0:0:0:0:0:0:1
2020-11-15 20:11:14.433 INFO  [http-nio-8080-exec-4]com.tqk.blog.aspect.RequestAspect.printRequestLog:121 -方法 : com.tqk.blog.controller.AdminController.login
2020-11-15 20:11:14.433 INFO  [http-nio-8080-exec-4]com.tqk.blog.aspect.RequestAspect.printRequestLog:123 -请求参数：[com.tqk.blog.pojo.BlAdmin@75dd3fd8]
2020-11-15 20:11:14.478 DEBUG [http-nio-8080-exec-4]com.tqk.blog.mapper.BlAdminMapper.getByUsername.debug:159 -==>  Preparing: select name, header, signature, username, password from bl_admin where username = ? 
2020-11-15 20:11:14.479 DEBUG [http-nio-8080-exec-4]com.tqk.blog.mapper.BlAdminMapper.getByUsername.debug:159 -==> Parameters: admin(String)
2020-11-15 20:11:14.522 DEBUG [http-nio-8080-exec-4]com.tqk.blog.mapper.BlAdminMapper.getByUsername.debug:159 -<==      Total: 1
2020-11-15 20:11:14.523 INFO  [http-nio-8080-exec-4]com.tqk.blog.aspect.RequestAspect.doAround:67 -耗时 : 92
2020-11-15 20:11:14.524 INFO  [http-nio-8080-exec-4]com.tqk.blog.aspect.RequestAspect.doAfterReturning:81 -返回值：{"code":20000,"data":{"token":"AEBFBAF29C2B1DCA2CD5B34C23FE0B49"},"msg":"操作成功！"}
2020-11-15 20:11:14.569 DEBUG [http-nio-8080-exec-4]com.tqk.blog.mapper.BlLogMapper.save.debug:159 -==>  Preparing: insert into bl_log( log_url, log_params, log_status, log_message, log_method, log_time, log_result, log_ip ) values ( ?, ?, ?, ?, ?, ?, ?, ? ) 
2020-11-15 20:11:14.571 DEBUG [http-nio-8080-exec-4]com.tqk.blog.mapper.BlLogMapper.save.debug:159 -==> Parameters: /BlAdmin/login(String), [com.tqk.blog.pojo.BlAdmin@75dd3fd8](String), 1(Integer), null, POST(String), 92(Long), {"code":20000,"data":{"token":"AEBFBAF29C2B1DCA2CD5B34C23FE0B49"},"msg":"操作成功！"}(String), 0:0:0:0:0:0:0:1(String)
2020-11-15 20:11:14.663 DEBUG [http-nio-8080-exec-4]com.tqk.blog.mapper.BlLogMapper.save.debug:159 -<==    Updates: 1
2020-11-15 20:11:37.707 INFO  [http-nio-8080-exec-5]com.tqk.blog.aspect.RequestAspect.printRequestLog:115 -请求地址 : /BlAdmin/login
2020-11-15 20:11:37.708 INFO  [http-nio-8080-exec-5]com.tqk.blog.aspect.RequestAspect.printRequestLog:116 -请求方式 : POST
2020-11-15 20:11:37.708 INFO  [http-nio-8080-exec-5]com.tqk.blog.aspect.RequestAspect.printRequestLog:119 -IP : 0:0:0:0:0:0:0:1
2020-11-15 20:11:37.709 INFO  [http-nio-8080-exec-5]com.tqk.blog.aspect.RequestAspect.printRequestLog:121 -方法 : com.tqk.blog.controller.AdminController.login
2020-11-15 20:11:37.709 INFO  [http-nio-8080-exec-5]com.tqk.blog.aspect.RequestAspect.printRequestLog:123 -请求参数：[com.tqk.blog.pojo.BlAdmin@5193c990]
2020-11-15 20:11:37.754 DEBUG [http-nio-8080-exec-5]com.tqk.blog.mapper.BlAdminMapper.getByUsername.debug:159 -==>  Preparing: select name, header, signature, username, password from bl_admin where username = ? 
2020-11-15 20:11:37.755 DEBUG [http-nio-8080-exec-5]com.tqk.blog.mapper.BlAdminMapper.getByUsername.debug:159 -==> Parameters: admin(String)
2020-11-15 20:11:37.798 DEBUG [http-nio-8080-exec-5]com.tqk.blog.mapper.BlAdminMapper.getByUsername.debug:159 -<==      Total: 1
2020-11-15 20:11:37.800 INFO  [http-nio-8080-exec-5]com.tqk.blog.aspect.RequestAspect.doAround:67 -耗时 : 93
2020-11-15 20:11:37.801 INFO  [http-nio-8080-exec-5]com.tqk.blog.aspect.RequestAspect.doAfterReturning:81 -返回值：{"code":20000,"data":{"token":"AEBFBAF29C2B1DCA2CD5B34C23FE0B49"},"msg":"操作成功！"}
2020-11-15 20:11:37.846 DEBUG [http-nio-8080-exec-5]com.tqk.blog.mapper.BlLogMapper.save.debug:159 -==>  Preparing: insert into bl_log( log_url, log_params, log_status, log_message, log_method, log_time, log_result, log_ip ) values ( ?, ?, ?, ?, ?, ?, ?, ? ) 
2020-11-15 20:11:37.847 DEBUG [http-nio-8080-exec-5]com.tqk.blog.mapper.BlLogMapper.save.debug:159 -==> Parameters: /BlAdmin/login(String), [com.tqk.blog.pojo.BlAdmin@5193c990](String), 1(Integer), null, POST(String), 93(Long), {"code":20000,"data":{"token":"AEBFBAF29C2B1DCA2CD5B34C23FE0B49"},"msg":"操作成功！"}(String), 0:0:0:0:0:0:0:1(String)
2020-11-15 20:11:37.947 DEBUG [http-nio-8080-exec-5]com.tqk.blog.mapper.BlLogMapper.save.debug:159 -<==    Updates: 1
2020-11-15 20:11:42.048 INFO  [http-nio-8080-exec-6]com.tqk.blog.aspect.RequestAspect.printRequestLog:115 -请求地址 : /BlAdmin/login
2020-11-15 20:11:42.049 INFO  [http-nio-8080-exec-6]com.tqk.blog.aspect.RequestAspect.printRequestLog:116 -请求方式 : POST
2020-11-15 20:11:42.049 INFO  [http-nio-8080-exec-6]com.tqk.blog.aspect.RequestAspect.printRequestLog:119 -IP : 0:0:0:0:0:0:0:1
2020-11-15 20:11:42.050 INFO  [http-nio-8080-exec-6]com.tqk.blog.aspect.RequestAspect.printRequestLog:121 -方法 : com.tqk.blog.controller.AdminController.login
2020-11-15 20:11:42.050 INFO  [http-nio-8080-exec-6]com.tqk.blog.aspect.RequestAspect.printRequestLog:123 -请求参数：[com.tqk.blog.pojo.BlAdmin@15cea12c]
2020-11-15 20:11:42.106 DEBUG [http-nio-8080-exec-6]com.tqk.blog.mapper.BlAdminMapper.getByUsername.debug:159 -==>  Preparing: select name, header, signature, username, password from bl_admin where username = ? 
2020-11-15 20:11:42.107 DEBUG [http-nio-8080-exec-6]com.tqk.blog.mapper.BlAdminMapper.getByUsername.debug:159 -==> Parameters: admin(String)
2020-11-15 20:11:42.154 DEBUG [http-nio-8080-exec-6]com.tqk.blog.mapper.BlAdminMapper.getByUsername.debug:159 -<==      Total: 1
2020-11-15 20:11:42.155 INFO  [http-nio-8080-exec-6]com.tqk.blog.aspect.RequestAspect.doAround:67 -耗时 : 107
2020-11-15 20:11:42.155 INFO  [http-nio-8080-exec-6]com.tqk.blog.aspect.RequestAspect.doAfterReturning:81 -返回值：{"code":20000,"data":{"token":"AEBFBAF29C2B1DCA2CD5B34C23FE0B49"},"msg":"操作成功！"}
2020-11-15 20:11:42.199 DEBUG [http-nio-8080-exec-6]com.tqk.blog.mapper.BlLogMapper.save.debug:159 -==>  Preparing: insert into bl_log( log_url, log_params, log_status, log_message, log_method, log_time, log_result, log_ip ) values ( ?, ?, ?, ?, ?, ?, ?, ? ) 
2020-11-15 20:11:42.200 DEBUG [http-nio-8080-exec-6]com.tqk.blog.mapper.BlLogMapper.save.debug:159 -==> Parameters: /BlAdmin/login(String), [com.tqk.blog.pojo.BlAdmin@15cea12c](String), 1(Integer), null, POST(String), 107(Long), {"code":20000,"data":{"token":"AEBFBAF29C2B1DCA2CD5B34C23FE0B49"},"msg":"操作成功！"}(String), 0:0:0:0:0:0:0:1(String)
2020-11-15 20:11:42.293 DEBUG [http-nio-8080-exec-6]com.tqk.blog.mapper.BlLogMapper.save.debug:159 -<==    Updates: 1
2020-11-15 20:11:47.711 WARN  [http-nio-8080-exec-9]o.s.w.s.mvc.support.DefaultHandlerExceptionResolver.logException:199 -Resolved [org.springframework.web.HttpMediaTypeNotSupportedException: Content type 'application/octet-stream' not supported]
2020-11-15 20:12:01.369 INFO  [http-nio-8080-exec-4]com.tqk.blog.aspect.RequestAspect.printRequestLog:115 -请求地址 : /BlAdmin/login
2020-11-15 20:12:01.370 INFO  [http-nio-8080-exec-4]com.tqk.blog.aspect.RequestAspect.printRequestLog:116 -请求方式 : POST
2020-11-15 20:12:01.370 INFO  [http-nio-8080-exec-4]com.tqk.blog.aspect.RequestAspect.printRequestLog:119 -IP : 0:0:0:0:0:0:0:1
2020-11-15 20:12:01.371 INFO  [http-nio-8080-exec-4]com.tqk.blog.aspect.RequestAspect.printRequestLog:121 -方法 : com.tqk.blog.controller.AdminController.login
2020-11-15 20:12:01.371 INFO  [http-nio-8080-exec-4]com.tqk.blog.aspect.RequestAspect.printRequestLog:123 -请求参数：[com.tqk.blog.pojo.BlAdmin@3d242502]
2020-11-15 20:12:01.415 DEBUG [http-nio-8080-exec-4]com.tqk.blog.mapper.BlAdminMapper.getByUsername.debug:159 -==>  Preparing: select name, header, signature, username, password from bl_admin where username = ? 
2020-11-15 20:12:01.415 DEBUG [http-nio-8080-exec-4]com.tqk.blog.mapper.BlAdminMapper.getByUsername.debug:159 -==> Parameters: admin(String)
2020-11-15 20:12:01.459 DEBUG [http-nio-8080-exec-4]com.tqk.blog.mapper.BlAdminMapper.getByUsername.debug:159 -<==      Total: 1
2020-11-15 20:12:01.460 INFO  [http-nio-8080-exec-4]com.tqk.blog.aspect.RequestAspect.doAround:67 -耗时 : 91
2020-11-15 20:12:01.461 INFO  [http-nio-8080-exec-4]com.tqk.blog.aspect.RequestAspect.doAfterReturning:81 -返回值：{"code":20000,"data":{"token":"AEBFBAF29C2B1DCA2CD5B34C23FE0B49"},"msg":"操作成功！"}
2020-11-15 20:12:01.507 DEBUG [http-nio-8080-exec-4]com.tqk.blog.mapper.BlLogMapper.save.debug:159 -==>  Preparing: insert into bl_log( log_url, log_params, log_status, log_message, log_method, log_time, log_result, log_ip ) values ( ?, ?, ?, ?, ?, ?, ?, ? ) 
2020-11-15 20:12:01.508 DEBUG [http-nio-8080-exec-4]com.tqk.blog.mapper.BlLogMapper.save.debug:159 -==> Parameters: /BlAdmin/login(String), [com.tqk.blog.pojo.BlAdmin@3d242502](String), 1(Integer), null, POST(String), 91(Long), {"code":20000,"data":{"token":"AEBFBAF29C2B1DCA2CD5B34C23FE0B49"},"msg":"操作成功！"}(String), 0:0:0:0:0:0:0:1(String)
2020-11-15 20:12:01.602 DEBUG [http-nio-8080-exec-4]com.tqk.blog.mapper.BlLogMapper.save.debug:159 -<==    Updates: 1
2020-11-15 20:34:26.989 WARN  [http-nio-8080-exec-6]o.s.w.s.mvc.support.DefaultHandlerExceptionResolver.logException:199 -Resolved [org.springframework.http.converter.HttpMessageNotReadableException: Required request body is missing: public com.tqk.blog.utils.Result<java.lang.Object> com.tqk.blog.controller.AdminController.login(com.tqk.blog.pojo.BlAdmin)]
2020-11-15 21:24:58.813 WARN  [http-nio-8080-exec-9]o.s.w.s.mvc.support.DefaultHandlerExceptionResolver.logException:199 -Resolved [org.springframework.http.converter.HttpMessageNotReadableException: Required request body is missing: public com.tqk.blog.utils.Result<java.lang.Object> com.tqk.blog.controller.AdminController.login(com.tqk.blog.pojo.BlAdmin)]
2020-11-15 21:25:53.036 WARN  [http-nio-8080-exec-10]o.s.w.s.mvc.support.DefaultHandlerExceptionResolver.logException:199 -Resolved [org.springframework.http.converter.HttpMessageNotReadableException: Required request body is missing: public com.tqk.blog.utils.Result<java.lang.Object> com.tqk.blog.controller.AdminController.login(com.tqk.blog.pojo.BlAdmin)]
2020-11-15 21:28:06.794 WARN  [http-nio-8080-exec-1]o.s.w.s.mvc.support.DefaultHandlerExceptionResolver.logException:199 -Resolved [org.springframework.http.converter.HttpMessageNotReadableException: I/O error while reading input message; nested exception is org.apache.catalina.connector.ClientAbortException: java.io.EOFException: Unexpected EOF read on the socket]
2020-11-15 21:28:25.267 INFO  [http-nio-8080-exec-3]com.tqk.blog.aspect.RequestAspect.printRequestLog:115 -请求地址 : /BlAdmin/login
2020-11-15 21:28:25.268 INFO  [http-nio-8080-exec-3]com.tqk.blog.aspect.RequestAspect.printRequestLog:116 -请求方式 : POST
2020-11-15 21:28:25.269 INFO  [http-nio-8080-exec-3]com.tqk.blog.aspect.RequestAspect.printRequestLog:119 -IP : 0:0:0:0:0:0:0:1
2020-11-15 21:28:25.270 INFO  [http-nio-8080-exec-3]com.tqk.blog.aspect.RequestAspect.printRequestLog:121 -方法 : com.tqk.blog.controller.AdminController.login
2020-11-15 21:28:25.270 INFO  [http-nio-8080-exec-3]com.tqk.blog.aspect.RequestAspect.printRequestLog:123 -请求参数：[com.tqk.blog.pojo.BlAdmin@87239c0]
2020-11-15 21:28:25.319 DEBUG [http-nio-8080-exec-3]com.tqk.blog.mapper.BlAdminMapper.getByUsername.debug:159 -==>  Preparing: select name, header, signature, username, password from bl_admin where username = ? 
2020-11-15 21:28:25.321 DEBUG [http-nio-8080-exec-3]com.tqk.blog.mapper.BlAdminMapper.getByUsername.debug:159 -==> Parameters: admin(String)
2020-11-15 21:28:25.366 DEBUG [http-nio-8080-exec-3]com.tqk.blog.mapper.BlAdminMapper.getByUsername.debug:159 -<==      Total: 1
2020-11-15 21:28:25.369 INFO  [http-nio-8080-exec-3]com.tqk.blog.aspect.RequestAspect.doAround:67 -耗时 : 102
2020-11-15 21:28:25.370 INFO  [http-nio-8080-exec-3]com.tqk.blog.aspect.RequestAspect.doAfterReturning:81 -返回值：{"code":20000,"data":{"token":"68EB56FC3867A33C09AB44F32DDDBA59"},"msg":"操作成功！"}
2020-11-15 21:28:25.415 DEBUG [http-nio-8080-exec-3]com.tqk.blog.mapper.BlLogMapper.save.debug:159 -==>  Preparing: insert into bl_log( log_url, log_params, log_status, log_message, log_method, log_time, log_result, log_ip ) values ( ?, ?, ?, ?, ?, ?, ?, ? ) 
2020-11-15 21:28:25.417 DEBUG [http-nio-8080-exec-3]com.tqk.blog.mapper.BlLogMapper.save.debug:159 -==> Parameters: /BlAdmin/login(String), [com.tqk.blog.pojo.BlAdmin@87239c0](String), 1(Integer), null, POST(String), 102(Long), {"code":20000,"data":{"token":"68EB56FC3867A33C09AB44F32DDDBA59"},"msg":"操作成功！"}(String), 0:0:0:0:0:0:0:1(String)
2020-11-15 21:28:25.510 DEBUG [http-nio-8080-exec-3]com.tqk.blog.mapper.BlLogMapper.save.debug:159 -<==    Updates: 1
2020-11-15 21:28:39.214 WARN  [http-nio-8080-exec-5]o.s.w.s.mvc.support.DefaultHandlerExceptionResolver.logException:199 -Resolved [org.springframework.http.converter.HttpMessageNotReadableException: I/O error while reading input message; nested exception is org.apache.catalina.connector.ClientAbortException: java.io.EOFException: Unexpected EOF read on the socket]
2020-11-15 21:29:37.258 WARN  [http-nio-8080-exec-6]o.s.w.s.mvc.support.DefaultHandlerExceptionResolver.logException:199 -Resolved [org.springframework.http.converter.HttpMessageNotReadableException: I/O error while reading input message; nested exception is org.apache.catalina.connector.ClientAbortException: java.io.EOFException: Unexpected EOF read on the socket]
2020-11-15 21:32:13.292 WARN  [http-nio-8080-exec-7]o.s.w.s.mvc.support.DefaultHandlerExceptionResolver.logException:199 -Resolved [org.springframework.http.converter.HttpMessageNotReadableException: I/O error while reading input message; nested exception is org.apache.catalina.connector.ClientAbortException: java.io.EOFException: Unexpected EOF read on the socket]
2020-11-15 21:32:29.829 WARN  [http-nio-8080-exec-8]o.s.w.s.mvc.support.DefaultHandlerExceptionResolver.logException:199 -Resolved [org.springframework.http.converter.HttpMessageNotReadableException: Required request body is missing: public com.tqk.blog.utils.Result<java.lang.Object> com.tqk.blog.controller.AdminController.login(com.tqk.blog.pojo.BlAdmin)]
2020-11-15 21:32:55.539 WARN  [http-nio-8080-exec-9]o.s.w.s.mvc.support.DefaultHandlerExceptionResolver.logException:199 -Resolved [org.springframework.http.converter.HttpMessageNotReadableException: Required request body is missing: public com.tqk.blog.utils.Result<java.lang.Object> com.tqk.blog.controller.AdminController.login(com.tqk.blog.pojo.BlAdmin)]
2020-11-15 21:35:50.130 WARN  [http-nio-8080-exec-10]o.s.w.s.mvc.support.DefaultHandlerExceptionResolver.logException:199 -Resolved [org.springframework.http.converter.HttpMessageNotReadableException: Required request body is missing: public com.tqk.blog.utils.Result<java.lang.Object> com.tqk.blog.controller.AdminController.login(com.tqk.blog.pojo.BlAdmin)]
2020-11-15 21:36:04.914 WARN  [http-nio-8080-exec-1]o.s.w.s.mvc.support.DefaultHandlerExceptionResolver.logException:199 -Resolved [org.springframework.http.converter.HttpMessageNotReadableException: Required request body is missing: public com.tqk.blog.utils.Result<java.lang.Object> com.tqk.blog.controller.AdminController.login(com.tqk.blog.pojo.BlAdmin)]
2020-11-15 21:37:21.465 WARN  [http-nio-8080-exec-2]o.s.w.s.mvc.support.DefaultHandlerExceptionResolver.logException:199 -Resolved [org.springframework.http.converter.HttpMessageNotReadableException: Required request body is missing: public com.tqk.blog.utils.Result<java.lang.Object> com.tqk.blog.controller.AdminController.login(com.tqk.blog.pojo.BlAdmin)]
2020-11-15 21:39:48.274 WARN  [http-nio-8080-exec-3]o.s.w.s.mvc.support.DefaultHandlerExceptionResolver.logException:199 -Resolved [org.springframework.http.converter.HttpMessageNotReadableException: Required request body is missing: public com.tqk.blog.utils.Result<java.lang.Object> com.tqk.blog.controller.AdminController.login(com.tqk.blog.pojo.BlAdmin)]
2020-11-15 21:40:55.701 INFO  [main]com.tqk.blog.BlogApplication.logStarting:55 -Starting BlogApplication on WIN-LFFH2UEU8RH with PID 16956 (D:\javaweb\blog\target\classes started by Administrator in D:\javaweb\blog)
2020-11-15 21:40:55.703 DEBUG [main]com.tqk.blog.BlogApplication.logStarting:56 -Running with Spring Boot v2.2.2.RELEASE, Spring v5.2.2.RELEASE
2020-11-15 21:40:55.704 INFO  [main]com.tqk.blog.BlogApplication.logStartupProfileInfo:655 -The following profiles are active: dev
2020-11-15 21:40:57.020 INFO  [main]o.s.c.s.PostProcessorRegistrationDelegate$BeanPostProcessorChecker.postProcessAfterInitialization:330 -Bean 'org.springframework.transaction.annotation.ProxyTransactionManagementConfiguration' of type [org.springframework.transaction.annotation.ProxyTransactionManagementConfiguration] is not eligible for getting processed by all BeanPostProcessors (for example: not eligible for auto-proxying)
2020-11-15 21:40:57.151 INFO  [main]o.s.c.s.PostProcessorRegistrationDelegate$BeanPostProcessorChecker.postProcessAfterInitialization:330 -Bean 'shiroConfig' of type [com.tqk.blog.config.ShiroConfig$$EnhancerBySpringCGLIB$$da17735b] is not eligible for getting processed by all BeanPostProcessors (for example: not eligible for auto-proxying)
2020-11-15 21:40:57.203 INFO  [main]o.s.c.s.PostProcessorRegistrationDelegate$BeanPostProcessorChecker.postProcessAfterInitialization:330 -Bean 'mybatis-tk.mybatis.mapper.autoconfigure.MybatisProperties' of type [tk.mybatis.mapper.autoconfigure.MybatisProperties] is not eligible for getting processed by all BeanPostProcessors (for example: not eligible for auto-proxying)
2020-11-15 21:40:57.217 INFO  [main]o.s.c.s.PostProcessorRegistrationDelegate$BeanPostProcessorChecker.postProcessAfterInitialization:330 -Bean 'tk.mybatis.mapper.autoconfigure.MapperAutoConfiguration' of type [tk.mybatis.mapper.autoconfigure.MapperAutoConfiguration$$EnhancerBySpringCGLIB$$2314f689] is not eligible for getting processed by all BeanPostProcessors (for example: not eligible for auto-proxying)
2020-11-15 21:40:57.221 INFO  [main]o.s.c.s.PostProcessorRegistrationDelegate$BeanPostProcessorChecker.postProcessAfterInitialization:330 -Bean 'com.alibaba.druid.spring.boot.autoconfigure.DruidDataSourceAutoConfigure' of type [com.alibaba.druid.spring.boot.autoconfigure.DruidDataSourceAutoConfigure$$EnhancerBySpringCGLIB$$86d04462] is not eligible for getting processed by all BeanPostProcessors (for example: not eligible for auto-proxying)
2020-11-15 21:40:57.227 INFO  [main]c.a.d.s.boot.autoconfigure.DruidDataSourceAutoConfigure.dataSource:56 -Init DruidDataSource
2020-11-15 21:40:57.310 INFO  [main]o.s.c.s.PostProcessorRegistrationDelegate$BeanPostProcessorChecker.postProcessAfterInitialization:330 -Bean 'spring.datasource-org.springframework.boot.autoconfigure.jdbc.DataSourceProperties' of type [org.springframework.boot.autoconfigure.jdbc.DataSourceProperties] is not eligible for getting processed by all BeanPostProcessors (for example: not eligible for auto-proxying)
2020-11-15 21:40:57.334 INFO  [main]o.s.c.s.PostProcessorRegistrationDelegate$BeanPostProcessorChecker.postProcessAfterInitialization:330 -Bean 'com.alibaba.druid.spring.boot.autoconfigure.stat.DruidFilterConfiguration' of type [com.alibaba.druid.spring.boot.autoconfigure.stat.DruidFilterConfiguration] is not eligible for getting processed by all BeanPostProcessors (for example: not eligible for auto-proxying)
2020-11-15 21:40:57.389 INFO  [main]o.s.c.s.PostProcessorRegistrationDelegate$BeanPostProcessorChecker.postProcessAfterInitialization:330 -Bean 'statFilter' of type [com.alibaba.druid.filter.stat.StatFilter] is not eligible for getting processed by all BeanPostProcessors (for example: not eligible for auto-proxying)
2020-11-15 21:41:00.321 INFO  [main]com.alibaba.druid.pool.DruidDataSource.init:930 -{dataSource-1} inited
2020-11-15 21:41:00.322 INFO  [main]o.s.c.s.PostProcessorRegistrationDelegate$BeanPostProcessorChecker.postProcessAfterInitialization:330 -Bean 'dataSource' of type [com.alibaba.druid.spring.boot.autoconfigure.DruidDataSourceWrapper] is not eligible for getting processed by all BeanPostProcessors (for example: not eligible for auto-proxying)
2020-11-15 21:41:00.410 INFO  [main]o.s.c.s.PostProcessorRegistrationDelegate$BeanPostProcessorChecker.postProcessAfterInitialization:330 -Bean 'org.springframework.boot.autoconfigure.jdbc.DataSourceInitializerInvoker' of type [org.springframework.boot.autoconfigure.jdbc.DataSourceInitializerInvoker] is not eligible for getting processed by all BeanPostProcessors (for example: not eligible for auto-proxying)
2020-11-15 21:41:00.833 INFO  [main]o.s.c.s.PostProcessorRegistrationDelegate$BeanPostProcessorChecker.postProcessAfterInitialization:330 -Bean 'sqlSessionFactory' of type [org.apache.ibatis.session.defaults.DefaultSqlSessionFactory] is not eligible for getting processed by all BeanPostProcessors (for example: not eligible for auto-proxying)
2020-11-15 21:41:00.846 INFO  [main]o.s.c.s.PostProcessorRegistrationDelegate$BeanPostProcessorChecker.postProcessAfterInitialization:330 -Bean 'sqlSessionTemplate' of type [org.mybatis.spring.SqlSessionTemplate] is not eligible for getting processed by all BeanPostProcessors (for example: not eligible for auto-proxying)
2020-11-15 21:41:00.939 INFO  [main]o.s.c.s.PostProcessorRegistrationDelegate$BeanPostProcessorChecker.postProcessAfterInitialization:330 -Bean 'blAdminMapper' of type [tk.mybatis.spring.mapper.MapperFactoryBean] is not eligible for getting processed by all BeanPostProcessors (for example: not eligible for auto-proxying)
2020-11-15 21:41:00.950 INFO  [main]o.s.c.s.PostProcessorRegistrationDelegate$BeanPostProcessorChecker.postProcessAfterInitialization:330 -Bean 'blAdminMapper' of type [com.sun.proxy.$Proxy86] is not eligible for getting processed by all BeanPostProcessors (for example: not eligible for auto-proxying)
2020-11-15 21:41:01.008 INFO  [main]o.s.c.s.PostProcessorRegistrationDelegate$BeanPostProcessorChecker.postProcessAfterInitialization:330 -Bean 'adminServiceImpl' of type [com.tqk.blog.service.impl.AdminServiceImpl] is not eligible for getting processed by all BeanPostProcessors (for example: not eligible for auto-proxying)
2020-11-15 21:41:01.010 INFO  [main]o.s.c.s.PostProcessorRegistrationDelegate$BeanPostProcessorChecker.postProcessAfterInitialization:330 -Bean 'adminRealm' of type [com.tqk.blog.realm.AdminRealm] is not eligible for getting processed by all BeanPostProcessors (for example: not eligible for auto-proxying)
2020-11-15 21:41:01.484 INFO  [main]o.s.c.s.PostProcessorRegistrationDelegate$BeanPostProcessorChecker.postProcessAfterInitialization:330 -Bean 'securityManager' of type [org.apache.shiro.web.mgt.DefaultWebSecurityManager] is not eligible for getting processed by all BeanPostProcessors (for example: not eligible for auto-proxying)
2020-11-15 21:41:01.516 INFO  [main]o.s.c.s.PostProcessorRegistrationDelegate$BeanPostProcessorChecker.postProcessAfterInitialization:330 -Bean 'authorizationAttributeSourceAdvisor' of type [org.apache.shiro.spring.security.interceptor.AuthorizationAttributeSourceAdvisor] is not eligible for getting processed by all BeanPostProcessors (for example: not eligible for auto-proxying)
2020-11-15 21:41:01.563 ERROR [main]org.apache.catalina.core.AprLifecycleListener.log:173 -An incompatible version [1.1.30] of the APR based Apache Tomcat Native library is installed, while Tomcat requires version [1.2.14]
2020-11-15 21:41:01.784 ERROR [main]org.apache.catalina.core.AprLifecycleListener.log:173 -An incompatible version [1.1.30] of the APR based Apache Tomcat Native library is installed, while Tomcat requires version [1.2.14]
2020-11-15 21:41:01.898 INFO  [main]o.s.boot.web.embedded.tomcat.TomcatWebServer.initialize:92 -Tomcat initialized with port(s): 8080 (http)
2020-11-15 21:41:01.939 ERROR [main]org.apache.catalina.core.AprLifecycleListener.log:173 -An incompatible version [1.1.30] of the APR based Apache Tomcat Native library is installed, while Tomcat requires version [1.2.14]
2020-11-15 21:41:01.940 INFO  [main]org.apache.coyote.http11.Http11NioProtocol.log:173 -Initializing ProtocolHandler ["http-nio-8080"]
2020-11-15 21:41:01.941 INFO  [main]org.apache.catalina.core.StandardService.log:173 -Starting service [Tomcat]
2020-11-15 21:41:01.941 INFO  [main]org.apache.catalina.core.StandardEngine.log:173 -Starting Servlet engine: [Apache Tomcat/9.0.29]
2020-11-15 21:41:02.072 INFO  [main]o.a.catalina.core.ContainerBase.[Tomcat].[localhost].[/].log:173 -Initializing Spring embedded WebApplicationContext
2020-11-15 21:41:02.073 INFO  [main]org.springframework.web.context.ContextLoader.prepareWebApplicationContext:284 -Root WebApplicationContext: initialization completed in 6308 ms
2020-11-15 21:41:03.311 INFO  [main]o.s.scheduling.concurrent.ThreadPoolTaskExecutor.initialize:171 -Initializing ExecutorService 'applicationTaskExecutor'
2020-11-15 21:41:03.726 INFO  [main]org.apache.coyote.http11.Http11NioProtocol.log:173 -Starting ProtocolHandler ["http-nio-8080"]
2020-11-15 21:41:03.756 INFO  [main]o.s.boot.web.embedded.tomcat.TomcatWebServer.start:204 -Tomcat started on port(s): 8080 (http) with context path ''
2020-11-15 21:41:03.760 INFO  [main]com.tqk.blog.BlogApplication.logStarted:61 -Started BlogApplication in 8.691 seconds (JVM running for 9.164)
2020-11-15 21:41:08.905 INFO  [http-nio-8080-exec-1]o.a.catalina.core.ContainerBase.[Tomcat].[localhost].[/].log:173 -Initializing Spring DispatcherServlet 'dispatcherServlet'
2020-11-15 21:41:08.906 INFO  [http-nio-8080-exec-1]org.springframework.web.servlet.DispatcherServlet.initServletBean:525 -Initializing Servlet 'dispatcherServlet'
2020-11-15 21:41:08.919 INFO  [http-nio-8080-exec-1]org.springframework.web.servlet.DispatcherServlet.initServletBean:547 -Completed initialization in 13 ms
2020-11-15 21:53:14.937 INFO  [main]com.tqk.blog.BlogApplication.logStarting:55 -Starting BlogApplication on WIN-LFFH2UEU8RH with PID 10712 (D:\javaweb\blog\target\classes started by Administrator in D:\javaweb\blog)
2020-11-15 21:53:14.940 DEBUG [main]com.tqk.blog.BlogApplication.logStarting:56 -Running with Spring Boot v2.2.2.RELEASE, Spring v5.2.2.RELEASE
2020-11-15 21:53:14.941 INFO  [main]com.tqk.blog.BlogApplication.logStartupProfileInfo:655 -The following profiles are active: dev
2020-11-15 21:53:16.275 INFO  [main]o.s.c.s.PostProcessorRegistrationDelegate$BeanPostProcessorChecker.postProcessAfterInitialization:330 -Bean 'org.springframework.transaction.annotation.ProxyTransactionManagementConfiguration' of type [org.springframework.transaction.annotation.ProxyTransactionManagementConfiguration] is not eligible for getting processed by all BeanPostProcessors (for example: not eligible for auto-proxying)
2020-11-15 21:53:16.445 INFO  [main]o.s.c.s.PostProcessorRegistrationDelegate$BeanPostProcessorChecker.postProcessAfterInitialization:330 -Bean 'shiroConfig' of type [com.tqk.blog.config.ShiroConfig$$EnhancerBySpringCGLIB$$c7a24263] is not eligible for getting processed by all BeanPostProcessors (for example: not eligible for auto-proxying)
2020-11-15 21:53:16.502 INFO  [main]o.s.c.s.PostProcessorRegistrationDelegate$BeanPostProcessorChecker.postProcessAfterInitialization:330 -Bean 'mybatis-tk.mybatis.mapper.autoconfigure.MybatisProperties' of type [tk.mybatis.mapper.autoconfigure.MybatisProperties] is not eligible for getting processed by all BeanPostProcessors (for example: not eligible for auto-proxying)
2020-11-15 21:53:16.519 INFO  [main]o.s.c.s.PostProcessorRegistrationDelegate$BeanPostProcessorChecker.postProcessAfterInitialization:330 -Bean 'tk.mybatis.mapper.autoconfigure.MapperAutoConfiguration' of type [tk.mybatis.mapper.autoconfigure.MapperAutoConfiguration$$EnhancerBySpringCGLIB$$109fc591] is not eligible for getting processed by all BeanPostProcessors (for example: not eligible for auto-proxying)
2020-11-15 21:53:16.526 INFO  [main]o.s.c.s.PostProcessorRegistrationDelegate$BeanPostProcessorChecker.postProcessAfterInitialization:330 -Bean 'com.alibaba.druid.spring.boot.autoconfigure.DruidDataSourceAutoConfigure' of type [com.alibaba.druid.spring.boot.autoconfigure.DruidDataSourceAutoConfigure$$EnhancerBySpringCGLIB$$745b136a] is not eligible for getting processed by all BeanPostProcessors (for example: not eligible for auto-proxying)
2020-11-15 21:53:16.532 INFO  [main]c.a.d.s.boot.autoconfigure.DruidDataSourceAutoConfigure.dataSource:56 -Init DruidDataSource
2020-11-15 21:53:16.602 INFO  [main]o.s.c.s.PostProcessorRegistrationDelegate$BeanPostProcessorChecker.postProcessAfterInitialization:330 -Bean 'spring.datasource-org.springframework.boot.autoconfigure.jdbc.DataSourceProperties' of type [org.springframework.boot.autoconfigure.jdbc.DataSourceProperties] is not eligible for getting processed by all BeanPostProcessors (for example: not eligible for auto-proxying)
2020-11-15 21:53:16.627 INFO  [main]o.s.c.s.PostProcessorRegistrationDelegate$BeanPostProcessorChecker.postProcessAfterInitialization:330 -Bean 'com.alibaba.druid.spring.boot.autoconfigure.stat.DruidFilterConfiguration' of type [com.alibaba.druid.spring.boot.autoconfigure.stat.DruidFilterConfiguration] is not eligible for getting processed by all BeanPostProcessors (for example: not eligible for auto-proxying)
2020-11-15 21:53:16.659 INFO  [main]o.s.c.s.PostProcessorRegistrationDelegate$BeanPostProcessorChecker.postProcessAfterInitialization:330 -Bean 'statFilter' of type [com.alibaba.druid.filter.stat.StatFilter] is not eligible for getting processed by all BeanPostProcessors (for example: not eligible for auto-proxying)
2020-11-15 21:53:19.711 INFO  [main]com.alibaba.druid.pool.DruidDataSource.init:930 -{dataSource-1} inited
2020-11-15 21:53:19.713 INFO  [main]o.s.c.s.PostProcessorRegistrationDelegate$BeanPostProcessorChecker.postProcessAfterInitialization:330 -Bean 'dataSource' of type [com.alibaba.druid.spring.boot.autoconfigure.DruidDataSourceWrapper] is not eligible for getting processed by all BeanPostProcessors (for example: not eligible for auto-proxying)
2020-11-15 21:53:19.816 INFO  [main]o.s.c.s.PostProcessorRegistrationDelegate$BeanPostProcessorChecker.postProcessAfterInitialization:330 -Bean 'org.springframework.boot.autoconfigure.jdbc.DataSourceInitializerInvoker' of type [org.springframework.boot.autoconfigure.jdbc.DataSourceInitializerInvoker] is not eligible for getting processed by all BeanPostProcessors (for example: not eligible for auto-proxying)
2020-11-15 21:53:20.203 INFO  [main]o.s.c.s.PostProcessorRegistrationDelegate$BeanPostProcessorChecker.postProcessAfterInitialization:330 -Bean 'sqlSessionFactory' of type [org.apache.ibatis.session.defaults.DefaultSqlSessionFactory] is not eligible for getting processed by all BeanPostProcessors (for example: not eligible for auto-proxying)
2020-11-15 21:53:20.213 INFO  [main]o.s.c.s.PostProcessorRegistrationDelegate$BeanPostProcessorChecker.postProcessAfterInitialization:330 -Bean 'sqlSessionTemplate' of type [org.mybatis.spring.SqlSessionTemplate] is not eligible for getting processed by all BeanPostProcessors (for example: not eligible for auto-proxying)
2020-11-15 21:53:20.282 INFO  [main]o.s.c.s.PostProcessorRegistrationDelegate$BeanPostProcessorChecker.postProcessAfterInitialization:330 -Bean 'blAdminMapper' of type [tk.mybatis.spring.mapper.MapperFactoryBean] is not eligible for getting processed by all BeanPostProcessors (for example: not eligible for auto-proxying)
2020-11-15 21:53:20.291 INFO  [main]o.s.c.s.PostProcessorRegistrationDelegate$BeanPostProcessorChecker.postProcessAfterInitialization:330 -Bean 'blAdminMapper' of type [com.sun.proxy.$Proxy86] is not eligible for getting processed by all BeanPostProcessors (for example: not eligible for auto-proxying)
2020-11-15 21:53:20.335 INFO  [main]o.s.c.s.PostProcessorRegistrationDelegate$BeanPostProcessorChecker.postProcessAfterInitialization:330 -Bean 'adminServiceImpl' of type [com.tqk.blog.service.impl.AdminServiceImpl] is not eligible for getting processed by all BeanPostProcessors (for example: not eligible for auto-proxying)
2020-11-15 21:53:20.337 INFO  [main]o.s.c.s.PostProcessorRegistrationDelegate$BeanPostProcessorChecker.postProcessAfterInitialization:330 -Bean 'adminRealm' of type [com.tqk.blog.realm.AdminRealm] is not eligible for getting processed by all BeanPostProcessors (for example: not eligible for auto-proxying)
2020-11-15 21:53:20.869 INFO  [main]o.s.c.s.PostProcessorRegistrationDelegate$BeanPostProcessorChecker.postProcessAfterInitialization:330 -Bean 'securityManager' of type [org.apache.shiro.web.mgt.DefaultWebSecurityManager] is not eligible for getting processed by all BeanPostProcessors (for example: not eligible for auto-proxying)
2020-11-15 21:53:20.907 INFO  [main]o.s.c.s.PostProcessorRegistrationDelegate$BeanPostProcessorChecker.postProcessAfterInitialization:330 -Bean 'authorizationAttributeSourceAdvisor' of type [org.apache.shiro.spring.security.interceptor.AuthorizationAttributeSourceAdvisor] is not eligible for getting processed by all BeanPostProcessors (for example: not eligible for auto-proxying)
2020-11-15 21:53:20.958 ERROR [main]org.apache.catalina.core.AprLifecycleListener.log:173 -An incompatible version [1.1.30] of the APR based Apache Tomcat Native library is installed, while Tomcat requires version [1.2.14]
2020-11-15 21:53:21.170 ERROR [main]org.apache.catalina.core.AprLifecycleListener.log:173 -An incompatible version [1.1.30] of the APR based Apache Tomcat Native library is installed, while Tomcat requires version [1.2.14]
2020-11-15 21:53:21.292 INFO  [main]o.s.boot.web.embedded.tomcat.TomcatWebServer.initialize:92 -Tomcat initialized with port(s): 8080 (http)
2020-11-15 21:53:21.305 ERROR [main]org.apache.catalina.core.AprLifecycleListener.log:173 -An incompatible version [1.1.30] of the APR based Apache Tomcat Native library is installed, while Tomcat requires version [1.2.14]
2020-11-15 21:53:21.305 INFO  [main]org.apache.coyote.http11.Http11NioProtocol.log:173 -Initializing ProtocolHandler ["http-nio-8080"]
2020-11-15 21:53:21.306 INFO  [main]org.apache.catalina.core.StandardService.log:173 -Starting service [Tomcat]
2020-11-15 21:53:21.306 INFO  [main]org.apache.catalina.core.StandardEngine.log:173 -Starting Servlet engine: [Apache Tomcat/9.0.29]
2020-11-15 21:53:21.442 INFO  [main]o.a.catalina.core.ContainerBase.[Tomcat].[localhost].[/].log:173 -Initializing Spring embedded WebApplicationContext
2020-11-15 21:53:21.442 INFO  [main]org.springframework.web.context.ContextLoader.prepareWebApplicationContext:284 -Root WebApplicationContext: initialization completed in 6444 ms
2020-11-15 21:53:22.768 INFO  [main]o.s.scheduling.concurrent.ThreadPoolTaskExecutor.initialize:171 -Initializing ExecutorService 'applicationTaskExecutor'
2020-11-15 21:53:23.294 INFO  [main]org.apache.coyote.http11.Http11NioProtocol.log:173 -Starting ProtocolHandler ["http-nio-8080"]
2020-11-15 21:53:23.324 INFO  [main]o.s.boot.web.embedded.tomcat.TomcatWebServer.start:204 -Tomcat started on port(s): 8080 (http) with context path ''
2020-11-15 21:53:23.327 INFO  [main]com.tqk.blog.BlogApplication.logStarted:61 -Started BlogApplication in 9.136 seconds (JVM running for 9.616)
2020-11-15 21:53:29.214 INFO  [http-nio-8080-exec-1]o.a.catalina.core.ContainerBase.[Tomcat].[localhost].[/].log:173 -Initializing Spring DispatcherServlet 'dispatcherServlet'
2020-11-15 21:53:29.215 INFO  [http-nio-8080-exec-1]org.springframework.web.servlet.DispatcherServlet.initServletBean:525 -Initializing Servlet 'dispatcherServlet'
2020-11-15 21:53:29.229 INFO  [http-nio-8080-exec-1]org.springframework.web.servlet.DispatcherServlet.initServletBean:547 -Completed initialization in 14 ms
2020-11-15 21:53:29.279 WARN  [http-nio-8080-exec-1]o.s.w.s.mvc.support.DefaultHandlerExceptionResolver.logException:199 -Resolved [org.springframework.http.converter.HttpMessageNotReadableException: Required request body is missing: public com.tqk.blog.utils.Result<java.lang.Object> com.tqk.blog.controller.AdminController.login(com.tqk.blog.pojo.BlAdmin)]
2020-11-15 22:09:47.011 WARN  [http-nio-8080-exec-2]o.s.w.s.mvc.support.DefaultHandlerExceptionResolver.logException:199 -Resolved [org.springframework.http.converter.HttpMessageNotReadableException: I/O error while reading input message; nested exception is org.apache.catalina.connector.ClientAbortException: java.io.EOFException: Unexpected EOF read on the socket]
2020-11-15 22:11:30.556 WARN  [http-nio-8080-exec-3]o.s.w.s.mvc.support.DefaultHandlerExceptionResolver.logException:199 -Resolved [org.springframework.http.converter.HttpMessageNotReadableException: I/O error while reading input message; nested exception is org.apache.catalina.connector.ClientAbortException: java.io.EOFException: Unexpected EOF read on the socket]
2020-11-15 22:13:22.077 WARN  [http-nio-8080-exec-4]o.s.w.s.mvc.support.DefaultHandlerExceptionResolver.logException:199 -Resolved [org.springframework.http.converter.HttpMessageNotReadableException: I/O error while reading input message; nested exception is org.apache.catalina.connector.ClientAbortException: java.io.EOFException: Unexpected EOF read on the socket]
2020-11-15 22:14:06.691 WARN  [http-nio-8080-exec-5]o.s.w.s.mvc.support.DefaultHandlerExceptionResolver.logException:199 -Resolved [org.springframework.http.converter.HttpMessageNotReadableException: I/O error while reading input message; nested exception is org.apache.catalina.connector.ClientAbortException: java.io.EOFException: Unexpected EOF read on the socket]
2020-11-15 22:17:11.320 WARN  [http-nio-8080-exec-6]o.s.w.s.mvc.support.DefaultHandlerExceptionResolver.logException:199 -Resolved [org.springframework.http.converter.HttpMessageNotReadableException: I/O error while reading input message; nested exception is org.apache.catalina.connector.ClientAbortException: java.io.EOFException: Unexpected EOF read on the socket]
2020-11-15 22:24:50.164 INFO  [main]com.tqk.blog.BlogApplication.logStarting:55 -Starting BlogApplication on WIN-LFFH2UEU8RH with PID 15056 (D:\javaweb\blog\target\classes started by Administrator in D:\javaweb\blog)
2020-11-15 22:24:50.168 DEBUG [main]com.tqk.blog.BlogApplication.logStarting:56 -Running with Spring Boot v2.2.2.RELEASE, Spring v5.2.2.RELEASE
2020-11-15 22:24:50.168 INFO  [main]com.tqk.blog.BlogApplication.logStartupProfileInfo:655 -The following profiles are active: dev
2020-11-15 22:24:51.455 INFO  [main]o.s.c.s.PostProcessorRegistrationDelegate$BeanPostProcessorChecker.postProcessAfterInitialization:330 -Bean 'org.springframework.transaction.annotation.ProxyTransactionManagementConfiguration' of type [org.springframework.transaction.annotation.ProxyTransactionManagementConfiguration] is not eligible for getting processed by all BeanPostProcessors (for example: not eligible for auto-proxying)
2020-11-15 22:24:51.611 INFO  [main]o.s.c.s.PostProcessorRegistrationDelegate$BeanPostProcessorChecker.postProcessAfterInitialization:330 -Bean 'shiroConfig' of type [com.tqk.blog.config.ShiroConfig$$EnhancerBySpringCGLIB$$9fa25acb] is not eligible for getting processed by all BeanPostProcessors (for example: not eligible for auto-proxying)
2020-11-15 22:24:51.672 INFO  [main]o.s.c.s.PostProcessorRegistrationDelegate$BeanPostProcessorChecker.postProcessAfterInitialization:330 -Bean 'mybatis-tk.mybatis.mapper.autoconfigure.MybatisProperties' of type [tk.mybatis.mapper.autoconfigure.MybatisProperties] is not eligible for getting processed by all BeanPostProcessors (for example: not eligible for auto-proxying)
2020-11-15 22:24:51.687 INFO  [main]o.s.c.s.PostProcessorRegistrationDelegate$BeanPostProcessorChecker.postProcessAfterInitialization:330 -Bean 'tk.mybatis.mapper.autoconfigure.MapperAutoConfiguration' of type [tk.mybatis.mapper.autoconfigure.MapperAutoConfiguration$$EnhancerBySpringCGLIB$$e89fddf9] is not eligible for getting processed by all BeanPostProcessors (for example: not eligible for auto-proxying)
2020-11-15 22:24:51.692 INFO  [main]o.s.c.s.PostProcessorRegistrationDelegate$BeanPostProcessorChecker.postProcessAfterInitialization:330 -Bean 'com.alibaba.druid.spring.boot.autoconfigure.DruidDataSourceAutoConfigure' of type [com.alibaba.druid.spring.boot.autoconfigure.DruidDataSourceAutoConfigure$$EnhancerBySpringCGLIB$$4c5b2bd2] is not eligible for getting processed by all BeanPostProcessors (for example: not eligible for auto-proxying)
2020-11-15 22:24:51.696 INFO  [main]c.a.d.s.boot.autoconfigure.DruidDataSourceAutoConfigure.dataSource:56 -Init DruidDataSource
2020-11-15 22:24:51.765 INFO  [main]o.s.c.s.PostProcessorRegistrationDelegate$BeanPostProcessorChecker.postProcessAfterInitialization:330 -Bean 'spring.datasource-org.springframework.boot.autoconfigure.jdbc.DataSourceProperties' of type [org.springframework.boot.autoconfigure.jdbc.DataSourceProperties] is not eligible for getting processed by all BeanPostProcessors (for example: not eligible for auto-proxying)
2020-11-15 22:24:51.786 INFO  [main]o.s.c.s.PostProcessorRegistrationDelegate$BeanPostProcessorChecker.postProcessAfterInitialization:330 -Bean 'com.alibaba.druid.spring.boot.autoconfigure.stat.DruidFilterConfiguration' of type [com.alibaba.druid.spring.boot.autoconfigure.stat.DruidFilterConfiguration] is not eligible for getting processed by all BeanPostProcessors (for example: not eligible for auto-proxying)
2020-11-15 22:24:51.814 INFO  [main]o.s.c.s.PostProcessorRegistrationDelegate$BeanPostProcessorChecker.postProcessAfterInitialization:330 -Bean 'statFilter' of type [com.alibaba.druid.filter.stat.StatFilter] is not eligible for getting processed by all BeanPostProcessors (for example: not eligible for auto-proxying)
2020-11-15 22:24:54.562 INFO  [main]com.alibaba.druid.pool.DruidDataSource.init:930 -{dataSource-1} inited
2020-11-15 22:24:54.563 INFO  [main]o.s.c.s.PostProcessorRegistrationDelegate$BeanPostProcessorChecker.postProcessAfterInitialization:330 -Bean 'dataSource' of type [com.alibaba.druid.spring.boot.autoconfigure.DruidDataSourceWrapper] is not eligible for getting processed by all BeanPostProcessors (for example: not eligible for auto-proxying)
2020-11-15 22:24:54.678 INFO  [main]o.s.c.s.PostProcessorRegistrationDelegate$BeanPostProcessorChecker.postProcessAfterInitialization:330 -Bean 'org.springframework.boot.autoconfigure.jdbc.DataSourceInitializerInvoker' of type [org.springframework.boot.autoconfigure.jdbc.DataSourceInitializerInvoker] is not eligible for getting processed by all BeanPostProcessors (for example: not eligible for auto-proxying)
2020-11-15 22:24:55.058 INFO  [main]o.s.c.s.PostProcessorRegistrationDelegate$BeanPostProcessorChecker.postProcessAfterInitialization:330 -Bean 'sqlSessionFactory' of type [org.apache.ibatis.session.defaults.DefaultSqlSessionFactory] is not eligible for getting processed by all BeanPostProcessors (for example: not eligible for auto-proxying)
2020-11-15 22:24:55.068 INFO  [main]o.s.c.s.PostProcessorRegistrationDelegate$BeanPostProcessorChecker.postProcessAfterInitialization:330 -Bean 'sqlSessionTemplate' of type [org.mybatis.spring.SqlSessionTemplate] is not eligible for getting processed by all BeanPostProcessors (for example: not eligible for auto-proxying)
2020-11-15 22:24:55.156 INFO  [main]o.s.c.s.PostProcessorRegistrationDelegate$BeanPostProcessorChecker.postProcessAfterInitialization:330 -Bean 'blAdminMapper' of type [tk.mybatis.spring.mapper.MapperFactoryBean] is not eligible for getting processed by all BeanPostProcessors (for example: not eligible for auto-proxying)
2020-11-15 22:24:55.166 INFO  [main]o.s.c.s.PostProcessorRegistrationDelegate$BeanPostProcessorChecker.postProcessAfterInitialization:330 -Bean 'blAdminMapper' of type [com.sun.proxy.$Proxy86] is not eligible for getting processed by all BeanPostProcessors (for example: not eligible for auto-proxying)
2020-11-15 22:24:55.210 INFO  [main]o.s.c.s.PostProcessorRegistrationDelegate$BeanPostProcessorChecker.postProcessAfterInitialization:330 -Bean 'adminServiceImpl' of type [com.tqk.blog.service.impl.AdminServiceImpl] is not eligible for getting processed by all BeanPostProcessors (for example: not eligible for auto-proxying)
2020-11-15 22:24:55.212 INFO  [main]o.s.c.s.PostProcessorRegistrationDelegate$BeanPostProcessorChecker.postProcessAfterInitialization:330 -Bean 'adminRealm' of type [com.tqk.blog.realm.AdminRealm] is not eligible for getting processed by all BeanPostProcessors (for example: not eligible for auto-proxying)
2020-11-15 22:24:55.714 INFO  [main]o.s.c.s.PostProcessorRegistrationDelegate$BeanPostProcessorChecker.postProcessAfterInitialization:330 -Bean 'securityManager' of type [org.apache.shiro.web.mgt.DefaultWebSecurityManager] is not eligible for getting processed by all BeanPostProcessors (for example: not eligible for auto-proxying)
2020-11-15 22:24:55.747 INFO  [main]o.s.c.s.PostProcessorRegistrationDelegate$BeanPostProcessorChecker.postProcessAfterInitialization:330 -Bean 'authorizationAttributeSourceAdvisor' of type [org.apache.shiro.spring.security.interceptor.AuthorizationAttributeSourceAdvisor] is not eligible for getting processed by all BeanPostProcessors (for example: not eligible for auto-proxying)
2020-11-15 22:24:55.794 ERROR [main]org.apache.catalina.core.AprLifecycleListener.log:173 -An incompatible version [1.1.30] of the APR based Apache Tomcat Native library is installed, while Tomcat requires version [1.2.14]
2020-11-15 22:24:55.990 ERROR [main]org.apache.catalina.core.AprLifecycleListener.log:173 -An incompatible version [1.1.30] of the APR based Apache Tomcat Native library is installed, while Tomcat requires version [1.2.14]
2020-11-15 22:24:56.101 INFO  [main]o.s.boot.web.embedded.tomcat.TomcatWebServer.initialize:92 -Tomcat initialized with port(s): 8080 (http)
2020-11-15 22:24:56.115 ERROR [main]org.apache.catalina.core.AprLifecycleListener.log:173 -An incompatible version [1.1.30] of the APR based Apache Tomcat Native library is installed, while Tomcat requires version [1.2.14]
2020-11-15 22:24:56.115 INFO  [main]org.apache.coyote.http11.Http11NioProtocol.log:173 -Initializing ProtocolHandler ["http-nio-8080"]
2020-11-15 22:24:56.116 INFO  [main]org.apache.catalina.core.StandardService.log:173 -Starting service [Tomcat]
2020-11-15 22:24:56.116 INFO  [main]org.apache.catalina.core.StandardEngine.log:173 -Starting Servlet engine: [Apache Tomcat/9.0.29]
2020-11-15 22:24:56.263 INFO  [main]o.a.catalina.core.ContainerBase.[Tomcat].[localhost].[/].log:173 -Initializing Spring embedded WebApplicationContext
2020-11-15 22:24:56.263 INFO  [main]org.springframework.web.context.ContextLoader.prepareWebApplicationContext:284 -Root WebApplicationContext: initialization completed in 6045 ms
2020-11-15 22:24:57.449 INFO  [main]o.s.scheduling.concurrent.ThreadPoolTaskExecutor.initialize:171 -Initializing ExecutorService 'applicationTaskExecutor'
2020-11-15 22:24:58.020 INFO  [main]org.apache.coyote.http11.Http11NioProtocol.log:173 -Starting ProtocolHandler ["http-nio-8080"]
2020-11-15 22:24:58.049 INFO  [main]o.s.boot.web.embedded.tomcat.TomcatWebServer.start:204 -Tomcat started on port(s): 8080 (http) with context path ''
2020-11-15 22:24:58.053 INFO  [main]com.tqk.blog.BlogApplication.logStarted:61 -Started BlogApplication in 8.498 seconds (JVM running for 9.005)
2020-11-15 22:26:18.481 INFO  [http-nio-8080-exec-1]o.a.catalina.core.ContainerBase.[Tomcat].[localhost].[/].log:173 -Initializing Spring DispatcherServlet 'dispatcherServlet'
2020-11-15 22:26:18.482 INFO  [http-nio-8080-exec-1]org.springframework.web.servlet.DispatcherServlet.initServletBean:525 -Initializing Servlet 'dispatcherServlet'
2020-11-15 22:26:18.494 INFO  [http-nio-8080-exec-1]org.springframework.web.servlet.DispatcherServlet.initServletBean:547 -Completed initialization in 12 ms
2020-11-15 22:26:23.399 WARN  [http-nio-8080-exec-1]o.s.w.s.mvc.support.DefaultHandlerExceptionResolver.logException:199 -Resolved [org.springframework.http.converter.HttpMessageNotReadableException: I/O error while reading input message; nested exception is org.apache.catalina.connector.ClientAbortException: java.io.EOFException: Unexpected EOF read on the socket]
2020-11-15 22:29:03.635 INFO  [main]com.tqk.blog.BlogApplication.logStarting:55 -Starting BlogApplication on WIN-LFFH2UEU8RH with PID 19344 (D:\javaweb\blog\target\classes started by Administrator in D:\javaweb\blog)
2020-11-15 22:29:03.639 DEBUG [main]com.tqk.blog.BlogApplication.logStarting:56 -Running with Spring Boot v2.2.2.RELEASE, Spring v5.2.2.RELEASE
2020-11-15 22:29:03.639 INFO  [main]com.tqk.blog.BlogApplication.logStartupProfileInfo:655 -The following profiles are active: dev
2020-11-15 22:29:04.954 INFO  [main]o.s.c.s.PostProcessorRegistrationDelegate$BeanPostProcessorChecker.postProcessAfterInitialization:330 -Bean 'org.springframework.transaction.annotation.ProxyTransactionManagementConfiguration' of type [org.springframework.transaction.annotation.ProxyTransactionManagementConfiguration] is not eligible for getting processed by all BeanPostProcessors (for example: not eligible for auto-proxying)
2020-11-15 22:29:05.100 INFO  [main]o.s.c.s.PostProcessorRegistrationDelegate$BeanPostProcessorChecker.postProcessAfterInitialization:330 -Bean 'shiroConfig' of type [com.tqk.blog.config.ShiroConfig$$EnhancerBySpringCGLIB$$be835993] is not eligible for getting processed by all BeanPostProcessors (for example: not eligible for auto-proxying)
2020-11-15 22:29:05.228 INFO  [main]o.s.c.s.PostProcessorRegistrationDelegate$BeanPostProcessorChecker.postProcessAfterInitialization:330 -Bean 'mybatis-tk.mybatis.mapper.autoconfigure.MybatisProperties' of type [tk.mybatis.mapper.autoconfigure.MybatisProperties] is not eligible for getting processed by all BeanPostProcessors (for example: not eligible for auto-proxying)
2020-11-15 22:29:05.242 INFO  [main]o.s.c.s.PostProcessorRegistrationDelegate$BeanPostProcessorChecker.postProcessAfterInitialization:330 -Bean 'tk.mybatis.mapper.autoconfigure.MapperAutoConfiguration' of type [tk.mybatis.mapper.autoconfigure.MapperAutoConfiguration$$EnhancerBySpringCGLIB$$780dcc1] is not eligible for getting processed by all BeanPostProcessors (for example: not eligible for auto-proxying)
2020-11-15 22:29:05.248 INFO  [main]o.s.c.s.PostProcessorRegistrationDelegate$BeanPostProcessorChecker.postProcessAfterInitialization:330 -Bean 'com.alibaba.druid.spring.boot.autoconfigure.DruidDataSourceAutoConfigure' of type [com.alibaba.druid.spring.boot.autoconfigure.DruidDataSourceAutoConfigure$$EnhancerBySpringCGLIB$$6b3c2a9a] is not eligible for getting processed by all BeanPostProcessors (for example: not eligible for auto-proxying)
2020-11-15 22:29:05.252 INFO  [main]c.a.d.s.boot.autoconfigure.DruidDataSourceAutoConfigure.dataSource:56 -Init DruidDataSource
2020-11-15 22:29:05.324 INFO  [main]o.s.c.s.PostProcessorRegistrationDelegate$BeanPostProcessorChecker.postProcessAfterInitialization:330 -Bean 'spring.datasource-org.springframework.boot.autoconfigure.jdbc.DataSourceProperties' of type [org.springframework.boot.autoconfigure.jdbc.DataSourceProperties] is not eligible for getting processed by all BeanPostProcessors (for example: not eligible for auto-proxying)
2020-11-15 22:29:05.347 INFO  [main]o.s.c.s.PostProcessorRegistrationDelegate$BeanPostProcessorChecker.postProcessAfterInitialization:330 -Bean 'com.alibaba.druid.spring.boot.autoconfigure.stat.DruidFilterConfiguration' of type [com.alibaba.druid.spring.boot.autoconfigure.stat.DruidFilterConfiguration] is not eligible for getting processed by all BeanPostProcessors (for example: not eligible for auto-proxying)
2020-11-15 22:29:05.374 INFO  [main]o.s.c.s.PostProcessorRegistrationDelegate$BeanPostProcessorChecker.postProcessAfterInitialization:330 -Bean 'statFilter' of type [com.alibaba.druid.filter.stat.StatFilter] is not eligible for getting processed by all BeanPostProcessors (for example: not eligible for auto-proxying)
2020-11-15 22:29:09.110 INFO  [main]com.alibaba.druid.pool.DruidDataSource.init:930 -{dataSource-1} inited
2020-11-15 22:29:09.112 INFO  [main]o.s.c.s.PostProcessorRegistrationDelegate$BeanPostProcessorChecker.postProcessAfterInitialization:330 -Bean 'dataSource' of type [com.alibaba.druid.spring.boot.autoconfigure.DruidDataSourceWrapper] is not eligible for getting processed by all BeanPostProcessors (for example: not eligible for auto-proxying)
2020-11-15 22:29:09.216 INFO  [main]o.s.c.s.PostProcessorRegistrationDelegate$BeanPostProcessorChecker.postProcessAfterInitialization:330 -Bean 'org.springframework.boot.autoconfigure.jdbc.DataSourceInitializerInvoker' of type [org.springframework.boot.autoconfigure.jdbc.DataSourceInitializerInvoker] is not eligible for getting processed by all BeanPostProcessors (for example: not eligible for auto-proxying)
2020-11-15 22:29:09.583 INFO  [main]o.s.c.s.PostProcessorRegistrationDelegate$BeanPostProcessorChecker.postProcessAfterInitialization:330 -Bean 'sqlSessionFactory' of type [org.apache.ibatis.session.defaults.DefaultSqlSessionFactory] is not eligible for getting processed by all BeanPostProcessors (for example: not eligible for auto-proxying)
2020-11-15 22:29:09.590 INFO  [main]o.s.c.s.PostProcessorRegistrationDelegate$BeanPostProcessorChecker.postProcessAfterInitialization:330 -Bean 'sqlSessionTemplate' of type [org.mybatis.spring.SqlSessionTemplate] is not eligible for getting processed by all BeanPostProcessors (for example: not eligible for auto-proxying)
2020-11-15 22:29:09.673 INFO  [main]o.s.c.s.PostProcessorRegistrationDelegate$BeanPostProcessorChecker.postProcessAfterInitialization:330 -Bean 'blAdminMapper' of type [tk.mybatis.spring.mapper.MapperFactoryBean] is not eligible for getting processed by all BeanPostProcessors (for example: not eligible for auto-proxying)
2020-11-15 22:29:09.684 INFO  [main]o.s.c.s.PostProcessorRegistrationDelegate$BeanPostProcessorChecker.postProcessAfterInitialization:330 -Bean 'blAdminMapper' of type [com.sun.proxy.$Proxy86] is not eligible for getting processed by all BeanPostProcessors (for example: not eligible for auto-proxying)
2020-11-15 22:29:09.736 INFO  [main]o.s.c.s.PostProcessorRegistrationDelegate$BeanPostProcessorChecker.postProcessAfterInitialization:330 -Bean 'adminServiceImpl' of type [com.tqk.blog.service.impl.AdminServiceImpl] is not eligible for getting processed by all BeanPostProcessors (for example: not eligible for auto-proxying)
2020-11-15 22:29:09.738 INFO  [main]o.s.c.s.PostProcessorRegistrationDelegate$BeanPostProcessorChecker.postProcessAfterInitialization:330 -Bean 'adminRealm' of type [com.tqk.blog.realm.AdminRealm] is not eligible for getting processed by all BeanPostProcessors (for example: not eligible for auto-proxying)
2020-11-15 22:29:10.213 INFO  [main]o.s.c.s.PostProcessorRegistrationDelegate$BeanPostProcessorChecker.postProcessAfterInitialization:330 -Bean 'securityManager' of type [org.apache.shiro.web.mgt.DefaultWebSecurityManager] is not eligible for getting processed by all BeanPostProcessors (for example: not eligible for auto-proxying)
2020-11-15 22:29:10.248 INFO  [main]o.s.c.s.PostProcessorRegistrationDelegate$BeanPostProcessorChecker.postProcessAfterInitialization:330 -Bean 'authorizationAttributeSourceAdvisor' of type [org.apache.shiro.spring.security.interceptor.AuthorizationAttributeSourceAdvisor] is not eligible for getting processed by all BeanPostProcessors (for example: not eligible for auto-proxying)
2020-11-15 22:29:10.299 ERROR [main]org.apache.catalina.core.AprLifecycleListener.log:173 -An incompatible version [1.1.30] of the APR based Apache Tomcat Native library is installed, while Tomcat requires version [1.2.14]
2020-11-15 22:29:10.490 ERROR [main]org.apache.catalina.core.AprLifecycleListener.log:173 -An incompatible version [1.1.30] of the APR based Apache Tomcat Native library is installed, while Tomcat requires version [1.2.14]
2020-11-15 22:29:10.603 INFO  [main]o.s.boot.web.embedded.tomcat.TomcatWebServer.initialize:92 -Tomcat initialized with port(s): 8080 (http)
2020-11-15 22:29:10.614 ERROR [main]org.apache.catalina.core.AprLifecycleListener.log:173 -An incompatible version [1.1.30] of the APR based Apache Tomcat Native library is installed, while Tomcat requires version [1.2.14]
2020-11-15 22:29:10.615 INFO  [main]org.apache.coyote.http11.Http11NioProtocol.log:173 -Initializing ProtocolHandler ["http-nio-8080"]
2020-11-15 22:29:10.615 INFO  [main]org.apache.catalina.core.StandardService.log:173 -Starting service [Tomcat]
2020-11-15 22:29:10.615 INFO  [main]org.apache.catalina.core.StandardEngine.log:173 -Starting Servlet engine: [Apache Tomcat/9.0.29]
2020-11-15 22:29:10.743 INFO  [main]o.a.catalina.core.ContainerBase.[Tomcat].[localhost].[/].log:173 -Initializing Spring embedded WebApplicationContext
2020-11-15 22:29:10.743 INFO  [main]org.springframework.web.context.ContextLoader.prepareWebApplicationContext:284 -Root WebApplicationContext: initialization completed in 7051 ms
2020-11-15 22:29:11.918 INFO  [main]o.s.scheduling.concurrent.ThreadPoolTaskExecutor.initialize:171 -Initializing ExecutorService 'applicationTaskExecutor'
2020-11-15 22:29:12.352 INFO  [main]org.apache.coyote.http11.Http11NioProtocol.log:173 -Starting ProtocolHandler ["http-nio-8080"]
2020-11-15 22:29:12.382 INFO  [main]o.s.boot.web.embedded.tomcat.TomcatWebServer.start:204 -Tomcat started on port(s): 8080 (http) with context path ''
2020-11-15 22:29:12.385 INFO  [main]com.tqk.blog.BlogApplication.logStarted:61 -Started BlogApplication in 9.429 seconds (JVM running for 9.925)
2020-11-15 22:43:04.975 INFO  [http-nio-8080-exec-2]o.a.catalina.core.ContainerBase.[Tomcat].[localhost].[/].log:173 -Initializing Spring DispatcherServlet 'dispatcherServlet'
2020-11-15 22:43:04.976 INFO  [http-nio-8080-exec-2]org.springframework.web.servlet.DispatcherServlet.initServletBean:525 -Initializing Servlet 'dispatcherServlet'
2020-11-15 22:43:04.993 INFO  [http-nio-8080-exec-2]org.springframework.web.servlet.DispatcherServlet.initServletBean:547 -Completed initialization in 16 ms
2020-11-15 22:44:38.693 INFO  [http-nio-8080-exec-10]com.tqk.blog.aspect.RequestAspect.printRequestLog:115 -请求地址 : /BlAdmin/login
2020-11-15 22:44:38.694 INFO  [http-nio-8080-exec-10]com.tqk.blog.aspect.RequestAspect.printRequestLog:116 -请求方式 : POST
2020-11-15 22:44:38.696 INFO  [http-nio-8080-exec-10]com.tqk.blog.aspect.RequestAspect.printRequestLog:119 -IP : 192.168.101.29
2020-11-15 22:44:38.698 INFO  [http-nio-8080-exec-10]com.tqk.blog.aspect.RequestAspect.printRequestLog:121 -方法 : com.tqk.blog.controller.AdminController.login
2020-11-15 22:44:38.699 INFO  [http-nio-8080-exec-10]com.tqk.blog.aspect.RequestAspect.printRequestLog:123 -请求参数：[com.tqk.blog.pojo.BlAdmin@fb84a62]
2020-11-15 22:44:38.707 INFO  [http-nio-8080-exec-10]com.tqk.blog.controller.AdminController.login:40 -com.tqk.blog.pojo.BlAdmin@fb84a62
2020-11-15 22:44:38.782 DEBUG [http-nio-8080-exec-10]com.tqk.blog.mapper.BlAdminMapper.getByUsername.debug:159 -==>  Preparing: select name, header, signature, username, password from bl_admin where username = ? 
2020-11-15 22:44:38.815 DEBUG [http-nio-8080-exec-10]com.tqk.blog.mapper.BlAdminMapper.getByUsername.debug:159 -==> Parameters: admin(String)
2020-11-15 22:44:38.892 DEBUG [http-nio-8080-exec-10]com.tqk.blog.mapper.BlAdminMapper.getByUsername.debug:159 -<==      Total: 1
2020-11-15 22:44:38.899 INFO  [http-nio-8080-exec-10]com.tqk.blog.aspect.RequestAspect.doAround:67 -耗时 : 206
2020-11-15 22:44:38.980 INFO  [http-nio-8080-exec-10]com.tqk.blog.aspect.RequestAspect.doAfterReturning:81 -返回值：{"code":20000,"data":{"token":"sessionId"},"msg":"操作成功！"}
2020-11-15 22:44:39.021 DEBUG [http-nio-8080-exec-10]com.tqk.blog.mapper.BlLogMapper.save.debug:159 -==>  Preparing: insert into bl_log( log_url, log_params, log_status, log_message, log_method, log_time, log_result, log_ip ) values ( ?, ?, ?, ?, ?, ?, ?, ? ) 
2020-11-15 22:44:39.025 DEBUG [http-nio-8080-exec-10]com.tqk.blog.mapper.BlLogMapper.save.debug:159 -==> Parameters: /BlAdmin/login(String), [com.tqk.blog.pojo.BlAdmin@fb84a62](String), 1(Integer), null, POST(String), 206(Long), {"code":20000,"data":{"token":"sessionId"},"msg":"操作成功！"}(String), 192.168.101.29(String)
2020-11-15 22:44:39.117 DEBUG [http-nio-8080-exec-10]com.tqk.blog.mapper.BlLogMapper.save.debug:159 -<==    Updates: 1
2020-11-15 22:48:48.984 WARN  [http-nio-8080-exec-1]o.s.w.s.mvc.support.DefaultHandlerExceptionResolver.logException:199 -Resolved [org.springframework.http.converter.HttpMessageNotReadableException: I/O error while reading input message; nested exception is org.apache.catalina.connector.ClientAbortException: java.io.EOFException: Unexpected EOF read on the socket]
2020-11-15 22:50:17.639 INFO  [http-nio-8080-exec-3]com.tqk.blog.aspect.RequestAspect.printRequestLog:115 -请求地址 : /BlAdmin/login
2020-11-15 22:50:17.640 INFO  [http-nio-8080-exec-3]com.tqk.blog.aspect.RequestAspect.printRequestLog:116 -请求方式 : POST
2020-11-15 22:50:17.641 INFO  [http-nio-8080-exec-3]com.tqk.blog.aspect.RequestAspect.printRequestLog:119 -IP : 192.168.101.29
2020-11-15 22:50:17.642 INFO  [http-nio-8080-exec-3]com.tqk.blog.aspect.RequestAspect.printRequestLog:121 -方法 : com.tqk.blog.controller.AdminController.login
2020-11-15 22:50:17.644 INFO  [http-nio-8080-exec-3]com.tqk.blog.aspect.RequestAspect.printRequestLog:123 -请求参数：[com.tqk.blog.pojo.BlAdmin@44d9c1f]
2020-11-15 22:50:17.645 INFO  [http-nio-8080-exec-3]com.tqk.blog.controller.AdminController.login:40 -com.tqk.blog.pojo.BlAdmin@44d9c1f
2020-11-15 22:50:17.688 DEBUG [http-nio-8080-exec-3]com.tqk.blog.mapper.BlAdminMapper.getByUsername.debug:159 -==>  Preparing: select name, header, signature, username, password from bl_admin where username = ? 
2020-11-15 22:50:17.689 DEBUG [http-nio-8080-exec-3]com.tqk.blog.mapper.BlAdminMapper.getByUsername.debug:159 -==> Parameters: admin(String)
2020-11-15 22:50:17.726 DEBUG [http-nio-8080-exec-3]com.tqk.blog.mapper.BlAdminMapper.getByUsername.debug:159 -<==      Total: 1
2020-11-15 22:50:17.728 INFO  [http-nio-8080-exec-3]com.tqk.blog.aspect.RequestAspect.doAround:67 -耗时 : 89
2020-11-15 22:50:17.729 INFO  [http-nio-8080-exec-3]com.tqk.blog.aspect.RequestAspect.doAfterReturning:81 -返回值：{"code":20000,"data":{"token":"sessionId"},"msg":"操作成功！"}
2020-11-15 22:50:17.770 DEBUG [http-nio-8080-exec-3]com.tqk.blog.mapper.BlLogMapper.save.debug:159 -==>  Preparing: insert into bl_log( log_url, log_params, log_status, log_message, log_method, log_time, log_result, log_ip ) values ( ?, ?, ?, ?, ?, ?, ?, ? ) 
2020-11-15 22:50:17.771 DEBUG [http-nio-8080-exec-3]com.tqk.blog.mapper.BlLogMapper.save.debug:159 -==> Parameters: /BlAdmin/login(String), [com.tqk.blog.pojo.BlAdmin@44d9c1f](String), 1(Integer), null, POST(String), 89(Long), {"code":20000,"data":{"token":"sessionId"},"msg":"操作成功！"}(String), 192.168.101.29(String)
2020-11-15 22:50:17.854 DEBUG [http-nio-8080-exec-3]com.tqk.blog.mapper.BlLogMapper.save.debug:159 -<==    Updates: 1
2020-11-15 22:50:42.295 INFO  [main]com.tqk.blog.BlogApplication.logStarting:55 -Starting BlogApplication on WIN-LFFH2UEU8RH with PID 12584 (D:\javaweb\blog\target\classes started by Administrator in D:\javaweb\blog)
2020-11-15 22:50:42.298 DEBUG [main]com.tqk.blog.BlogApplication.logStarting:56 -Running with Spring Boot v2.2.2.RELEASE, Spring v5.2.2.RELEASE
2020-11-15 22:50:42.298 INFO  [main]com.tqk.blog.BlogApplication.logStartupProfileInfo:655 -The following profiles are active: dev
2020-11-15 22:50:43.677 INFO  [main]o.s.c.s.PostProcessorRegistrationDelegate$BeanPostProcessorChecker.postProcessAfterInitialization:330 -Bean 'org.springframework.transaction.annotation.ProxyTransactionManagementConfiguration' of type [org.springframework.transaction.annotation.ProxyTransactionManagementConfiguration] is not eligible for getting processed by all BeanPostProcessors (for example: not eligible for auto-proxying)
2020-11-15 22:50:43.817 INFO  [main]o.s.c.s.PostProcessorRegistrationDelegate$BeanPostProcessorChecker.postProcessAfterInitialization:330 -Bean 'shiroConfig' of type [com.tqk.blog.config.ShiroConfig$$EnhancerBySpringCGLIB$$43963c09] is not eligible for getting processed by all BeanPostProcessors (for example: not eligible for auto-proxying)
2020-11-15 22:50:43.869 INFO  [main]o.s.c.s.PostProcessorRegistrationDelegate$BeanPostProcessorChecker.postProcessAfterInitialization:330 -Bean 'mybatis-tk.mybatis.mapper.autoconfigure.MybatisProperties' of type [tk.mybatis.mapper.autoconfigure.MybatisProperties] is not eligible for getting processed by all BeanPostProcessors (for example: not eligible for auto-proxying)
2020-11-15 22:50:43.884 INFO  [main]o.s.c.s.PostProcessorRegistrationDelegate$BeanPostProcessorChecker.postProcessAfterInitialization:330 -Bean 'tk.mybatis.mapper.autoconfigure.MapperAutoConfiguration' of type [tk.mybatis.mapper.autoconfigure.MapperAutoConfiguration$$EnhancerBySpringCGLIB$$8c93bf37] is not eligible for getting processed by all BeanPostProcessors (for example: not eligible for auto-proxying)
2020-11-15 22:50:43.889 INFO  [main]o.s.c.s.PostProcessorRegistrationDelegate$BeanPostProcessorChecker.postProcessAfterInitialization:330 -Bean 'com.alibaba.druid.spring.boot.autoconfigure.DruidDataSourceAutoConfigure' of type [com.alibaba.druid.spring.boot.autoconfigure.DruidDataSourceAutoConfigure$$EnhancerBySpringCGLIB$$f04f0d10] is not eligible for getting processed by all BeanPostProcessors (for example: not eligible for auto-proxying)
2020-11-15 22:50:43.895 INFO  [main]c.a.d.s.boot.autoconfigure.DruidDataSourceAutoConfigure.dataSource:56 -Init DruidDataSource
2020-11-15 22:50:43.970 INFO  [main]o.s.c.s.PostProcessorRegistrationDelegate$BeanPostProcessorChecker.postProcessAfterInitialization:330 -Bean 'spring.datasource-org.springframework.boot.autoconfigure.jdbc.DataSourceProperties' of type [org.springframework.boot.autoconfigure.jdbc.DataSourceProperties] is not eligible for getting processed by all BeanPostProcessors (for example: not eligible for auto-proxying)
2020-11-15 22:50:43.992 INFO  [main]o.s.c.s.PostProcessorRegistrationDelegate$BeanPostProcessorChecker.postProcessAfterInitialization:330 -Bean 'com.alibaba.druid.spring.boot.autoconfigure.stat.DruidFilterConfiguration' of type [com.alibaba.druid.spring.boot.autoconfigure.stat.DruidFilterConfiguration] is not eligible for getting processed by all BeanPostProcessors (for example: not eligible for auto-proxying)
2020-11-15 22:50:44.026 INFO  [main]o.s.c.s.PostProcessorRegistrationDelegate$BeanPostProcessorChecker.postProcessAfterInitialization:330 -Bean 'statFilter' of type [com.alibaba.druid.filter.stat.StatFilter] is not eligible for getting processed by all BeanPostProcessors (for example: not eligible for auto-proxying)
2020-11-15 22:50:46.629 INFO  [main]com.alibaba.druid.pool.DruidDataSource.init:930 -{dataSource-1} inited
2020-11-15 22:50:46.631 INFO  [main]o.s.c.s.PostProcessorRegistrationDelegate$BeanPostProcessorChecker.postProcessAfterInitialization:330 -Bean 'dataSource' of type [com.alibaba.druid.spring.boot.autoconfigure.DruidDataSourceWrapper] is not eligible for getting processed by all BeanPostProcessors (for example: not eligible for auto-proxying)
2020-11-15 22:50:46.732 INFO  [main]o.s.c.s.PostProcessorRegistrationDelegate$BeanPostProcessorChecker.postProcessAfterInitialization:330 -Bean 'org.springframework.boot.autoconfigure.jdbc.DataSourceInitializerInvoker' of type [org.springframework.boot.autoconfigure.jdbc.DataSourceInitializerInvoker] is not eligible for getting processed by all BeanPostProcessors (for example: not eligible for auto-proxying)
2020-11-15 22:50:47.095 INFO  [main]o.s.c.s.PostProcessorRegistrationDelegate$BeanPostProcessorChecker.postProcessAfterInitialization:330 -Bean 'sqlSessionFactory' of type [org.apache.ibatis.session.defaults.DefaultSqlSessionFactory] is not eligible for getting processed by all BeanPostProcessors (for example: not eligible for auto-proxying)
2020-11-15 22:50:47.105 INFO  [main]o.s.c.s.PostProcessorRegistrationDelegate$BeanPostProcessorChecker.postProcessAfterInitialization:330 -Bean 'sqlSessionTemplate' of type [org.mybatis.spring.SqlSessionTemplate] is not eligible for getting processed by all BeanPostProcessors (for example: not eligible for auto-proxying)
2020-11-15 22:50:47.176 INFO  [main]o.s.c.s.PostProcessorRegistrationDelegate$BeanPostProcessorChecker.postProcessAfterInitialization:330 -Bean 'blAdminMapper' of type [tk.mybatis.spring.mapper.MapperFactoryBean] is not eligible for getting processed by all BeanPostProcessors (for example: not eligible for auto-proxying)
2020-11-15 22:50:47.186 INFO  [main]o.s.c.s.PostProcessorRegistrationDelegate$BeanPostProcessorChecker.postProcessAfterInitialization:330 -Bean 'blAdminMapper' of type [com.sun.proxy.$Proxy86] is not eligible for getting processed by all BeanPostProcessors (for example: not eligible for auto-proxying)
2020-11-15 22:50:47.235 INFO  [main]o.s.c.s.PostProcessorRegistrationDelegate$BeanPostProcessorChecker.postProcessAfterInitialization:330 -Bean 'adminServiceImpl' of type [com.tqk.blog.service.impl.AdminServiceImpl] is not eligible for getting processed by all BeanPostProcessors (for example: not eligible for auto-proxying)
2020-11-15 22:50:47.238 INFO  [main]o.s.c.s.PostProcessorRegistrationDelegate$BeanPostProcessorChecker.postProcessAfterInitialization:330 -Bean 'adminRealm' of type [com.tqk.blog.realm.AdminRealm] is not eligible for getting processed by all BeanPostProcessors (for example: not eligible for auto-proxying)
2020-11-15 22:50:47.775 INFO  [main]o.s.c.s.PostProcessorRegistrationDelegate$BeanPostProcessorChecker.postProcessAfterInitialization:330 -Bean 'securityManager' of type [org.apache.shiro.web.mgt.DefaultWebSecurityManager] is not eligible for getting processed by all BeanPostProcessors (for example: not eligible for auto-proxying)
2020-11-15 22:50:47.802 INFO  [main]o.s.c.s.PostProcessorRegistrationDelegate$BeanPostProcessorChecker.postProcessAfterInitialization:330 -Bean 'authorizationAttributeSourceAdvisor' of type [org.apache.shiro.spring.security.interceptor.AuthorizationAttributeSourceAdvisor] is not eligible for getting processed by all BeanPostProcessors (for example: not eligible for auto-proxying)
2020-11-15 22:50:47.853 ERROR [main]org.apache.catalina.core.AprLifecycleListener.log:173 -An incompatible version [1.1.30] of the APR based Apache Tomcat Native library is installed, while Tomcat requires version [1.2.14]
2020-11-15 22:50:48.102 ERROR [main]org.apache.catalina.core.AprLifecycleListener.log:173 -An incompatible version [1.1.30] of the APR based Apache Tomcat Native library is installed, while Tomcat requires version [1.2.14]
2020-11-15 22:50:48.215 INFO  [main]o.s.boot.web.embedded.tomcat.TomcatWebServer.initialize:92 -Tomcat initialized with port(s): 8080 (http)
2020-11-15 22:50:48.229 ERROR [main]org.apache.catalina.core.AprLifecycleListener.log:173 -An incompatible version [1.1.30] of the APR based Apache Tomcat Native library is installed, while Tomcat requires version [1.2.14]
2020-11-15 22:50:48.230 INFO  [main]org.apache.coyote.http11.Http11NioProtocol.log:173 -Initializing ProtocolHandler ["http-nio-8080"]
2020-11-15 22:50:48.231 INFO  [main]org.apache.catalina.core.StandardService.log:173 -Starting service [Tomcat]
2020-11-15 22:50:48.231 INFO  [main]org.apache.catalina.core.StandardEngine.log:173 -Starting Servlet engine: [Apache Tomcat/9.0.29]
2020-11-15 22:50:48.369 INFO  [main]o.a.catalina.core.ContainerBase.[Tomcat].[localhost].[/].log:173 -Initializing Spring embedded WebApplicationContext
2020-11-15 22:50:48.370 INFO  [main]org.springframework.web.context.ContextLoader.prepareWebApplicationContext:284 -Root WebApplicationContext: initialization completed in 6014 ms
2020-11-15 22:50:49.622 INFO  [main]o.s.scheduling.concurrent.ThreadPoolTaskExecutor.initialize:171 -Initializing ExecutorService 'applicationTaskExecutor'
2020-11-15 22:50:50.090 INFO  [main]org.apache.coyote.http11.Http11NioProtocol.log:173 -Starting ProtocolHandler ["http-nio-8080"]
2020-11-15 22:50:50.118 INFO  [main]o.s.boot.web.embedded.tomcat.TomcatWebServer.start:204 -Tomcat started on port(s): 8080 (http) with context path ''
2020-11-15 22:50:50.121 INFO  [main]com.tqk.blog.BlogApplication.logStarted:61 -Started BlogApplication in 8.471 seconds (JVM running for 8.983)
2020-11-15 23:10:37.587 INFO  [http-nio-8080-exec-1]o.a.catalina.core.ContainerBase.[Tomcat].[localhost].[/].log:173 -Initializing Spring DispatcherServlet 'dispatcherServlet'
2020-11-15 23:10:37.588 INFO  [http-nio-8080-exec-1]org.springframework.web.servlet.DispatcherServlet.initServletBean:525 -Initializing Servlet 'dispatcherServlet'
2020-11-15 23:10:37.602 INFO  [http-nio-8080-exec-1]org.springframework.web.servlet.DispatcherServlet.initServletBean:547 -Completed initialization in 13 ms
2020-11-15 23:10:42.480 WARN  [http-nio-8080-exec-1]o.s.w.s.mvc.support.DefaultHandlerExceptionResolver.logException:199 -Resolved [org.springframework.http.converter.HttpMessageNotReadableException: I/O error while reading input message; nested exception is org.apache.catalina.connector.ClientAbortException: java.io.EOFException: Unexpected EOF read on the socket]
