2020-10-29 22:55:09.766 INFO  [main]com.tqk.blog.BlogApplication.logStarting:55 -Starting BlogApplication on WIN-LFFH2UEU8RH with PID 10192 (D:\javaweb\blog\target\classes started by Administrator in D:\javaweb\blog)
2020-10-29 22:55:09.779 INFO  [main]com.tqk.blog.BlogApplication.logStartupProfileInfo:655 -The following profiles are active: dev
2020-10-29 22:55:11.326 INFO  [main]o.s.c.s.PostProcessorRegistrationDelegate$BeanPostProcessorChecker.postProcessAfterInitialization:330 -Bean 'org.springframework.transaction.annotation.ProxyTransactionManagementConfiguration' of type [org.springframework.transaction.annotation.ProxyTransactionManagementConfiguration] is not eligible for getting processed by all BeanPostProcessors (for example: not eligible for auto-proxying)
2020-10-29 22:55:11.510 INFO  [main]o.s.c.s.PostProcessorRegistrationDelegate$BeanPostProcessorChecker.postProcessAfterInitialization:330 -Bean 'shiroConfig' of type [com.tqk.blog.config.ShiroConfig$$EnhancerBySpringCGLIB$$ad514968] is not eligible for getting processed by all BeanPostProcessors (for example: not eligible for auto-proxying)
2020-10-29 22:55:11.581 INFO  [main]o.s.c.s.PostProcessorRegistrationDelegate$BeanPostProcessorChecker.postProcessAfterInitialization:330 -Bean 'mybatis-tk.mybatis.mapper.autoconfigure.MybatisProperties' of type [tk.mybatis.mapper.autoconfigure.MybatisProperties] is not eligible for getting processed by all BeanPostProcessors (for example: not eligible for auto-proxying)
2020-10-29 22:55:11.592 INFO  [main]o.s.c.s.PostProcessorRegistrationDelegate$BeanPostProcessorChecker.postProcessAfterInitialization:330 -Bean 'tk.mybatis.mapper.autoconfigure.MapperAutoConfiguration' of type [tk.mybatis.mapper.autoconfigure.MapperAutoConfiguration$$EnhancerBySpringCGLIB$$f64ecc96] is not eligible for getting processed by all BeanPostProcessors (for example: not eligible for auto-proxying)
2020-10-29 22:55:11.597 INFO  [main]o.s.c.s.PostProcessorRegistrationDelegate$BeanPostProcessorChecker.postProcessAfterInitialization:330 -Bean 'com.alibaba.druid.spring.boot.autoconfigure.DruidDataSourceAutoConfigure' of type [com.alibaba.druid.spring.boot.autoconfigure.DruidDataSourceAutoConfigure$$EnhancerBySpringCGLIB$$5a0a1a6f] is not eligible for getting processed by all BeanPostProcessors (for example: not eligible for auto-proxying)
2020-10-29 22:55:11.604 INFO  [main]c.a.d.s.boot.autoconfigure.DruidDataSourceAutoConfigure.dataSource:56 -Init DruidDataSource
2020-10-29 22:55:11.677 INFO  [main]o.s.c.s.PostProcessorRegistrationDelegate$BeanPostProcessorChecker.postProcessAfterInitialization:330 -Bean 'spring.datasource-org.springframework.boot.autoconfigure.jdbc.DataSourceProperties' of type [org.springframework.boot.autoconfigure.jdbc.DataSourceProperties] is not eligible for getting processed by all BeanPostProcessors (for example: not eligible for auto-proxying)
2020-10-29 22:55:11.700 INFO  [main]o.s.c.s.PostProcessorRegistrationDelegate$BeanPostProcessorChecker.postProcessAfterInitialization:330 -Bean 'com.alibaba.druid.spring.boot.autoconfigure.stat.DruidFilterConfiguration' of type [com.alibaba.druid.spring.boot.autoconfigure.stat.DruidFilterConfiguration] is not eligible for getting processed by all BeanPostProcessors (for example: not eligible for auto-proxying)
2020-10-29 22:55:11.736 INFO  [main]o.s.c.s.PostProcessorRegistrationDelegate$BeanPostProcessorChecker.postProcessAfterInitialization:330 -Bean 'statFilter' of type [com.alibaba.druid.filter.stat.StatFilter] is not eligible for getting processed by all BeanPostProcessors (for example: not eligible for auto-proxying)
2020-10-29 22:55:14.464 INFO  [main]com.alibaba.druid.pool.DruidDataSource.init:930 -{dataSource-1} inited
2020-10-29 22:55:14.464 INFO  [main]o.s.c.s.PostProcessorRegistrationDelegate$BeanPostProcessorChecker.postProcessAfterInitialization:330 -Bean 'dataSource' of type [com.alibaba.druid.spring.boot.autoconfigure.DruidDataSourceWrapper] is not eligible for getting processed by all BeanPostProcessors (for example: not eligible for auto-proxying)
2020-10-29 22:55:14.554 INFO  [main]o.s.c.s.PostProcessorRegistrationDelegate$BeanPostProcessorChecker.postProcessAfterInitialization:330 -Bean 'org.springframework.boot.autoconfigure.jdbc.DataSourceInitializerInvoker' of type [org.springframework.boot.autoconfigure.jdbc.DataSourceInitializerInvoker] is not eligible for getting processed by all BeanPostProcessors (for example: not eligible for auto-proxying)
2020-10-29 22:55:14.885 INFO  [main]o.s.c.s.PostProcessorRegistrationDelegate$BeanPostProcessorChecker.postProcessAfterInitialization:330 -Bean 'sqlSessionFactory' of type [org.apache.ibatis.session.defaults.DefaultSqlSessionFactory] is not eligible for getting processed by all BeanPostProcessors (for example: not eligible for auto-proxying)
2020-10-29 22:55:14.896 INFO  [main]o.s.c.s.PostProcessorRegistrationDelegate$BeanPostProcessorChecker.postProcessAfterInitialization:330 -Bean 'sqlSessionTemplate' of type [org.mybatis.spring.SqlSessionTemplate] is not eligible for getting processed by all BeanPostProcessors (for example: not eligible for auto-proxying)
2020-10-29 22:55:14.962 INFO  [main]o.s.c.s.PostProcessorRegistrationDelegate$BeanPostProcessorChecker.postProcessAfterInitialization:330 -Bean 'blAdminMapper' of type [tk.mybatis.spring.mapper.MapperFactoryBean] is not eligible for getting processed by all BeanPostProcessors (for example: not eligible for auto-proxying)
2020-10-29 22:55:14.973 INFO  [main]o.s.c.s.PostProcessorRegistrationDelegate$BeanPostProcessorChecker.postProcessAfterInitialization:330 -Bean 'blAdminMapper' of type [com.sun.proxy.$Proxy86] is not eligible for getting processed by all BeanPostProcessors (for example: not eligible for auto-proxying)
2020-10-29 22:55:15.027 INFO  [main]o.s.c.s.PostProcessorRegistrationDelegate$BeanPostProcessorChecker.postProcessAfterInitialization:330 -Bean 'adminServiceImpl' of type [com.tqk.blog.service.impl.AdminServiceImpl] is not eligible for getting processed by all BeanPostProcessors (for example: not eligible for auto-proxying)
2020-10-29 22:55:15.029 INFO  [main]o.s.c.s.PostProcessorRegistrationDelegate$BeanPostProcessorChecker.postProcessAfterInitialization:330 -Bean 'adminRealm' of type [com.tqk.blog.realm.AdminRealm] is not eligible for getting processed by all BeanPostProcessors (for example: not eligible for auto-proxying)
2020-10-29 22:55:15.533 INFO  [main]o.s.c.s.PostProcessorRegistrationDelegate$BeanPostProcessorChecker.postProcessAfterInitialization:330 -Bean 'securityManager' of type [org.apache.shiro.web.mgt.DefaultWebSecurityManager] is not eligible for getting processed by all BeanPostProcessors (for example: not eligible for auto-proxying)
2020-10-29 22:55:15.567 INFO  [main]o.s.c.s.PostProcessorRegistrationDelegate$BeanPostProcessorChecker.postProcessAfterInitialization:330 -Bean 'authorizationAttributeSourceAdvisor' of type [org.apache.shiro.spring.security.interceptor.AuthorizationAttributeSourceAdvisor] is not eligible for getting processed by all BeanPostProcessors (for example: not eligible for auto-proxying)
2020-10-29 22:55:15.983 INFO  [main]o.s.boot.web.embedded.tomcat.TomcatWebServer.initialize:92 -Tomcat initialized with port(s): 8080 (http)
2020-10-29 22:55:15.997 INFO  [main]org.apache.coyote.http11.Http11NioProtocol.log:173 -Initializing ProtocolHandler ["http-nio-8080"]
2020-10-29 22:55:15.997 INFO  [main]org.apache.catalina.core.StandardService.log:173 -Starting service [Tomcat]
2020-10-29 22:55:15.998 INFO  [main]org.apache.catalina.core.StandardEngine.log:173 -Starting Servlet engine: [Apache Tomcat/9.0.29]
2020-10-29 22:55:16.124 INFO  [main]o.a.catalina.core.ContainerBase.[Tomcat].[localhost].[/].log:173 -Initializing Spring embedded WebApplicationContext
2020-10-29 22:55:16.125 INFO  [main]org.springframework.web.context.ContextLoader.prepareWebApplicationContext:284 -Root WebApplicationContext: initialization completed in 6265 ms
2020-10-29 22:55:17.303 INFO  [main]o.s.scheduling.concurrent.ThreadPoolTaskExecutor.initialize:171 -Initializing ExecutorService 'applicationTaskExecutor'
2020-10-29 22:55:17.840 INFO  [main]org.apache.coyote.http11.Http11NioProtocol.log:173 -Starting ProtocolHandler ["http-nio-8080"]
2020-10-29 22:55:17.872 INFO  [main]o.s.boot.web.embedded.tomcat.TomcatWebServer.start:204 -Tomcat started on port(s): 8080 (http) with context path ''
2020-10-29 22:55:17.876 INFO  [main]com.tqk.blog.BlogApplication.logStarted:61 -Started BlogApplication in 9.106 seconds (JVM running for 9.666)
2020-10-29 22:55:34.966 INFO  [http-nio-8080-exec-2]o.a.catalina.core.ContainerBase.[Tomcat].[localhost].[/].log:173 -Initializing Spring DispatcherServlet 'dispatcherServlet'
2020-10-29 22:55:34.966 INFO  [http-nio-8080-exec-2]org.springframework.web.servlet.DispatcherServlet.initServletBean:525 -Initializing Servlet 'dispatcherServlet'
2020-10-29 22:55:34.985 INFO  [http-nio-8080-exec-2]org.springframework.web.servlet.DispatcherServlet.initServletBean:547 -Completed initialization in 18 ms
2020-10-29 22:55:35.105 INFO  [http-nio-8080-exec-2]com.tqk.blog.aspect.RequestAspect.printRequestLog:115 -请求地址 : /BlAdmin/login
2020-10-29 22:55:35.106 INFO  [http-nio-8080-exec-2]com.tqk.blog.aspect.RequestAspect.printRequestLog:116 -请求方式 : POST
2020-10-29 22:55:35.108 INFO  [http-nio-8080-exec-2]com.tqk.blog.aspect.RequestAspect.printRequestLog:119 -IP : 0:0:0:0:0:0:0:1
2020-10-29 22:55:35.110 INFO  [http-nio-8080-exec-2]com.tqk.blog.aspect.RequestAspect.printRequestLog:121 -方法 : com.tqk.blog.controller.AdminController.login
2020-10-29 22:55:35.111 INFO  [http-nio-8080-exec-2]com.tqk.blog.aspect.RequestAspect.printRequestLog:123 -请求参数：[com.tqk.blog.pojo.BlAdmin@1a4e34d1]
2020-10-29 22:55:35.347 INFO  [http-nio-8080-exec-2]com.tqk.blog.aspect.RequestAspect.doAround:67 -耗时 : 242
2020-10-29 22:55:35.437 INFO  [http-nio-8080-exec-2]com.tqk.blog.aspect.RequestAspect.doAfterReturning:81 -返回值：{"code":20000,"data":{"token":"65C9C4B0E9B3D3E24C56193AA748650D"},"msg":"操作成功！"}
2020-10-29 23:09:16.978 INFO  [http-nio-8080-exec-7]com.tqk.blog.aspect.RequestAspect.printRequestLog:115 -请求地址 : /user/save
2020-10-29 23:09:16.979 INFO  [http-nio-8080-exec-7]com.tqk.blog.aspect.RequestAspect.printRequestLog:116 -请求方式 : POST
2020-10-29 23:09:16.980 INFO  [http-nio-8080-exec-7]com.tqk.blog.aspect.RequestAspect.printRequestLog:119 -IP : 0:0:0:0:0:0:0:1
2020-10-29 23:09:16.981 INFO  [http-nio-8080-exec-7]com.tqk.blog.aspect.RequestAspect.printRequestLog:121 -方法 : com.tqk.blog.controller.UserController.save
2020-10-29 23:09:16.982 INFO  [http-nio-8080-exec-7]com.tqk.blog.aspect.RequestAspect.printRequestLog:123 -请求参数：[com.tqk.blog.pojo.BlUser@3cffb6b]
2020-10-29 23:09:17.108 INFO  [http-nio-8080-exec-7]com.tqk.blog.aspect.RequestAspect.doAround:67 -耗时 : 130
2020-10-29 23:09:17.109 INFO  [http-nio-8080-exec-7]com.tqk.blog.aspect.RequestAspect.doAfterReturning:81 -返回值：{"code":20000,"msg":"添加成功！"}
2020-10-29 23:19:54.613 INFO  [http-nio-8080-exec-10]com.tqk.blog.aspect.RequestAspect.printRequestLog:115 -请求地址 : /user/save
2020-10-29 23:19:54.615 INFO  [http-nio-8080-exec-10]com.tqk.blog.aspect.RequestAspect.printRequestLog:116 -请求方式 : POST
2020-10-29 23:19:54.615 INFO  [http-nio-8080-exec-10]com.tqk.blog.aspect.RequestAspect.printRequestLog:119 -IP : 0:0:0:0:0:0:0:1
2020-10-29 23:19:54.617 INFO  [http-nio-8080-exec-10]com.tqk.blog.aspect.RequestAspect.printRequestLog:121 -方法 : com.tqk.blog.controller.UserController.save
2020-10-29 23:19:54.618 INFO  [http-nio-8080-exec-10]com.tqk.blog.aspect.RequestAspect.printRequestLog:123 -请求参数：[com.tqk.blog.pojo.BlUser@6ad5589a]
2020-10-29 23:19:54.739 INFO  [http-nio-8080-exec-10]com.tqk.blog.aspect.RequestAspect.doAround:67 -耗时 : 126
2020-10-29 23:19:54.740 INFO  [http-nio-8080-exec-10]com.tqk.blog.aspect.RequestAspect.doAfterReturning:81 -返回值：{"code":20000,"msg":"添加成功！"}
2020-10-29 23:25:12.791 INFO  [http-nio-8080-exec-1]com.tqk.blog.aspect.RequestAspect.printRequestLog:115 -请求地址 : /user/update
2020-10-29 23:25:12.791 INFO  [http-nio-8080-exec-1]com.tqk.blog.aspect.RequestAspect.printRequestLog:116 -请求方式 : PUT
2020-10-29 23:25:12.792 INFO  [http-nio-8080-exec-1]com.tqk.blog.aspect.RequestAspect.printRequestLog:119 -IP : 0:0:0:0:0:0:0:1
2020-10-29 23:25:12.792 INFO  [http-nio-8080-exec-1]com.tqk.blog.aspect.RequestAspect.printRequestLog:121 -方法 : com.tqk.blog.controller.UserController.update
2020-10-29 23:25:12.792 INFO  [http-nio-8080-exec-1]com.tqk.blog.aspect.RequestAspect.printRequestLog:123 -请求参数：[com.tqk.blog.pojo.BlUser@4d8adcba]
2020-10-29 23:25:12.962 INFO  [http-nio-8080-exec-1]com.tqk.blog.aspect.RequestAspect.doAround:67 -耗时 : 171
2020-10-29 23:25:12.962 INFO  [http-nio-8080-exec-1]com.tqk.blog.aspect.RequestAspect.doAfterReturning:81 -返回值：{"code":20000,"msg":"修改成功！"}
2020-10-29 23:29:25.709 INFO  [http-nio-8080-exec-6]com.tqk.blog.aspect.RequestAspect.printRequestLog:115 -请求地址 : /user/get/1
2020-10-29 23:29:25.710 INFO  [http-nio-8080-exec-6]com.tqk.blog.aspect.RequestAspect.printRequestLog:116 -请求方式 : GET
2020-10-29 23:29:25.710 INFO  [http-nio-8080-exec-6]com.tqk.blog.aspect.RequestAspect.printRequestLog:119 -IP : 0:0:0:0:0:0:0:1
2020-10-29 23:29:25.710 INFO  [http-nio-8080-exec-6]com.tqk.blog.aspect.RequestAspect.printRequestLog:121 -方法 : com.tqk.blog.controller.UserController.get
2020-10-29 23:29:25.710 INFO  [http-nio-8080-exec-6]com.tqk.blog.aspect.RequestAspect.printRequestLog:123 -请求参数：[1]
2020-10-29 23:29:25.785 INFO  [http-nio-8080-exec-6]com.tqk.blog.aspect.RequestAspect.doAround:67 -耗时 : 76
2020-10-29 23:29:25.786 INFO  [http-nio-8080-exec-6]com.tqk.blog.aspect.RequestAspect.doAfterReturning:81 -返回值：{"code":20000,"msg":"操作成功！"}
2020-10-29 23:29:34.355 INFO  [http-nio-8080-exec-7]com.tqk.blog.aspect.RequestAspect.printRequestLog:115 -请求地址 : /user/get/3
2020-10-29 23:29:34.356 INFO  [http-nio-8080-exec-7]com.tqk.blog.aspect.RequestAspect.printRequestLog:116 -请求方式 : GET
2020-10-29 23:29:34.357 INFO  [http-nio-8080-exec-7]com.tqk.blog.aspect.RequestAspect.printRequestLog:119 -IP : 0:0:0:0:0:0:0:1
2020-10-29 23:29:34.357 INFO  [http-nio-8080-exec-7]com.tqk.blog.aspect.RequestAspect.printRequestLog:121 -方法 : com.tqk.blog.controller.UserController.get
2020-10-29 23:29:34.358 INFO  [http-nio-8080-exec-7]com.tqk.blog.aspect.RequestAspect.printRequestLog:123 -请求参数：[3]
2020-10-29 23:29:34.432 INFO  [http-nio-8080-exec-7]com.tqk.blog.aspect.RequestAspect.doAround:67 -耗时 : 77
2020-10-29 23:29:34.439 INFO  [http-nio-8080-exec-7]com.tqk.blog.aspect.RequestAspect.doAfterReturning:81 -返回值：{"code":20000,"data":{"header":"哈哈111哈","name":"天气开","nickname":"一切皆文件","sex":1,"userEmail":"953811508@qq.com","userId":3,"username":"田起凯","version":2},"msg":"操作成功！"}
2020-10-29 23:29:42.221 INFO  [http-nio-8080-exec-8]com.tqk.blog.aspect.RequestAspect.printRequestLog:115 -请求地址 : /user/delete/1
2020-10-29 23:29:42.222 INFO  [http-nio-8080-exec-8]com.tqk.blog.aspect.RequestAspect.printRequestLog:116 -请求方式 : DELETE
2020-10-29 23:29:42.222 INFO  [http-nio-8080-exec-8]com.tqk.blog.aspect.RequestAspect.printRequestLog:119 -IP : 0:0:0:0:0:0:0:1
2020-10-29 23:29:42.222 INFO  [http-nio-8080-exec-8]com.tqk.blog.aspect.RequestAspect.printRequestLog:121 -方法 : com.tqk.blog.controller.UserController.delete
2020-10-29 23:29:42.223 INFO  [http-nio-8080-exec-8]com.tqk.blog.aspect.RequestAspect.printRequestLog:123 -请求参数：[1]
2020-10-29 23:29:42.333 INFO  [http-nio-8080-exec-8]com.tqk.blog.aspect.RequestAspect.doAround:67 -耗时 : 112
2020-10-29 23:29:42.333 INFO  [http-nio-8080-exec-8]com.tqk.blog.aspect.RequestAspect.doAfterReturning:81 -返回值：{"code":20000,"msg":"删除成功！"}
2020-10-29 23:29:47.597 INFO  [http-nio-8080-exec-9]com.tqk.blog.aspect.RequestAspect.printRequestLog:115 -请求地址 : /user/delete/3
2020-10-29 23:29:47.598 INFO  [http-nio-8080-exec-9]com.tqk.blog.aspect.RequestAspect.printRequestLog:116 -请求方式 : DELETE
2020-10-29 23:29:47.599 INFO  [http-nio-8080-exec-9]com.tqk.blog.aspect.RequestAspect.printRequestLog:119 -IP : 0:0:0:0:0:0:0:1
2020-10-29 23:29:47.600 INFO  [http-nio-8080-exec-9]com.tqk.blog.aspect.RequestAspect.printRequestLog:121 -方法 : com.tqk.blog.controller.UserController.delete
2020-10-29 23:29:47.601 INFO  [http-nio-8080-exec-9]com.tqk.blog.aspect.RequestAspect.printRequestLog:123 -请求参数：[3]
2020-10-29 23:29:47.728 INFO  [http-nio-8080-exec-9]com.tqk.blog.aspect.RequestAspect.doAround:67 -耗时 : 131
2020-10-29 23:29:47.728 INFO  [http-nio-8080-exec-9]com.tqk.blog.aspect.RequestAspect.doAfterReturning:81 -返回值：{"code":20000,"msg":"删除成功！"}
2020-10-29 23:34:06.655 INFO  [http-nio-8080-exec-2]com.tqk.blog.aspect.RequestAspect.printRequestLog:115 -请求地址 : /user/updateInfo
2020-10-29 23:34:06.656 INFO  [http-nio-8080-exec-2]com.tqk.blog.aspect.RequestAspect.printRequestLog:116 -请求方式 : PUT
2020-10-29 23:34:06.657 INFO  [http-nio-8080-exec-2]com.tqk.blog.aspect.RequestAspect.printRequestLog:119 -IP : 0:0:0:0:0:0:0:1
2020-10-29 23:34:06.657 INFO  [http-nio-8080-exec-2]com.tqk.blog.aspect.RequestAspect.printRequestLog:121 -方法 : com.tqk.blog.controller.UserController.updateInfo
2020-10-29 23:34:06.658 INFO  [http-nio-8080-exec-2]com.tqk.blog.aspect.RequestAspect.printRequestLog:123 -请求参数：[com.tqk.blog.pojo.BlUser@63942559]
2020-10-29 23:34:06.785 INFO  [http-nio-8080-exec-2]com.tqk.blog.aspect.RequestAspect.doAround:67 -耗时 : 130
2020-10-29 23:34:06.786 INFO  [http-nio-8080-exec-2]com.tqk.blog.aspect.RequestAspect.doAfterReturning:81 -返回值：{"code":20000,"msg":"修改成功！"}
2020-10-29 23:40:02.829 INFO  [http-nio-8080-exec-8]com.tqk.blog.aspect.RequestAspect.printRequestLog:115 -请求地址 : /user/getByPage
2020-10-29 23:40:02.830 INFO  [http-nio-8080-exec-8]com.tqk.blog.aspect.RequestAspect.printRequestLog:116 -请求方式 : POST
2020-10-29 23:40:02.830 INFO  [http-nio-8080-exec-8]com.tqk.blog.aspect.RequestAspect.printRequestLog:119 -IP : 0:0:0:0:0:0:0:1
2020-10-29 23:40:02.831 INFO  [http-nio-8080-exec-8]com.tqk.blog.aspect.RequestAspect.printRequestLog:121 -方法 : com.tqk.blog.controller.UserController.getByPage
2020-10-29 23:40:02.831 INFO  [http-nio-8080-exec-8]com.tqk.blog.aspect.RequestAspect.printRequestLog:123 -请求参数：[Page(currentPage=1, pageSize=20, totalPage=0, totalCount=0, list=null, params={}, sortColumn=null, sortMethod=asc)]
2020-10-29 23:40:02.990 INFO  [http-nio-8080-exec-8]com.tqk.blog.aspect.RequestAspect.doAround:67 -耗时 : 161
2020-10-29 23:40:03.003 INFO  [http-nio-8080-exec-8]com.tqk.blog.aspect.RequestAspect.doAfterReturning:81 -返回值：{"code":20000,"data":{"currentPage":1,"index":0,"list":[{"createdTime":1603955993000,"header":"哈哈哈","name":"天气开","nickname":"一切皆文件","sex":1,"updateTime":1603955993000,"userEmail":"953811508@qq.com","userId":4,"username":"田起凯"}],"pageSize":20,"params":{},"sortMethod":"asc","totalCount":1,"totalPage":1},"msg":"操作成功！"}
