2020-10-21 19:46:38.807 INFO  [main]com.tqk.blog.BlogApplication.logStarting:55 -Starting BlogApplication on WIN-LFFH2UEU8RH with PID 3312 (D:\javaweb\blog\target\classes started by Administrator in D:\javaweb\blog)
2020-10-21 19:46:38.814 DEBUG [main]com.tqk.blog.BlogApplication.logStarting:56 -Running with Spring Boot v2.2.2.RELEASE, Spring v5.2.2.RELEASE
2020-10-21 19:46:38.816 INFO  [main]com.tqk.blog.BlogApplication.logStartupProfileInfo:655 -The following profiles are active: dev
2020-10-21 19:46:40.260 INFO  [main]o.s.c.s.PostProcessorRegistrationDelegate$BeanPostProcessorChecker.postProcessAfterInitialization:330 -Bean 'org.springframework.transaction.annotation.ProxyTransactionManagementConfiguration' of type [org.springframework.transaction.annotation.ProxyTransactionManagementConfiguration] is not eligible for getting processed by all BeanPostProcessors (for example: not eligible for auto-proxying)
2020-10-21 19:46:40.386 INFO  [main]o.s.c.s.PostProcessorRegistrationDelegate$BeanPostProcessorChecker.postProcessAfterInitialization:330 -Bean 'shiroConfig' of type [com.tqk.blog.config.ShiroConfig$$EnhancerBySpringCGLIB$$ba3dc1ac] is not eligible for getting processed by all BeanPostProcessors (for example: not eligible for auto-proxying)
2020-10-21 19:46:40.447 INFO  [main]o.s.c.s.PostProcessorRegistrationDelegate$BeanPostProcessorChecker.postProcessAfterInitialization:330 -Bean 'mybatis-tk.mybatis.mapper.autoconfigure.MybatisProperties' of type [tk.mybatis.mapper.autoconfigure.MybatisProperties] is not eligible for getting processed by all BeanPostProcessors (for example: not eligible for auto-proxying)
2020-10-21 19:46:40.458 INFO  [main]o.s.c.s.PostProcessorRegistrationDelegate$BeanPostProcessorChecker.postProcessAfterInitialization:330 -Bean 'tk.mybatis.mapper.autoconfigure.MapperAutoConfiguration' of type [tk.mybatis.mapper.autoconfigure.MapperAutoConfiguration$$EnhancerBySpringCGLIB$$33b44da] is not eligible for getting processed by all BeanPostProcessors (for example: not eligible for auto-proxying)
2020-10-21 19:46:40.462 INFO  [main]o.s.c.s.PostProcessorRegistrationDelegate$BeanPostProcessorChecker.postProcessAfterInitialization:330 -Bean 'com.alibaba.druid.spring.boot.autoconfigure.DruidDataSourceAutoConfigure' of type [com.alibaba.druid.spring.boot.autoconfigure.DruidDataSourceAutoConfigure$$EnhancerBySpringCGLIB$$66f692b3] is not eligible for getting processed by all BeanPostProcessors (for example: not eligible for auto-proxying)
2020-10-21 19:46:40.469 INFO  [main]c.a.d.s.boot.autoconfigure.DruidDataSourceAutoConfigure.dataSource:56 -Init DruidDataSource
2020-10-21 19:46:40.539 INFO  [main]o.s.c.s.PostProcessorRegistrationDelegate$BeanPostProcessorChecker.postProcessAfterInitialization:330 -Bean 'spring.datasource-org.springframework.boot.autoconfigure.jdbc.DataSourceProperties' of type [org.springframework.boot.autoconfigure.jdbc.DataSourceProperties] is not eligible for getting processed by all BeanPostProcessors (for example: not eligible for auto-proxying)
2020-10-21 19:46:40.563 INFO  [main]o.s.c.s.PostProcessorRegistrationDelegate$BeanPostProcessorChecker.postProcessAfterInitialization:330 -Bean 'com.alibaba.druid.spring.boot.autoconfigure.stat.DruidFilterConfiguration' of type [com.alibaba.druid.spring.boot.autoconfigure.stat.DruidFilterConfiguration] is not eligible for getting processed by all BeanPostProcessors (for example: not eligible for auto-proxying)
2020-10-21 19:46:40.598 INFO  [main]o.s.c.s.PostProcessorRegistrationDelegate$BeanPostProcessorChecker.postProcessAfterInitialization:330 -Bean 'statFilter' of type [com.alibaba.druid.filter.stat.StatFilter] is not eligible for getting processed by all BeanPostProcessors (for example: not eligible for auto-proxying)
2020-10-21 19:46:43.231 INFO  [main]com.alibaba.druid.pool.DruidDataSource.init:930 -{dataSource-1} inited
2020-10-21 19:46:43.232 INFO  [main]o.s.c.s.PostProcessorRegistrationDelegate$BeanPostProcessorChecker.postProcessAfterInitialization:330 -Bean 'dataSource' of type [com.alibaba.druid.spring.boot.autoconfigure.DruidDataSourceWrapper] is not eligible for getting processed by all BeanPostProcessors (for example: not eligible for auto-proxying)
2020-10-21 19:46:43.342 INFO  [main]o.s.c.s.PostProcessorRegistrationDelegate$BeanPostProcessorChecker.postProcessAfterInitialization:330 -Bean 'org.springframework.boot.autoconfigure.jdbc.DataSourceInitializerInvoker' of type [org.springframework.boot.autoconfigure.jdbc.DataSourceInitializerInvoker] is not eligible for getting processed by all BeanPostProcessors (for example: not eligible for auto-proxying)
2020-10-21 19:46:43.718 INFO  [main]o.s.c.s.PostProcessorRegistrationDelegate$BeanPostProcessorChecker.postProcessAfterInitialization:330 -Bean 'sqlSessionFactory' of type [org.apache.ibatis.session.defaults.DefaultSqlSessionFactory] is not eligible for getting processed by all BeanPostProcessors (for example: not eligible for auto-proxying)
2020-10-21 19:46:43.728 INFO  [main]o.s.c.s.PostProcessorRegistrationDelegate$BeanPostProcessorChecker.postProcessAfterInitialization:330 -Bean 'sqlSessionTemplate' of type [org.mybatis.spring.SqlSessionTemplate] is not eligible for getting processed by all BeanPostProcessors (for example: not eligible for auto-proxying)
2020-10-21 19:46:43.804 INFO  [main]o.s.c.s.PostProcessorRegistrationDelegate$BeanPostProcessorChecker.postProcessAfterInitialization:330 -Bean 'blAdminMapper' of type [tk.mybatis.spring.mapper.MapperFactoryBean] is not eligible for getting processed by all BeanPostProcessors (for example: not eligible for auto-proxying)
2020-10-21 19:46:43.813 INFO  [main]o.s.c.s.PostProcessorRegistrationDelegate$BeanPostProcessorChecker.postProcessAfterInitialization:330 -Bean 'blAdminMapper' of type [com.sun.proxy.$Proxy86] is not eligible for getting processed by all BeanPostProcessors (for example: not eligible for auto-proxying)
2020-10-21 19:46:43.868 INFO  [main]o.s.c.s.PostProcessorRegistrationDelegate$BeanPostProcessorChecker.postProcessAfterInitialization:330 -Bean 'adminServiceImpl' of type [com.tqk.blog.service.impl.AdminServiceImpl] is not eligible for getting processed by all BeanPostProcessors (for example: not eligible for auto-proxying)
2020-10-21 19:46:43.870 INFO  [main]o.s.c.s.PostProcessorRegistrationDelegate$BeanPostProcessorChecker.postProcessAfterInitialization:330 -Bean 'adminRealm' of type [com.tqk.blog.realm.AdminRealm] is not eligible for getting processed by all BeanPostProcessors (for example: not eligible for auto-proxying)
2020-10-21 19:46:44.472 INFO  [main]o.s.c.s.PostProcessorRegistrationDelegate$BeanPostProcessorChecker.postProcessAfterInitialization:330 -Bean 'securityManager' of type [org.apache.shiro.web.mgt.DefaultWebSecurityManager] is not eligible for getting processed by all BeanPostProcessors (for example: not eligible for auto-proxying)
2020-10-21 19:46:44.514 INFO  [main]o.s.c.s.PostProcessorRegistrationDelegate$BeanPostProcessorChecker.postProcessAfterInitialization:330 -Bean 'authorizationAttributeSourceAdvisor' of type [org.apache.shiro.spring.security.interceptor.AuthorizationAttributeSourceAdvisor] is not eligible for getting processed by all BeanPostProcessors (for example: not eligible for auto-proxying)
2020-10-21 19:46:44.567 ERROR [main]org.apache.catalina.core.AprLifecycleListener.log:173 -An incompatible version [1.1.30] of the APR based Apache Tomcat Native library is installed, while Tomcat requires version [1.2.14]
2020-10-21 19:46:44.750 ERROR [main]org.apache.catalina.core.AprLifecycleListener.log:173 -An incompatible version [1.1.30] of the APR based Apache Tomcat Native library is installed, while Tomcat requires version [1.2.14]
2020-10-21 19:46:44.856 INFO  [main]o.s.boot.web.embedded.tomcat.TomcatWebServer.initialize:92 -Tomcat initialized with port(s): 8080 (http)
2020-10-21 19:46:44.868 ERROR [main]org.apache.catalina.core.AprLifecycleListener.log:173 -An incompatible version [1.1.30] of the APR based Apache Tomcat Native library is installed, while Tomcat requires version [1.2.14]
2020-10-21 19:46:44.869 INFO  [main]org.apache.coyote.http11.Http11NioProtocol.log:173 -Initializing ProtocolHandler ["http-nio-8080"]
2020-10-21 19:46:44.869 INFO  [main]org.apache.catalina.core.StandardService.log:173 -Starting service [Tomcat]
2020-10-21 19:46:44.870 INFO  [main]org.apache.catalina.core.StandardEngine.log:173 -Starting Servlet engine: [Apache Tomcat/9.0.29]
2020-10-21 19:46:45.040 INFO  [main]o.a.catalina.core.ContainerBase.[Tomcat].[localhost].[/].log:173 -Initializing Spring embedded WebApplicationContext
2020-10-21 19:46:45.040 INFO  [main]org.springframework.web.context.ContextLoader.prepareWebApplicationContext:284 -Root WebApplicationContext: initialization completed in 6088 ms
2020-10-21 19:46:46.127 INFO  [main]o.s.scheduling.concurrent.ThreadPoolTaskExecutor.initialize:171 -Initializing ExecutorService 'applicationTaskExecutor'
2020-10-21 19:46:46.572 INFO  [main]org.apache.coyote.http11.Http11NioProtocol.log:173 -Starting ProtocolHandler ["http-nio-8080"]
2020-10-21 19:46:46.598 INFO  [main]o.s.boot.web.embedded.tomcat.TomcatWebServer.start:204 -Tomcat started on port(s): 8080 (http) with context path ''
2020-10-21 19:46:46.600 INFO  [main]com.tqk.blog.BlogApplication.logStarted:61 -Started BlogApplication in 8.588 seconds (JVM running for 9.194)
2020-10-21 21:06:48.757 INFO  [http-nio-8080-exec-2]o.a.catalina.core.ContainerBase.[Tomcat].[localhost].[/].log:173 -Initializing Spring DispatcherServlet 'dispatcherServlet'
2020-10-21 21:06:48.757 INFO  [http-nio-8080-exec-2]org.springframework.web.servlet.DispatcherServlet.initServletBean:525 -Initializing Servlet 'dispatcherServlet'
2020-10-21 21:06:48.772 INFO  [http-nio-8080-exec-2]org.springframework.web.servlet.DispatcherServlet.initServletBean:547 -Completed initialization in 14 ms
2020-10-21 21:06:48.819 INFO  [http-nio-8080-exec-2]com.tqk.blog.aspect.RequestAspect.printRequestLog:115 -请求地址 : /hotel/welcome
2020-10-21 21:06:48.821 INFO  [http-nio-8080-exec-2]com.tqk.blog.aspect.RequestAspect.printRequestLog:116 -请求方式 : GET
2020-10-21 21:06:48.824 INFO  [http-nio-8080-exec-2]com.tqk.blog.aspect.RequestAspect.printRequestLog:119 -IP : 0:0:0:0:0:0:0:1
2020-10-21 21:06:48.827 INFO  [http-nio-8080-exec-2]com.tqk.blog.aspect.RequestAspect.printRequestLog:121 -方法 : com.tqk.blog.controller.HotelController.welcome
2020-10-21 21:06:48.827 INFO  [http-nio-8080-exec-2]com.tqk.blog.aspect.RequestAspect.printRequestLog:123 -请求参数：[]
2020-10-21 21:06:48.834 INFO  [http-nio-8080-exec-2]com.tqk.blog.aspect.RequestAspect.doAround:67 -耗时 : 15
2020-10-21 21:06:48.888 INFO  [http-nio-8080-exec-2]com.tqk.blog.aspect.RequestAspect.doAfterReturning:81 -返回值："欢迎登陆莫兰迪酒店！"
2020-10-21 21:06:48.981 DEBUG [http-nio-8080-exec-2]com.tqk.blog.mapper.BlLogMapper.save.debug:159 -==>  Preparing: insert into bl_log( log_url, log_params, log_status, log_message, log_method, log_time, log_result, log_ip ) values ( ?, ?, ?, ?, ?, ?, ?, ? ) 
2020-10-21 21:06:49.033 DEBUG [http-nio-8080-exec-2]com.tqk.blog.mapper.BlLogMapper.save.debug:159 -==> Parameters: /hotel/welcome(String), [](String), 1(Integer), null, GET(String), 15(Long), "欢迎登陆莫兰迪酒店！"(String), 0:0:0:0:0:0:0:1(String)
2020-10-21 21:06:49.132 DEBUG [http-nio-8080-exec-2]com.tqk.blog.mapper.BlLogMapper.save.debug:159 -<==    Updates: 1
2020-10-21 22:04:19.391 WARN  [http-nio-8080-exec-5]o.s.w.s.mvc.support.DefaultHandlerExceptionResolver.logException:199 -Resolved [org.springframework.web.HttpRequestMethodNotSupportedException: Request method 'GET' not supported]
2020-10-21 22:04:28.974 INFO  [http-nio-8080-exec-6]com.tqk.blog.aspect.RequestAspect.printRequestLog:115 -请求地址 : /BlAdmin/login
2020-10-21 22:04:28.975 INFO  [http-nio-8080-exec-6]com.tqk.blog.aspect.RequestAspect.printRequestLog:116 -请求方式 : POST
2020-10-21 22:04:28.975 INFO  [http-nio-8080-exec-6]com.tqk.blog.aspect.RequestAspect.printRequestLog:119 -IP : 0:0:0:0:0:0:0:1
2020-10-21 22:04:28.975 INFO  [http-nio-8080-exec-6]com.tqk.blog.aspect.RequestAspect.printRequestLog:121 -方法 : com.tqk.blog.controller.AdminController.login
2020-10-21 22:04:28.976 INFO  [http-nio-8080-exec-6]com.tqk.blog.aspect.RequestAspect.printRequestLog:123 -请求参数：[com.tqk.blog.pojo.BlAdmin@18641a4b]
2020-10-21 22:04:29.039 DEBUG [http-nio-8080-exec-6]com.tqk.blog.mapper.BlAdminMapper.getByUsername.debug:159 -==>  Preparing: select name, header, signature, username, password from bl_admin where username = ? 
2020-10-21 22:04:29.040 DEBUG [http-nio-8080-exec-6]com.tqk.blog.mapper.BlAdminMapper.getByUsername.debug:159 -==> Parameters: admin(String)
2020-10-21 22:04:29.113 DEBUG [http-nio-8080-exec-6]com.tqk.blog.mapper.BlAdminMapper.getByUsername.debug:159 -<==      Total: 1
2020-10-21 22:04:29.127 INFO  [http-nio-8080-exec-6]com.tqk.blog.aspect.RequestAspect.doAround:67 -耗时 : 153
2020-10-21 22:04:29.177 INFO  [http-nio-8080-exec-6]com.tqk.blog.aspect.RequestAspect.doAfterReturning:81 -返回值：{"code":40002,"msg":"用户名或密码错误！"}
2020-10-21 22:04:29.223 DEBUG [http-nio-8080-exec-6]com.tqk.blog.mapper.BlLogMapper.save.debug:159 -==>  Preparing: insert into bl_log( log_url, log_params, log_status, log_message, log_method, log_time, log_result, log_ip ) values ( ?, ?, ?, ?, ?, ?, ?, ? ) 
2020-10-21 22:04:29.225 DEBUG [http-nio-8080-exec-6]com.tqk.blog.mapper.BlLogMapper.save.debug:159 -==> Parameters: /BlAdmin/login(String), [com.tqk.blog.pojo.BlAdmin@18641a4b](String), 1(Integer), null, POST(String), 153(Long), {"code":40002,"msg":"用户名或密码错误！"}(String), 0:0:0:0:0:0:0:1(String)
2020-10-21 22:04:29.326 DEBUG [http-nio-8080-exec-6]com.tqk.blog.mapper.BlLogMapper.save.debug:159 -<==    Updates: 1
2020-10-21 22:04:39.467 INFO  [http-nio-8080-exec-7]com.tqk.blog.aspect.RequestAspect.printRequestLog:115 -请求地址 : /BlAdmin/login
2020-10-21 22:04:39.468 INFO  [http-nio-8080-exec-7]com.tqk.blog.aspect.RequestAspect.printRequestLog:116 -请求方式 : POST
2020-10-21 22:04:39.469 INFO  [http-nio-8080-exec-7]com.tqk.blog.aspect.RequestAspect.printRequestLog:119 -IP : 0:0:0:0:0:0:0:1
2020-10-21 22:04:39.469 INFO  [http-nio-8080-exec-7]com.tqk.blog.aspect.RequestAspect.printRequestLog:121 -方法 : com.tqk.blog.controller.AdminController.login
2020-10-21 22:04:39.469 INFO  [http-nio-8080-exec-7]com.tqk.blog.aspect.RequestAspect.printRequestLog:123 -请求参数：[com.tqk.blog.pojo.BlAdmin@52125b5c]
2020-10-21 22:04:39.515 DEBUG [http-nio-8080-exec-7]com.tqk.blog.mapper.BlAdminMapper.getByUsername.debug:159 -==>  Preparing: select name, header, signature, username, password from bl_admin where username = ? 
2020-10-21 22:04:39.516 DEBUG [http-nio-8080-exec-7]com.tqk.blog.mapper.BlAdminMapper.getByUsername.debug:159 -==> Parameters: admin(String)
2020-10-21 22:04:39.558 DEBUG [http-nio-8080-exec-7]com.tqk.blog.mapper.BlAdminMapper.getByUsername.debug:159 -<==      Total: 1
2020-10-21 22:04:39.570 INFO  [http-nio-8080-exec-7]com.tqk.blog.aspect.RequestAspect.doAround:67 -耗时 : 103
2020-10-21 22:04:39.571 INFO  [http-nio-8080-exec-7]com.tqk.blog.aspect.RequestAspect.doAfterReturning:81 -返回值：{"code":20000,"data":{"token":"6A45ED31BD731A80E1676CF930E049F1"},"msg":"操作成功！"}
2020-10-21 22:04:39.616 DEBUG [http-nio-8080-exec-7]com.tqk.blog.mapper.BlLogMapper.save.debug:159 -==>  Preparing: insert into bl_log( log_url, log_params, log_status, log_message, log_method, log_time, log_result, log_ip ) values ( ?, ?, ?, ?, ?, ?, ?, ? ) 
2020-10-21 22:04:39.618 DEBUG [http-nio-8080-exec-7]com.tqk.blog.mapper.BlLogMapper.save.debug:159 -==> Parameters: /BlAdmin/login(String), [com.tqk.blog.pojo.BlAdmin@52125b5c](String), 1(Integer), null, POST(String), 103(Long), {"code":20000,"data":{"token":"6A45ED31BD731A80E1676CF930E049F1"},"msg":"操作成功！"}(String), 0:0:0:0:0:0:0:1(String)
2020-10-21 22:04:39.716 DEBUG [http-nio-8080-exec-7]com.tqk.blog.mapper.BlLogMapper.save.debug:159 -<==    Updates: 1
2020-10-21 22:32:49.421 INFO  [http-nio-8080-exec-10]com.tqk.blog.aspect.RequestAspect.printRequestLog:115 -请求地址 : /BlAdmin/info
2020-10-21 22:32:49.422 INFO  [http-nio-8080-exec-10]com.tqk.blog.aspect.RequestAspect.printRequestLog:116 -请求方式 : GET
2020-10-21 22:32:49.422 INFO  [http-nio-8080-exec-10]com.tqk.blog.aspect.RequestAspect.printRequestLog:119 -IP : 0:0:0:0:0:0:0:1
2020-10-21 22:32:49.422 INFO  [http-nio-8080-exec-10]com.tqk.blog.aspect.RequestAspect.printRequestLog:121 -方法 : com.tqk.blog.controller.AdminController.getLoginInfo
2020-10-21 22:32:49.423 INFO  [http-nio-8080-exec-10]com.tqk.blog.aspect.RequestAspect.printRequestLog:123 -请求参数：[]
2020-10-21 22:32:49.423 INFO  [http-nio-8080-exec-10]com.tqk.blog.aspect.RequestAspect.doAround:67 -耗时 : 2
2020-10-21 22:32:49.432 INFO  [http-nio-8080-exec-10]com.tqk.blog.aspect.RequestAspect.doAfterReturning:81 -返回值：{"code":20000,"data":{"name":"田起凯","password":"","signature":"1","username":"admin"},"msg":"操作成功！"}
2020-10-21 22:32:49.484 DEBUG [http-nio-8080-exec-10]com.tqk.blog.mapper.BlLogMapper.save.debug:159 -==>  Preparing: insert into bl_log( log_url, log_params, log_status, log_message, log_method, log_time, log_result, log_ip ) values ( ?, ?, ?, ?, ?, ?, ?, ? ) 
2020-10-21 22:32:49.486 DEBUG [http-nio-8080-exec-10]com.tqk.blog.mapper.BlLogMapper.save.debug:159 -==> Parameters: /BlAdmin/info(String), [](String), 1(Integer), null, GET(String), 2(Long), {"code":20000,"data":{"name":"田起凯","password":"","signature":"1","username":"admin"},"msg":"操作成功！"}(String), 0:0:0:0:0:0:0:1(String)
2020-10-21 22:32:49.588 DEBUG [http-nio-8080-exec-10]com.tqk.blog.mapper.BlLogMapper.save.debug:159 -<==    Updates: 1
2020-10-21 23:21:39.051 INFO  [main]com.tqk.blog.BlogApplication.logStarting:55 -Starting BlogApplication on WIN-LFFH2UEU8RH with PID 9908 (D:\javaweb\blog\target\classes started by Administrator in D:\javaweb\blog)
2020-10-21 23:21:39.059 DEBUG [main]com.tqk.blog.BlogApplication.logStarting:56 -Running with Spring Boot v2.2.2.RELEASE, Spring v5.2.2.RELEASE
2020-10-21 23:21:39.060 INFO  [main]com.tqk.blog.BlogApplication.logStartupProfileInfo:655 -The following profiles are active: dev
2020-10-21 23:21:40.484 INFO  [main]o.s.c.s.PostProcessorRegistrationDelegate$BeanPostProcessorChecker.postProcessAfterInitialization:330 -Bean 'org.springframework.transaction.annotation.ProxyTransactionManagementConfiguration' of type [org.springframework.transaction.annotation.ProxyTransactionManagementConfiguration] is not eligible for getting processed by all BeanPostProcessors (for example: not eligible for auto-proxying)
2020-10-21 23:21:40.627 INFO  [main]o.s.c.s.PostProcessorRegistrationDelegate$BeanPostProcessorChecker.postProcessAfterInitialization:330 -Bean 'shiroConfig' of type [com.tqk.blog.config.ShiroConfig$$EnhancerBySpringCGLIB$$4786555b] is not eligible for getting processed by all BeanPostProcessors (for example: not eligible for auto-proxying)
2020-10-21 23:21:40.703 INFO  [main]o.s.c.s.PostProcessorRegistrationDelegate$BeanPostProcessorChecker.postProcessAfterInitialization:330 -Bean 'mybatis-tk.mybatis.mapper.autoconfigure.MybatisProperties' of type [tk.mybatis.mapper.autoconfigure.MybatisProperties] is not eligible for getting processed by all BeanPostProcessors (for example: not eligible for auto-proxying)
2020-10-21 23:21:40.719 INFO  [main]o.s.c.s.PostProcessorRegistrationDelegate$BeanPostProcessorChecker.postProcessAfterInitialization:330 -Bean 'tk.mybatis.mapper.autoconfigure.MapperAutoConfiguration' of type [tk.mybatis.mapper.autoconfigure.MapperAutoConfiguration$$EnhancerBySpringCGLIB$$9083d889] is not eligible for getting processed by all BeanPostProcessors (for example: not eligible for auto-proxying)
2020-10-21 23:21:40.724 INFO  [main]o.s.c.s.PostProcessorRegistrationDelegate$BeanPostProcessorChecker.postProcessAfterInitialization:330 -Bean 'com.alibaba.druid.spring.boot.autoconfigure.DruidDataSourceAutoConfigure' of type [com.alibaba.druid.spring.boot.autoconfigure.DruidDataSourceAutoConfigure$$EnhancerBySpringCGLIB$$f43f2662] is not eligible for getting processed by all BeanPostProcessors (for example: not eligible for auto-proxying)
2020-10-21 23:21:40.731 INFO  [main]c.a.d.s.boot.autoconfigure.DruidDataSourceAutoConfigure.dataSource:56 -Init DruidDataSource
2020-10-21 23:21:40.812 INFO  [main]o.s.c.s.PostProcessorRegistrationDelegate$BeanPostProcessorChecker.postProcessAfterInitialization:330 -Bean 'spring.datasource-org.springframework.boot.autoconfigure.jdbc.DataSourceProperties' of type [org.springframework.boot.autoconfigure.jdbc.DataSourceProperties] is not eligible for getting processed by all BeanPostProcessors (for example: not eligible for auto-proxying)
2020-10-21 23:21:40.830 INFO  [main]o.s.c.s.PostProcessorRegistrationDelegate$BeanPostProcessorChecker.postProcessAfterInitialization:330 -Bean 'com.alibaba.druid.spring.boot.autoconfigure.stat.DruidFilterConfiguration' of type [com.alibaba.druid.spring.boot.autoconfigure.stat.DruidFilterConfiguration] is not eligible for getting processed by all BeanPostProcessors (for example: not eligible for auto-proxying)
2020-10-21 23:21:40.859 INFO  [main]o.s.c.s.PostProcessorRegistrationDelegate$BeanPostProcessorChecker.postProcessAfterInitialization:330 -Bean 'statFilter' of type [com.alibaba.druid.filter.stat.StatFilter] is not eligible for getting processed by all BeanPostProcessors (for example: not eligible for auto-proxying)
2020-10-21 23:21:43.494 INFO  [main]com.alibaba.druid.pool.DruidDataSource.init:930 -{dataSource-1} inited
2020-10-21 23:21:43.496 INFO  [main]o.s.c.s.PostProcessorRegistrationDelegate$BeanPostProcessorChecker.postProcessAfterInitialization:330 -Bean 'dataSource' of type [com.alibaba.druid.spring.boot.autoconfigure.DruidDataSourceWrapper] is not eligible for getting processed by all BeanPostProcessors (for example: not eligible for auto-proxying)
2020-10-21 23:21:43.603 INFO  [main]o.s.c.s.PostProcessorRegistrationDelegate$BeanPostProcessorChecker.postProcessAfterInitialization:330 -Bean 'org.springframework.boot.autoconfigure.jdbc.DataSourceInitializerInvoker' of type [org.springframework.boot.autoconfigure.jdbc.DataSourceInitializerInvoker] is not eligible for getting processed by all BeanPostProcessors (for example: not eligible for auto-proxying)
2020-10-21 23:21:43.925 INFO  [main]o.s.c.s.PostProcessorRegistrationDelegate$BeanPostProcessorChecker.postProcessAfterInitialization:330 -Bean 'sqlSessionFactory' of type [org.apache.ibatis.session.defaults.DefaultSqlSessionFactory] is not eligible for getting processed by all BeanPostProcessors (for example: not eligible for auto-proxying)
2020-10-21 23:21:43.935 INFO  [main]o.s.c.s.PostProcessorRegistrationDelegate$BeanPostProcessorChecker.postProcessAfterInitialization:330 -Bean 'sqlSessionTemplate' of type [org.mybatis.spring.SqlSessionTemplate] is not eligible for getting processed by all BeanPostProcessors (for example: not eligible for auto-proxying)
2020-10-21 23:21:44.011 INFO  [main]o.s.c.s.PostProcessorRegistrationDelegate$BeanPostProcessorChecker.postProcessAfterInitialization:330 -Bean 'blAdminMapper' of type [tk.mybatis.spring.mapper.MapperFactoryBean] is not eligible for getting processed by all BeanPostProcessors (for example: not eligible for auto-proxying)
2020-10-21 23:21:44.020 INFO  [main]o.s.c.s.PostProcessorRegistrationDelegate$BeanPostProcessorChecker.postProcessAfterInitialization:330 -Bean 'blAdminMapper' of type [com.sun.proxy.$Proxy86] is not eligible for getting processed by all BeanPostProcessors (for example: not eligible for auto-proxying)
2020-10-21 23:21:44.091 INFO  [main]o.s.c.s.PostProcessorRegistrationDelegate$BeanPostProcessorChecker.postProcessAfterInitialization:330 -Bean 'adminServiceImpl' of type [com.tqk.blog.service.impl.AdminServiceImpl] is not eligible for getting processed by all BeanPostProcessors (for example: not eligible for auto-proxying)
2020-10-21 23:21:44.093 INFO  [main]o.s.c.s.PostProcessorRegistrationDelegate$BeanPostProcessorChecker.postProcessAfterInitialization:330 -Bean 'adminRealm' of type [com.tqk.blog.realm.AdminRealm] is not eligible for getting processed by all BeanPostProcessors (for example: not eligible for auto-proxying)
2020-10-21 23:21:46.726 INFO  [main]o.s.c.s.PostProcessorRegistrationDelegate$BeanPostProcessorChecker.postProcessAfterInitialization:330 -Bean 'securityManager' of type [org.apache.shiro.web.mgt.DefaultWebSecurityManager] is not eligible for getting processed by all BeanPostProcessors (for example: not eligible for auto-proxying)
2020-10-21 23:21:47.246 INFO  [main]o.s.c.s.PostProcessorRegistrationDelegate$BeanPostProcessorChecker.postProcessAfterInitialization:330 -Bean 'authorizationAttributeSourceAdvisor' of type [org.apache.shiro.spring.security.interceptor.AuthorizationAttributeSourceAdvisor] is not eligible for getting processed by all BeanPostProcessors (for example: not eligible for auto-proxying)
2020-10-21 23:21:47.328 ERROR [main]org.apache.catalina.core.AprLifecycleListener.log:173 -An incompatible version [1.1.30] of the APR based Apache Tomcat Native library is installed, while Tomcat requires version [1.2.14]
2020-10-21 23:21:47.558 ERROR [main]org.apache.catalina.core.AprLifecycleListener.log:173 -An incompatible version [1.1.30] of the APR based Apache Tomcat Native library is installed, while Tomcat requires version [1.2.14]
2020-10-21 23:21:47.674 INFO  [main]o.s.boot.web.embedded.tomcat.TomcatWebServer.initialize:92 -Tomcat initialized with port(s): 8080 (http)
2020-10-21 23:21:47.687 ERROR [main]org.apache.catalina.core.AprLifecycleListener.log:173 -An incompatible version [1.1.30] of the APR based Apache Tomcat Native library is installed, while Tomcat requires version [1.2.14]
2020-10-21 23:21:47.688 INFO  [main]org.apache.coyote.http11.Http11NioProtocol.log:173 -Initializing ProtocolHandler ["http-nio-8080"]
2020-10-21 23:21:47.689 INFO  [main]org.apache.catalina.core.StandardService.log:173 -Starting service [Tomcat]
2020-10-21 23:21:47.689 INFO  [main]org.apache.catalina.core.StandardEngine.log:173 -Starting Servlet engine: [Apache Tomcat/9.0.29]
2020-10-21 23:21:47.821 INFO  [main]o.a.catalina.core.ContainerBase.[Tomcat].[localhost].[/].log:173 -Initializing Spring embedded WebApplicationContext
2020-10-21 23:21:47.822 INFO  [main]org.springframework.web.context.ContextLoader.prepareWebApplicationContext:284 -Root WebApplicationContext: initialization completed in 8693 ms
2020-10-21 23:21:55.318 INFO  [main]o.s.scheduling.concurrent.ThreadPoolTaskExecutor.initialize:171 -Initializing ExecutorService 'applicationTaskExecutor'
2020-10-21 23:22:04.395 INFO  [main]org.apache.coyote.http11.Http11NioProtocol.log:173 -Starting ProtocolHandler ["http-nio-8080"]
2020-10-21 23:22:04.420 INFO  [main]o.s.boot.web.embedded.tomcat.TomcatWebServer.start:204 -Tomcat started on port(s): 8080 (http) with context path ''
2020-10-21 23:22:04.423 INFO  [main]com.tqk.blog.BlogApplication.logStarted:61 -Started BlogApplication in 26.106 seconds (JVM running for 26.688)
2020-10-21 23:32:45.504 INFO  [http-nio-8080-exec-2]o.a.catalina.core.ContainerBase.[Tomcat].[localhost].[/].log:173 -Initializing Spring DispatcherServlet 'dispatcherServlet'
2020-10-21 23:32:45.505 INFO  [http-nio-8080-exec-2]org.springframework.web.servlet.DispatcherServlet.initServletBean:525 -Initializing Servlet 'dispatcherServlet'
2020-10-21 23:32:45.517 INFO  [http-nio-8080-exec-2]org.springframework.web.servlet.DispatcherServlet.initServletBean:547 -Completed initialization in 12 ms
2020-10-21 23:32:45.557 INFO  [http-nio-8080-exec-2]com.tqk.blog.aspect.RequestAspect.printRequestLog:115 -请求地址 : /BlAdmin/getBlAdmin
2020-10-21 23:32:45.559 INFO  [http-nio-8080-exec-2]com.tqk.blog.aspect.RequestAspect.printRequestLog:116 -请求方式 : GET
2020-10-21 23:32:45.561 INFO  [http-nio-8080-exec-2]com.tqk.blog.aspect.RequestAspect.printRequestLog:119 -IP : 0:0:0:0:0:0:0:1
2020-10-21 23:32:45.562 INFO  [http-nio-8080-exec-2]com.tqk.blog.aspect.RequestAspect.printRequestLog:121 -方法 : com.tqk.blog.controller.AdminController.getBlAdmin
2020-10-21 23:32:45.562 INFO  [http-nio-8080-exec-2]com.tqk.blog.aspect.RequestAspect.printRequestLog:123 -请求参数：[]
2020-10-21 23:32:45.648 DEBUG [http-nio-8080-exec-2]com.tqk.blog.mapper.BlAdminMapper.getAdmin.debug:159 -==>  Preparing: select id, name, header, signature, comment, username from bl_admin limit 1 
2020-10-21 23:32:45.682 DEBUG [http-nio-8080-exec-2]com.tqk.blog.mapper.BlAdminMapper.getAdmin.debug:159 -==> Parameters: 
2020-10-21 23:32:45.761 DEBUG [http-nio-8080-exec-2]com.tqk.blog.mapper.BlAdminMapper.getAdmin.debug:159 -<==      Total: 1
2020-10-21 23:32:45.765 INFO  [http-nio-8080-exec-2]com.tqk.blog.aspect.RequestAspect.doAround:67 -耗时 : 208
2020-10-21 23:32:45.851 INFO  [http-nio-8080-exec-2]com.tqk.blog.aspect.RequestAspect.doAfterReturning:81 -返回值：{"code":20000,"data":{"comment":"1","id":1,"name":"田起凯","signature":"1","username":"admin"},"msg":"操作成功！"}
2020-10-21 23:32:45.903 DEBUG [http-nio-8080-exec-2]com.tqk.blog.mapper.BlLogMapper.save.debug:159 -==>  Preparing: insert into bl_log( log_url, log_params, log_status, log_message, log_method, log_time, log_result, log_ip ) values ( ?, ?, ?, ?, ?, ?, ?, ? ) 
2020-10-21 23:32:45.908 DEBUG [http-nio-8080-exec-2]com.tqk.blog.mapper.BlLogMapper.save.debug:159 -==> Parameters: /BlAdmin/getBlAdmin(String), [](String), 1(Integer), null, GET(String), 208(Long), {"code":20000,"data":{"comment":"1","id":1,"name":"田起凯","signature":"1","username":"admin"},"msg":"操作成功！"}(String), 0:0:0:0:0:0:0:1(String)
2020-10-21 23:32:46.003 DEBUG [http-nio-8080-exec-2]com.tqk.blog.mapper.BlLogMapper.save.debug:159 -<==    Updates: 1
2020-10-21 23:34:14.180 INFO  [http-nio-8080-exec-5]com.tqk.blog.aspect.RequestAspect.printRequestLog:115 -请求地址 : /BlAdmin/updateInfo
2020-10-21 23:34:14.181 INFO  [http-nio-8080-exec-5]com.tqk.blog.aspect.RequestAspect.printRequestLog:116 -请求方式 : PUT
2020-10-21 23:34:14.181 INFO  [http-nio-8080-exec-5]com.tqk.blog.aspect.RequestAspect.printRequestLog:119 -IP : 0:0:0:0:0:0:0:1
2020-10-21 23:34:14.182 INFO  [http-nio-8080-exec-5]com.tqk.blog.aspect.RequestAspect.printRequestLog:121 -方法 : com.tqk.blog.controller.AdminController.updateInfo
2020-10-21 23:34:14.182 INFO  [http-nio-8080-exec-5]com.tqk.blog.aspect.RequestAspect.printRequestLog:123 -请求参数：[com.tqk.blog.pojo.BlAdmin@7632e482]
2020-10-21 23:34:14.249 DEBUG [http-nio-8080-exec-5]com.tqk.blog.mapper.BlAdminMapper.update.debug:159 -==>  Preparing: update bl_admin SET username = ?, password = ? where id = ? 
2020-10-21 23:34:14.251 DEBUG [http-nio-8080-exec-5]com.tqk.blog.mapper.BlAdminMapper.update.debug:159 -==> Parameters: admin(String), 7a57a5a743894a0e(String), null
2020-10-21 23:34:14.327 DEBUG [http-nio-8080-exec-5]com.tqk.blog.mapper.BlAdminMapper.update.debug:159 -<==    Updates: 0
2020-10-21 23:34:14.328 INFO  [http-nio-8080-exec-5]com.tqk.blog.aspect.RequestAspect.doAround:67 -耗时 : 148
2020-10-21 23:34:14.329 INFO  [http-nio-8080-exec-5]com.tqk.blog.aspect.RequestAspect.doAfterReturning:81 -返回值：{"code":20000,"msg":"更新成功！"}
2020-10-21 23:34:14.371 DEBUG [http-nio-8080-exec-5]com.tqk.blog.mapper.BlLogMapper.save.debug:159 -==>  Preparing: insert into bl_log( log_url, log_params, log_status, log_message, log_method, log_time, log_result, log_ip ) values ( ?, ?, ?, ?, ?, ?, ?, ? ) 
2020-10-21 23:34:14.373 DEBUG [http-nio-8080-exec-5]com.tqk.blog.mapper.BlLogMapper.save.debug:159 -==> Parameters: /BlAdmin/updateInfo(String), [com.tqk.blog.pojo.BlAdmin@7632e482](String), 1(Integer), null, PUT(String), 148(Long), {"code":20000,"msg":"更新成功！"}(String), 0:0:0:0:0:0:0:1(String)
2020-10-21 23:34:14.461 DEBUG [http-nio-8080-exec-5]com.tqk.blog.mapper.BlLogMapper.save.debug:159 -<==    Updates: 1
2020-10-21 23:34:51.457 INFO  [http-nio-8080-exec-6]com.tqk.blog.aspect.RequestAspect.printRequestLog:115 -请求地址 : /BlAdmin/updateInfo
2020-10-21 23:34:51.458 INFO  [http-nio-8080-exec-6]com.tqk.blog.aspect.RequestAspect.printRequestLog:116 -请求方式 : PUT
2020-10-21 23:34:51.460 INFO  [http-nio-8080-exec-6]com.tqk.blog.aspect.RequestAspect.printRequestLog:119 -IP : 0:0:0:0:0:0:0:1
2020-10-21 23:34:51.461 INFO  [http-nio-8080-exec-6]com.tqk.blog.aspect.RequestAspect.printRequestLog:121 -方法 : com.tqk.blog.controller.AdminController.updateInfo
2020-10-21 23:34:51.462 INFO  [http-nio-8080-exec-6]com.tqk.blog.aspect.RequestAspect.printRequestLog:123 -请求参数：[com.tqk.blog.pojo.BlAdmin@1f60ae37]
2020-10-21 23:34:51.513 DEBUG [http-nio-8080-exec-6]com.tqk.blog.mapper.BlAdminMapper.update.debug:159 -==>  Preparing: update bl_admin SET signature = ?, username = ?, password = ? where id = ? 
2020-10-21 23:34:51.515 DEBUG [http-nio-8080-exec-6]com.tqk.blog.mapper.BlAdminMapper.update.debug:159 -==> Parameters: hold on(String), admin(String), 7a57a5a743894a0e(String), null
2020-10-21 23:34:51.597 DEBUG [http-nio-8080-exec-6]com.tqk.blog.mapper.BlAdminMapper.update.debug:159 -<==    Updates: 0
2020-10-21 23:34:51.598 INFO  [http-nio-8080-exec-6]com.tqk.blog.aspect.RequestAspect.doAround:67 -耗时 : 141
2020-10-21 23:34:51.599 INFO  [http-nio-8080-exec-6]com.tqk.blog.aspect.RequestAspect.doAfterReturning:81 -返回值：{"code":20000,"msg":"更新成功！"}
2020-10-21 23:34:51.641 DEBUG [http-nio-8080-exec-6]com.tqk.blog.mapper.BlLogMapper.save.debug:159 -==>  Preparing: insert into bl_log( log_url, log_params, log_status, log_message, log_method, log_time, log_result, log_ip ) values ( ?, ?, ?, ?, ?, ?, ?, ? ) 
2020-10-21 23:34:51.643 DEBUG [http-nio-8080-exec-6]com.tqk.blog.mapper.BlLogMapper.save.debug:159 -==> Parameters: /BlAdmin/updateInfo(String), [com.tqk.blog.pojo.BlAdmin@1f60ae37](String), 1(Integer), null, PUT(String), 141(Long), {"code":20000,"msg":"更新成功！"}(String), 0:0:0:0:0:0:0:1(String)
2020-10-21 23:34:51.738 DEBUG [http-nio-8080-exec-6]com.tqk.blog.mapper.BlLogMapper.save.debug:159 -<==    Updates: 1
2020-10-21 23:38:47.039 INFO  [http-nio-8080-exec-9]com.tqk.blog.aspect.RequestAspect.printRequestLog:115 -请求地址 : /BlAdmin/updateInfo
2020-10-21 23:38:47.039 INFO  [http-nio-8080-exec-9]com.tqk.blog.aspect.RequestAspect.printRequestLog:116 -请求方式 : PUT
2020-10-21 23:38:47.040 INFO  [http-nio-8080-exec-9]com.tqk.blog.aspect.RequestAspect.printRequestLog:119 -IP : 0:0:0:0:0:0:0:1
2020-10-21 23:38:47.040 INFO  [http-nio-8080-exec-9]com.tqk.blog.aspect.RequestAspect.printRequestLog:121 -方法 : com.tqk.blog.controller.AdminController.updateInfo
2020-10-21 23:38:47.040 INFO  [http-nio-8080-exec-9]com.tqk.blog.aspect.RequestAspect.printRequestLog:123 -请求参数：[com.tqk.blog.pojo.BlAdmin@6a5f6da2]
2020-10-21 23:38:47.088 DEBUG [http-nio-8080-exec-9]com.tqk.blog.mapper.BlAdminMapper.update.debug:159 -==>  Preparing: update bl_admin SET signature = ?, username = ?, password = ? where id = ? 
2020-10-21 23:38:47.090 DEBUG [http-nio-8080-exec-9]com.tqk.blog.mapper.BlAdminMapper.update.debug:159 -==> Parameters: hold on(String), admin(String), 7a57a5a743894a0e(String), 1(Integer)
2020-10-21 23:38:47.174 DEBUG [http-nio-8080-exec-9]com.tqk.blog.mapper.BlAdminMapper.update.debug:159 -<==    Updates: 1
2020-10-21 23:38:47.176 INFO  [http-nio-8080-exec-9]com.tqk.blog.aspect.RequestAspect.doAround:67 -耗时 : 137
2020-10-21 23:38:47.177 INFO  [http-nio-8080-exec-9]com.tqk.blog.aspect.RequestAspect.doAfterReturning:81 -返回值：{"code":20000,"msg":"更新成功！"}
2020-10-21 23:38:47.218 DEBUG [http-nio-8080-exec-9]com.tqk.blog.mapper.BlLogMapper.save.debug:159 -==>  Preparing: insert into bl_log( log_url, log_params, log_status, log_message, log_method, log_time, log_result, log_ip ) values ( ?, ?, ?, ?, ?, ?, ?, ? ) 
2020-10-21 23:38:47.220 DEBUG [http-nio-8080-exec-9]com.tqk.blog.mapper.BlLogMapper.save.debug:159 -==> Parameters: /BlAdmin/updateInfo(String), [com.tqk.blog.pojo.BlAdmin@6a5f6da2](String), 1(Integer), null, PUT(String), 137(Long), {"code":20000,"msg":"更新成功！"}(String), 0:0:0:0:0:0:0:1(String)
2020-10-21 23:38:47.305 DEBUG [http-nio-8080-exec-9]com.tqk.blog.mapper.BlLogMapper.save.debug:159 -<==    Updates: 1
2020-10-21 23:39:26.269 INFO  [http-nio-8080-exec-10]com.tqk.blog.aspect.RequestAspect.printRequestLog:115 -请求地址 : /BlAdmin/updatePassword
2020-10-21 23:39:26.270 INFO  [http-nio-8080-exec-10]com.tqk.blog.aspect.RequestAspect.printRequestLog:116 -请求方式 : PUT
2020-10-21 23:39:26.271 INFO  [http-nio-8080-exec-10]com.tqk.blog.aspect.RequestAspect.printRequestLog:119 -IP : 0:0:0:0:0:0:0:1
2020-10-21 23:39:26.271 INFO  [http-nio-8080-exec-10]com.tqk.blog.aspect.RequestAspect.printRequestLog:121 -方法 : com.tqk.blog.controller.AdminController.updatePassword
2020-10-21 23:39:26.271 INFO  [http-nio-8080-exec-10]com.tqk.blog.aspect.RequestAspect.printRequestLog:123 -请求参数：[com.tqk.blog.pojo.BlAdmin@785f72a1]
2020-10-21 23:39:26.311 DEBUG [http-nio-8080-exec-10]com.tqk.blog.mapper.BlAdminMapper.getAdmin.debug:159 -==>  Preparing: select id, name, header, signature, comment, username from bl_admin limit 1 
2020-10-21 23:39:26.312 DEBUG [http-nio-8080-exec-10]com.tqk.blog.mapper.BlAdminMapper.getAdmin.debug:159 -==> Parameters: 
2020-10-21 23:39:26.350 DEBUG [http-nio-8080-exec-10]com.tqk.blog.mapper.BlAdminMapper.getAdmin.debug:159 -<==      Total: 1
2020-10-21 23:39:26.394 DEBUG [http-nio-8080-exec-10]com.tqk.blog.mapper.BlAdminMapper.update.debug:159 -==>  Preparing: update bl_admin SET name = ?, signature = ?, comment = ?, username = ?, password = ? where id = ? 
2020-10-21 23:39:26.396 DEBUG [http-nio-8080-exec-10]com.tqk.blog.mapper.BlAdminMapper.update.debug:159 -==> Parameters: 田起凯(String), hold on(String), 1(String), admin(String), 9999(String), 1(Integer)
2020-10-21 23:39:26.479 DEBUG [http-nio-8080-exec-10]com.tqk.blog.mapper.BlAdminMapper.update.debug:159 -<==    Updates: 1
2020-10-21 23:39:26.481 INFO  [http-nio-8080-exec-10]com.tqk.blog.aspect.RequestAspect.doAround:67 -耗时 : 212
2020-10-21 23:39:26.481 INFO  [http-nio-8080-exec-10]com.tqk.blog.aspect.RequestAspect.doAfterReturning:81 -返回值：{"code":20000,"msg":"更新成功！"}
2020-10-21 23:39:26.524 DEBUG [http-nio-8080-exec-10]com.tqk.blog.mapper.BlLogMapper.save.debug:159 -==>  Preparing: insert into bl_log( log_url, log_params, log_status, log_message, log_method, log_time, log_result, log_ip ) values ( ?, ?, ?, ?, ?, ?, ?, ? ) 
2020-10-21 23:39:26.527 DEBUG [http-nio-8080-exec-10]com.tqk.blog.mapper.BlLogMapper.save.debug:159 -==> Parameters: /BlAdmin/updatePassword(String), [com.tqk.blog.pojo.BlAdmin@785f72a1](String), 1(Integer), null, PUT(String), 212(Long), {"code":20000,"msg":"更新成功！"}(String), 0:0:0:0:0:0:0:1(String)
2020-10-21 23:39:26.610 DEBUG [http-nio-8080-exec-10]com.tqk.blog.mapper.BlLogMapper.save.debug:159 -<==    Updates: 1
