2020-10-23 00:14:20.256 DEBUG [http-nio-8080-exec-10]com.tqk.blog.mapper.BlAdminMapper.getByUsername.debug:159 -==>  Preparing: select name, header, signature, username, password from bl_admin where username = ? 
2020-10-23 00:14:20.260 DEBUG [http-nio-8080-exec-10]com.tqk.blog.mapper.BlAdminMapper.getByUsername.debug:159 -==> Parameters: admin(String)
2020-10-23 00:14:20.300 DEBUG [http-nio-8080-exec-10]com.tqk.blog.mapper.BlAdminMapper.getByUsername.debug:159 -<==      Total: 1
2020-10-23 00:14:20.350 DEBUG [http-nio-8080-exec-10]com.tqk.blog.mapper.BlLogMapper.save.debug:159 -==>  Preparing: insert into bl_log( log_url, log_params, log_status, log_message, log_method, log_time, log_result, log_ip ) values ( ?, ?, ?, ?, ?, ?, ?, ? ) 
2020-10-23 00:14:20.352 DEBUG [http-nio-8080-exec-10]com.tqk.blog.mapper.BlLogMapper.save.debug:159 -==> Parameters: /BlAdmin/login(String), [com.tqk.blog.pojo.BlAdmin@478bff7e](String), 1(Integer), null, POST(String), 100(Long), {"code":20000,"data":{"token":"43FDCFF17C5A11EE555869B3C221B32E"},"msg":"操作成功！"}(String), 0:0:0:0:0:0:0:1(String)
2020-10-23 00:14:20.443 DEBUG [http-nio-8080-exec-10]com.tqk.blog.mapper.BlLogMapper.save.debug:159 -<==    Updates: 1
2020-10-23 00:14:39.031 DEBUG [http-nio-8080-exec-2]com.tqk.blog.mapper.BlTypeMapper.selectOne.debug:159 -==>  Preparing: SELECT type_id,type_name,type_blog_count,enable,deleted FROM bl_type WHERE type_id = ? AND type_name = ? AND type_blog_count = ? AND enable = ? AND deleted = ? 
2020-10-23 00:14:39.033 DEBUG [http-nio-8080-exec-2]com.tqk.blog.mapper.BlTypeMapper.selectOne.debug:159 -==> Parameters: 1(Integer), Java(String), 0(Integer), 0(Integer), 0(Integer)
2020-10-23 00:14:39.077 DEBUG [http-nio-8080-exec-2]com.tqk.blog.mapper.BlTypeMapper.selectOne.debug:159 -<==      Total: 0
2020-10-23 00:14:39.124 DEBUG [http-nio-8080-exec-2]com.tqk.blog.mapper.BlTypeMapper.insert.debug:159 -==>  Preparing: INSERT INTO bl_type ( type_id,type_name,type_blog_count,enable,deleted ) VALUES( ?,?,?,?,? ) 
2020-10-23 00:14:39.126 DEBUG [http-nio-8080-exec-2]com.tqk.blog.mapper.BlTypeMapper.insert.debug:159 -==> Parameters: 1(Integer), Java(String), 0(Integer), 0(Integer), 0(Integer)
2020-10-23 00:14:39.214 DEBUG [http-nio-8080-exec-2]com.tqk.blog.mapper.BlTypeMapper.insert.debug:159 -<==    Updates: 1
2020-10-23 00:14:39.254 DEBUG [http-nio-8080-exec-2]com.tqk.blog.mapper.BlLogMapper.save.debug:159 -==>  Preparing: insert into bl_log( log_url, log_params, log_status, log_message, log_method, log_time, log_result, log_ip ) values ( ?, ?, ?, ?, ?, ?, ?, ? ) 
2020-10-23 00:14:39.256 DEBUG [http-nio-8080-exec-2]com.tqk.blog.mapper.BlLogMapper.save.debug:159 -==> Parameters: /type/save(String), [com.tqk.blog.pojo.BlType@719b0bf7](String), 1(Integer), null, POST(String), 275(Long), {"code":20000,"msg":"添加成功！"}(String), 0:0:0:0:0:0:0:1(String)
2020-10-23 00:14:39.703 DEBUG [http-nio-8080-exec-2]com.tqk.blog.mapper.BlLogMapper.save.debug:159 -<==    Updates: 1
2020-10-23 00:21:59.539 DEBUG [http-nio-8080-exec-4]com.tqk.blog.mapper.BlTypeMapper.selectAll.debug:159 -==>  Preparing: SELECT type_id,type_name,type_blog_count,enable,deleted FROM bl_type 
2020-10-23 00:21:59.540 DEBUG [http-nio-8080-exec-4]com.tqk.blog.mapper.BlTypeMapper.selectAll.debug:159 -==> Parameters: 
2020-10-23 00:21:59.591 DEBUG [http-nio-8080-exec-4]com.tqk.blog.mapper.BlTypeMapper.selectAll.debug:159 -<==      Total: 1
2020-10-23 00:21:59.643 DEBUG [http-nio-8080-exec-4]com.tqk.blog.mapper.BlLogMapper.save.debug:159 -==>  Preparing: insert into bl_log( log_url, log_params, log_status, log_message, log_method, log_time, log_result, log_ip ) values ( ?, ?, ?, ?, ?, ?, ?, ? ) 
2020-10-23 00:21:59.645 DEBUG [http-nio-8080-exec-4]com.tqk.blog.mapper.BlLogMapper.save.debug:159 -==> Parameters: /type/listBack(String), [](String), 1(Integer), null, GET(String), 96(Long), {"code":20000,"data":[{"deleted":0,"enable":0,"typeBlogCount":0,"typeId":1,"typeName":"Java"}],"msg":"操作成功！"}(String), 0:0:0:0:0:0:0:1(String)
2020-10-23 00:21:59.726 DEBUG [http-nio-8080-exec-4]com.tqk.blog.mapper.BlLogMapper.save.debug:159 -<==    Updates: 1
2020-10-23 00:23:05.607 DEBUG [http-nio-8080-exec-7]com.tqk.blog.mapper.BlTypeMapper.selectByExample.debug:159 -==>  Preparing: SELECT type_id,type_name,type_blog_count,enable,deleted FROM bl_type WHERE ( enable = ? and deleted = ? ) 
2020-10-23 00:23:05.608 DEBUG [http-nio-8080-exec-7]com.tqk.blog.mapper.BlTypeMapper.selectByExample.debug:159 -==> Parameters: 1(Integer), 0(Integer)
2020-10-23 00:23:05.644 DEBUG [http-nio-8080-exec-7]com.tqk.blog.mapper.BlTypeMapper.selectByExample.debug:159 -<==      Total: 0
2020-10-23 00:23:05.682 DEBUG [http-nio-8080-exec-7]com.tqk.blog.mapper.BlLogMapper.save.debug:159 -==>  Preparing: insert into bl_log( log_url, log_params, log_status, log_message, log_method, log_time, log_result, log_ip ) values ( ?, ?, ?, ?, ?, ?, ?, ? ) 
2020-10-23 00:23:05.683 DEBUG [http-nio-8080-exec-7]com.tqk.blog.mapper.BlLogMapper.save.debug:159 -==> Parameters: /type/getList(String), [](String), 1(Integer), null, GET(String), 109(Long), {"code":20000,"data":[],"msg":"操作成功！"}(String), 0:0:0:0:0:0:0:1(String)
2020-10-23 00:23:05.773 DEBUG [http-nio-8080-exec-7]com.tqk.blog.mapper.BlLogMapper.save.debug:159 -<==    Updates: 1
2020-10-23 00:25:37.966 DEBUG [main]com.tqk.blog.BlogApplication.logStarting:56 -Running with Spring Boot v2.2.2.RELEASE, Spring v5.2.2.RELEASE
2020-10-23 00:26:01.848 DEBUG [http-nio-8080-exec-4]com.tqk.blog.mapper.BlAdminMapper.getByUsername.debug:159 -==>  Preparing: select name, header, signature, username, password from bl_admin where username = ? 
2020-10-23 00:26:01.883 DEBUG [http-nio-8080-exec-4]com.tqk.blog.mapper.BlAdminMapper.getByUsername.debug:159 -==> Parameters: admin(String)
2020-10-23 00:26:01.945 DEBUG [http-nio-8080-exec-4]com.tqk.blog.mapper.BlAdminMapper.getByUsername.debug:159 -<==      Total: 1
2020-10-23 00:26:02.073 DEBUG [http-nio-8080-exec-4]com.tqk.blog.mapper.BlLogMapper.save.debug:159 -==>  Preparing: insert into bl_log( log_url, log_params, log_status, log_message, log_method, log_time, log_result, log_ip ) values ( ?, ?, ?, ?, ?, ?, ?, ? ) 
2020-10-23 00:26:02.077 DEBUG [http-nio-8080-exec-4]com.tqk.blog.mapper.BlLogMapper.save.debug:159 -==> Parameters: /BlAdmin/login(String), [com.tqk.blog.pojo.BlAdmin@658041](String), 1(Integer), null, POST(String), 204(Long), {"code":20000,"data":{"token":"15E94A75E948C2D90668EF8D698F18D8"},"msg":"操作成功！"}(String), 0:0:0:0:0:0:0:1(String)
2020-10-23 00:26:02.158 DEBUG [http-nio-8080-exec-4]com.tqk.blog.mapper.BlLogMapper.save.debug:159 -<==    Updates: 1
2020-10-23 00:26:22.178 DEBUG [http-nio-8080-exec-5]com.tqk.blog.mapper.BlTypeMapper.selectByExample.debug:159 -==>  Preparing: SELECT type_id,type_name,type_blog_count,enable,deleted FROM bl_type WHERE ( enable = ? and deleted = ? ) 
2020-10-23 00:26:22.180 DEBUG [http-nio-8080-exec-5]com.tqk.blog.mapper.BlTypeMapper.selectByExample.debug:159 -==> Parameters: 1(Integer), 0(Integer)
2020-10-23 00:26:22.214 DEBUG [http-nio-8080-exec-5]com.tqk.blog.mapper.BlTypeMapper.selectByExample.debug:159 -<==      Total: 0
2020-10-23 00:26:22.258 DEBUG [http-nio-8080-exec-5]com.tqk.blog.mapper.BlLogMapper.save.debug:159 -==>  Preparing: insert into bl_log( log_url, log_params, log_status, log_message, log_method, log_time, log_result, log_ip ) values ( ?, ?, ?, ?, ?, ?, ?, ? ) 
2020-10-23 00:26:22.261 DEBUG [http-nio-8080-exec-5]com.tqk.blog.mapper.BlLogMapper.save.debug:159 -==> Parameters: /type/getList(String), [](String), 1(Integer), null, GET(String), 130(Long), {"code":20000,"data":[],"msg":"操作成功！"}(String), 0:0:0:0:0:0:0:1(String)
2020-10-23 00:26:22.341 DEBUG [http-nio-8080-exec-5]com.tqk.blog.mapper.BlLogMapper.save.debug:159 -<==    Updates: 1
2020-10-23 00:26:55.066 DEBUG [http-nio-8080-exec-6]com.tqk.blog.mapper.BlTypeMapper.selectByExample.debug:159 -==>  Preparing: SELECT type_id,type_name,type_blog_count,enable,deleted FROM bl_type WHERE ( enable = ? and deleted = ? ) 
2020-10-23 00:26:55.068 DEBUG [http-nio-8080-exec-6]com.tqk.blog.mapper.BlTypeMapper.selectByExample.debug:159 -==> Parameters: 1(Integer), 0(Integer)
2020-10-23 00:26:55.104 DEBUG [http-nio-8080-exec-6]com.tqk.blog.mapper.BlTypeMapper.selectByExample.debug:159 -<==      Total: 1
2020-10-23 00:26:55.148 DEBUG [http-nio-8080-exec-6]com.tqk.blog.mapper.BlLogMapper.save.debug:159 -==>  Preparing: insert into bl_log( log_url, log_params, log_status, log_message, log_method, log_time, log_result, log_ip ) values ( ?, ?, ?, ?, ?, ?, ?, ? ) 
2020-10-23 00:26:55.150 DEBUG [http-nio-8080-exec-6]com.tqk.blog.mapper.BlLogMapper.save.debug:159 -==> Parameters: /type/getList(String), [](String), 1(Integer), null, GET(String), 83(Long), {"code":20000,"data":[{"deleted":0,"enable":1,"typeBlogCount":0,"typeId":1,"typeName":"Java"}],"msg":"操作成功！"}(String), 0:0:0:0:0:0:0:1(String)
2020-10-23 00:26:55.229 DEBUG [http-nio-8080-exec-6]com.tqk.blog.mapper.BlLogMapper.save.debug:159 -<==    Updates: 1
2020-10-23 22:23:09.890 DEBUG [main]com.tqk.blog.BlogApplication.logStarting:56 -Running with Spring Boot v2.2.2.RELEASE, Spring v5.2.2.RELEASE
2020-10-23 22:28:18.062 DEBUG [http-nio-8080-exec-8]com.tqk.blog.mapper.BlAdminMapper.getByUsername.debug:159 -==>  Preparing: select name, header, signature, username, password from bl_admin where username = ? 
2020-10-23 22:28:18.098 DEBUG [http-nio-8080-exec-8]com.tqk.blog.mapper.BlAdminMapper.getByUsername.debug:159 -==> Parameters: admin(String)
2020-10-23 22:28:18.165 DEBUG [http-nio-8080-exec-8]com.tqk.blog.mapper.BlAdminMapper.getByUsername.debug:159 -<==      Total: 1
2020-10-23 22:28:18.325 DEBUG [http-nio-8080-exec-8]com.tqk.blog.mapper.BlLogMapper.save.debug:159 -==>  Preparing: insert into bl_log( log_url, log_params, log_status, log_message, log_method, log_time, log_result, log_ip ) values ( ?, ?, ?, ?, ?, ?, ?, ? ) 
2020-10-23 22:28:18.333 DEBUG [http-nio-8080-exec-8]com.tqk.blog.mapper.BlLogMapper.save.debug:159 -==> Parameters: /BlAdmin/login(String), [com.tqk.blog.pojo.BlAdmin@3110db19](String), 1(Integer), null, POST(String), 206(Long), {"code":20000,"data":{"token":"9AD637B7EF4A5284C7C669E86771E665"},"msg":"操作成功！"}(String), 0:0:0:0:0:0:0:1(String)
2020-10-23 22:28:18.420 DEBUG [http-nio-8080-exec-8]com.tqk.blog.mapper.BlLogMapper.save.debug:159 -<==    Updates: 1
2020-10-23 22:28:45.745 DEBUG [http-nio-8080-exec-9]com.tqk.blog.mapper.BlTypeMapper.selectAll.debug:159 -==>  Preparing: SELECT type_id,type_name,type_blog_count,enable,deleted FROM bl_type 
2020-10-23 22:28:45.745 DEBUG [http-nio-8080-exec-9]com.tqk.blog.mapper.BlTypeMapper.selectAll.debug:159 -==> Parameters: 
2020-10-23 22:28:45.785 DEBUG [http-nio-8080-exec-9]com.tqk.blog.mapper.BlTypeMapper.selectAll.debug:159 -<==      Total: 1
2020-10-23 22:28:45.841 DEBUG [http-nio-8080-exec-9]com.tqk.blog.mapper.BlLogMapper.save.debug:159 -==>  Preparing: insert into bl_log( log_url, log_params, log_status, log_message, log_method, log_time, log_result, log_ip ) values ( ?, ?, ?, ?, ?, ?, ?, ? ) 
2020-10-23 22:28:45.844 DEBUG [http-nio-8080-exec-9]com.tqk.blog.mapper.BlLogMapper.save.debug:159 -==> Parameters: /type/listBack(String), [](String), 1(Integer), null, GET(String), 97(Long), {"code":20000,"data":[{"deleted":0,"enable":1,"typeBlogCount":0,"typeId":1,"typeName":"Java"}],"msg":"操作成功！"}(String), 0:0:0:0:0:0:0:1(String)
2020-10-23 22:28:45.933 DEBUG [http-nio-8080-exec-9]com.tqk.blog.mapper.BlLogMapper.save.debug:159 -<==    Updates: 1
2020-10-23 22:29:37.390 DEBUG [http-nio-8080-exec-10]com.tqk.blog.mapper.BlTypeMapper.selectByExample.debug:159 -==>  Preparing: SELECT type_id,type_name,type_blog_count,enable,deleted FROM bl_type WHERE ( enable = ? and deleted = ? ) 
2020-10-23 22:29:37.391 DEBUG [http-nio-8080-exec-10]com.tqk.blog.mapper.BlTypeMapper.selectByExample.debug:159 -==> Parameters: 1(Integer), 0(Integer)
2020-10-23 22:29:37.431 DEBUG [http-nio-8080-exec-10]com.tqk.blog.mapper.BlTypeMapper.selectByExample.debug:159 -<==      Total: 1
2020-10-23 22:29:37.478 DEBUG [http-nio-8080-exec-10]com.tqk.blog.mapper.BlLogMapper.save.debug:159 -==>  Preparing: insert into bl_log( log_url, log_params, log_status, log_message, log_method, log_time, log_result, log_ip ) values ( ?, ?, ?, ?, ?, ?, ?, ? ) 
2020-10-23 22:29:37.482 DEBUG [http-nio-8080-exec-10]com.tqk.blog.mapper.BlLogMapper.save.debug:159 -==> Parameters: /type/getList(String), [](String), 1(Integer), null, GET(String), 132(Long), {"code":20000,"data":[{"deleted":0,"enable":1,"typeBlogCount":0,"typeId":1,"typeName":"Java"}],"msg":"操作成功！"}(String), 0:0:0:0:0:0:0:1(String)
2020-10-23 22:29:37.566 DEBUG [http-nio-8080-exec-10]com.tqk.blog.mapper.BlLogMapper.save.debug:159 -<==    Updates: 1
2020-10-23 22:54:52.133 DEBUG [http-nio-8080-exec-7]com.tqk.blog.mapper.BlTypeMapper.updateByPrimaryKey.debug:159 -==>  Preparing: UPDATE bl_type SET type_name = ?,type_blog_count = ?,enable = ?,deleted = ? WHERE type_id = ? 
2020-10-23 22:54:52.134 DEBUG [http-nio-8080-exec-7]com.tqk.blog.mapper.BlTypeMapper.updateByPrimaryKey.debug:159 -==> Parameters: Java(String), 100(Integer), 0(Integer), 0(Integer), 1(Integer)
2020-10-23 22:54:52.216 DEBUG [http-nio-8080-exec-7]com.tqk.blog.mapper.BlTypeMapper.updateByPrimaryKey.debug:159 -<==    Updates: 1
2020-10-23 22:54:52.260 DEBUG [http-nio-8080-exec-7]com.tqk.blog.mapper.BlLogMapper.save.debug:159 -==>  Preparing: insert into bl_log( log_url, log_params, log_status, log_message, log_method, log_time, log_result, log_ip ) values ( ?, ?, ?, ?, ?, ?, ?, ? ) 
2020-10-23 22:54:52.261 DEBUG [http-nio-8080-exec-7]com.tqk.blog.mapper.BlLogMapper.save.debug:159 -==> Parameters: /type/update(String), [com.tqk.blog.pojo.BlType@46f1c1c6](String), 1(Integer), null, PUT(String), 130(Long), {"code":20000,"msg":"更新成功！"}(String), 0:0:0:0:0:0:0:1(String)
2020-10-23 22:54:52.351 DEBUG [http-nio-8080-exec-7]com.tqk.blog.mapper.BlLogMapper.save.debug:159 -<==    Updates: 1
2020-10-23 22:57:44.814 DEBUG [http-nio-8080-exec-1]com.tqk.blog.mapper.BlTypeMapper.selectByPrimaryKey.debug:159 -==>  Preparing: SELECT type_id,type_name,type_blog_count,enable,deleted FROM bl_type WHERE type_id = ? 
2020-10-23 22:57:44.815 DEBUG [http-nio-8080-exec-1]com.tqk.blog.mapper.BlTypeMapper.selectByPrimaryKey.debug:159 -==> Parameters: 1(Integer)
2020-10-23 22:57:44.854 DEBUG [http-nio-8080-exec-1]com.tqk.blog.mapper.BlTypeMapper.selectByPrimaryKey.debug:159 -<==      Total: 1
2020-10-23 22:57:44.894 DEBUG [http-nio-8080-exec-1]com.tqk.blog.mapper.BlLogMapper.save.debug:159 -==>  Preparing: insert into bl_log( log_url, log_params, log_status, log_message, log_method, log_time, log_result, log_ip ) values ( ?, ?, ?, ?, ?, ?, ?, ? ) 
2020-10-23 22:57:44.895 DEBUG [http-nio-8080-exec-1]com.tqk.blog.mapper.BlLogMapper.save.debug:159 -==> Parameters: /type/get/1(String), [1](String), 1(Integer), null, GET(String), 85(Long), {"code":20000,"data":{"deleted":0,"enable":0,"typeBlogCount":100,"typeId":1,"typeName":"Java"},"msg":"操作成功！"}(String), 0:0:0:0:0:0:0:1(String)
2020-10-23 22:57:44.981 DEBUG [http-nio-8080-exec-1]com.tqk.blog.mapper.BlLogMapper.save.debug:159 -<==    Updates: 1
2020-10-23 22:57:49.974 DEBUG [http-nio-8080-exec-3]com.tqk.blog.mapper.BlTypeMapper.selectByPrimaryKey.debug:159 -==>  Preparing: SELECT type_id,type_name,type_blog_count,enable,deleted FROM bl_type WHERE type_id = ? 
2020-10-23 22:57:49.975 DEBUG [http-nio-8080-exec-3]com.tqk.blog.mapper.BlTypeMapper.selectByPrimaryKey.debug:159 -==> Parameters: 1(Integer)
2020-10-23 22:57:50.022 DEBUG [http-nio-8080-exec-3]com.tqk.blog.mapper.BlTypeMapper.selectByPrimaryKey.debug:159 -<==      Total: 1
2020-10-23 22:57:50.070 DEBUG [http-nio-8080-exec-3]com.tqk.blog.mapper.BlLogMapper.save.debug:159 -==>  Preparing: insert into bl_log( log_url, log_params, log_status, log_message, log_method, log_time, log_result, log_ip ) values ( ?, ?, ?, ?, ?, ?, ?, ? ) 
2020-10-23 22:57:50.072 DEBUG [http-nio-8080-exec-3]com.tqk.blog.mapper.BlLogMapper.save.debug:159 -==> Parameters: /type/get/1(String), [1](String), 1(Integer), null, GET(String), 99(Long), {"code":20000,"data":{"deleted":0,"enable":0,"typeBlogCount":100,"typeId":1,"typeName":"Java"},"msg":"操作成功！"}(String), 0:0:0:0:0:0:0:1(String)
2020-10-23 22:57:50.169 DEBUG [http-nio-8080-exec-3]com.tqk.blog.mapper.BlLogMapper.save.debug:159 -<==    Updates: 1
2020-10-23 22:58:32.008 DEBUG [http-nio-8080-exec-4]com.tqk.blog.mapper.BlTypeMapper.selectByPrimaryKey.debug:159 -==>  Preparing: SELECT type_id,type_name,type_blog_count,enable,deleted FROM bl_type WHERE type_id = ? 
2020-10-23 22:58:32.008 DEBUG [http-nio-8080-exec-4]com.tqk.blog.mapper.BlTypeMapper.selectByPrimaryKey.debug:159 -==> Parameters: 2(Integer)
2020-10-23 22:58:32.046 DEBUG [http-nio-8080-exec-4]com.tqk.blog.mapper.BlTypeMapper.selectByPrimaryKey.debug:159 -<==      Total: 1
2020-10-23 22:58:32.090 DEBUG [http-nio-8080-exec-4]com.tqk.blog.mapper.BlLogMapper.save.debug:159 -==>  Preparing: insert into bl_log( log_url, log_params, log_status, log_message, log_method, log_time, log_result, log_ip ) values ( ?, ?, ?, ?, ?, ?, ?, ? ) 
2020-10-23 22:58:32.093 DEBUG [http-nio-8080-exec-4]com.tqk.blog.mapper.BlLogMapper.save.debug:159 -==> Parameters: /type/get/2(String), [2](String), 1(Integer), null, GET(String), 82(Long), {"code":20000,"data":{"deleted":0,"enable":1,"typeBlogCount":0,"typeId":2,"typeName":"c语言"},"msg":"操作成功！"}(String), 0:0:0:0:0:0:0:1(String)
2020-10-23 22:58:32.179 DEBUG [http-nio-8080-exec-4]com.tqk.blog.mapper.BlLogMapper.save.debug:159 -<==    Updates: 1
2020-10-23 23:03:10.870 DEBUG [main]com.tqk.blog.BlogApplication.logStarting:56 -Running with Spring Boot v2.2.2.RELEASE, Spring v5.2.2.RELEASE
2020-10-23 23:03:51.373 DEBUG [http-nio-8080-exec-3]com.tqk.blog.mapper.BlAdminMapper.getByUsername.debug:159 -==>  Preparing: select name, header, signature, username, password from bl_admin where username = ? 
2020-10-23 23:03:51.414 DEBUG [http-nio-8080-exec-3]com.tqk.blog.mapper.BlAdminMapper.getByUsername.debug:159 -==> Parameters: admin(String)
2020-10-23 23:03:51.496 DEBUG [http-nio-8080-exec-3]com.tqk.blog.mapper.BlAdminMapper.getByUsername.debug:159 -<==      Total: 1
2020-10-23 23:03:51.638 DEBUG [http-nio-8080-exec-3]com.tqk.blog.mapper.BlLogMapper.save.debug:159 -==>  Preparing: insert into bl_log( log_url, log_params, log_status, log_message, log_method, log_time, log_result, log_ip ) values ( ?, ?, ?, ?, ?, ?, ?, ? ) 
2020-10-23 23:03:51.641 DEBUG [http-nio-8080-exec-3]com.tqk.blog.mapper.BlLogMapper.save.debug:159 -==> Parameters: /BlAdmin/login(String), [com.tqk.blog.pojo.BlAdmin@658041](String), 1(Integer), null, POST(String), 224(Long), {"code":20000,"data":{"token":"8DAF4E0F0823C668C21BE1C0ABE3D9C9"},"msg":"操作成功！"}(String), 0:0:0:0:0:0:0:1(String)
2020-10-23 23:03:51.728 DEBUG [http-nio-8080-exec-3]com.tqk.blog.mapper.BlLogMapper.save.debug:159 -<==    Updates: 1
2020-10-23 23:04:07.448 DEBUG [http-nio-8080-exec-5]com.tqk.blog.mapper.BlTypeMapper.selectByPrimaryKey.debug:159 -==>  Preparing: SELECT type_id,type_name,type_blog_count,enable,deleted FROM bl_type WHERE type_id = ? 
2020-10-23 23:04:07.449 DEBUG [http-nio-8080-exec-5]com.tqk.blog.mapper.BlTypeMapper.selectByPrimaryKey.debug:159 -==> Parameters: 1(Integer)
2020-10-23 23:04:07.488 DEBUG [http-nio-8080-exec-5]com.tqk.blog.mapper.BlTypeMapper.selectByPrimaryKey.debug:159 -<==      Total: 1
2020-10-23 23:04:07.532 DEBUG [http-nio-8080-exec-5]com.tqk.blog.mapper.BlTypeMapper.updateByPrimaryKey.debug:159 -==>  Preparing: UPDATE bl_type SET type_name = ?,type_blog_count = ?,enable = ?,deleted = ? WHERE type_id = ? 
2020-10-23 23:04:07.534 DEBUG [http-nio-8080-exec-5]com.tqk.blog.mapper.BlTypeMapper.updateByPrimaryKey.debug:159 -==> Parameters: Java(String), 100(Integer), 1(Integer), 0(Integer), 1(Integer)
2020-10-23 23:04:07.618 DEBUG [http-nio-8080-exec-5]com.tqk.blog.mapper.BlTypeMapper.updateByPrimaryKey.debug:159 -<==    Updates: 1
2020-10-23 23:04:07.662 DEBUG [http-nio-8080-exec-5]com.tqk.blog.mapper.BlLogMapper.save.debug:159 -==>  Preparing: insert into bl_log( log_url, log_params, log_status, log_message, log_method, log_time, log_result, log_ip ) values ( ?, ?, ?, ?, ?, ?, ?, ? ) 
2020-10-23 23:04:07.665 DEBUG [http-nio-8080-exec-5]com.tqk.blog.mapper.BlLogMapper.save.debug:159 -==> Parameters: /type/enable/1(String), [1](String), 1(Integer), null, PUT(String), 225(Long), {"code":20000,"msg":"已启用"}(String), 0:0:0:0:0:0:0:1(String)
2020-10-23 23:04:07.749 DEBUG [http-nio-8080-exec-5]com.tqk.blog.mapper.BlLogMapper.save.debug:159 -<==    Updates: 1
2020-10-23 23:05:39.389 DEBUG [http-nio-8080-exec-8]com.tqk.blog.mapper.BlTypeMapper.selectByPrimaryKey.debug:159 -==>  Preparing: SELECT type_id,type_name,type_blog_count,enable,deleted FROM bl_type WHERE type_id = ? 
2020-10-23 23:05:39.391 DEBUG [http-nio-8080-exec-8]com.tqk.blog.mapper.BlTypeMapper.selectByPrimaryKey.debug:159 -==> Parameters: 3(Integer)
2020-10-23 23:05:39.428 DEBUG [http-nio-8080-exec-8]com.tqk.blog.mapper.BlTypeMapper.selectByPrimaryKey.debug:159 -<==      Total: 1
2020-10-23 23:05:39.468 DEBUG [http-nio-8080-exec-8]com.tqk.blog.mapper.BlTypeMapper.updateByPrimaryKey.debug:159 -==>  Preparing: UPDATE bl_type SET type_name = ?,type_blog_count = ?,enable = ?,deleted = ? WHERE type_id = ? 
2020-10-23 23:05:39.469 DEBUG [http-nio-8080-exec-8]com.tqk.blog.mapper.BlTypeMapper.updateByPrimaryKey.debug:159 -==> Parameters: Python(String), 0(Integer), 0(Integer), 0(Integer), 3(Integer)
2020-10-23 23:05:39.561 DEBUG [http-nio-8080-exec-8]com.tqk.blog.mapper.BlTypeMapper.updateByPrimaryKey.debug:159 -<==    Updates: 1
2020-10-23 23:05:39.601 DEBUG [http-nio-8080-exec-8]com.tqk.blog.mapper.BlLogMapper.save.debug:159 -==>  Preparing: insert into bl_log( log_url, log_params, log_status, log_message, log_method, log_time, log_result, log_ip ) values ( ?, ?, ?, ?, ?, ?, ?, ? ) 
2020-10-23 23:05:39.602 DEBUG [http-nio-8080-exec-8]com.tqk.blog.mapper.BlLogMapper.save.debug:159 -==> Parameters: /type/disable/3(String), [3](String), 1(Integer), null, PUT(String), 216(Long), {"code":20000,"msg":"已弃用"}(String), 0:0:0:0:0:0:0:1(String)
2020-10-23 23:05:39.694 DEBUG [http-nio-8080-exec-8]com.tqk.blog.mapper.BlLogMapper.save.debug:159 -<==    Updates: 1
2020-10-23 23:06:39.042 DEBUG [http-nio-8080-exec-9]com.tqk.blog.mapper.BlTypeMapper.deleteByPrimaryKey.debug:159 -==>  Preparing: DELETE FROM bl_type WHERE type_id = ? 
2020-10-23 23:06:39.043 DEBUG [http-nio-8080-exec-9]com.tqk.blog.mapper.BlTypeMapper.deleteByPrimaryKey.debug:159 -==> Parameters: 4(Integer)
2020-10-23 23:06:39.128 DEBUG [http-nio-8080-exec-9]com.tqk.blog.mapper.BlTypeMapper.deleteByPrimaryKey.debug:159 -<==    Updates: 1
2020-10-23 23:06:39.171 DEBUG [http-nio-8080-exec-9]com.tqk.blog.mapper.BlLogMapper.save.debug:159 -==>  Preparing: insert into bl_log( log_url, log_params, log_status, log_message, log_method, log_time, log_result, log_ip ) values ( ?, ?, ?, ?, ?, ?, ?, ? ) 
2020-10-23 23:06:39.173 DEBUG [http-nio-8080-exec-9]com.tqk.blog.mapper.BlLogMapper.save.debug:159 -==> Parameters: /type/delete/4(String), [4](String), 1(Integer), null, DELETE(String), 141(Long), {"code":20000,"msg":"删除成功！"}(String), 0:0:0:0:0:0:0:1(String)
2020-10-23 23:06:39.256 DEBUG [http-nio-8080-exec-9]com.tqk.blog.mapper.BlLogMapper.save.debug:159 -<==    Updates: 1
