2020-12-13 15:15:00.964 INFO  [main]com.tqk.blog.BlogApplication.logStarting:55 -Starting BlogApplication on WIN-LFFH2UEU8RH with PID 9376 (D:\javaweb\blog\target\classes started by Administrator in D:\javaweb\blog)
2020-12-13 15:15:00.980 INFO  [main]com.tqk.blog.BlogApplication.logStartupProfileInfo:655 -The following profiles are active: dev
2020-12-13 15:15:02.339 INFO  [main]o.s.c.s.PostProcessorRegistrationDelegate$BeanPostProcessorChecker.postProcessAfterInitialization:330 -Bean 'org.springframework.transaction.annotation.ProxyTransactionManagementConfiguration' of type [org.springframework.transaction.annotation.ProxyTransactionManagementConfiguration] is not eligible for getting processed by all BeanPostProcessors (for example: not eligible for auto-proxying)
2020-12-13 15:15:02.490 INFO  [main]o.s.c.s.PostProcessorRegistrationDelegate$BeanPostProcessorChecker.postProcessAfterInitialization:330 -Bean 'shiroConfig' of type [com.tqk.blog.config.ShiroConfig$$EnhancerBySpringCGLIB$$88c6ada7] is not eligible for getting processed by all BeanPostProcessors (for example: not eligible for auto-proxying)
2020-12-13 15:15:02.545 INFO  [main]o.s.c.s.PostProcessorRegistrationDelegate$BeanPostProcessorChecker.postProcessAfterInitialization:330 -Bean 'mybatis-tk.mybatis.mapper.autoconfigure.MybatisProperties' of type [tk.mybatis.mapper.autoconfigure.MybatisProperties] is not eligible for getting processed by all BeanPostProcessors (for example: not eligible for auto-proxying)
2020-12-13 15:15:02.560 INFO  [main]o.s.c.s.PostProcessorRegistrationDelegate$BeanPostProcessorChecker.postProcessAfterInitialization:330 -Bean 'tk.mybatis.mapper.autoconfigure.MapperAutoConfiguration' of type [tk.mybatis.mapper.autoconfigure.MapperAutoConfiguration$$EnhancerBySpringCGLIB$$d1c430d5] is not eligible for getting processed by all BeanPostProcessors (for example: not eligible for auto-proxying)
2020-12-13 15:15:02.566 INFO  [main]o.s.c.s.PostProcessorRegistrationDelegate$BeanPostProcessorChecker.postProcessAfterInitialization:330 -Bean 'com.alibaba.druid.spring.boot.autoconfigure.DruidDataSourceAutoConfigure' of type [com.alibaba.druid.spring.boot.autoconfigure.DruidDataSourceAutoConfigure$$EnhancerBySpringCGLIB$$357f7eae] is not eligible for getting processed by all BeanPostProcessors (for example: not eligible for auto-proxying)
2020-12-13 15:15:02.572 INFO  [main]c.a.d.s.boot.autoconfigure.DruidDataSourceAutoConfigure.dataSource:56 -Init DruidDataSource
2020-12-13 15:15:02.654 INFO  [main]o.s.c.s.PostProcessorRegistrationDelegate$BeanPostProcessorChecker.postProcessAfterInitialization:330 -Bean 'spring.datasource-org.springframework.boot.autoconfigure.jdbc.DataSourceProperties' of type [org.springframework.boot.autoconfigure.jdbc.DataSourceProperties] is not eligible for getting processed by all BeanPostProcessors (for example: not eligible for auto-proxying)
2020-12-13 15:15:02.681 INFO  [main]o.s.c.s.PostProcessorRegistrationDelegate$BeanPostProcessorChecker.postProcessAfterInitialization:330 -Bean 'com.alibaba.druid.spring.boot.autoconfigure.stat.DruidFilterConfiguration' of type [com.alibaba.druid.spring.boot.autoconfigure.stat.DruidFilterConfiguration] is not eligible for getting processed by all BeanPostProcessors (for example: not eligible for auto-proxying)
2020-12-13 15:15:02.717 INFO  [main]o.s.c.s.PostProcessorRegistrationDelegate$BeanPostProcessorChecker.postProcessAfterInitialization:330 -Bean 'statFilter' of type [com.alibaba.druid.filter.stat.StatFilter] is not eligible for getting processed by all BeanPostProcessors (for example: not eligible for auto-proxying)
2020-12-13 15:15:07.394 INFO  [main]com.alibaba.druid.pool.DruidDataSource.init:930 -{dataSource-1} inited
2020-12-13 15:15:07.396 INFO  [main]o.s.c.s.PostProcessorRegistrationDelegate$BeanPostProcessorChecker.postProcessAfterInitialization:330 -Bean 'dataSource' of type [com.alibaba.druid.spring.boot.autoconfigure.DruidDataSourceWrapper] is not eligible for getting processed by all BeanPostProcessors (for example: not eligible for auto-proxying)
2020-12-13 15:15:07.504 INFO  [main]o.s.c.s.PostProcessorRegistrationDelegate$BeanPostProcessorChecker.postProcessAfterInitialization:330 -Bean 'org.springframework.boot.autoconfigure.jdbc.DataSourceInitializerInvoker' of type [org.springframework.boot.autoconfigure.jdbc.DataSourceInitializerInvoker] is not eligible for getting processed by all BeanPostProcessors (for example: not eligible for auto-proxying)
2020-12-13 15:15:07.888 INFO  [main]o.s.c.s.PostProcessorRegistrationDelegate$BeanPostProcessorChecker.postProcessAfterInitialization:330 -Bean 'sqlSessionFactory' of type [org.apache.ibatis.session.defaults.DefaultSqlSessionFactory] is not eligible for getting processed by all BeanPostProcessors (for example: not eligible for auto-proxying)
2020-12-13 15:15:07.900 INFO  [main]o.s.c.s.PostProcessorRegistrationDelegate$BeanPostProcessorChecker.postProcessAfterInitialization:330 -Bean 'sqlSessionTemplate' of type [org.mybatis.spring.SqlSessionTemplate] is not eligible for getting processed by all BeanPostProcessors (for example: not eligible for auto-proxying)
2020-12-13 15:15:07.973 INFO  [main]o.s.c.s.PostProcessorRegistrationDelegate$BeanPostProcessorChecker.postProcessAfterInitialization:330 -Bean 'blAdminMapper' of type [tk.mybatis.spring.mapper.MapperFactoryBean] is not eligible for getting processed by all BeanPostProcessors (for example: not eligible for auto-proxying)
2020-12-13 15:15:07.984 INFO  [main]o.s.c.s.PostProcessorRegistrationDelegate$BeanPostProcessorChecker.postProcessAfterInitialization:330 -Bean 'blAdminMapper' of type [com.sun.proxy.$Proxy86] is not eligible for getting processed by all BeanPostProcessors (for example: not eligible for auto-proxying)
2020-12-13 15:15:08.056 INFO  [main]o.s.c.s.PostProcessorRegistrationDelegate$BeanPostProcessorChecker.postProcessAfterInitialization:330 -Bean 'adminServiceImpl' of type [com.tqk.blog.service.impl.AdminServiceImpl] is not eligible for getting processed by all BeanPostProcessors (for example: not eligible for auto-proxying)
2020-12-13 15:15:08.058 INFO  [main]o.s.c.s.PostProcessorRegistrationDelegate$BeanPostProcessorChecker.postProcessAfterInitialization:330 -Bean 'adminRealm' of type [com.tqk.blog.realm.AdminRealm] is not eligible for getting processed by all BeanPostProcessors (for example: not eligible for auto-proxying)
2020-12-13 15:15:08.600 INFO  [main]o.s.c.s.PostProcessorRegistrationDelegate$BeanPostProcessorChecker.postProcessAfterInitialization:330 -Bean 'securityManager' of type [org.apache.shiro.web.mgt.DefaultWebSecurityManager] is not eligible for getting processed by all BeanPostProcessors (for example: not eligible for auto-proxying)
2020-12-13 15:15:08.630 INFO  [main]o.s.c.s.PostProcessorRegistrationDelegate$BeanPostProcessorChecker.postProcessAfterInitialization:330 -Bean 'authorizationAttributeSourceAdvisor' of type [org.apache.shiro.spring.security.interceptor.AuthorizationAttributeSourceAdvisor] is not eligible for getting processed by all BeanPostProcessors (for example: not eligible for auto-proxying)
2020-12-13 15:15:09.047 INFO  [main]o.s.boot.web.embedded.tomcat.TomcatWebServer.initialize:92 -Tomcat initialized with port(s): 8899 (http)
2020-12-13 15:15:09.065 INFO  [main]org.apache.coyote.http11.Http11NioProtocol.log:173 -Initializing ProtocolHandler ["http-nio-8899"]
2020-12-13 15:15:09.066 INFO  [main]org.apache.catalina.core.StandardService.log:173 -Starting service [Tomcat]
2020-12-13 15:15:09.066 INFO  [main]org.apache.catalina.core.StandardEngine.log:173 -Starting Servlet engine: [Apache Tomcat/9.0.29]
2020-12-13 15:15:09.223 INFO  [main]o.a.catalina.core.ContainerBase.[Tomcat].[localhost].[/].log:173 -Initializing Spring embedded WebApplicationContext
2020-12-13 15:15:09.223 INFO  [main]org.springframework.web.context.ContextLoader.prepareWebApplicationContext:284 -Root WebApplicationContext: initialization completed in 8161 ms
2020-12-13 15:15:10.443 INFO  [main]o.s.scheduling.concurrent.ThreadPoolTaskExecutor.initialize:171 -Initializing ExecutorService 'applicationTaskExecutor'
2020-12-13 15:15:10.931 INFO  [main]org.apache.coyote.http11.Http11NioProtocol.log:173 -Starting ProtocolHandler ["http-nio-8899"]
2020-12-13 15:15:10.961 INFO  [main]o.s.boot.web.embedded.tomcat.TomcatWebServer.start:204 -Tomcat started on port(s): 8899 (http) with context path ''
2020-12-13 15:15:10.965 INFO  [main]com.tqk.blog.BlogApplication.logStarted:61 -Started BlogApplication in 10.798 seconds (JVM running for 11.418)
2020-12-13 15:15:19.068 INFO  [http-nio-8899-exec-1]o.a.catalina.core.ContainerBase.[Tomcat].[localhost].[/].log:173 -Initializing Spring DispatcherServlet 'dispatcherServlet'
2020-12-13 15:15:19.069 INFO  [http-nio-8899-exec-1]org.springframework.web.servlet.DispatcherServlet.initServletBean:525 -Initializing Servlet 'dispatcherServlet'
2020-12-13 15:15:19.086 INFO  [http-nio-8899-exec-1]org.springframework.web.servlet.DispatcherServlet.initServletBean:547 -Completed initialization in 17 ms
2020-12-13 15:15:19.223 INFO  [http-nio-8899-exec-1]com.tqk.blog.aspect.RequestAspect.printRequestLog:115 -请求地址 : /BlAdmin/login
2020-12-13 15:15:19.224 INFO  [http-nio-8899-exec-1]com.tqk.blog.aspect.RequestAspect.printRequestLog:116 -请求方式 : POST
2020-12-13 15:15:19.226 INFO  [http-nio-8899-exec-1]com.tqk.blog.aspect.RequestAspect.printRequestLog:119 -IP : 192.168.101.29
2020-12-13 15:15:19.227 INFO  [http-nio-8899-exec-1]com.tqk.blog.aspect.RequestAspect.printRequestLog:121 -方法 : com.tqk.blog.controller.AdminController.login
2020-12-13 15:15:19.228 INFO  [http-nio-8899-exec-1]com.tqk.blog.aspect.RequestAspect.printRequestLog:123 -请求参数：[com.tqk.blog.pojo.BlAdmin@7dad75db]
2020-12-13 15:15:19.234 INFO  [http-nio-8899-exec-1]com.tqk.blog.controller.AdminController.login:40 -com.tqk.blog.pojo.BlAdmin@7dad75db
2020-12-13 15:15:19.450 INFO  [http-nio-8899-exec-1]com.tqk.blog.aspect.RequestAspect.doAround:67 -耗时 : 228
2020-12-13 15:15:19.533 INFO  [http-nio-8899-exec-1]com.tqk.blog.aspect.RequestAspect.doAfterReturning:81 -返回值：{"code":20000,"data":{"token":"A41F793A41FC24F228A883925EAC610B"},"msg":"操作成功！"}
2020-12-13 15:15:19.736 INFO  [http-nio-8899-exec-2]com.tqk.blog.aspect.RequestAspect.printRequestLog:115 -请求地址 : /BlAdmin/info
2020-12-13 15:15:19.737 INFO  [http-nio-8899-exec-2]com.tqk.blog.aspect.RequestAspect.printRequestLog:116 -请求方式 : GET
2020-12-13 15:15:19.738 INFO  [http-nio-8899-exec-2]com.tqk.blog.aspect.RequestAspect.printRequestLog:119 -IP : 192.168.101.29
2020-12-13 15:15:19.739 INFO  [http-nio-8899-exec-2]com.tqk.blog.aspect.RequestAspect.printRequestLog:121 -方法 : com.tqk.blog.controller.AdminController.getLoginInfo
2020-12-13 15:15:19.739 INFO  [http-nio-8899-exec-2]com.tqk.blog.aspect.RequestAspect.printRequestLog:123 -请求参数：[]
2020-12-13 15:15:19.740 INFO  [http-nio-8899-exec-2]com.tqk.blog.aspect.RequestAspect.doAround:67 -耗时 : 4
2020-12-13 15:15:19.749 INFO  [http-nio-8899-exec-2]com.tqk.blog.aspect.RequestAspect.doAfterReturning:81 -返回值：{"code":20000,"data":{"name":"田起凯","password":"","signature":"hold on","username":"admin"},"msg":"操作成功！"}
2020-12-13 15:15:20.264 INFO  [http-nio-8899-exec-3]com.tqk.blog.aspect.RequestAspect.printRequestLog:115 -请求地址 : /type/getList
2020-12-13 15:15:20.265 INFO  [http-nio-8899-exec-3]com.tqk.blog.aspect.RequestAspect.printRequestLog:116 -请求方式 : GET
2020-12-13 15:15:20.266 INFO  [http-nio-8899-exec-3]com.tqk.blog.aspect.RequestAspect.printRequestLog:119 -IP : 192.168.101.29
2020-12-13 15:15:20.266 INFO  [http-nio-8899-exec-3]com.tqk.blog.aspect.RequestAspect.printRequestLog:121 -方法 : com.tqk.blog.controller.TypeController.getList
2020-12-13 15:15:20.266 INFO  [http-nio-8899-exec-3]com.tqk.blog.aspect.RequestAspect.printRequestLog:123 -请求参数：[]
2020-12-13 15:15:20.408 INFO  [http-nio-8899-exec-3]com.tqk.blog.aspect.RequestAspect.doAround:67 -耗时 : 144
2020-12-13 15:15:20.413 INFO  [http-nio-8899-exec-3]com.tqk.blog.aspect.RequestAspect.doAfterReturning:81 -返回值：{"code":20000,"data":[{"deleted":0,"enable":1,"typeBlogCount":105,"typeId":1,"typeName":"Java"},{"deleted":0,"enable":1,"typeBlogCount":0,"typeId":3,"typeName":"Python"},{"deleted":0,"enable":1,"typeBlogCount":0,"typeId":6,"typeName":"going"},{"deleted":0,"enable":1,"typeBlogCount":0,"typeId":7,"typeName":"Spring"},{"deleted":0,"enable":1,"typeBlogCount":0,"typeId":8,"typeName":"nginx"},{"deleted":0,"enable":1,"typeBlogCount":0,"typeId":9,"typeName":"Redis"},{"deleted":0,"enable":1,"typeBlogCount":0,"typeId":10,"typeName":"Docker"}],"msg":"操作成功！"}
2020-12-13 15:15:22.278 INFO  [http-nio-8899-exec-4]com.tqk.blog.aspect.RequestAspect.printRequestLog:115 -请求地址 : /type/listBack
2020-12-13 15:15:22.278 INFO  [http-nio-8899-exec-4]com.tqk.blog.aspect.RequestAspect.printRequestLog:116 -请求方式 : GET
2020-12-13 15:15:22.279 INFO  [http-nio-8899-exec-4]com.tqk.blog.aspect.RequestAspect.printRequestLog:119 -IP : 192.168.101.29
2020-12-13 15:15:22.279 INFO  [http-nio-8899-exec-4]com.tqk.blog.aspect.RequestAspect.printRequestLog:121 -方法 : com.tqk.blog.controller.TypeController.list
2020-12-13 15:15:22.279 INFO  [http-nio-8899-exec-4]com.tqk.blog.aspect.RequestAspect.printRequestLog:123 -请求参数：[]
2020-12-13 15:15:22.350 INFO  [http-nio-8899-exec-4]com.tqk.blog.aspect.RequestAspect.doAround:67 -耗时 : 72
2020-12-13 15:15:22.350 INFO  [http-nio-8899-exec-4]com.tqk.blog.aspect.RequestAspect.doAfterReturning:81 -返回值：{"code":20000,"data":[{"deleted":0,"enable":1,"typeBlogCount":105,"typeId":1,"typeName":"Java"},{"deleted":0,"enable":1,"typeBlogCount":0,"typeId":3,"typeName":"Python"},{"deleted":0,"enable":1,"typeBlogCount":0,"typeId":6,"typeName":"going"},{"deleted":0,"enable":1,"typeBlogCount":0,"typeId":7,"typeName":"Spring"},{"deleted":0,"enable":1,"typeBlogCount":0,"typeId":8,"typeName":"nginx"},{"deleted":0,"enable":1,"typeBlogCount":0,"typeId":9,"typeName":"Redis"},{"deleted":0,"enable":1,"typeBlogCount":0,"typeId":10,"typeName":"Docker"}],"msg":"操作成功！"}
2020-12-13 15:15:29.590 INFO  [http-nio-8899-exec-5]com.tqk.blog.aspect.RequestAspect.printRequestLog:115 -请求地址 : /blog/getByPage
2020-12-13 15:15:29.591 INFO  [http-nio-8899-exec-5]com.tqk.blog.aspect.RequestAspect.printRequestLog:116 -请求方式 : POST
2020-12-13 15:15:29.591 INFO  [http-nio-8899-exec-5]com.tqk.blog.aspect.RequestAspect.printRequestLog:119 -IP : 192.168.101.29
2020-12-13 15:15:29.592 INFO  [http-nio-8899-exec-5]com.tqk.blog.aspect.RequestAspect.printRequestLog:121 -方法 : com.tqk.blog.controller.BlogController.getByPage
2020-12-13 15:15:29.593 INFO  [http-nio-8899-exec-5]com.tqk.blog.aspect.RequestAspect.printRequestLog:123 -请求参数：[Page(currentPage=1, pageSize=10, totalPage=0, totalCount=0, list=[], params={}, sortColumn=null, sortMethod=asc)]
2020-12-13 15:15:29.942 INFO  [http-nio-8899-exec-5]com.tqk.blog.aspect.RequestAspect.doAround:67 -耗时 : 352
2020-12-13 15:15:29.956 INFO  [http-nio-8899-exec-5]com.tqk.blog.aspect.RequestAspect.doAfterReturning:81 -返回值：{"code":20000,"data":{"currentPage":1,"index":0,"list":[{"blogCollection":0,"blogComment":0,"blogGoods":0,"blogId":"1324038097171820544","blogImage":"Java","blogRead":0,"blogRemark":"BeanUtils它提供了对java反射和自省API的包装。它里面还有很多工具类，这里我们介绍一下copyProperties。","blogSource":"百度","blogTitle":"BeanUtils.copyProperties的用法","createdTime":"2020-11-04 17:17:33","typeName":"Java","updateTime":"2020-11-22 13:04:15"},{"blogCollection":0,"blogComment":0,"blogGoods":0,"blogId":"1330877080455553024","blogRead":0,"blogRemark":"MySQL","blogTitle":"面试官不讲武德问我：为什么MySQL不建议使用delete删除数据？","createdTime":"2020-11-23 14:13:16","typeName":"Java","updateTime":"2020-11-23 14:23:06"},{"blogCollection":0,"blogComment":0,"blogGoods":0,"blogId":"1330879440221315072","blogRead":0,"blogRemark":"面试必备","blogTitle":"Java岗四面字节跳动成功之前，我都刷了那些面试题以及做了那些准备！","createdTime":"2020-11-23 14:22:39","typeName":"Java","updateTime":"2020-11-23 14:22:39"}],"pageSize":10,"params":{},"sortMethod":"asc","totalCount":3,"totalPage":1},"msg":"操作成功！"}
2020-12-13 15:15:46.307 INFO  [http-nio-8899-exec-6]com.tqk.blog.aspect.RequestAspect.printRequestLog:115 -请求地址 : /about/getByPage
2020-12-13 15:15:46.308 INFO  [http-nio-8899-exec-6]com.tqk.blog.aspect.RequestAspect.printRequestLog:116 -请求方式 : POST
2020-12-13 15:15:46.309 INFO  [http-nio-8899-exec-6]com.tqk.blog.aspect.RequestAspect.printRequestLog:119 -IP : 192.168.101.29
2020-12-13 15:15:46.309 INFO  [http-nio-8899-exec-6]com.tqk.blog.aspect.RequestAspect.printRequestLog:121 -方法 : com.tqk.blog.controller.AboutController.getByPage
2020-12-13 15:15:46.310 INFO  [http-nio-8899-exec-6]com.tqk.blog.aspect.RequestAspect.printRequestLog:123 -请求参数：[Page(currentPage=1, pageSize=10, totalPage=0, totalCount=0, list=[], params={}, sortColumn=null, sortMethod=asc)]
2020-12-13 15:15:46.489 INFO  [http-nio-8899-exec-6]com.tqk.blog.aspect.RequestAspect.doAround:67 -耗时 : 182
2020-12-13 15:15:46.498 INFO  [http-nio-8899-exec-6]com.tqk.blog.aspect.RequestAspect.doAfterReturning:81 -返回值：{"code":20000,"data":{"currentPage":1,"index":0,"list":[{"aboutContent":"<p>最近，上海、天津等地出现个别疫情，也出现了将患者或相关人士的信息在网络上泄露，影响这些人的生活的事件。还有关于清华&ldquo;学姐&rdquo;在网络上的基于误会将一个男生的信息曝光的事件，更有一些快递公司&ldquo;内鬼&rdquo;泄露大量客户的详细信息的事件。这些其实都把个人隐私的保护上所出现的问题推到了前台。一方面确实接连出现那种个人隐私被泄露的事件，另一方面这些隐私的泄露所造成的实实在在的损害在这些例子中也都有充分的展现。</p>\n<p>个人隐私的保护，既是对于个人权利的尊重，也对于社会具有重要的意义。隐私的保护对于个体来说当然是重要的，因为个人的隐私的泄露当然会对个体由多方面的伤害，让个体的正常生活受到冲击和威胁。对于社会来说，个人的隐私的保护其实也是使社会生活更加安全的重要的保障。个人的隐私受到保护，既是在法律上十分清晰的，也是在伦理上极为必要的。这其实也是一个重要的社会底线。</p>\n<p>网络和大数据的发展使得个人的信息的搜集和处理都更加便捷和迅速。社会为了更便捷地运作和有效地运转，为了公众利益和为个体更好地服务，往往更多地搜集个人的多方面的资料，个人的资料为相关的方面所掌握在社会中也是必要的。但这当然不可能是无限度无底线的，这些其实都有法律的严格规定，也有伦理的基本的原则。实际上，这些界限其实是相当明确和清晰的。</p>\n<p>现在所出现的一些情况，就是完全违反了这些基本的限定，一些人随意地把他人的隐私信息在互联网这样的无远弗届的公共空间泄露。这种泄露造成的诸如&ldquo;网暴&rdquo;&ldquo;社交死亡&rdquo;等等现象现在在社会中已经成为的相当多的存在。个人的行为的许多不需要也不应该为公众广泛了解的一些情况，在被人们在公共空间中暴露，当然会对个人形成相当的伤害，也会让一些居心不良的人所利用，同时也会对于社会中的人们基本的安全的诉求构成冲击。</p>\n<p>有些人误解了基于&ldquo;公众利益&rdquo;的对于个人的信息的适度的披露和揭隐私、揭老底一类的恶俗行为的的关系，往往把过去小社区中的街谈巷议等等直接放到了所有人的公共空间的互联网上。也有人把&ldquo;群&rdquo;还是看成小圈子，小群体，传播有限，不知道实际上这种传播只要在网上，就可以是全社会的传播。有些接触一般人难以接触的资料的人，也并不觉得泄露这些是严重的事情。这其实和一些人缺少公共空间与私人生活的界限有关，也与当下的新的技术手段造成的便捷的传播有关。这些都构成了对于隐私的保护的冲击，这种冲击没有被有效制止，侵害隐私的行为没有得到惩戒和批评，就会产生&ldquo;示范效应&rdquo;，使得这样的情况一一发不可收拾，构成对于个人和社会的严重伤害。</p>\n<p>严格对于隐私保护的相关法律的执行，对于隐私保护的伦理要求也需要受到公众和社会的更多的维护。让人们生活在一个个人的隐私不能被随便泄露的状况中，这也需要全社会的更多的努力。</p>","aboutId":"1","aboutRead":1,"aboutTitle":"“社交死亡”现象越来越多 ，该如何保护个人隐私","createdTime":1603782451000,"enable":1,"updateTime":1606199712000},{"aboutContent":"你好(*´▽｀)ノノ","aboutId":"3","aboutRead":3,"aboutTitle":"hello","createdTime":1603780570000,"enable":0,"updateTime":1603782499000}],"pageSize":10,"params":{},"sortMethod":"asc","totalCount":2,"totalPage":1},"msg":"操作成功！"}
2020-12-13 15:15:57.965 INFO  [http-nio-8899-exec-7]com.tqk.blog.aspect.RequestAspect.printRequestLog:115 -请求地址 : /about/get/1
2020-12-13 15:15:57.967 INFO  [http-nio-8899-exec-7]com.tqk.blog.aspect.RequestAspect.printRequestLog:116 -请求方式 : GET
2020-12-13 15:15:57.967 INFO  [http-nio-8899-exec-7]com.tqk.blog.aspect.RequestAspect.printRequestLog:119 -IP : 192.168.101.29
2020-12-13 15:15:57.968 INFO  [http-nio-8899-exec-7]com.tqk.blog.aspect.RequestAspect.printRequestLog:121 -方法 : com.tqk.blog.controller.AboutController.get
2020-12-13 15:15:57.969 INFO  [http-nio-8899-exec-7]com.tqk.blog.aspect.RequestAspect.printRequestLog:123 -请求参数：[1]
2020-12-13 15:15:58.045 INFO  [http-nio-8899-exec-7]com.tqk.blog.aspect.RequestAspect.doAround:67 -耗时 : 80
2020-12-13 15:15:58.047 INFO  [http-nio-8899-exec-7]com.tqk.blog.aspect.RequestAspect.doAfterReturning:81 -返回值：{"code":20000,"data":{"aboutContent":"<p>最近，上海、天津等地出现个别疫情，也出现了将患者或相关人士的信息在网络上泄露，影响这些人的生活的事件。还有关于清华&ldquo;学姐&rdquo;在网络上的基于误会将一个男生的信息曝光的事件，更有一些快递公司&ldquo;内鬼&rdquo;泄露大量客户的详细信息的事件。这些其实都把个人隐私的保护上所出现的问题推到了前台。一方面确实接连出现那种个人隐私被泄露的事件，另一方面这些隐私的泄露所造成的实实在在的损害在这些例子中也都有充分的展现。</p>\n<p>个人隐私的保护，既是对于个人权利的尊重，也对于社会具有重要的意义。隐私的保护对于个体来说当然是重要的，因为个人的隐私的泄露当然会对个体由多方面的伤害，让个体的正常生活受到冲击和威胁。对于社会来说，个人的隐私的保护其实也是使社会生活更加安全的重要的保障。个人的隐私受到保护，既是在法律上十分清晰的，也是在伦理上极为必要的。这其实也是一个重要的社会底线。</p>\n<p>网络和大数据的发展使得个人的信息的搜集和处理都更加便捷和迅速。社会为了更便捷地运作和有效地运转，为了公众利益和为个体更好地服务，往往更多地搜集个人的多方面的资料，个人的资料为相关的方面所掌握在社会中也是必要的。但这当然不可能是无限度无底线的，这些其实都有法律的严格规定，也有伦理的基本的原则。实际上，这些界限其实是相当明确和清晰的。</p>\n<p>现在所出现的一些情况，就是完全违反了这些基本的限定，一些人随意地把他人的隐私信息在互联网这样的无远弗届的公共空间泄露。这种泄露造成的诸如&ldquo;网暴&rdquo;&ldquo;社交死亡&rdquo;等等现象现在在社会中已经成为的相当多的存在。个人的行为的许多不需要也不应该为公众广泛了解的一些情况，在被人们在公共空间中暴露，当然会对个人形成相当的伤害，也会让一些居心不良的人所利用，同时也会对于社会中的人们基本的安全的诉求构成冲击。</p>\n<p>有些人误解了基于&ldquo;公众利益&rdquo;的对于个人的信息的适度的披露和揭隐私、揭老底一类的恶俗行为的的关系，往往把过去小社区中的街谈巷议等等直接放到了所有人的公共空间的互联网上。也有人把&ldquo;群&rdquo;还是看成小圈子，小群体，传播有限，不知道实际上这种传播只要在网上，就可以是全社会的传播。有些接触一般人难以接触的资料的人，也并不觉得泄露这些是严重的事情。这其实和一些人缺少公共空间与私人生活的界限有关，也与当下的新的技术手段造成的便捷的传播有关。这些都构成了对于隐私的保护的冲击，这种冲击没有被有效制止，侵害隐私的行为没有得到惩戒和批评，就会产生&ldquo;示范效应&rdquo;，使得这样的情况一一发不可收拾，构成对于个人和社会的严重伤害。</p>\n<p>严格对于隐私保护的相关法律的执行，对于隐私保护的伦理要求也需要受到公众和社会的更多的维护。让人们生活在一个个人的隐私不能被随便泄露的状况中，这也需要全社会的更多的努力。</p>","aboutId":"1","aboutRead":1,"aboutTitle":"“社交死亡”现象越来越多 ，该如何保护个人隐私","createdTime":1603782451000,"updateTime":1606199712000,"version":3},"msg":"操作成功！"}
