2020-12-27 23:47:01.726 DEBUG [main]com.tqk.blog.BlogApplication.logStarting:56 -Running with Spring Boot v2.2.2.RELEASE, Spring v5.2.2.RELEASE
2020-12-27 23:48:08.013 DEBUG [http-nio-8899-exec-1]com.tqk.blog.mapper.BlLogMapper.save.debug:159 -==>  Preparing: insert into bl_log( log_url, log_params, log_status, log_message, log_method, log_time, log_result, log_ip ) values ( ?, ?, ?, ?, ?, ?, ?, ? ) 
2020-12-27 23:48:08.043 DEBUG [http-nio-8899-exec-1]com.tqk.blog.mapper.BlLogMapper.save.debug:159 -==> Parameters: /BlAdmin/info(String), [](String), 0(Integer), 	at com.tqk.blog.controller.AdminController.getLoginInfo(AdminController.java:67)
	at com.tqk.blog.controller.AdminController$$FastClassBySpringCGLIB$$5e004558.invoke(<generated>)
	at com.tqk.blog.aspect.RequestAspect.doAround(RequestAspect.java:65)
	at com.tqk.blog.controller.AdminController$$EnhancerBySpringCGLIB$$80acb8df.getLoginInfo(<generated>)
(String), GET(String), 0(Long), null, 192.168.101.29(String)
2020-12-27 23:48:08.128 DEBUG [http-nio-8899-exec-1]com.tqk.blog.mapper.BlLogMapper.save.debug:159 -<==    Updates: 1
2020-12-27 23:48:10.866 DEBUG [http-nio-8899-exec-2]com.tqk.blog.mapper.BlAdminMapper.getByUsername.debug:159 -==>  Preparing: select name, header, signature, username, password from bl_admin where username = ? 
2020-12-27 23:48:10.867 DEBUG [http-nio-8899-exec-2]com.tqk.blog.mapper.BlAdminMapper.getByUsername.debug:159 -==> Parameters: admin(String)
2020-12-27 23:48:10.941 DEBUG [http-nio-8899-exec-2]com.tqk.blog.mapper.BlAdminMapper.getByUsername.debug:159 -<==      Total: 1
2020-12-27 23:48:11.079 DEBUG [http-nio-8899-exec-2]com.tqk.blog.mapper.BlLogMapper.save.debug:159 -==>  Preparing: insert into bl_log( log_url, log_params, log_status, log_message, log_method, log_time, log_result, log_ip ) values ( ?, ?, ?, ?, ?, ?, ?, ? ) 
2020-12-27 23:48:11.080 DEBUG [http-nio-8899-exec-2]com.tqk.blog.mapper.BlLogMapper.save.debug:159 -==> Parameters: /BlAdmin/login(String), [com.tqk.blog.pojo.BlAdmin@7f441757](String), 1(Integer), null, POST(String), 127(Long), {"code":20000,"data":{"token":"5F40D2A355BDC23B8FA290DB8B48457A"},"msg":"操作成功！"}(String), 192.168.101.29(String)
2020-12-27 23:48:11.178 DEBUG [http-nio-8899-exec-2]com.tqk.blog.mapper.BlLogMapper.save.debug:159 -<==    Updates: 1
2020-12-27 23:48:11.274 DEBUG [http-nio-8899-exec-3]com.tqk.blog.mapper.BlLogMapper.save.debug:159 -==>  Preparing: insert into bl_log( log_url, log_params, log_status, log_message, log_method, log_time, log_result, log_ip ) values ( ?, ?, ?, ?, ?, ?, ?, ? ) 
2020-12-27 23:48:11.276 DEBUG [http-nio-8899-exec-3]com.tqk.blog.mapper.BlLogMapper.save.debug:159 -==> Parameters: /BlAdmin/info(String), [](String), 1(Integer), null, GET(String), 2(Long), {"code":20000,"data":{"name":"田起凯","password":"","signature":"hold on","username":"admin"},"msg":"操作成功！"}(String), 192.168.101.29(String)
2020-12-27 23:48:11.362 DEBUG [http-nio-8899-exec-3]com.tqk.blog.mapper.BlLogMapper.save.debug:159 -<==    Updates: 1
2020-12-27 23:48:11.828 DEBUG [http-nio-8899-exec-4]com.tqk.blog.mapper.BlTypeMapper.selectByExample.debug:159 -==>  Preparing: SELECT type_id,type_name,type_blog_count,enable,deleted FROM bl_type WHERE ( enable = ? and deleted = ? ) 
2020-12-27 23:48:11.829 DEBUG [http-nio-8899-exec-4]com.tqk.blog.mapper.BlTypeMapper.selectByExample.debug:159 -==> Parameters: 1(Integer), 0(Integer)
2020-12-27 23:48:11.867 DEBUG [http-nio-8899-exec-4]com.tqk.blog.mapper.BlTypeMapper.selectByExample.debug:159 -<==      Total: 7
2020-12-27 23:48:11.911 DEBUG [http-nio-8899-exec-4]com.tqk.blog.mapper.BlLogMapper.save.debug:159 -==>  Preparing: insert into bl_log( log_url, log_params, log_status, log_message, log_method, log_time, log_result, log_ip ) values ( ?, ?, ?, ?, ?, ?, ?, ? ) 
2020-12-27 23:48:11.912 DEBUG [http-nio-8899-exec-4]com.tqk.blog.mapper.BlLogMapper.save.debug:159 -==> Parameters: /type/getList(String), [](String), 1(Integer), null, GET(String), 131(Long), {"code":20000,"data":[{"deleted":0,"enable":1,"typeBlogCount":105,"typeId":1,"typeName":"Java"},{"deleted":0,"enable":1,"typeBlogCount":0,"typeId":3,"typeName":"Python"},{"deleted":0,"enable":1,"typeBlogCount":0,"typeId":6,"typeName":"going"},{"deleted":0,"enable":1,"typeBlogCount":0,"typeId":7,"typeName":"Spring"},{"deleted":0,"enable":1,"typeBlogCount":0,"typeId":8,"typeName":"nginx"},{"deleted":0,"enable":1,"typeBlogCount":0,"typeId":9,"typeName":"Redis"},{"deleted":0,"enable":1,"typeBlogCount":0,"typeId":10,"typeName":"Docker"}],"msg":"操作成功！"}(String), 192.168.101.29(String)
2020-12-27 23:48:11.994 DEBUG [http-nio-8899-exec-4]com.tqk.blog.mapper.BlLogMapper.save.debug:159 -<==    Updates: 1
2020-12-27 23:48:14.546 DEBUG [http-nio-8899-exec-5]com.tqk.blog.mapper.BlBlogMapper.getByPage.debug:159 -==>  Preparing: select blog_id, blog_title, blog_image, blog_goods, blog_read, blog_collection, blog_remark, blog_comment, blog_source, created_time, update_time,type_name from bl_blog as b inner join bl_type as t on type_id = blog_type where t.deleted = 0 and b.deleted = 0 limit ?, ? 
2020-12-27 23:48:14.548 DEBUG [http-nio-8899-exec-5]com.tqk.blog.mapper.BlBlogMapper.getByPage.debug:159 -==> Parameters: 0(Integer), 10(Integer)
2020-12-27 23:48:14.587 DEBUG [http-nio-8899-exec-5]com.tqk.blog.mapper.BlBlogMapper.getByPage.debug:159 -<==      Total: 3
2020-12-27 23:48:14.589 DEBUG [http-nio-8899-exec-5]com.tqk.blog.mapper.BlBlogMapper.getCountByPage.debug:159 -==>  Preparing: select count(*) from bl_blog as b inner join bl_type as t on type_id = blog_type where t.deleted = 0 and b.deleted = 0 
2020-12-27 23:48:14.589 DEBUG [http-nio-8899-exec-5]com.tqk.blog.mapper.BlBlogMapper.getCountByPage.debug:159 -==> Parameters: 
2020-12-27 23:48:14.628 DEBUG [http-nio-8899-exec-5]com.tqk.blog.mapper.BlBlogMapper.getCountByPage.debug:159 -<==      Total: 1
2020-12-27 23:48:14.776 DEBUG [http-nio-8899-exec-5]com.tqk.blog.mapper.BlLogMapper.save.debug:159 -==>  Preparing: insert into bl_log( log_url, log_params, log_status, log_message, log_method, log_time, log_result, log_ip ) values ( ?, ?, ?, ?, ?, ?, ?, ? ) 
2020-12-27 23:48:14.777 DEBUG [http-nio-8899-exec-5]com.tqk.blog.mapper.BlLogMapper.save.debug:159 -==> Parameters: /blog/getByPage(String), [Page(currentPage=1, pageSize=10, totalPage=0, totalCount=0, list=[], params={}, sortColumn=null, sortMethod=asc)](String), 1(Integer), null, POST(String), 262(Long), {"code":20000,"data":{"currentPage":1,"index":0,"list":[{"blogCollection":0,"blogComment":0,"blogGoods":0,"blogId":"1324038097171820544","blogImage":"Java","blogRead":0,"blogRemark":"BeanUtils它提供了对java反射和自省API的包装。它里面还有很多工具类，这里我们介绍一下copyProperties。","blogSource":"百度","blogTitle":"BeanUtils.copyProperties的用法","createdTime":"2020-11-04 17:17:33","typeName":"Java","updateTime":"2020-11-22 13:04:15"},{"blogCollection":0,"blogComment":0,"blogGoods":0,"blogId":"1330877080455553024","blogRead":0,"blogRemark":"MySQL","blogTitle":"面试官不讲武德问我：为什么MySQL不建议使用delete删除数据？","createdTime":"2020-11-23 14:13:16","typeName":"Java","updateTime":"2020-11-23 14:23:06"},{"blogCollection":0,"blogComment":0,"blogGoods":0,"blogId":"1330879440221315072","blogRead":0,"blogRemark":"面试必备","blogTitle":"Java岗四面字节跳动成功之前，我都刷了那些面试题以及做了那些准备！","createdTime":"2020-11-23 14:22:39","typeName":"Java","updateTime":"2020-11-23 14:22:39"}],"pageSize":10,"params":{},"sortMethod":"asc","totalCount":3,"totalPage":1},"msg":"操作成功！"}(String), 192.168.101.29(String)
2020-12-27 23:48:14.869 DEBUG [http-nio-8899-exec-5]com.tqk.blog.mapper.BlLogMapper.save.debug:159 -<==    Updates: 1
