2020-11-04 23:54:44.178 INFO  [main]com.tqk.blog.BlogApplication.logStarting:55 -Starting BlogApplication on WIN-LFFH2UEU8RH with PID 7496 (D:\javaweb\blog\target\classes started by Administrator in D:\javaweb\blog)
2020-11-04 23:54:44.187 INFO  [main]com.tqk.blog.BlogApplication.logStartupProfileInfo:655 -The following profiles are active: dev
2020-11-04 23:54:45.613 INFO  [main]o.s.c.s.PostProcessorRegistrationDelegate$BeanPostProcessorChecker.postProcessAfterInitialization:330 -Bean 'org.springframework.transaction.annotation.ProxyTransactionManagementConfiguration' of type [org.springframework.transaction.annotation.ProxyTransactionManagementConfiguration] is not eligible for getting processed by all BeanPostProcessors (for example: not eligible for auto-proxying)
2020-11-04 23:54:45.720 INFO  [main]o.s.c.s.PostProcessorRegistrationDelegate$BeanPostProcessorChecker.postProcessAfterInitialization:330 -Bean 'shiroConfig' of type [com.tqk.blog.config.ShiroConfig$$EnhancerBySpringCGLIB$$23f8b19b] is not eligible for getting processed by all BeanPostProcessors (for example: not eligible for auto-proxying)
2020-11-04 23:54:45.793 INFO  [main]o.s.c.s.PostProcessorRegistrationDelegate$BeanPostProcessorChecker.postProcessAfterInitialization:330 -Bean 'mybatis-tk.mybatis.mapper.autoconfigure.MybatisProperties' of type [tk.mybatis.mapper.autoconfigure.MybatisProperties] is not eligible for getting processed by all BeanPostProcessors (for example: not eligible for auto-proxying)
2020-11-04 23:54:45.807 INFO  [main]o.s.c.s.PostProcessorRegistrationDelegate$BeanPostProcessorChecker.postProcessAfterInitialization:330 -Bean 'tk.mybatis.mapper.autoconfigure.MapperAutoConfiguration' of type [tk.mybatis.mapper.autoconfigure.MapperAutoConfiguration$$EnhancerBySpringCGLIB$$6cf634c9] is not eligible for getting processed by all BeanPostProcessors (for example: not eligible for auto-proxying)
2020-11-04 23:54:45.814 INFO  [main]o.s.c.s.PostProcessorRegistrationDelegate$BeanPostProcessorChecker.postProcessAfterInitialization:330 -Bean 'com.alibaba.druid.spring.boot.autoconfigure.DruidDataSourceAutoConfigure' of type [com.alibaba.druid.spring.boot.autoconfigure.DruidDataSourceAutoConfigure$$EnhancerBySpringCGLIB$$d0b182a2] is not eligible for getting processed by all BeanPostProcessors (for example: not eligible for auto-proxying)
2020-11-04 23:54:45.819 INFO  [main]c.a.d.s.boot.autoconfigure.DruidDataSourceAutoConfigure.dataSource:56 -Init DruidDataSource
2020-11-04 23:54:45.889 INFO  [main]o.s.c.s.PostProcessorRegistrationDelegate$BeanPostProcessorChecker.postProcessAfterInitialization:330 -Bean 'spring.datasource-org.springframework.boot.autoconfigure.jdbc.DataSourceProperties' of type [org.springframework.boot.autoconfigure.jdbc.DataSourceProperties] is not eligible for getting processed by all BeanPostProcessors (for example: not eligible for auto-proxying)
2020-11-04 23:54:45.912 INFO  [main]o.s.c.s.PostProcessorRegistrationDelegate$BeanPostProcessorChecker.postProcessAfterInitialization:330 -Bean 'com.alibaba.druid.spring.boot.autoconfigure.stat.DruidFilterConfiguration' of type [com.alibaba.druid.spring.boot.autoconfigure.stat.DruidFilterConfiguration] is not eligible for getting processed by all BeanPostProcessors (for example: not eligible for auto-proxying)
2020-11-04 23:54:45.935 INFO  [main]o.s.c.s.PostProcessorRegistrationDelegate$BeanPostProcessorChecker.postProcessAfterInitialization:330 -Bean 'statFilter' of type [com.alibaba.druid.filter.stat.StatFilter] is not eligible for getting processed by all BeanPostProcessors (for example: not eligible for auto-proxying)
2020-11-04 23:54:48.622 INFO  [main]com.alibaba.druid.pool.DruidDataSource.init:930 -{dataSource-1} inited
2020-11-04 23:54:48.624 INFO  [main]o.s.c.s.PostProcessorRegistrationDelegate$BeanPostProcessorChecker.postProcessAfterInitialization:330 -Bean 'dataSource' of type [com.alibaba.druid.spring.boot.autoconfigure.DruidDataSourceWrapper] is not eligible for getting processed by all BeanPostProcessors (for example: not eligible for auto-proxying)
2020-11-04 23:54:48.735 INFO  [main]o.s.c.s.PostProcessorRegistrationDelegate$BeanPostProcessorChecker.postProcessAfterInitialization:330 -Bean 'org.springframework.boot.autoconfigure.jdbc.DataSourceInitializerInvoker' of type [org.springframework.boot.autoconfigure.jdbc.DataSourceInitializerInvoker] is not eligible for getting processed by all BeanPostProcessors (for example: not eligible for auto-proxying)
2020-11-04 23:54:49.073 INFO  [main]o.s.c.s.PostProcessorRegistrationDelegate$BeanPostProcessorChecker.postProcessAfterInitialization:330 -Bean 'sqlSessionFactory' of type [org.apache.ibatis.session.defaults.DefaultSqlSessionFactory] is not eligible for getting processed by all BeanPostProcessors (for example: not eligible for auto-proxying)
2020-11-04 23:54:49.083 INFO  [main]o.s.c.s.PostProcessorRegistrationDelegate$BeanPostProcessorChecker.postProcessAfterInitialization:330 -Bean 'sqlSessionTemplate' of type [org.mybatis.spring.SqlSessionTemplate] is not eligible for getting processed by all BeanPostProcessors (for example: not eligible for auto-proxying)
2020-11-04 23:54:49.192 INFO  [main]o.s.c.s.PostProcessorRegistrationDelegate$BeanPostProcessorChecker.postProcessAfterInitialization:330 -Bean 'blAdminMapper' of type [tk.mybatis.spring.mapper.MapperFactoryBean] is not eligible for getting processed by all BeanPostProcessors (for example: not eligible for auto-proxying)
2020-11-04 23:54:49.202 INFO  [main]o.s.c.s.PostProcessorRegistrationDelegate$BeanPostProcessorChecker.postProcessAfterInitialization:330 -Bean 'blAdminMapper' of type [com.sun.proxy.$Proxy86] is not eligible for getting processed by all BeanPostProcessors (for example: not eligible for auto-proxying)
2020-11-04 23:54:49.252 INFO  [main]o.s.c.s.PostProcessorRegistrationDelegate$BeanPostProcessorChecker.postProcessAfterInitialization:330 -Bean 'adminServiceImpl' of type [com.tqk.blog.service.impl.AdminServiceImpl] is not eligible for getting processed by all BeanPostProcessors (for example: not eligible for auto-proxying)
2020-11-04 23:54:49.254 INFO  [main]o.s.c.s.PostProcessorRegistrationDelegate$BeanPostProcessorChecker.postProcessAfterInitialization:330 -Bean 'adminRealm' of type [com.tqk.blog.realm.AdminRealm] is not eligible for getting processed by all BeanPostProcessors (for example: not eligible for auto-proxying)
2020-11-04 23:54:49.745 INFO  [main]o.s.c.s.PostProcessorRegistrationDelegate$BeanPostProcessorChecker.postProcessAfterInitialization:330 -Bean 'securityManager' of type [org.apache.shiro.web.mgt.DefaultWebSecurityManager] is not eligible for getting processed by all BeanPostProcessors (for example: not eligible for auto-proxying)
2020-11-04 23:54:49.777 INFO  [main]o.s.c.s.PostProcessorRegistrationDelegate$BeanPostProcessorChecker.postProcessAfterInitialization:330 -Bean 'authorizationAttributeSourceAdvisor' of type [org.apache.shiro.spring.security.interceptor.AuthorizationAttributeSourceAdvisor] is not eligible for getting processed by all BeanPostProcessors (for example: not eligible for auto-proxying)
2020-11-04 23:54:50.128 INFO  [main]o.s.boot.web.embedded.tomcat.TomcatWebServer.initialize:92 -Tomcat initialized with port(s): 8080 (http)
2020-11-04 23:54:50.139 INFO  [main]org.apache.coyote.http11.Http11NioProtocol.log:173 -Initializing ProtocolHandler ["http-nio-8080"]
2020-11-04 23:54:50.140 INFO  [main]org.apache.catalina.core.StandardService.log:173 -Starting service [Tomcat]
2020-11-04 23:54:50.140 INFO  [main]org.apache.catalina.core.StandardEngine.log:173 -Starting Servlet engine: [Apache Tomcat/9.0.29]
2020-11-04 23:54:50.274 INFO  [main]o.a.catalina.core.ContainerBase.[Tomcat].[localhost].[/].log:173 -Initializing Spring embedded WebApplicationContext
2020-11-04 23:54:50.275 INFO  [main]org.springframework.web.context.ContextLoader.prepareWebApplicationContext:284 -Root WebApplicationContext: initialization completed in 5994 ms
2020-11-04 23:54:51.541 INFO  [main]o.s.scheduling.concurrent.ThreadPoolTaskExecutor.initialize:171 -Initializing ExecutorService 'applicationTaskExecutor'
2020-11-04 23:54:52.010 INFO  [main]org.apache.coyote.http11.Http11NioProtocol.log:173 -Starting ProtocolHandler ["http-nio-8080"]
2020-11-04 23:54:52.033 INFO  [main]o.s.boot.web.embedded.tomcat.TomcatWebServer.start:204 -Tomcat started on port(s): 8080 (http) with context path ''
2020-11-04 23:54:52.036 INFO  [main]com.tqk.blog.BlogApplication.logStarted:61 -Started BlogApplication in 8.724 seconds (JVM running for 9.479)
2020-11-04 23:55:12.150 INFO  [http-nio-8080-exec-1]o.a.catalina.core.ContainerBase.[Tomcat].[localhost].[/].log:173 -Initializing Spring DispatcherServlet 'dispatcherServlet'
2020-11-04 23:55:12.151 INFO  [http-nio-8080-exec-1]org.springframework.web.servlet.DispatcherServlet.initServletBean:525 -Initializing Servlet 'dispatcherServlet'
2020-11-04 23:55:12.162 INFO  [http-nio-8080-exec-1]org.springframework.web.servlet.DispatcherServlet.initServletBean:547 -Completed initialization in 11 ms
2020-11-04 23:55:22.856 INFO  [http-nio-8080-exec-4]com.tqk.blog.aspect.RequestAspect.printRequestLog:115 -请求地址 : /BlAdmin/login
2020-11-04 23:55:22.858 INFO  [http-nio-8080-exec-4]com.tqk.blog.aspect.RequestAspect.printRequestLog:116 -请求方式 : POST
2020-11-04 23:55:22.859 INFO  [http-nio-8080-exec-4]com.tqk.blog.aspect.RequestAspect.printRequestLog:119 -IP : 0:0:0:0:0:0:0:1
2020-11-04 23:55:22.861 INFO  [http-nio-8080-exec-4]com.tqk.blog.aspect.RequestAspect.printRequestLog:121 -方法 : com.tqk.blog.controller.AdminController.login
2020-11-04 23:55:22.861 INFO  [http-nio-8080-exec-4]com.tqk.blog.aspect.RequestAspect.printRequestLog:123 -请求参数：[com.tqk.blog.pojo.BlAdmin@2dff12a0]
2020-11-04 23:55:23.067 INFO  [http-nio-8080-exec-4]com.tqk.blog.aspect.RequestAspect.doAround:67 -耗时 : 211
2020-11-04 23:55:23.167 INFO  [http-nio-8080-exec-4]com.tqk.blog.aspect.RequestAspect.doAfterReturning:81 -返回值：{"code":20000,"data":{"token":"E92CCCCCF74B8E51E1925EF44A6D18BF"},"msg":"操作成功！"}
