2020-10-29 22:55:09.777 DEBUG [main]com.tqk.blog.BlogApplication.logStarting:56 -Running with Spring Boot v2.2.2.RELEASE, Spring v5.2.2.RELEASE
2020-10-29 22:55:35.201 DEBUG [http-nio-8080-exec-2]com.tqk.blog.mapper.BlAdminMapper.getByUsername.debug:159 -==>  Preparing: select name, header, signature, username, password from bl_admin where username = ? 
2020-10-29 22:55:35.256 DEBUG [http-nio-8080-exec-2]com.tqk.blog.mapper.BlAdminMapper.getByUsername.debug:159 -==> Parameters: admin(String)
2020-10-29 22:55:35.329 DEBUG [http-nio-8080-exec-2]com.tqk.blog.mapper.BlAdminMapper.getByUsername.debug:159 -<==      Total: 1
2020-10-29 22:55:35.477 DEBUG [http-nio-8080-exec-2]com.tqk.blog.mapper.BlLogMapper.save.debug:159 -==>  Preparing: insert into bl_log( log_url, log_params, log_status, log_message, log_method, log_time, log_result, log_ip ) values ( ?, ?, ?, ?, ?, ?, ?, ? ) 
2020-10-29 22:55:35.482 DEBUG [http-nio-8080-exec-2]com.tqk.blog.mapper.BlLogMapper.save.debug:159 -==> Parameters: /BlAdmin/login(String), [com.tqk.blog.pojo.BlAdmin@1a4e34d1](String), 1(Integer), null, POST(String), 242(Long), {"code":20000,"data":{"token":"65C9C4B0E9B3D3E24C56193AA748650D"},"msg":"操作成功！"}(String), 0:0:0:0:0:0:0:1(String)
2020-10-29 22:55:35.564 DEBUG [http-nio-8080-exec-2]com.tqk.blog.mapper.BlLogMapper.save.debug:159 -<==    Updates: 1
2020-10-29 23:09:17.028 DEBUG [http-nio-8080-exec-7]com.tqk.blog.mapper.BlUserMapper.save.debug:159 -==>  Preparing: insert into bl_user( username, password, name, sex, header, nickname, user_email ) values ( ?, ?, ?, ?, ?, ?, ? ) 
2020-10-29 23:09:17.029 DEBUG [http-nio-8080-exec-7]com.tqk.blog.mapper.BlUserMapper.save.debug:159 -==> Parameters: 田起凯(String), 123456(String), 天气开(String), 1(Integer), 哈哈哈(String), 一切皆文件(String), 953811508@qq.com(String)
2020-10-29 23:09:17.106 DEBUG [http-nio-8080-exec-7]com.tqk.blog.mapper.BlUserMapper.save.debug:159 -<==    Updates: 1
2020-10-29 23:09:17.149 DEBUG [http-nio-8080-exec-7]com.tqk.blog.mapper.BlLogMapper.save.debug:159 -==>  Preparing: insert into bl_log( log_url, log_params, log_status, log_message, log_method, log_time, log_result, log_ip ) values ( ?, ?, ?, ?, ?, ?, ?, ? ) 
2020-10-29 23:09:17.153 DEBUG [http-nio-8080-exec-7]com.tqk.blog.mapper.BlLogMapper.save.debug:159 -==> Parameters: /user/save(String), [com.tqk.blog.pojo.BlUser@3cffb6b](String), 1(Integer), null, POST(String), 130(Long), {"code":20000,"msg":"添加成功！"}(String), 0:0:0:0:0:0:0:1(String)
2020-10-29 23:09:17.229 DEBUG [http-nio-8080-exec-7]com.tqk.blog.mapper.BlLogMapper.save.debug:159 -<==    Updates: 1
2020-10-29 23:19:54.658 DEBUG [http-nio-8080-exec-10]com.tqk.blog.mapper.BlUserMapper.save.debug:159 -==>  Preparing: insert into bl_user( username, password, name, sex, header, nickname, user_email ) values ( ?, ?, ?, ?, ?, ?, ? ) 
2020-10-29 23:19:54.661 DEBUG [http-nio-8080-exec-10]com.tqk.blog.mapper.BlUserMapper.save.debug:159 -==> Parameters: 田起凯(String), 123456(String), 天气开(String), 1(Integer), 哈哈哈(String), 一切皆文件(String), 953811508@qq.com(String)
2020-10-29 23:19:54.737 DEBUG [http-nio-8080-exec-10]com.tqk.blog.mapper.BlUserMapper.save.debug:159 -<==    Updates: 1
2020-10-29 23:19:54.778 DEBUG [http-nio-8080-exec-10]com.tqk.blog.mapper.BlLogMapper.save.debug:159 -==>  Preparing: insert into bl_log( log_url, log_params, log_status, log_message, log_method, log_time, log_result, log_ip ) values ( ?, ?, ?, ?, ?, ?, ?, ? ) 
2020-10-29 23:19:54.780 DEBUG [http-nio-8080-exec-10]com.tqk.blog.mapper.BlLogMapper.save.debug:159 -==> Parameters: /user/save(String), [com.tqk.blog.pojo.BlUser@6ad5589a](String), 1(Integer), null, POST(String), 126(Long), {"code":20000,"msg":"添加成功！"}(String), 0:0:0:0:0:0:0:1(String)
2020-10-29 23:19:54.859 DEBUG [http-nio-8080-exec-10]com.tqk.blog.mapper.BlLogMapper.save.debug:159 -<==    Updates: 1
2020-10-29 23:25:12.867 DEBUG [http-nio-8080-exec-1]com.tqk.blog.mapper.BlUserMapper.update.debug:159 -==>  Preparing: update bl_user set version = version + 1 ,username = ? ,password = ? ,name = ? ,sex = ? ,header = ? ,nickname = ? ,user_email = ? where user_id = ? and version = ? 
2020-10-29 23:25:12.868 DEBUG [http-nio-8080-exec-1]com.tqk.blog.mapper.BlUserMapper.update.debug:159 -==> Parameters: 田起凯(String), 123456(String), 天气开(String), 1(Integer), 哈哈111哈(String), 一切皆文件(String), 953811508@qq.com(String), 3(Integer), 1(Integer)
2020-10-29 23:25:12.961 DEBUG [http-nio-8080-exec-1]com.tqk.blog.mapper.BlUserMapper.update.debug:159 -<==    Updates: 1
2020-10-29 23:25:12.997 DEBUG [http-nio-8080-exec-1]com.tqk.blog.mapper.BlLogMapper.save.debug:159 -==>  Preparing: insert into bl_log( log_url, log_params, log_status, log_message, log_method, log_time, log_result, log_ip ) values ( ?, ?, ?, ?, ?, ?, ?, ? ) 
2020-10-29 23:25:12.998 DEBUG [http-nio-8080-exec-1]com.tqk.blog.mapper.BlLogMapper.save.debug:159 -==> Parameters: /user/update(String), [com.tqk.blog.pojo.BlUser@4d8adcba](String), 1(Integer), null, PUT(String), 171(Long), {"code":20000,"msg":"修改成功！"}(String), 0:0:0:0:0:0:0:1(String)
2020-10-29 23:25:13.074 DEBUG [http-nio-8080-exec-1]com.tqk.blog.mapper.BlLogMapper.save.debug:159 -<==    Updates: 1
2020-10-29 23:29:25.748 DEBUG [http-nio-8080-exec-6]com.tqk.blog.mapper.BlUserMapper.getById.debug:159 -==>  Preparing: select user_id, username, name, sex, header, nickname, user_email, version from bl_user where user_id = ? and deleted = 0 
2020-10-29 23:29:25.749 DEBUG [http-nio-8080-exec-6]com.tqk.blog.mapper.BlUserMapper.getById.debug:159 -==> Parameters: 1(Integer)
2020-10-29 23:29:25.783 DEBUG [http-nio-8080-exec-6]com.tqk.blog.mapper.BlUserMapper.getById.debug:159 -<==      Total: 0
2020-10-29 23:29:25.824 DEBUG [http-nio-8080-exec-6]com.tqk.blog.mapper.BlLogMapper.save.debug:159 -==>  Preparing: insert into bl_log( log_url, log_params, log_status, log_message, log_method, log_time, log_result, log_ip ) values ( ?, ?, ?, ?, ?, ?, ?, ? ) 
2020-10-29 23:29:25.826 DEBUG [http-nio-8080-exec-6]com.tqk.blog.mapper.BlLogMapper.save.debug:159 -==> Parameters: /user/get/1(String), [1](String), 1(Integer), null, GET(String), 76(Long), {"code":20000,"msg":"操作成功！"}(String), 0:0:0:0:0:0:0:1(String)
2020-10-29 23:29:25.916 DEBUG [http-nio-8080-exec-6]com.tqk.blog.mapper.BlLogMapper.save.debug:159 -<==    Updates: 1
2020-10-29 23:29:34.395 DEBUG [http-nio-8080-exec-7]com.tqk.blog.mapper.BlUserMapper.getById.debug:159 -==>  Preparing: select user_id, username, name, sex, header, nickname, user_email, version from bl_user where user_id = ? and deleted = 0 
2020-10-29 23:29:34.396 DEBUG [http-nio-8080-exec-7]com.tqk.blog.mapper.BlUserMapper.getById.debug:159 -==> Parameters: 3(Integer)
2020-10-29 23:29:34.431 DEBUG [http-nio-8080-exec-7]com.tqk.blog.mapper.BlUserMapper.getById.debug:159 -<==      Total: 1
2020-10-29 23:29:34.479 DEBUG [http-nio-8080-exec-7]com.tqk.blog.mapper.BlLogMapper.save.debug:159 -==>  Preparing: insert into bl_log( log_url, log_params, log_status, log_message, log_method, log_time, log_result, log_ip ) values ( ?, ?, ?, ?, ?, ?, ?, ? ) 
2020-10-29 23:29:34.481 DEBUG [http-nio-8080-exec-7]com.tqk.blog.mapper.BlLogMapper.save.debug:159 -==> Parameters: /user/get/3(String), [3](String), 1(Integer), null, GET(String), 77(Long), {"code":20000,"data":{"header":"哈哈111哈","name":"天气开","nickname":"一切皆文件","sex":1,"userEmail":"953811508@qq.com","userId":3,"username":"田起凯","version":2},"msg":"操作成功！"}(String), 0:0:0:0:0:0:0:1(String)
2020-10-29 23:29:34.559 DEBUG [http-nio-8080-exec-7]com.tqk.blog.mapper.BlLogMapper.save.debug:159 -<==    Updates: 1
2020-10-29 23:29:42.260 DEBUG [http-nio-8080-exec-8]com.tqk.blog.mapper.BlUserMapper.deleteById.debug:159 -==>  Preparing: update bl_user set deleted = 1 where user_id = ? 
2020-10-29 23:29:42.262 DEBUG [http-nio-8080-exec-8]com.tqk.blog.mapper.BlUserMapper.deleteById.debug:159 -==> Parameters: 1(Integer)
2020-10-29 23:29:42.332 DEBUG [http-nio-8080-exec-8]com.tqk.blog.mapper.BlUserMapper.deleteById.debug:159 -<==    Updates: 0
2020-10-29 23:29:42.373 DEBUG [http-nio-8080-exec-8]com.tqk.blog.mapper.BlLogMapper.save.debug:159 -==>  Preparing: insert into bl_log( log_url, log_params, log_status, log_message, log_method, log_time, log_result, log_ip ) values ( ?, ?, ?, ?, ?, ?, ?, ? ) 
2020-10-29 23:29:42.374 DEBUG [http-nio-8080-exec-8]com.tqk.blog.mapper.BlLogMapper.save.debug:159 -==> Parameters: /user/delete/1(String), [1](String), 1(Integer), null, DELETE(String), 112(Long), {"code":20000,"msg":"删除成功！"}(String), 0:0:0:0:0:0:0:1(String)
2020-10-29 23:29:42.450 DEBUG [http-nio-8080-exec-8]com.tqk.blog.mapper.BlLogMapper.save.debug:159 -<==    Updates: 1
2020-10-29 23:29:47.638 DEBUG [http-nio-8080-exec-9]com.tqk.blog.mapper.BlUserMapper.deleteById.debug:159 -==>  Preparing: update bl_user set deleted = 1 where user_id = ? 
2020-10-29 23:29:47.640 DEBUG [http-nio-8080-exec-9]com.tqk.blog.mapper.BlUserMapper.deleteById.debug:159 -==> Parameters: 3(Integer)
2020-10-29 23:29:47.727 DEBUG [http-nio-8080-exec-9]com.tqk.blog.mapper.BlUserMapper.deleteById.debug:159 -<==    Updates: 1
2020-10-29 23:29:47.767 DEBUG [http-nio-8080-exec-9]com.tqk.blog.mapper.BlLogMapper.save.debug:159 -==>  Preparing: insert into bl_log( log_url, log_params, log_status, log_message, log_method, log_time, log_result, log_ip ) values ( ?, ?, ?, ?, ?, ?, ?, ? ) 
2020-10-29 23:29:47.770 DEBUG [http-nio-8080-exec-9]com.tqk.blog.mapper.BlLogMapper.save.debug:159 -==> Parameters: /user/delete/3(String), [3](String), 1(Integer), null, DELETE(String), 131(Long), {"code":20000,"msg":"删除成功！"}(String), 0:0:0:0:0:0:0:1(String)
2020-10-29 23:29:47.846 DEBUG [http-nio-8080-exec-9]com.tqk.blog.mapper.BlLogMapper.save.debug:159 -<==    Updates: 1
2020-10-29 23:34:06.699 DEBUG [http-nio-8080-exec-2]com.tqk.blog.mapper.BlUserMapper.updateInfo.debug:159 -==>  Preparing: update bl_user SET username = ?, password = ?, name = ?, sex = ?, header = ?, nickname = ?, user_email = ? where user_id = ? 
2020-10-29 23:34:06.701 DEBUG [http-nio-8080-exec-2]com.tqk.blog.mapper.BlUserMapper.updateInfo.debug:159 -==> Parameters: tianqikai(String), 123456(String), 天气开(String), 1(Integer), 哈哈111哈(String), 一切皆文件(String), 953811508@qq.com(String), 3(Integer)
2020-10-29 23:34:06.784 DEBUG [http-nio-8080-exec-2]com.tqk.blog.mapper.BlUserMapper.updateInfo.debug:159 -<==    Updates: 1
2020-10-29 23:34:06.824 DEBUG [http-nio-8080-exec-2]com.tqk.blog.mapper.BlLogMapper.save.debug:159 -==>  Preparing: insert into bl_log( log_url, log_params, log_status, log_message, log_method, log_time, log_result, log_ip ) values ( ?, ?, ?, ?, ?, ?, ?, ? ) 
2020-10-29 23:34:06.826 DEBUG [http-nio-8080-exec-2]com.tqk.blog.mapper.BlLogMapper.save.debug:159 -==> Parameters: /user/updateInfo(String), [com.tqk.blog.pojo.BlUser@63942559](String), 1(Integer), null, PUT(String), 130(Long), {"code":20000,"msg":"修改成功！"}(String), 0:0:0:0:0:0:0:1(String)
2020-10-29 23:34:06.916 DEBUG [http-nio-8080-exec-2]com.tqk.blog.mapper.BlLogMapper.save.debug:159 -<==    Updates: 1
2020-10-29 23:40:02.873 DEBUG [http-nio-8080-exec-8]com.tqk.blog.mapper.BlUserMapper.getByPage.debug:159 -==>  Preparing: select user_id, username, name, sex, header, nickname, user_email, created_time, update_time from bl_user where deleted = 0 limit ?, ? 
2020-10-29 23:40:02.873 DEBUG [http-nio-8080-exec-8]com.tqk.blog.mapper.BlUserMapper.getByPage.debug:159 -==> Parameters: 0(Integer), 20(Integer)
2020-10-29 23:40:02.911 DEBUG [http-nio-8080-exec-8]com.tqk.blog.mapper.BlUserMapper.getByPage.debug:159 -<==      Total: 1
2020-10-29 23:40:02.950 DEBUG [http-nio-8080-exec-8]com.tqk.blog.mapper.BlUserMapper.getCountByPage.debug:159 -==>  Preparing: select count(*) from bl_user where deleted = 0 
2020-10-29 23:40:02.951 DEBUG [http-nio-8080-exec-8]com.tqk.blog.mapper.BlUserMapper.getCountByPage.debug:159 -==> Parameters: 
2020-10-29 23:40:02.988 DEBUG [http-nio-8080-exec-8]com.tqk.blog.mapper.BlUserMapper.getCountByPage.debug:159 -<==      Total: 1
2020-10-29 23:40:03.040 DEBUG [http-nio-8080-exec-8]com.tqk.blog.mapper.BlLogMapper.save.debug:159 -==>  Preparing: insert into bl_log( log_url, log_params, log_status, log_message, log_method, log_time, log_result, log_ip ) values ( ?, ?, ?, ?, ?, ?, ?, ? ) 
2020-10-29 23:40:03.041 DEBUG [http-nio-8080-exec-8]com.tqk.blog.mapper.BlLogMapper.save.debug:159 -==> Parameters: /user/getByPage(String), [Page(currentPage=1, pageSize=20, totalPage=0, totalCount=0, list=null, params={}, sortColumn=null, sortMethod=asc)](String), 1(Integer), null, POST(String), 161(Long), {"code":20000,"data":{"currentPage":1,"index":0,"list":[{"createdTime":1603955993000,"header":"哈哈哈","name":"天气开","nickname":"一切皆文件","sex":1,"updateTime":1603955993000,"userEmail":"953811508@qq.com","userId":4,"username":"田起凯"}],"pageSize":20,"params":{},"sortMethod":"asc","totalCount":1,"totalPage":1},"msg":"操作成功！"}(String), 0:0:0:0:0:0:0:1(String)
2020-10-29 23:40:03.124 DEBUG [http-nio-8080-exec-8]com.tqk.blog.mapper.BlLogMapper.save.debug:159 -<==    Updates: 1
