2020-12-07 22:39:36.257 INFO  [main]com.tqk.blog.BlogApplication.logStarting:55 -Starting BlogApplication on WIN-LFFH2UEU8RH with PID 5968 (D:\javaweb\blog\target\classes started by Administrator in D:\javaweb\blog)
2020-12-07 22:39:36.269 INFO  [main]com.tqk.blog.BlogApplication.logStartupProfileInfo:655 -The following profiles are active: dev
2020-12-07 22:39:37.500 INFO  [main]o.s.c.s.PostProcessorRegistrationDelegate$BeanPostProcessorChecker.postProcessAfterInitialization:330 -Bean 'org.springframework.transaction.annotation.ProxyTransactionManagementConfiguration' of type [org.springframework.transaction.annotation.ProxyTransactionManagementConfiguration] is not eligible for getting processed by all BeanPostProcessors (for example: not eligible for auto-proxying)
2020-12-07 22:39:37.639 INFO  [main]o.s.c.s.PostProcessorRegistrationDelegate$BeanPostProcessorChecker.postProcessAfterInitialization:330 -Bean 'shiroConfig' of type [com.tqk.blog.config.ShiroConfig$$EnhancerBySpringCGLIB$$920db46d] is not eligible for getting processed by all BeanPostProcessors (for example: not eligible for auto-proxying)
2020-12-07 22:39:37.685 INFO  [main]o.s.c.s.PostProcessorRegistrationDelegate$BeanPostProcessorChecker.postProcessAfterInitialization:330 -Bean 'mybatis-tk.mybatis.mapper.autoconfigure.MybatisProperties' of type [tk.mybatis.mapper.autoconfigure.MybatisProperties] is not eligible for getting processed by all BeanPostProcessors (for example: not eligible for auto-proxying)
2020-12-07 22:39:37.699 INFO  [main]o.s.c.s.PostProcessorRegistrationDelegate$BeanPostProcessorChecker.postProcessAfterInitialization:330 -Bean 'tk.mybatis.mapper.autoconfigure.MapperAutoConfiguration' of type [tk.mybatis.mapper.autoconfigure.MapperAutoConfiguration$$EnhancerBySpringCGLIB$$db0b379b] is not eligible for getting processed by all BeanPostProcessors (for example: not eligible for auto-proxying)
2020-12-07 22:39:37.704 INFO  [main]o.s.c.s.PostProcessorRegistrationDelegate$BeanPostProcessorChecker.postProcessAfterInitialization:330 -Bean 'com.alibaba.druid.spring.boot.autoconfigure.DruidDataSourceAutoConfigure' of type [com.alibaba.druid.spring.boot.autoconfigure.DruidDataSourceAutoConfigure$$EnhancerBySpringCGLIB$$3ec68574] is not eligible for getting processed by all BeanPostProcessors (for example: not eligible for auto-proxying)
2020-12-07 22:39:37.709 INFO  [main]c.a.d.s.boot.autoconfigure.DruidDataSourceAutoConfigure.dataSource:56 -Init DruidDataSource
2020-12-07 22:39:37.781 INFO  [main]o.s.c.s.PostProcessorRegistrationDelegate$BeanPostProcessorChecker.postProcessAfterInitialization:330 -Bean 'spring.datasource-org.springframework.boot.autoconfigure.jdbc.DataSourceProperties' of type [org.springframework.boot.autoconfigure.jdbc.DataSourceProperties] is not eligible for getting processed by all BeanPostProcessors (for example: not eligible for auto-proxying)
2020-12-07 22:39:37.805 INFO  [main]o.s.c.s.PostProcessorRegistrationDelegate$BeanPostProcessorChecker.postProcessAfterInitialization:330 -Bean 'com.alibaba.druid.spring.boot.autoconfigure.stat.DruidFilterConfiguration' of type [com.alibaba.druid.spring.boot.autoconfigure.stat.DruidFilterConfiguration] is not eligible for getting processed by all BeanPostProcessors (for example: not eligible for auto-proxying)
2020-12-07 22:39:37.832 INFO  [main]o.s.c.s.PostProcessorRegistrationDelegate$BeanPostProcessorChecker.postProcessAfterInitialization:330 -Bean 'statFilter' of type [com.alibaba.druid.filter.stat.StatFilter] is not eligible for getting processed by all BeanPostProcessors (for example: not eligible for auto-proxying)
2020-12-07 22:39:40.509 INFO  [main]com.alibaba.druid.pool.DruidDataSource.init:930 -{dataSource-1} inited
2020-12-07 22:39:40.510 INFO  [main]o.s.c.s.PostProcessorRegistrationDelegate$BeanPostProcessorChecker.postProcessAfterInitialization:330 -Bean 'dataSource' of type [com.alibaba.druid.spring.boot.autoconfigure.DruidDataSourceWrapper] is not eligible for getting processed by all BeanPostProcessors (for example: not eligible for auto-proxying)
2020-12-07 22:39:40.602 INFO  [main]o.s.c.s.PostProcessorRegistrationDelegate$BeanPostProcessorChecker.postProcessAfterInitialization:330 -Bean 'org.springframework.boot.autoconfigure.jdbc.DataSourceInitializerInvoker' of type [org.springframework.boot.autoconfigure.jdbc.DataSourceInitializerInvoker] is not eligible for getting processed by all BeanPostProcessors (for example: not eligible for auto-proxying)
2020-12-07 22:39:40.944 INFO  [main]o.s.c.s.PostProcessorRegistrationDelegate$BeanPostProcessorChecker.postProcessAfterInitialization:330 -Bean 'sqlSessionFactory' of type [org.apache.ibatis.session.defaults.DefaultSqlSessionFactory] is not eligible for getting processed by all BeanPostProcessors (for example: not eligible for auto-proxying)
2020-12-07 22:39:40.953 INFO  [main]o.s.c.s.PostProcessorRegistrationDelegate$BeanPostProcessorChecker.postProcessAfterInitialization:330 -Bean 'sqlSessionTemplate' of type [org.mybatis.spring.SqlSessionTemplate] is not eligible for getting processed by all BeanPostProcessors (for example: not eligible for auto-proxying)
2020-12-07 22:39:41.027 INFO  [main]o.s.c.s.PostProcessorRegistrationDelegate$BeanPostProcessorChecker.postProcessAfterInitialization:330 -Bean 'blAdminMapper' of type [tk.mybatis.spring.mapper.MapperFactoryBean] is not eligible for getting processed by all BeanPostProcessors (for example: not eligible for auto-proxying)
2020-12-07 22:39:41.035 INFO  [main]o.s.c.s.PostProcessorRegistrationDelegate$BeanPostProcessorChecker.postProcessAfterInitialization:330 -Bean 'blAdminMapper' of type [com.sun.proxy.$Proxy86] is not eligible for getting processed by all BeanPostProcessors (for example: not eligible for auto-proxying)
2020-12-07 22:39:41.073 INFO  [main]o.s.c.s.PostProcessorRegistrationDelegate$BeanPostProcessorChecker.postProcessAfterInitialization:330 -Bean 'adminServiceImpl' of type [com.tqk.blog.service.impl.AdminServiceImpl] is not eligible for getting processed by all BeanPostProcessors (for example: not eligible for auto-proxying)
2020-12-07 22:39:41.075 INFO  [main]o.s.c.s.PostProcessorRegistrationDelegate$BeanPostProcessorChecker.postProcessAfterInitialization:330 -Bean 'adminRealm' of type [com.tqk.blog.realm.AdminRealm] is not eligible for getting processed by all BeanPostProcessors (for example: not eligible for auto-proxying)
2020-12-07 22:39:41.551 INFO  [main]o.s.c.s.PostProcessorRegistrationDelegate$BeanPostProcessorChecker.postProcessAfterInitialization:330 -Bean 'securityManager' of type [org.apache.shiro.web.mgt.DefaultWebSecurityManager] is not eligible for getting processed by all BeanPostProcessors (for example: not eligible for auto-proxying)
2020-12-07 22:39:41.593 INFO  [main]o.s.c.s.PostProcessorRegistrationDelegate$BeanPostProcessorChecker.postProcessAfterInitialization:330 -Bean 'authorizationAttributeSourceAdvisor' of type [org.apache.shiro.spring.security.interceptor.AuthorizationAttributeSourceAdvisor] is not eligible for getting processed by all BeanPostProcessors (for example: not eligible for auto-proxying)
2020-12-07 22:39:41.951 INFO  [main]o.s.boot.web.embedded.tomcat.TomcatWebServer.initialize:92 -Tomcat initialized with port(s): 8899 (http)
2020-12-07 22:39:41.962 INFO  [main]org.apache.coyote.http11.Http11NioProtocol.log:173 -Initializing ProtocolHandler ["http-nio-8899"]
2020-12-07 22:39:41.962 INFO  [main]org.apache.catalina.core.StandardService.log:173 -Starting service [Tomcat]
2020-12-07 22:39:41.963 INFO  [main]org.apache.catalina.core.StandardEngine.log:173 -Starting Servlet engine: [Apache Tomcat/9.0.29]
2020-12-07 22:39:42.079 INFO  [main]o.a.catalina.core.ContainerBase.[Tomcat].[localhost].[/].log:173 -Initializing Spring embedded WebApplicationContext
2020-12-07 22:39:42.080 INFO  [main]org.springframework.web.context.ContextLoader.prepareWebApplicationContext:284 -Root WebApplicationContext: initialization completed in 5746 ms
2020-12-07 22:39:43.165 INFO  [main]o.s.scheduling.concurrent.ThreadPoolTaskExecutor.initialize:171 -Initializing ExecutorService 'applicationTaskExecutor'
2020-12-07 22:39:43.645 INFO  [main]org.apache.coyote.http11.Http11NioProtocol.log:173 -Starting ProtocolHandler ["http-nio-8899"]
2020-12-07 22:39:43.672 INFO  [main]o.s.boot.web.embedded.tomcat.TomcatWebServer.start:204 -Tomcat started on port(s): 8899 (http) with context path ''
2020-12-07 22:39:43.676 INFO  [main]com.tqk.blog.BlogApplication.logStarted:61 -Started BlogApplication in 8.121 seconds (JVM running for 8.716)
2020-12-07 22:44:33.981 INFO  [http-nio-8899-exec-1]o.a.catalina.core.ContainerBase.[Tomcat].[localhost].[/].log:173 -Initializing Spring DispatcherServlet 'dispatcherServlet'
2020-12-07 22:44:33.982 INFO  [http-nio-8899-exec-1]org.springframework.web.servlet.DispatcherServlet.initServletBean:525 -Initializing Servlet 'dispatcherServlet'
2020-12-07 22:44:33.996 INFO  [http-nio-8899-exec-1]org.springframework.web.servlet.DispatcherServlet.initServletBean:547 -Completed initialization in 14 ms
2020-12-07 22:44:34.122 INFO  [http-nio-8899-exec-1]com.tqk.blog.aspect.RequestAspect.printRequestLog:115 -请求地址 : /BlAdmin/login
2020-12-07 22:44:34.124 INFO  [http-nio-8899-exec-1]com.tqk.blog.aspect.RequestAspect.printRequestLog:116 -请求方式 : POST
2020-12-07 22:44:34.127 INFO  [http-nio-8899-exec-1]com.tqk.blog.aspect.RequestAspect.printRequestLog:119 -IP : 192.168.101.29
2020-12-07 22:44:34.128 INFO  [http-nio-8899-exec-1]com.tqk.blog.aspect.RequestAspect.printRequestLog:121 -方法 : com.tqk.blog.controller.AdminController.login
2020-12-07 22:44:34.128 INFO  [http-nio-8899-exec-1]com.tqk.blog.aspect.RequestAspect.printRequestLog:123 -请求参数：[com.tqk.blog.pojo.BlAdmin@3e129a6a]
2020-12-07 22:44:34.136 INFO  [http-nio-8899-exec-1]com.tqk.blog.controller.AdminController.login:40 -com.tqk.blog.pojo.BlAdmin@3e129a6a
2020-12-07 22:44:34.333 INFO  [http-nio-8899-exec-1]com.tqk.blog.aspect.RequestAspect.doAround:67 -耗时 : 212
2020-12-07 22:44:34.432 INFO  [http-nio-8899-exec-1]com.tqk.blog.aspect.RequestAspect.doAfterReturning:81 -返回值：{"code":20000,"data":{"token":"EA6318D90FC39B39DAD4A926F0A8EB88"},"msg":"操作成功！"}
2020-12-07 22:44:34.728 INFO  [http-nio-8899-exec-2]com.tqk.blog.aspect.RequestAspect.printRequestLog:115 -请求地址 : /BlAdmin/info
2020-12-07 22:44:34.729 INFO  [http-nio-8899-exec-2]com.tqk.blog.aspect.RequestAspect.printRequestLog:116 -请求方式 : GET
2020-12-07 22:44:34.729 INFO  [http-nio-8899-exec-2]com.tqk.blog.aspect.RequestAspect.printRequestLog:119 -IP : 192.168.101.29
2020-12-07 22:44:34.729 INFO  [http-nio-8899-exec-2]com.tqk.blog.aspect.RequestAspect.printRequestLog:121 -方法 : com.tqk.blog.controller.AdminController.getLoginInfo
2020-12-07 22:44:34.730 INFO  [http-nio-8899-exec-2]com.tqk.blog.aspect.RequestAspect.printRequestLog:123 -请求参数：[]
2020-12-07 22:44:34.730 INFO  [http-nio-8899-exec-2]com.tqk.blog.aspect.RequestAspect.doAround:67 -耗时 : 2
2020-12-07 22:44:34.736 INFO  [http-nio-8899-exec-2]com.tqk.blog.aspect.RequestAspect.doAfterReturning:81 -返回值：{"code":20000,"data":{"name":"田起凯","password":"","signature":"hold on","username":"admin"},"msg":"操作成功！"}
2020-12-07 22:44:35.040 INFO  [http-nio-8899-exec-3]com.tqk.blog.aspect.RequestAspect.printRequestLog:115 -请求地址 : /type/getList
2020-12-07 22:44:35.040 INFO  [http-nio-8899-exec-3]com.tqk.blog.aspect.RequestAspect.printRequestLog:116 -请求方式 : GET
2020-12-07 22:44:35.041 INFO  [http-nio-8899-exec-3]com.tqk.blog.aspect.RequestAspect.printRequestLog:119 -IP : 192.168.101.29
2020-12-07 22:44:35.041 INFO  [http-nio-8899-exec-3]com.tqk.blog.aspect.RequestAspect.printRequestLog:121 -方法 : com.tqk.blog.controller.TypeController.getList
2020-12-07 22:44:35.041 INFO  [http-nio-8899-exec-3]com.tqk.blog.aspect.RequestAspect.printRequestLog:123 -请求参数：[]
2020-12-07 22:44:35.214 INFO  [http-nio-8899-exec-3]com.tqk.blog.aspect.RequestAspect.doAround:67 -耗时 : 174
2020-12-07 22:44:35.224 INFO  [http-nio-8899-exec-3]com.tqk.blog.aspect.RequestAspect.doAfterReturning:81 -返回值：{"code":20000,"data":[{"deleted":0,"enable":1,"typeBlogCount":105,"typeId":1,"typeName":"Java"},{"deleted":0,"enable":1,"typeBlogCount":0,"typeId":3,"typeName":"Python"},{"deleted":0,"enable":1,"typeBlogCount":0,"typeId":6,"typeName":"going"},{"deleted":0,"enable":1,"typeBlogCount":0,"typeId":7,"typeName":"Spring"}],"msg":"操作成功！"}
2020-12-07 22:44:37.384 INFO  [http-nio-8899-exec-4]com.tqk.blog.aspect.RequestAspect.printRequestLog:115 -请求地址 : /type/listBack
2020-12-07 22:44:37.385 INFO  [http-nio-8899-exec-4]com.tqk.blog.aspect.RequestAspect.printRequestLog:116 -请求方式 : GET
2020-12-07 22:44:37.385 INFO  [http-nio-8899-exec-4]com.tqk.blog.aspect.RequestAspect.printRequestLog:119 -IP : 192.168.101.29
2020-12-07 22:44:37.385 INFO  [http-nio-8899-exec-4]com.tqk.blog.aspect.RequestAspect.printRequestLog:121 -方法 : com.tqk.blog.controller.TypeController.list
2020-12-07 22:44:37.386 INFO  [http-nio-8899-exec-4]com.tqk.blog.aspect.RequestAspect.printRequestLog:123 -请求参数：[]
2020-12-07 22:44:37.569 INFO  [http-nio-8899-exec-4]com.tqk.blog.aspect.RequestAspect.doAround:67 -耗时 : 185
2020-12-07 22:44:37.571 INFO  [http-nio-8899-exec-4]com.tqk.blog.aspect.RequestAspect.doAfterReturning:81 -返回值：{"code":20000,"data":[{"deleted":0,"enable":1,"typeBlogCount":105,"typeId":1,"typeName":"Java"},{"deleted":0,"enable":1,"typeBlogCount":0,"typeId":3,"typeName":"Python"},{"deleted":0,"enable":1,"typeBlogCount":0,"typeId":6,"typeName":"going"},{"deleted":0,"enable":1,"typeBlogCount":0,"typeId":7,"typeName":"Spring"}],"msg":"操作成功！"}
2020-12-07 22:45:07.368 INFO  [http-nio-8899-exec-5]com.tqk.blog.aspect.RequestAspect.printRequestLog:115 -请求地址 : /type/save
2020-12-07 22:45:07.369 INFO  [http-nio-8899-exec-5]com.tqk.blog.aspect.RequestAspect.printRequestLog:116 -请求方式 : POST
2020-12-07 22:45:07.369 INFO  [http-nio-8899-exec-5]com.tqk.blog.aspect.RequestAspect.printRequestLog:119 -IP : 192.168.101.29
2020-12-07 22:45:07.370 INFO  [http-nio-8899-exec-5]com.tqk.blog.aspect.RequestAspect.printRequestLog:121 -方法 : com.tqk.blog.controller.TypeController.save
2020-12-07 22:45:07.370 INFO  [http-nio-8899-exec-5]com.tqk.blog.aspect.RequestAspect.printRequestLog:123 -请求参数：[com.tqk.blog.pojo.BlType@21fadc6b]
2020-12-07 22:45:07.589 INFO  [http-nio-8899-exec-5]com.tqk.blog.aspect.RequestAspect.doAround:67 -耗时 : 221
2020-12-07 22:45:07.590 INFO  [http-nio-8899-exec-5]com.tqk.blog.aspect.RequestAspect.doAfterReturning:81 -返回值：{"code":20000,"msg":"添加成功！"}
2020-12-07 22:45:22.722 INFO  [http-nio-8899-exec-6]com.tqk.blog.aspect.RequestAspect.printRequestLog:115 -请求地址 : /blog/getByPage
2020-12-07 22:45:22.724 INFO  [http-nio-8899-exec-6]com.tqk.blog.aspect.RequestAspect.printRequestLog:116 -请求方式 : POST
2020-12-07 22:45:22.725 INFO  [http-nio-8899-exec-6]com.tqk.blog.aspect.RequestAspect.printRequestLog:119 -IP : 192.168.101.29
2020-12-07 22:45:22.725 INFO  [http-nio-8899-exec-6]com.tqk.blog.aspect.RequestAspect.printRequestLog:121 -方法 : com.tqk.blog.controller.BlogController.getByPage
2020-12-07 22:45:22.726 INFO  [http-nio-8899-exec-6]com.tqk.blog.aspect.RequestAspect.printRequestLog:123 -请求参数：[Page(currentPage=1, pageSize=10, totalPage=0, totalCount=0, list=[], params={}, sortColumn=null, sortMethod=asc)]
2020-12-07 22:45:22.992 INFO  [http-nio-8899-exec-6]com.tqk.blog.aspect.RequestAspect.doAround:67 -耗时 : 270
2020-12-07 22:45:23.012 INFO  [http-nio-8899-exec-6]com.tqk.blog.aspect.RequestAspect.doAfterReturning:81 -返回值：{"code":20000,"data":{"currentPage":1,"index":0,"list":[{"blogCollection":0,"blogComment":0,"blogGoods":0,"blogId":"1324038097171820544","blogImage":"Java","blogRead":0,"blogRemark":"BeanUtils它提供了对java反射和自省API的包装。它里面还有很多工具类，这里我们介绍一下copyProperties。","blogSource":"百度","blogTitle":"BeanUtils.copyProperties的用法","createdTime":"2020-11-04 17:17:33","typeName":"Java","updateTime":"2020-11-22 13:04:15"},{"blogCollection":0,"blogComment":0,"blogGoods":0,"blogId":"1330877080455553024","blogRead":0,"blogRemark":"MySQL","blogTitle":"面试官不讲武德问我：为什么MySQL不建议使用delete删除数据？","createdTime":"2020-11-23 14:13:16","typeName":"Java","updateTime":"2020-11-23 14:23:06"},{"blogCollection":0,"blogComment":0,"blogGoods":0,"blogId":"1330879440221315072","blogRead":0,"blogRemark":"面试必备","blogTitle":"Java岗四面字节跳动成功之前，我都刷了那些面试题以及做了那些准备！","createdTime":"2020-11-23 14:22:39","typeName":"Java","updateTime":"2020-11-23 14:22:39"}],"pageSize":10,"params":{},"sortMethod":"asc","totalCount":3,"totalPage":1},"msg":"操作成功！"}
2020-12-07 22:45:23.303 INFO  [http-nio-8899-exec-7]com.tqk.blog.aspect.RequestAspect.printRequestLog:115 -请求地址 : /type/listBack
2020-12-07 22:45:23.304 INFO  [http-nio-8899-exec-7]com.tqk.blog.aspect.RequestAspect.printRequestLog:116 -请求方式 : GET
2020-12-07 22:45:23.305 INFO  [http-nio-8899-exec-7]com.tqk.blog.aspect.RequestAspect.printRequestLog:119 -IP : 192.168.101.29
2020-12-07 22:45:23.306 INFO  [http-nio-8899-exec-7]com.tqk.blog.aspect.RequestAspect.printRequestLog:121 -方法 : com.tqk.blog.controller.TypeController.list
2020-12-07 22:45:23.306 INFO  [http-nio-8899-exec-7]com.tqk.blog.aspect.RequestAspect.printRequestLog:123 -请求参数：[]
2020-12-07 22:45:23.389 INFO  [http-nio-8899-exec-7]com.tqk.blog.aspect.RequestAspect.doAround:67 -耗时 : 86
2020-12-07 22:45:23.389 INFO  [http-nio-8899-exec-7]com.tqk.blog.aspect.RequestAspect.doAfterReturning:81 -返回值：{"code":20000,"data":[{"deleted":0,"enable":1,"typeBlogCount":105,"typeId":1,"typeName":"Java"},{"deleted":0,"enable":1,"typeBlogCount":0,"typeId":3,"typeName":"Python"},{"deleted":0,"enable":1,"typeBlogCount":0,"typeId":6,"typeName":"going"},{"deleted":0,"enable":1,"typeBlogCount":0,"typeId":7,"typeName":"Spring"},{"deleted":0,"enable":1,"typeBlogCount":0,"typeId":8,"typeName":"nginx"}],"msg":"操作成功！"}
2020-12-07 22:45:42.224 INFO  [http-nio-8899-exec-8]com.tqk.blog.aspect.RequestAspect.printRequestLog:115 -请求地址 : /type/get/8
2020-12-07 22:45:42.225 INFO  [http-nio-8899-exec-8]com.tqk.blog.aspect.RequestAspect.printRequestLog:116 -请求方式 : GET
2020-12-07 22:45:42.226 INFO  [http-nio-8899-exec-8]com.tqk.blog.aspect.RequestAspect.printRequestLog:119 -IP : 192.168.101.29
2020-12-07 22:45:42.226 INFO  [http-nio-8899-exec-8]com.tqk.blog.aspect.RequestAspect.printRequestLog:121 -方法 : com.tqk.blog.controller.TypeController.getById
2020-12-07 22:45:42.227 INFO  [http-nio-8899-exec-8]com.tqk.blog.aspect.RequestAspect.printRequestLog:123 -请求参数：[8]
2020-12-07 22:45:42.310 INFO  [http-nio-8899-exec-8]com.tqk.blog.aspect.RequestAspect.doAround:67 -耗时 : 86
2020-12-07 22:45:42.311 INFO  [http-nio-8899-exec-8]com.tqk.blog.aspect.RequestAspect.doAfterReturning:81 -返回值：{"code":20000,"data":{"deleted":0,"enable":1,"typeBlogCount":0,"typeId":8,"typeName":"nginx"},"msg":"操作成功！"}
2020-12-07 22:46:14.055 INFO  [http-nio-8899-exec-9]com.tqk.blog.aspect.RequestAspect.printRequestLog:115 -请求地址 : /type/save
2020-12-07 22:46:14.056 INFO  [http-nio-8899-exec-9]com.tqk.blog.aspect.RequestAspect.printRequestLog:116 -请求方式 : POST
2020-12-07 22:46:14.057 INFO  [http-nio-8899-exec-9]com.tqk.blog.aspect.RequestAspect.printRequestLog:119 -IP : 192.168.101.29
2020-12-07 22:46:14.058 INFO  [http-nio-8899-exec-9]com.tqk.blog.aspect.RequestAspect.printRequestLog:121 -方法 : com.tqk.blog.controller.TypeController.save
2020-12-07 22:46:14.059 INFO  [http-nio-8899-exec-9]com.tqk.blog.aspect.RequestAspect.printRequestLog:123 -请求参数：[com.tqk.blog.pojo.BlType@21500b11]
2020-12-07 22:46:14.274 INFO  [http-nio-8899-exec-9]com.tqk.blog.aspect.RequestAspect.doAround:67 -耗时 : 219
2020-12-07 22:46:14.275 INFO  [http-nio-8899-exec-9]com.tqk.blog.aspect.RequestAspect.doAfterReturning:81 -返回值：{"code":20000,"msg":"添加成功！"}
2020-12-07 22:46:29.721 INFO  [http-nio-8899-exec-10]com.tqk.blog.aspect.RequestAspect.printRequestLog:115 -请求地址 : /BlAdmin/info
2020-12-07 22:46:29.723 INFO  [http-nio-8899-exec-10]com.tqk.blog.aspect.RequestAspect.printRequestLog:116 -请求方式 : GET
2020-12-07 22:46:29.723 INFO  [http-nio-8899-exec-10]com.tqk.blog.aspect.RequestAspect.printRequestLog:119 -IP : 192.168.101.29
2020-12-07 22:46:29.724 INFO  [http-nio-8899-exec-10]com.tqk.blog.aspect.RequestAspect.printRequestLog:121 -方法 : com.tqk.blog.controller.AdminController.getLoginInfo
2020-12-07 22:46:29.725 INFO  [http-nio-8899-exec-10]com.tqk.blog.aspect.RequestAspect.printRequestLog:123 -请求参数：[]
2020-12-07 22:46:29.725 INFO  [http-nio-8899-exec-10]com.tqk.blog.aspect.RequestAspect.doAround:67 -耗时 : 4
2020-12-07 22:46:29.727 INFO  [http-nio-8899-exec-10]com.tqk.blog.aspect.RequestAspect.doAfterReturning:81 -返回值：{"code":20000,"data":{"name":"田起凯","password":"","signature":"hold on","username":"admin"},"msg":"操作成功！"}
2020-12-07 22:46:30.020 INFO  [http-nio-8899-exec-2]com.tqk.blog.aspect.RequestAspect.printRequestLog:115 -请求地址 : /type/listBack
2020-12-07 22:46:30.021 INFO  [http-nio-8899-exec-2]com.tqk.blog.aspect.RequestAspect.printRequestLog:116 -请求方式 : GET
2020-12-07 22:46:30.021 INFO  [http-nio-8899-exec-2]com.tqk.blog.aspect.RequestAspect.printRequestLog:119 -IP : 192.168.101.29
2020-12-07 22:46:30.021 INFO  [http-nio-8899-exec-2]com.tqk.blog.aspect.RequestAspect.printRequestLog:121 -方法 : com.tqk.blog.controller.TypeController.list
2020-12-07 22:46:30.021 INFO  [http-nio-8899-exec-1]com.tqk.blog.aspect.RequestAspect.printRequestLog:115 -请求地址 : /type/getList
2020-12-07 22:46:30.022 INFO  [http-nio-8899-exec-2]com.tqk.blog.aspect.RequestAspect.printRequestLog:123 -请求参数：[]
2020-12-07 22:46:30.022 INFO  [http-nio-8899-exec-1]com.tqk.blog.aspect.RequestAspect.printRequestLog:116 -请求方式 : GET
2020-12-07 22:46:30.022 INFO  [http-nio-8899-exec-1]com.tqk.blog.aspect.RequestAspect.printRequestLog:119 -IP : 192.168.101.29
2020-12-07 22:46:30.022 INFO  [http-nio-8899-exec-1]com.tqk.blog.aspect.RequestAspect.printRequestLog:121 -方法 : com.tqk.blog.controller.TypeController.getList
2020-12-07 22:46:30.023 INFO  [http-nio-8899-exec-1]com.tqk.blog.aspect.RequestAspect.printRequestLog:123 -请求参数：[]
2020-12-07 22:46:30.104 INFO  [http-nio-8899-exec-2]com.tqk.blog.aspect.RequestAspect.doAround:67 -耗时 : 84
2020-12-07 22:46:30.105 INFO  [http-nio-8899-exec-2]com.tqk.blog.aspect.RequestAspect.doAfterReturning:81 -返回值：{"code":20000,"data":[{"deleted":0,"enable":1,"typeBlogCount":105,"typeId":1,"typeName":"Java"},{"deleted":0,"enable":1,"typeBlogCount":0,"typeId":3,"typeName":"Python"},{"deleted":0,"enable":1,"typeBlogCount":0,"typeId":6,"typeName":"going"},{"deleted":0,"enable":1,"typeBlogCount":0,"typeId":7,"typeName":"Spring"},{"deleted":0,"enable":1,"typeBlogCount":0,"typeId":8,"typeName":"nginx"},{"deleted":0,"enable":1,"typeBlogCount":0,"typeId":9,"typeName":"Redis"}],"msg":"操作成功！"}
2020-12-07 22:46:30.109 INFO  [http-nio-8899-exec-1]com.tqk.blog.aspect.RequestAspect.doAround:67 -耗时 : 88
2020-12-07 22:46:30.109 INFO  [http-nio-8899-exec-1]com.tqk.blog.aspect.RequestAspect.doAfterReturning:81 -返回值：{"code":20000,"data":[{"deleted":0,"enable":1,"typeBlogCount":105,"typeId":1,"typeName":"Java"},{"deleted":0,"enable":1,"typeBlogCount":0,"typeId":3,"typeName":"Python"},{"deleted":0,"enable":1,"typeBlogCount":0,"typeId":6,"typeName":"going"},{"deleted":0,"enable":1,"typeBlogCount":0,"typeId":7,"typeName":"Spring"},{"deleted":0,"enable":1,"typeBlogCount":0,"typeId":8,"typeName":"nginx"},{"deleted":0,"enable":1,"typeBlogCount":0,"typeId":9,"typeName":"Redis"}],"msg":"操作成功！"}
2020-12-07 22:55:26.239 INFO  [http-nio-8899-exec-3]com.tqk.blog.aspect.RequestAspect.printRequestLog:115 -请求地址 : /type/listBack
2020-12-07 22:55:26.240 INFO  [http-nio-8899-exec-3]com.tqk.blog.aspect.RequestAspect.printRequestLog:116 -请求方式 : GET
2020-12-07 22:55:26.240 INFO  [http-nio-8899-exec-3]com.tqk.blog.aspect.RequestAspect.printRequestLog:119 -IP : 192.168.101.29
2020-12-07 22:55:26.241 INFO  [http-nio-8899-exec-3]com.tqk.blog.aspect.RequestAspect.printRequestLog:121 -方法 : com.tqk.blog.controller.TypeController.list
2020-12-07 22:55:26.241 INFO  [http-nio-8899-exec-3]com.tqk.blog.aspect.RequestAspect.printRequestLog:123 -请求参数：[]
2020-12-07 22:55:26.329 INFO  [http-nio-8899-exec-3]com.tqk.blog.aspect.RequestAspect.doAround:67 -耗时 : 90
2020-12-07 22:55:26.330 INFO  [http-nio-8899-exec-3]com.tqk.blog.aspect.RequestAspect.doAfterReturning:81 -返回值：{"code":20000,"data":[{"deleted":0,"enable":1,"typeBlogCount":105,"typeId":1,"typeName":"Java"},{"deleted":0,"enable":1,"typeBlogCount":0,"typeId":3,"typeName":"Python"},{"deleted":0,"enable":1,"typeBlogCount":0,"typeId":6,"typeName":"going"},{"deleted":0,"enable":1,"typeBlogCount":0,"typeId":7,"typeName":"Spring"},{"deleted":0,"enable":1,"typeBlogCount":0,"typeId":8,"typeName":"nginx"},{"deleted":0,"enable":1,"typeBlogCount":0,"typeId":9,"typeName":"Redis"}],"msg":"操作成功！"}
2020-12-07 22:56:20.249 INFO  [http-nio-8899-exec-4]com.tqk.blog.aspect.RequestAspect.printRequestLog:115 -请求地址 : /BlAdmin/info
2020-12-07 22:56:20.251 INFO  [http-nio-8899-exec-4]com.tqk.blog.aspect.RequestAspect.printRequestLog:116 -请求方式 : GET
2020-12-07 22:56:20.252 INFO  [http-nio-8899-exec-4]com.tqk.blog.aspect.RequestAspect.printRequestLog:119 -IP : 192.168.101.29
2020-12-07 22:56:20.252 INFO  [http-nio-8899-exec-4]com.tqk.blog.aspect.RequestAspect.printRequestLog:121 -方法 : com.tqk.blog.controller.AdminController.getLoginInfo
2020-12-07 22:56:20.253 INFO  [http-nio-8899-exec-4]com.tqk.blog.aspect.RequestAspect.printRequestLog:123 -请求参数：[]
2020-12-07 22:56:20.254 INFO  [http-nio-8899-exec-4]com.tqk.blog.aspect.RequestAspect.doAround:67 -耗时 : 5
2020-12-07 22:56:20.255 INFO  [http-nio-8899-exec-4]com.tqk.blog.aspect.RequestAspect.doAfterReturning:81 -返回值：{"code":20000,"data":{"name":"田起凯","password":"","signature":"hold on","username":"admin"},"msg":"操作成功！"}
2020-12-07 22:56:20.597 INFO  [http-nio-8899-exec-6]com.tqk.blog.aspect.RequestAspect.printRequestLog:115 -请求地址 : /type/listBack
2020-12-07 22:56:20.597 INFO  [http-nio-8899-exec-6]com.tqk.blog.aspect.RequestAspect.printRequestLog:116 -请求方式 : GET
2020-12-07 22:56:20.598 INFO  [http-nio-8899-exec-6]com.tqk.blog.aspect.RequestAspect.printRequestLog:119 -IP : 192.168.101.29
2020-12-07 22:56:20.598 INFO  [http-nio-8899-exec-5]com.tqk.blog.aspect.RequestAspect.printRequestLog:115 -请求地址 : /type/getList
2020-12-07 22:56:20.598 INFO  [http-nio-8899-exec-6]com.tqk.blog.aspect.RequestAspect.printRequestLog:121 -方法 : com.tqk.blog.controller.TypeController.list
2020-12-07 22:56:20.598 INFO  [http-nio-8899-exec-5]com.tqk.blog.aspect.RequestAspect.printRequestLog:116 -请求方式 : GET
2020-12-07 22:56:20.598 INFO  [http-nio-8899-exec-6]com.tqk.blog.aspect.RequestAspect.printRequestLog:123 -请求参数：[]
2020-12-07 22:56:20.598 INFO  [http-nio-8899-exec-5]com.tqk.blog.aspect.RequestAspect.printRequestLog:119 -IP : 192.168.101.29
2020-12-07 22:56:20.599 INFO  [http-nio-8899-exec-5]com.tqk.blog.aspect.RequestAspect.printRequestLog:121 -方法 : com.tqk.blog.controller.TypeController.getList
2020-12-07 22:56:20.599 INFO  [http-nio-8899-exec-5]com.tqk.blog.aspect.RequestAspect.printRequestLog:123 -请求参数：[]
2020-12-07 22:56:20.873 INFO  [http-nio-8899-exec-5]com.tqk.blog.aspect.RequestAspect.doAround:67 -耗时 : 276
2020-12-07 22:56:20.874 INFO  [http-nio-8899-exec-6]com.tqk.blog.aspect.RequestAspect.doAround:67 -耗时 : 277
2020-12-07 22:56:20.875 INFO  [http-nio-8899-exec-5]com.tqk.blog.aspect.RequestAspect.doAfterReturning:81 -返回值：{"code":20000,"data":[{"deleted":0,"enable":1,"typeBlogCount":105,"typeId":1,"typeName":"Java"},{"deleted":0,"enable":1,"typeBlogCount":0,"typeId":3,"typeName":"Python"},{"deleted":0,"enable":1,"typeBlogCount":0,"typeId":6,"typeName":"going"},{"deleted":0,"enable":1,"typeBlogCount":0,"typeId":7,"typeName":"Spring"},{"deleted":0,"enable":1,"typeBlogCount":0,"typeId":8,"typeName":"nginx"},{"deleted":0,"enable":1,"typeBlogCount":0,"typeId":9,"typeName":"Redis"}],"msg":"操作成功！"}
2020-12-07 22:56:20.875 INFO  [http-nio-8899-exec-6]com.tqk.blog.aspect.RequestAspect.doAfterReturning:81 -返回值：{"code":20000,"data":[{"deleted":0,"enable":1,"typeBlogCount":105,"typeId":1,"typeName":"Java"},{"deleted":0,"enable":1,"typeBlogCount":0,"typeId":3,"typeName":"Python"},{"deleted":0,"enable":1,"typeBlogCount":0,"typeId":6,"typeName":"going"},{"deleted":0,"enable":1,"typeBlogCount":0,"typeId":7,"typeName":"Spring"},{"deleted":0,"enable":1,"typeBlogCount":0,"typeId":8,"typeName":"nginx"},{"deleted":0,"enable":1,"typeBlogCount":0,"typeId":9,"typeName":"Redis"}],"msg":"操作成功！"}
2020-12-07 22:56:31.161 INFO  [http-nio-8899-exec-7]com.tqk.blog.aspect.RequestAspect.printRequestLog:115 -请求地址 : /type/save
2020-12-07 22:56:31.161 INFO  [http-nio-8899-exec-7]com.tqk.blog.aspect.RequestAspect.printRequestLog:116 -请求方式 : POST
2020-12-07 22:56:31.161 INFO  [http-nio-8899-exec-7]com.tqk.blog.aspect.RequestAspect.printRequestLog:119 -IP : 192.168.101.29
2020-12-07 22:56:31.162 INFO  [http-nio-8899-exec-7]com.tqk.blog.aspect.RequestAspect.printRequestLog:121 -方法 : com.tqk.blog.controller.TypeController.save
2020-12-07 22:56:31.163 INFO  [http-nio-8899-exec-7]com.tqk.blog.aspect.RequestAspect.printRequestLog:123 -请求参数：[com.tqk.blog.pojo.BlType@148e1c98]
2020-12-07 22:56:31.376 INFO  [http-nio-8899-exec-7]com.tqk.blog.aspect.RequestAspect.doAround:67 -耗时 : 216
2020-12-07 22:56:31.376 INFO  [http-nio-8899-exec-7]com.tqk.blog.aspect.RequestAspect.doAfterReturning:81 -返回值：{"code":20000,"msg":"添加成功！"}
2020-12-07 22:56:31.535 INFO  [http-nio-8899-exec-8]com.tqk.blog.aspect.RequestAspect.printRequestLog:115 -请求地址 : /type/listBack
2020-12-07 22:56:31.536 INFO  [http-nio-8899-exec-8]com.tqk.blog.aspect.RequestAspect.printRequestLog:116 -请求方式 : GET
2020-12-07 22:56:31.536 INFO  [http-nio-8899-exec-8]com.tqk.blog.aspect.RequestAspect.printRequestLog:119 -IP : 192.168.101.29
2020-12-07 22:56:31.537 INFO  [http-nio-8899-exec-8]com.tqk.blog.aspect.RequestAspect.printRequestLog:121 -方法 : com.tqk.blog.controller.TypeController.list
2020-12-07 22:56:31.537 INFO  [http-nio-8899-exec-8]com.tqk.blog.aspect.RequestAspect.printRequestLog:123 -请求参数：[]
2020-12-07 22:56:31.621 INFO  [http-nio-8899-exec-8]com.tqk.blog.aspect.RequestAspect.doAround:67 -耗时 : 86
2020-12-07 22:56:31.622 INFO  [http-nio-8899-exec-8]com.tqk.blog.aspect.RequestAspect.doAfterReturning:81 -返回值：{"code":20000,"data":[{"deleted":0,"enable":1,"typeBlogCount":105,"typeId":1,"typeName":"Java"},{"deleted":0,"enable":1,"typeBlogCount":0,"typeId":3,"typeName":"Python"},{"deleted":0,"enable":1,"typeBlogCount":0,"typeId":6,"typeName":"going"},{"deleted":0,"enable":1,"typeBlogCount":0,"typeId":7,"typeName":"Spring"},{"deleted":0,"enable":1,"typeBlogCount":0,"typeId":8,"typeName":"nginx"},{"deleted":0,"enable":1,"typeBlogCount":0,"typeId":9,"typeName":"Redis"},{"deleted":0,"enable":1,"typeBlogCount":0,"typeId":10,"typeName":"Docker"}],"msg":"操作成功！"}
2020-12-07 22:56:38.979 INFO  [http-nio-8899-exec-9]com.tqk.blog.aspect.RequestAspect.printRequestLog:115 -请求地址 : /type/listBack
2020-12-07 22:56:38.980 INFO  [http-nio-8899-exec-9]com.tqk.blog.aspect.RequestAspect.printRequestLog:116 -请求方式 : GET
2020-12-07 22:56:38.980 INFO  [http-nio-8899-exec-9]com.tqk.blog.aspect.RequestAspect.printRequestLog:119 -IP : 192.168.101.29
2020-12-07 22:56:38.981 INFO  [http-nio-8899-exec-9]com.tqk.blog.aspect.RequestAspect.printRequestLog:121 -方法 : com.tqk.blog.controller.TypeController.list
2020-12-07 22:56:38.981 INFO  [http-nio-8899-exec-9]com.tqk.blog.aspect.RequestAspect.printRequestLog:123 -请求参数：[]
2020-12-07 22:56:39.069 INFO  [http-nio-8899-exec-9]com.tqk.blog.aspect.RequestAspect.doAround:67 -耗时 : 90
2020-12-07 22:56:39.070 INFO  [http-nio-8899-exec-9]com.tqk.blog.aspect.RequestAspect.doAfterReturning:81 -返回值：{"code":20000,"data":[{"deleted":0,"enable":1,"typeBlogCount":105,"typeId":1,"typeName":"Java"},{"deleted":0,"enable":1,"typeBlogCount":0,"typeId":3,"typeName":"Python"},{"deleted":0,"enable":1,"typeBlogCount":0,"typeId":6,"typeName":"going"},{"deleted":0,"enable":1,"typeBlogCount":0,"typeId":7,"typeName":"Spring"},{"deleted":0,"enable":1,"typeBlogCount":0,"typeId":8,"typeName":"nginx"},{"deleted":0,"enable":1,"typeBlogCount":0,"typeId":9,"typeName":"Redis"},{"deleted":0,"enable":1,"typeBlogCount":0,"typeId":10,"typeName":"Docker"}],"msg":"操作成功！"}
2020-12-07 22:56:58.779 INFO  [http-nio-8899-exec-10]com.tqk.blog.aspect.RequestAspect.printRequestLog:115 -请求地址 : /blog/getByPage
2020-12-07 22:56:58.780 INFO  [http-nio-8899-exec-10]com.tqk.blog.aspect.RequestAspect.printRequestLog:116 -请求方式 : POST
2020-12-07 22:56:58.780 INFO  [http-nio-8899-exec-10]com.tqk.blog.aspect.RequestAspect.printRequestLog:119 -IP : 192.168.101.29
2020-12-07 22:56:58.781 INFO  [http-nio-8899-exec-10]com.tqk.blog.aspect.RequestAspect.printRequestLog:121 -方法 : com.tqk.blog.controller.BlogController.getByPage
2020-12-07 22:56:58.782 INFO  [http-nio-8899-exec-10]com.tqk.blog.aspect.RequestAspect.printRequestLog:123 -请求参数：[Page(currentPage=1, pageSize=10, totalPage=0, totalCount=0, list=[], params={}, sortColumn=null, sortMethod=asc)]
2020-12-07 22:56:59.038 INFO  [http-nio-8899-exec-10]com.tqk.blog.aspect.RequestAspect.doAround:67 -耗时 : 259
2020-12-07 22:56:59.039 INFO  [http-nio-8899-exec-10]com.tqk.blog.aspect.RequestAspect.doAfterReturning:81 -返回值：{"code":20000,"data":{"currentPage":1,"index":0,"list":[{"blogCollection":0,"blogComment":0,"blogGoods":0,"blogId":"1324038097171820544","blogImage":"Java","blogRead":0,"blogRemark":"BeanUtils它提供了对java反射和自省API的包装。它里面还有很多工具类，这里我们介绍一下copyProperties。","blogSource":"百度","blogTitle":"BeanUtils.copyProperties的用法","createdTime":"2020-11-04 17:17:33","typeName":"Java","updateTime":"2020-11-22 13:04:15"},{"blogCollection":0,"blogComment":0,"blogGoods":0,"blogId":"1330877080455553024","blogRead":0,"blogRemark":"MySQL","blogTitle":"面试官不讲武德问我：为什么MySQL不建议使用delete删除数据？","createdTime":"2020-11-23 14:13:16","typeName":"Java","updateTime":"2020-11-23 14:23:06"},{"blogCollection":0,"blogComment":0,"blogGoods":0,"blogId":"1330879440221315072","blogRead":0,"blogRemark":"面试必备","blogTitle":"Java岗四面字节跳动成功之前，我都刷了那些面试题以及做了那些准备！","createdTime":"2020-11-23 14:22:39","typeName":"Java","updateTime":"2020-11-23 14:22:39"}],"pageSize":10,"params":{},"sortMethod":"asc","totalCount":3,"totalPage":1},"msg":"操作成功！"}
2020-12-07 22:57:06.451 INFO  [http-nio-8899-exec-2]com.tqk.blog.aspect.RequestAspect.printRequestLog:115 -请求地址 : /about/getByPage
2020-12-07 22:57:06.452 INFO  [http-nio-8899-exec-2]com.tqk.blog.aspect.RequestAspect.printRequestLog:116 -请求方式 : POST
2020-12-07 22:57:06.453 INFO  [http-nio-8899-exec-2]com.tqk.blog.aspect.RequestAspect.printRequestLog:119 -IP : 192.168.101.29
2020-12-07 22:57:06.453 INFO  [http-nio-8899-exec-2]com.tqk.blog.aspect.RequestAspect.printRequestLog:121 -方法 : com.tqk.blog.controller.AboutController.getByPage
2020-12-07 22:57:06.454 INFO  [http-nio-8899-exec-2]com.tqk.blog.aspect.RequestAspect.printRequestLog:123 -请求参数：[Page(currentPage=1, pageSize=10, totalPage=0, totalCount=0, list=[], params={}, sortColumn=null, sortMethod=asc)]
2020-12-07 22:57:06.645 INFO  [http-nio-8899-exec-2]com.tqk.blog.aspect.RequestAspect.doAround:67 -耗时 : 194
2020-12-07 22:57:06.658 INFO  [http-nio-8899-exec-2]com.tqk.blog.aspect.RequestAspect.doAfterReturning:81 -返回值：{"code":20000,"data":{"currentPage":1,"index":0,"list":[{"aboutContent":"<p>最近，上海、天津等地出现个别疫情，也出现了将患者或相关人士的信息在网络上泄露，影响这些人的生活的事件。还有关于清华&ldquo;学姐&rdquo;在网络上的基于误会将一个男生的信息曝光的事件，更有一些快递公司&ldquo;内鬼&rdquo;泄露大量客户的详细信息的事件。这些其实都把个人隐私的保护上所出现的问题推到了前台。一方面确实接连出现那种个人隐私被泄露的事件，另一方面这些隐私的泄露所造成的实实在在的损害在这些例子中也都有充分的展现。</p>\n<p>个人隐私的保护，既是对于个人权利的尊重，也对于社会具有重要的意义。隐私的保护对于个体来说当然是重要的，因为个人的隐私的泄露当然会对个体由多方面的伤害，让个体的正常生活受到冲击和威胁。对于社会来说，个人的隐私的保护其实也是使社会生活更加安全的重要的保障。个人的隐私受到保护，既是在法律上十分清晰的，也是在伦理上极为必要的。这其实也是一个重要的社会底线。</p>\n<p>网络和大数据的发展使得个人的信息的搜集和处理都更加便捷和迅速。社会为了更便捷地运作和有效地运转，为了公众利益和为个体更好地服务，往往更多地搜集个人的多方面的资料，个人的资料为相关的方面所掌握在社会中也是必要的。但这当然不可能是无限度无底线的，这些其实都有法律的严格规定，也有伦理的基本的原则。实际上，这些界限其实是相当明确和清晰的。</p>\n<p>现在所出现的一些情况，就是完全违反了这些基本的限定，一些人随意地把他人的隐私信息在互联网这样的无远弗届的公共空间泄露。这种泄露造成的诸如&ldquo;网暴&rdquo;&ldquo;社交死亡&rdquo;等等现象现在在社会中已经成为的相当多的存在。个人的行为的许多不需要也不应该为公众广泛了解的一些情况，在被人们在公共空间中暴露，当然会对个人形成相当的伤害，也会让一些居心不良的人所利用，同时也会对于社会中的人们基本的安全的诉求构成冲击。</p>\n<p>有些人误解了基于&ldquo;公众利益&rdquo;的对于个人的信息的适度的披露和揭隐私、揭老底一类的恶俗行为的的关系，往往把过去小社区中的街谈巷议等等直接放到了所有人的公共空间的互联网上。也有人把&ldquo;群&rdquo;还是看成小圈子，小群体，传播有限，不知道实际上这种传播只要在网上，就可以是全社会的传播。有些接触一般人难以接触的资料的人，也并不觉得泄露这些是严重的事情。这其实和一些人缺少公共空间与私人生活的界限有关，也与当下的新的技术手段造成的便捷的传播有关。这些都构成了对于隐私的保护的冲击，这种冲击没有被有效制止，侵害隐私的行为没有得到惩戒和批评，就会产生&ldquo;示范效应&rdquo;，使得这样的情况一一发不可收拾，构成对于个人和社会的严重伤害。</p>\n<p>严格对于隐私保护的相关法律的执行，对于隐私保护的伦理要求也需要受到公众和社会的更多的维护。让人们生活在一个个人的隐私不能被随便泄露的状况中，这也需要全社会的更多的努力。</p>","aboutId":"1","aboutRead":1,"aboutTitle":"“社交死亡”现象越来越多 ，该如何保护个人隐私","createdTime":1603782451000,"enable":1,"updateTime":1606199712000},{"aboutContent":"你好(*´▽｀)ノノ","aboutId":"3","aboutRead":3,"aboutTitle":"hello","createdTime":1603780570000,"enable":0,"updateTime":1603782499000}],"pageSize":10,"params":{},"sortMethod":"asc","totalCount":2,"totalPage":1},"msg":"操作成功！"}
2020-12-07 22:57:07.491 INFO  [http-nio-8899-exec-1]com.tqk.blog.aspect.RequestAspect.printRequestLog:115 -请求地址 : /type/listBack
2020-12-07 22:57:07.491 INFO  [http-nio-8899-exec-1]com.tqk.blog.aspect.RequestAspect.printRequestLog:116 -请求方式 : GET
2020-12-07 22:57:07.491 INFO  [http-nio-8899-exec-1]com.tqk.blog.aspect.RequestAspect.printRequestLog:119 -IP : 192.168.101.29
2020-12-07 22:57:07.492 INFO  [http-nio-8899-exec-1]com.tqk.blog.aspect.RequestAspect.printRequestLog:121 -方法 : com.tqk.blog.controller.TypeController.list
2020-12-07 22:57:07.492 INFO  [http-nio-8899-exec-1]com.tqk.blog.aspect.RequestAspect.printRequestLog:123 -请求参数：[]
2020-12-07 22:57:07.579 INFO  [http-nio-8899-exec-1]com.tqk.blog.aspect.RequestAspect.doAround:67 -耗时 : 88
2020-12-07 22:57:07.581 INFO  [http-nio-8899-exec-1]com.tqk.blog.aspect.RequestAspect.doAfterReturning:81 -返回值：{"code":20000,"data":[{"deleted":0,"enable":1,"typeBlogCount":105,"typeId":1,"typeName":"Java"},{"deleted":0,"enable":1,"typeBlogCount":0,"typeId":3,"typeName":"Python"},{"deleted":0,"enable":1,"typeBlogCount":0,"typeId":6,"typeName":"going"},{"deleted":0,"enable":1,"typeBlogCount":0,"typeId":7,"typeName":"Spring"},{"deleted":0,"enable":1,"typeBlogCount":0,"typeId":8,"typeName":"nginx"},{"deleted":0,"enable":1,"typeBlogCount":0,"typeId":9,"typeName":"Redis"},{"deleted":0,"enable":1,"typeBlogCount":0,"typeId":10,"typeName":"Docker"}],"msg":"操作成功！"}
2020-12-07 23:07:46.716 INFO  [http-nio-8899-exec-3]com.tqk.blog.aspect.RequestAspect.printRequestLog:115 -请求地址 : /BlAdmin/info
2020-12-07 23:07:46.717 INFO  [http-nio-8899-exec-3]com.tqk.blog.aspect.RequestAspect.printRequestLog:116 -请求方式 : GET
2020-12-07 23:07:46.717 INFO  [http-nio-8899-exec-3]com.tqk.blog.aspect.RequestAspect.printRequestLog:119 -IP : 192.168.101.29
2020-12-07 23:07:46.718 INFO  [http-nio-8899-exec-3]com.tqk.blog.aspect.RequestAspect.printRequestLog:121 -方法 : com.tqk.blog.controller.AdminController.getLoginInfo
2020-12-07 23:07:46.718 INFO  [http-nio-8899-exec-3]com.tqk.blog.aspect.RequestAspect.printRequestLog:123 -请求参数：[]
2020-12-07 23:07:46.718 INFO  [http-nio-8899-exec-3]com.tqk.blog.aspect.RequestAspect.doAround:67 -耗时 : 2
2020-12-07 23:07:46.718 INFO  [http-nio-8899-exec-3]com.tqk.blog.aspect.RequestAspect.doAfterReturning:81 -返回值：{"code":20000,"data":{"name":"田起凯","password":"","signature":"hold on","username":"admin"},"msg":"操作成功！"}
2020-12-07 23:07:47.554 INFO  [http-nio-8899-exec-4]com.tqk.blog.aspect.RequestAspect.printRequestLog:115 -请求地址 : /type/getList
2020-12-07 23:07:47.555 INFO  [http-nio-8899-exec-4]com.tqk.blog.aspect.RequestAspect.printRequestLog:116 -请求方式 : GET
2020-12-07 23:07:47.555 INFO  [http-nio-8899-exec-4]com.tqk.blog.aspect.RequestAspect.printRequestLog:119 -IP : 192.168.101.29
2020-12-07 23:07:47.555 INFO  [http-nio-8899-exec-4]com.tqk.blog.aspect.RequestAspect.printRequestLog:121 -方法 : com.tqk.blog.controller.TypeController.getList
2020-12-07 23:07:47.555 INFO  [http-nio-8899-exec-4]com.tqk.blog.aspect.RequestAspect.printRequestLog:123 -请求参数：[]
2020-12-07 23:07:47.556 INFO  [http-nio-8899-exec-6]com.tqk.blog.aspect.RequestAspect.printRequestLog:115 -请求地址 : /about/getByPage
2020-12-07 23:07:47.557 INFO  [http-nio-8899-exec-6]com.tqk.blog.aspect.RequestAspect.printRequestLog:116 -请求方式 : POST
2020-12-07 23:07:47.557 INFO  [http-nio-8899-exec-6]com.tqk.blog.aspect.RequestAspect.printRequestLog:119 -IP : 192.168.101.29
2020-12-07 23:07:47.558 INFO  [http-nio-8899-exec-6]com.tqk.blog.aspect.RequestAspect.printRequestLog:121 -方法 : com.tqk.blog.controller.AboutController.getByPage
2020-12-07 23:07:47.558 INFO  [http-nio-8899-exec-6]com.tqk.blog.aspect.RequestAspect.printRequestLog:123 -请求参数：[Page(currentPage=1, pageSize=10, totalPage=0, totalCount=0, list=[], params={}, sortColumn=null, sortMethod=asc)]
2020-12-07 23:07:47.684 INFO  [http-nio-8899-exec-4]com.tqk.blog.aspect.RequestAspect.doAround:67 -耗时 : 130
2020-12-07 23:07:47.685 INFO  [http-nio-8899-exec-4]com.tqk.blog.aspect.RequestAspect.doAfterReturning:81 -返回值：{"code":20000,"data":[{"deleted":0,"enable":1,"typeBlogCount":105,"typeId":1,"typeName":"Java"},{"deleted":0,"enable":1,"typeBlogCount":0,"typeId":3,"typeName":"Python"},{"deleted":0,"enable":1,"typeBlogCount":0,"typeId":6,"typeName":"going"},{"deleted":0,"enable":1,"typeBlogCount":0,"typeId":7,"typeName":"Spring"},{"deleted":0,"enable":1,"typeBlogCount":0,"typeId":8,"typeName":"nginx"},{"deleted":0,"enable":1,"typeBlogCount":0,"typeId":9,"typeName":"Redis"},{"deleted":0,"enable":1,"typeBlogCount":0,"typeId":10,"typeName":"Docker"}],"msg":"操作成功！"}
2020-12-07 23:07:47.764 INFO  [http-nio-8899-exec-6]com.tqk.blog.aspect.RequestAspect.doAround:67 -耗时 : 208
2020-12-07 23:07:47.765 INFO  [http-nio-8899-exec-6]com.tqk.blog.aspect.RequestAspect.doAfterReturning:81 -返回值：{"code":20000,"data":{"currentPage":1,"index":0,"list":[{"aboutContent":"<p>最近，上海、天津等地出现个别疫情，也出现了将患者或相关人士的信息在网络上泄露，影响这些人的生活的事件。还有关于清华&ldquo;学姐&rdquo;在网络上的基于误会将一个男生的信息曝光的事件，更有一些快递公司&ldquo;内鬼&rdquo;泄露大量客户的详细信息的事件。这些其实都把个人隐私的保护上所出现的问题推到了前台。一方面确实接连出现那种个人隐私被泄露的事件，另一方面这些隐私的泄露所造成的实实在在的损害在这些例子中也都有充分的展现。</p>\n<p>个人隐私的保护，既是对于个人权利的尊重，也对于社会具有重要的意义。隐私的保护对于个体来说当然是重要的，因为个人的隐私的泄露当然会对个体由多方面的伤害，让个体的正常生活受到冲击和威胁。对于社会来说，个人的隐私的保护其实也是使社会生活更加安全的重要的保障。个人的隐私受到保护，既是在法律上十分清晰的，也是在伦理上极为必要的。这其实也是一个重要的社会底线。</p>\n<p>网络和大数据的发展使得个人的信息的搜集和处理都更加便捷和迅速。社会为了更便捷地运作和有效地运转，为了公众利益和为个体更好地服务，往往更多地搜集个人的多方面的资料，个人的资料为相关的方面所掌握在社会中也是必要的。但这当然不可能是无限度无底线的，这些其实都有法律的严格规定，也有伦理的基本的原则。实际上，这些界限其实是相当明确和清晰的。</p>\n<p>现在所出现的一些情况，就是完全违反了这些基本的限定，一些人随意地把他人的隐私信息在互联网这样的无远弗届的公共空间泄露。这种泄露造成的诸如&ldquo;网暴&rdquo;&ldquo;社交死亡&rdquo;等等现象现在在社会中已经成为的相当多的存在。个人的行为的许多不需要也不应该为公众广泛了解的一些情况，在被人们在公共空间中暴露，当然会对个人形成相当的伤害，也会让一些居心不良的人所利用，同时也会对于社会中的人们基本的安全的诉求构成冲击。</p>\n<p>有些人误解了基于&ldquo;公众利益&rdquo;的对于个人的信息的适度的披露和揭隐私、揭老底一类的恶俗行为的的关系，往往把过去小社区中的街谈巷议等等直接放到了所有人的公共空间的互联网上。也有人把&ldquo;群&rdquo;还是看成小圈子，小群体，传播有限，不知道实际上这种传播只要在网上，就可以是全社会的传播。有些接触一般人难以接触的资料的人，也并不觉得泄露这些是严重的事情。这其实和一些人缺少公共空间与私人生活的界限有关，也与当下的新的技术手段造成的便捷的传播有关。这些都构成了对于隐私的保护的冲击，这种冲击没有被有效制止，侵害隐私的行为没有得到惩戒和批评，就会产生&ldquo;示范效应&rdquo;，使得这样的情况一一发不可收拾，构成对于个人和社会的严重伤害。</p>\n<p>严格对于隐私保护的相关法律的执行，对于隐私保护的伦理要求也需要受到公众和社会的更多的维护。让人们生活在一个个人的隐私不能被随便泄露的状况中，这也需要全社会的更多的努力。</p>","aboutId":"1","aboutRead":1,"aboutTitle":"“社交死亡”现象越来越多 ，该如何保护个人隐私","createdTime":1603782451000,"enable":1,"updateTime":1606199712000},{"aboutContent":"你好(*´▽｀)ノノ","aboutId":"3","aboutRead":3,"aboutTitle":"hello","createdTime":1603780570000,"enable":0,"updateTime":1603782499000}],"pageSize":10,"params":{},"sortMethod":"asc","totalCount":2,"totalPage":1},"msg":"操作成功！"}
2020-12-07 23:07:59.673 INFO  [http-nio-8899-exec-7]com.tqk.blog.aspect.RequestAspect.printRequestLog:115 -请求地址 : /about/getByPage
2020-12-07 23:07:59.673 INFO  [http-nio-8899-exec-7]com.tqk.blog.aspect.RequestAspect.printRequestLog:116 -请求方式 : POST
2020-12-07 23:07:59.674 INFO  [http-nio-8899-exec-7]com.tqk.blog.aspect.RequestAspect.printRequestLog:119 -IP : 192.168.101.29
2020-12-07 23:07:59.675 INFO  [http-nio-8899-exec-7]com.tqk.blog.aspect.RequestAspect.printRequestLog:121 -方法 : com.tqk.blog.controller.AboutController.getByPage
2020-12-07 23:07:59.675 INFO  [http-nio-8899-exec-7]com.tqk.blog.aspect.RequestAspect.printRequestLog:123 -请求参数：[Page(currentPage=1, pageSize=10, totalPage=0, totalCount=0, list=[], params={}, sortColumn=null, sortMethod=asc)]
2020-12-07 23:07:59.839 INFO  [http-nio-8899-exec-7]com.tqk.blog.aspect.RequestAspect.doAround:67 -耗时 : 166
2020-12-07 23:07:59.840 INFO  [http-nio-8899-exec-7]com.tqk.blog.aspect.RequestAspect.doAfterReturning:81 -返回值：{"code":20000,"data":{"currentPage":1,"index":0,"list":[{"aboutContent":"<p>最近，上海、天津等地出现个别疫情，也出现了将患者或相关人士的信息在网络上泄露，影响这些人的生活的事件。还有关于清华&ldquo;学姐&rdquo;在网络上的基于误会将一个男生的信息曝光的事件，更有一些快递公司&ldquo;内鬼&rdquo;泄露大量客户的详细信息的事件。这些其实都把个人隐私的保护上所出现的问题推到了前台。一方面确实接连出现那种个人隐私被泄露的事件，另一方面这些隐私的泄露所造成的实实在在的损害在这些例子中也都有充分的展现。</p>\n<p>个人隐私的保护，既是对于个人权利的尊重，也对于社会具有重要的意义。隐私的保护对于个体来说当然是重要的，因为个人的隐私的泄露当然会对个体由多方面的伤害，让个体的正常生活受到冲击和威胁。对于社会来说，个人的隐私的保护其实也是使社会生活更加安全的重要的保障。个人的隐私受到保护，既是在法律上十分清晰的，也是在伦理上极为必要的。这其实也是一个重要的社会底线。</p>\n<p>网络和大数据的发展使得个人的信息的搜集和处理都更加便捷和迅速。社会为了更便捷地运作和有效地运转，为了公众利益和为个体更好地服务，往往更多地搜集个人的多方面的资料，个人的资料为相关的方面所掌握在社会中也是必要的。但这当然不可能是无限度无底线的，这些其实都有法律的严格规定，也有伦理的基本的原则。实际上，这些界限其实是相当明确和清晰的。</p>\n<p>现在所出现的一些情况，就是完全违反了这些基本的限定，一些人随意地把他人的隐私信息在互联网这样的无远弗届的公共空间泄露。这种泄露造成的诸如&ldquo;网暴&rdquo;&ldquo;社交死亡&rdquo;等等现象现在在社会中已经成为的相当多的存在。个人的行为的许多不需要也不应该为公众广泛了解的一些情况，在被人们在公共空间中暴露，当然会对个人形成相当的伤害，也会让一些居心不良的人所利用，同时也会对于社会中的人们基本的安全的诉求构成冲击。</p>\n<p>有些人误解了基于&ldquo;公众利益&rdquo;的对于个人的信息的适度的披露和揭隐私、揭老底一类的恶俗行为的的关系，往往把过去小社区中的街谈巷议等等直接放到了所有人的公共空间的互联网上。也有人把&ldquo;群&rdquo;还是看成小圈子，小群体，传播有限，不知道实际上这种传播只要在网上，就可以是全社会的传播。有些接触一般人难以接触的资料的人，也并不觉得泄露这些是严重的事情。这其实和一些人缺少公共空间与私人生活的界限有关，也与当下的新的技术手段造成的便捷的传播有关。这些都构成了对于隐私的保护的冲击，这种冲击没有被有效制止，侵害隐私的行为没有得到惩戒和批评，就会产生&ldquo;示范效应&rdquo;，使得这样的情况一一发不可收拾，构成对于个人和社会的严重伤害。</p>\n<p>严格对于隐私保护的相关法律的执行，对于隐私保护的伦理要求也需要受到公众和社会的更多的维护。让人们生活在一个个人的隐私不能被随便泄露的状况中，这也需要全社会的更多的努力。</p>","aboutId":"1","aboutRead":1,"aboutTitle":"“社交死亡”现象越来越多 ，该如何保护个人隐私","createdTime":1603782451000,"enable":1,"updateTime":1606199712000},{"aboutContent":"你好(*´▽｀)ノノ","aboutId":"3","aboutRead":3,"aboutTitle":"hello","createdTime":1603780570000,"enable":0,"updateTime":1603782499000}],"pageSize":10,"params":{},"sortMethod":"asc","totalCount":2,"totalPage":1},"msg":"操作成功！"}
2020-12-07 23:12:57.221 INFO  [http-nio-8899-exec-9]com.tqk.blog.aspect.RequestAspect.printRequestLog:115 -请求地址 : /about/getByPage
2020-12-07 23:12:57.222 INFO  [http-nio-8899-exec-9]com.tqk.blog.aspect.RequestAspect.printRequestLog:116 -请求方式 : POST
2020-12-07 23:12:57.222 INFO  [http-nio-8899-exec-9]com.tqk.blog.aspect.RequestAspect.printRequestLog:119 -IP : 192.168.101.29
2020-12-07 23:12:57.223 INFO  [http-nio-8899-exec-9]com.tqk.blog.aspect.RequestAspect.printRequestLog:121 -方法 : com.tqk.blog.controller.AboutController.getByPage
2020-12-07 23:12:57.223 INFO  [http-nio-8899-exec-9]com.tqk.blog.aspect.RequestAspect.printRequestLog:123 -请求参数：[Page(currentPage=1, pageSize=10, totalPage=0, totalCount=0, list=[], params={}, sortColumn=null, sortMethod=asc)]
2020-12-07 23:12:57.380 INFO  [http-nio-8899-exec-9]com.tqk.blog.aspect.RequestAspect.doAround:67 -耗时 : 159
2020-12-07 23:12:57.380 INFO  [http-nio-8899-exec-9]com.tqk.blog.aspect.RequestAspect.doAfterReturning:81 -返回值：{"code":20000,"data":{"currentPage":1,"index":0,"list":[{"aboutContent":"<p>最近，上海、天津等地出现个别疫情，也出现了将患者或相关人士的信息在网络上泄露，影响这些人的生活的事件。还有关于清华&ldquo;学姐&rdquo;在网络上的基于误会将一个男生的信息曝光的事件，更有一些快递公司&ldquo;内鬼&rdquo;泄露大量客户的详细信息的事件。这些其实都把个人隐私的保护上所出现的问题推到了前台。一方面确实接连出现那种个人隐私被泄露的事件，另一方面这些隐私的泄露所造成的实实在在的损害在这些例子中也都有充分的展现。</p>\n<p>个人隐私的保护，既是对于个人权利的尊重，也对于社会具有重要的意义。隐私的保护对于个体来说当然是重要的，因为个人的隐私的泄露当然会对个体由多方面的伤害，让个体的正常生活受到冲击和威胁。对于社会来说，个人的隐私的保护其实也是使社会生活更加安全的重要的保障。个人的隐私受到保护，既是在法律上十分清晰的，也是在伦理上极为必要的。这其实也是一个重要的社会底线。</p>\n<p>网络和大数据的发展使得个人的信息的搜集和处理都更加便捷和迅速。社会为了更便捷地运作和有效地运转，为了公众利益和为个体更好地服务，往往更多地搜集个人的多方面的资料，个人的资料为相关的方面所掌握在社会中也是必要的。但这当然不可能是无限度无底线的，这些其实都有法律的严格规定，也有伦理的基本的原则。实际上，这些界限其实是相当明确和清晰的。</p>\n<p>现在所出现的一些情况，就是完全违反了这些基本的限定，一些人随意地把他人的隐私信息在互联网这样的无远弗届的公共空间泄露。这种泄露造成的诸如&ldquo;网暴&rdquo;&ldquo;社交死亡&rdquo;等等现象现在在社会中已经成为的相当多的存在。个人的行为的许多不需要也不应该为公众广泛了解的一些情况，在被人们在公共空间中暴露，当然会对个人形成相当的伤害，也会让一些居心不良的人所利用，同时也会对于社会中的人们基本的安全的诉求构成冲击。</p>\n<p>有些人误解了基于&ldquo;公众利益&rdquo;的对于个人的信息的适度的披露和揭隐私、揭老底一类的恶俗行为的的关系，往往把过去小社区中的街谈巷议等等直接放到了所有人的公共空间的互联网上。也有人把&ldquo;群&rdquo;还是看成小圈子，小群体，传播有限，不知道实际上这种传播只要在网上，就可以是全社会的传播。有些接触一般人难以接触的资料的人，也并不觉得泄露这些是严重的事情。这其实和一些人缺少公共空间与私人生活的界限有关，也与当下的新的技术手段造成的便捷的传播有关。这些都构成了对于隐私的保护的冲击，这种冲击没有被有效制止，侵害隐私的行为没有得到惩戒和批评，就会产生&ldquo;示范效应&rdquo;，使得这样的情况一一发不可收拾，构成对于个人和社会的严重伤害。</p>\n<p>严格对于隐私保护的相关法律的执行，对于隐私保护的伦理要求也需要受到公众和社会的更多的维护。让人们生活在一个个人的隐私不能被随便泄露的状况中，这也需要全社会的更多的努力。</p>","aboutId":"1","aboutRead":1,"aboutTitle":"“社交死亡”现象越来越多 ，该如何保护个人隐私","createdTime":1603782451000,"enable":1,"updateTime":1606199712000},{"aboutContent":"你好(*´▽｀)ノノ","aboutId":"3","aboutRead":3,"aboutTitle":"hello","createdTime":1603780570000,"enable":0,"updateTime":1603782499000}],"pageSize":10,"params":{},"sortMethod":"asc","totalCount":2,"totalPage":1},"msg":"操作成功！"}
2020-12-07 23:13:00.680 INFO  [http-nio-8899-exec-10]com.tqk.blog.aspect.RequestAspect.printRequestLog:115 -请求地址 : /blog/getByPage
2020-12-07 23:13:00.681 INFO  [http-nio-8899-exec-10]com.tqk.blog.aspect.RequestAspect.printRequestLog:116 -请求方式 : POST
2020-12-07 23:13:00.681 INFO  [http-nio-8899-exec-10]com.tqk.blog.aspect.RequestAspect.printRequestLog:119 -IP : 192.168.101.29
2020-12-07 23:13:00.682 INFO  [http-nio-8899-exec-10]com.tqk.blog.aspect.RequestAspect.printRequestLog:121 -方法 : com.tqk.blog.controller.BlogController.getByPage
2020-12-07 23:13:00.682 INFO  [http-nio-8899-exec-10]com.tqk.blog.aspect.RequestAspect.printRequestLog:123 -请求参数：[Page(currentPage=1, pageSize=10, totalPage=0, totalCount=0, list=[], params={}, sortColumn=null, sortMethod=asc)]
2020-12-07 23:13:01.267 INFO  [http-nio-8899-exec-10]com.tqk.blog.aspect.RequestAspect.doAround:67 -耗时 : 587
2020-12-07 23:13:01.268 INFO  [http-nio-8899-exec-10]com.tqk.blog.aspect.RequestAspect.doAfterReturning:81 -返回值：{"code":20000,"data":{"currentPage":1,"index":0,"list":[{"blogCollection":0,"blogComment":0,"blogGoods":0,"blogId":"1324038097171820544","blogImage":"Java","blogRead":0,"blogRemark":"BeanUtils它提供了对java反射和自省API的包装。它里面还有很多工具类，这里我们介绍一下copyProperties。","blogSource":"百度","blogTitle":"BeanUtils.copyProperties的用法","createdTime":"2020-11-04 17:17:33","typeName":"Java","updateTime":"2020-11-22 13:04:15"},{"blogCollection":0,"blogComment":0,"blogGoods":0,"blogId":"1330877080455553024","blogRead":0,"blogRemark":"MySQL","blogTitle":"面试官不讲武德问我：为什么MySQL不建议使用delete删除数据？","createdTime":"2020-11-23 14:13:16","typeName":"Java","updateTime":"2020-11-23 14:23:06"},{"blogCollection":0,"blogComment":0,"blogGoods":0,"blogId":"1330879440221315072","blogRead":0,"blogRemark":"面试必备","blogTitle":"Java岗四面字节跳动成功之前，我都刷了那些面试题以及做了那些准备！","createdTime":"2020-11-23 14:22:39","typeName":"Java","updateTime":"2020-11-23 14:22:39"}],"pageSize":10,"params":{},"sortMethod":"asc","totalCount":3,"totalPage":1},"msg":"操作成功！"}
2020-12-07 23:13:04.531 INFO  [http-nio-8899-exec-2]com.tqk.blog.aspect.RequestAspect.printRequestLog:115 -请求地址 : /type/listBack
2020-12-07 23:13:04.532 INFO  [http-nio-8899-exec-2]com.tqk.blog.aspect.RequestAspect.printRequestLog:116 -请求方式 : GET
2020-12-07 23:13:04.533 INFO  [http-nio-8899-exec-2]com.tqk.blog.aspect.RequestAspect.printRequestLog:119 -IP : 192.168.101.29
2020-12-07 23:13:04.533 INFO  [http-nio-8899-exec-2]com.tqk.blog.aspect.RequestAspect.printRequestLog:121 -方法 : com.tqk.blog.controller.TypeController.list
2020-12-07 23:13:04.533 INFO  [http-nio-8899-exec-2]com.tqk.blog.aspect.RequestAspect.printRequestLog:123 -请求参数：[]
2020-12-07 23:13:04.613 INFO  [http-nio-8899-exec-2]com.tqk.blog.aspect.RequestAspect.doAround:67 -耗时 : 82
2020-12-07 23:13:04.614 INFO  [http-nio-8899-exec-2]com.tqk.blog.aspect.RequestAspect.doAfterReturning:81 -返回值：{"code":20000,"data":[{"deleted":0,"enable":1,"typeBlogCount":105,"typeId":1,"typeName":"Java"},{"deleted":0,"enable":1,"typeBlogCount":0,"typeId":3,"typeName":"Python"},{"deleted":0,"enable":1,"typeBlogCount":0,"typeId":6,"typeName":"going"},{"deleted":0,"enable":1,"typeBlogCount":0,"typeId":7,"typeName":"Spring"},{"deleted":0,"enable":1,"typeBlogCount":0,"typeId":8,"typeName":"nginx"},{"deleted":0,"enable":1,"typeBlogCount":0,"typeId":9,"typeName":"Redis"},{"deleted":0,"enable":1,"typeBlogCount":0,"typeId":10,"typeName":"Docker"}],"msg":"操作成功！"}
2020-12-07 23:13:09.892 INFO  [http-nio-8899-exec-1]com.tqk.blog.aspect.RequestAspect.printRequestLog:115 -请求地址 : /log/getByPage
2020-12-07 23:13:09.893 INFO  [http-nio-8899-exec-1]com.tqk.blog.aspect.RequestAspect.printRequestLog:116 -请求方式 : POST
2020-12-07 23:13:09.893 INFO  [http-nio-8899-exec-1]com.tqk.blog.aspect.RequestAspect.printRequestLog:119 -IP : 192.168.101.29
2020-12-07 23:13:09.893 INFO  [http-nio-8899-exec-1]com.tqk.blog.aspect.RequestAspect.printRequestLog:121 -方法 : com.tqk.blog.controller.LogController.getByPage
2020-12-07 23:13:09.894 INFO  [http-nio-8899-exec-1]com.tqk.blog.aspect.RequestAspect.printRequestLog:123 -请求参数：[Page(currentPage=1, pageSize=10, totalPage=0, totalCount=0, list=[], params={}, sortColumn=null, sortMethod=asc)]
2020-12-07 23:13:10.569 INFO  [http-nio-8899-exec-1]com.tqk.blog.aspect.RequestAspect.doAround:67 -耗时 : 677
2020-12-07 23:13:10.582 INFO  [http-nio-8899-exec-1]com.tqk.blog.aspect.RequestAspect.doAfterReturning:81 -返回值：{"code":20000,"data":{"currentPage":1,"index":0,"list":[{"createdTime":1603177676000,"logId":22,"logIp":"0:0:0:0:0:0:0:1","logMethod":"GET","logParams":"[]","logResult":"\"hhhhhhhhhhhhh\"","logStatus":1,"logTime":14,"logUrl":"/BlAdmin/welcome"},{"createdTime":1603179396000,"logId":23,"logIp":"0:0:0:0:0:0:0:1","logMethod":"GET","logParams":"[]","logResult":"\"hhhhhhhhhhhhh\"","logStatus":1,"logTime":14,"logUrl":"/BlAdmin/welcome"},{"createdTime":1603179406000,"logId":24,"logIp":"0:0:0:0:0:0:0:1","logMethod":"GET","logParams":"[]","logResult":"\"hhhhhhhhhhhhh\"","logStatus":1,"logTime":6,"logUrl":"/BlAdmin/welcome"},{"createdTime":1603179407000,"logId":25,"logIp":"0:0:0:0:0:0:0:1","logMethod":"GET","logParams":"[]","logResult":"\"hhhhhhhhhhhhh\"","logStatus":1,"logTime":3,"logUrl":"/BlAdmin/welcome"},{"createdTime":1603179408000,"logId":26,"logIp":"0:0:0:0:0:0:0:1","logMethod":"GET","logParams":"[]","logResult":"\"hhhhhhhhhhhhh\"","logStatus":1,"logTime":4,"logUrl":"/BlAdmin/welcome"},{"createdTime":1603179411000,"logId":27,"logIp":"0:0:0:0:0:0:0:1","logMethod":"GET","logParams":"[]","logResult":"\"hhhhhhhhhhhhh\"","logStatus":1,"logTime":2,"logUrl":"/BlAdmin/welcome"},{"createdTime":1603179644000,"logId":28,"logIp":"0:0:0:0:0:0:0:1","logMethod":"GET","logParams":"[]","logResult":"\"hhhhhhhhhhhhh\"","logStatus":1,"logTime":14,"logUrl":"/BlAdmin/welcome"},{"createdTime":1603179649000,"logId":29,"logIp":"0:0:0:0:0:0:0:1","logMethod":"GET","logParams":"[]","logResult":"\"hhhhhhhhhhhhh\"","logStatus":1,"logTime":2,"logUrl":"/BlAdmin/welcome"},{"createdTime":1603179705000,"logId":30,"logIp":"0:0:0:0:0:0:0:1","logMethod":"GET","logParams":"[]","logResult":"\"hhhhhhhhhhhhh\"","logStatus":1,"logTime":16,"logUrl":"/BlAdmin/welcome"},{"createdTime":1603179730000,"logId":31,"logIp":"0:0:0:0:0:0:0:1","logMethod":"GET","logParams":"[]","logResult":"\"欢迎登陆莫兰迪酒店！\"","logStatus":1,"logTime":9,"logUrl":"/hotel/welcome"}],"pageSize":10,"params":{},"sortMethod":"asc","totalCount":570,"totalPage":57},"msg":"操作成功！"}
2020-12-07 23:13:14.757 INFO  [http-nio-8899-exec-3]com.tqk.blog.aspect.RequestAspect.printRequestLog:115 -请求地址 : /music/getByPage
2020-12-07 23:13:14.758 INFO  [http-nio-8899-exec-3]com.tqk.blog.aspect.RequestAspect.printRequestLog:116 -请求方式 : POST
2020-12-07 23:13:14.759 INFO  [http-nio-8899-exec-3]com.tqk.blog.aspect.RequestAspect.printRequestLog:119 -IP : 192.168.101.29
2020-12-07 23:13:14.759 INFO  [http-nio-8899-exec-3]com.tqk.blog.aspect.RequestAspect.printRequestLog:121 -方法 : com.tqk.blog.controller.MusicController.getByPage
2020-12-07 23:13:14.760 INFO  [http-nio-8899-exec-3]com.tqk.blog.aspect.RequestAspect.printRequestLog:123 -请求参数：[Page(currentPage=1, pageSize=10, totalPage=0, totalCount=0, list=[], params={}, sortColumn=null, sortMethod=asc)]
2020-12-07 23:13:15.020 INFO  [http-nio-8899-exec-3]com.tqk.blog.aspect.RequestAspect.doAround:67 -耗时 : 263
2020-12-07 23:13:15.028 INFO  [http-nio-8899-exec-3]com.tqk.blog.aspect.RequestAspect.doAfterReturning:81 -返回值：{"code":20000,"data":{"currentPage":1,"index":0,"list":[{"artist":"乔伊·汉森","cover":"XXXX","createdTime":20201026231000,"enable":1,"id":2,"name":"Traveling Light","url":"I found my freedom now"},{"artist":"Music genius","cover":"词不达意","createdTime":20201026231000,"enable":0,"id":3,"name":"没有撤退可言","url":"I found my freedom now"}],"pageSize":10,"params":{},"sortMethod":"asc","totalCount":2,"totalPage":1},"msg":"操作成功！"}
2020-12-07 23:13:16.627 INFO  [http-nio-8899-exec-4]com.tqk.blog.aspect.RequestAspect.printRequestLog:115 -请求地址 : /link/list
2020-12-07 23:13:16.628 INFO  [http-nio-8899-exec-4]com.tqk.blog.aspect.RequestAspect.printRequestLog:116 -请求方式 : GET
2020-12-07 23:13:16.629 INFO  [http-nio-8899-exec-4]com.tqk.blog.aspect.RequestAspect.printRequestLog:119 -IP : 192.168.101.29
2020-12-07 23:13:16.630 INFO  [http-nio-8899-exec-4]com.tqk.blog.aspect.RequestAspect.printRequestLog:121 -方法 : com.tqk.blog.controller.LinkController.list
2020-12-07 23:13:16.630 INFO  [http-nio-8899-exec-4]com.tqk.blog.aspect.RequestAspect.printRequestLog:123 -请求参数：[]
2020-12-07 23:13:16.743 INFO  [http-nio-8899-exec-4]com.tqk.blog.aspect.RequestAspect.doAround:67 -耗时 : 116
2020-12-07 23:13:16.750 INFO  [http-nio-8899-exec-4]com.tqk.blog.aspect.RequestAspect.doAfterReturning:81 -返回值：{"code":20000,"data":[{"linkId":1,"linkName":"百度一下","linkUrl":"https://baidu.com/","version":2}],"msg":"操作成功！"}
2020-12-07 23:13:19.636 INFO  [http-nio-8899-exec-6]com.tqk.blog.aspect.RequestAspect.printRequestLog:115 -请求地址 : /user/getByPage
2020-12-07 23:13:19.637 INFO  [http-nio-8899-exec-6]com.tqk.blog.aspect.RequestAspect.printRequestLog:116 -请求方式 : POST
2020-12-07 23:13:19.638 INFO  [http-nio-8899-exec-6]com.tqk.blog.aspect.RequestAspect.printRequestLog:119 -IP : 192.168.101.29
2020-12-07 23:13:19.638 INFO  [http-nio-8899-exec-6]com.tqk.blog.aspect.RequestAspect.printRequestLog:121 -方法 : com.tqk.blog.controller.UserController.getByPage
2020-12-07 23:13:19.638 INFO  [http-nio-8899-exec-6]com.tqk.blog.aspect.RequestAspect.printRequestLog:123 -请求参数：[Page(currentPage=1, pageSize=10, totalPage=0, totalCount=0, list=[], params={}, sortColumn=null, sortMethod=asc)]
2020-12-07 23:13:19.817 INFO  [http-nio-8899-exec-6]com.tqk.blog.aspect.RequestAspect.doAround:67 -耗时 : 181
2020-12-07 23:13:19.995 INFO  [http-nio-8899-exec-6]com.tqk.blog.aspect.RequestAspect.doAfterReturning:81 -返回值：{"code":20000,"data":{"currentPage":1,"index":0,"list":[{"createdTime":1603955993000,"header":"哈哈哈","name":"天气开","nickname":"一切皆文件","sex":1,"updateTime":1603955993000,"userEmail":"953811508@qq.com","userId":4,"username":"田起凯"}],"pageSize":10,"params":{},"sortMethod":"asc","totalCount":1,"totalPage":1},"msg":"操作成功！"}
2020-12-07 23:13:54.737 INFO  [http-nio-8899-exec-7]com.tqk.blog.aspect.RequestAspect.printRequestLog:115 -请求地址 : /about/getByPage
2020-12-07 23:13:54.738 INFO  [http-nio-8899-exec-7]com.tqk.blog.aspect.RequestAspect.printRequestLog:116 -请求方式 : POST
2020-12-07 23:13:54.739 INFO  [http-nio-8899-exec-7]com.tqk.blog.aspect.RequestAspect.printRequestLog:119 -IP : 192.168.101.29
2020-12-07 23:13:54.739 INFO  [http-nio-8899-exec-7]com.tqk.blog.aspect.RequestAspect.printRequestLog:121 -方法 : com.tqk.blog.controller.AboutController.getByPage
2020-12-07 23:13:54.739 INFO  [http-nio-8899-exec-7]com.tqk.blog.aspect.RequestAspect.printRequestLog:123 -请求参数：[Page(currentPage=1, pageSize=10, totalPage=0, totalCount=0, list=[], params={}, sortColumn=null, sortMethod=asc)]
2020-12-07 23:13:54.900 INFO  [http-nio-8899-exec-7]com.tqk.blog.aspect.RequestAspect.doAround:67 -耗时 : 163
2020-12-07 23:13:54.902 INFO  [http-nio-8899-exec-7]com.tqk.blog.aspect.RequestAspect.doAfterReturning:81 -返回值：{"code":20000,"data":{"currentPage":1,"index":0,"list":[{"aboutContent":"<p>最近，上海、天津等地出现个别疫情，也出现了将患者或相关人士的信息在网络上泄露，影响这些人的生活的事件。还有关于清华&ldquo;学姐&rdquo;在网络上的基于误会将一个男生的信息曝光的事件，更有一些快递公司&ldquo;内鬼&rdquo;泄露大量客户的详细信息的事件。这些其实都把个人隐私的保护上所出现的问题推到了前台。一方面确实接连出现那种个人隐私被泄露的事件，另一方面这些隐私的泄露所造成的实实在在的损害在这些例子中也都有充分的展现。</p>\n<p>个人隐私的保护，既是对于个人权利的尊重，也对于社会具有重要的意义。隐私的保护对于个体来说当然是重要的，因为个人的隐私的泄露当然会对个体由多方面的伤害，让个体的正常生活受到冲击和威胁。对于社会来说，个人的隐私的保护其实也是使社会生活更加安全的重要的保障。个人的隐私受到保护，既是在法律上十分清晰的，也是在伦理上极为必要的。这其实也是一个重要的社会底线。</p>\n<p>网络和大数据的发展使得个人的信息的搜集和处理都更加便捷和迅速。社会为了更便捷地运作和有效地运转，为了公众利益和为个体更好地服务，往往更多地搜集个人的多方面的资料，个人的资料为相关的方面所掌握在社会中也是必要的。但这当然不可能是无限度无底线的，这些其实都有法律的严格规定，也有伦理的基本的原则。实际上，这些界限其实是相当明确和清晰的。</p>\n<p>现在所出现的一些情况，就是完全违反了这些基本的限定，一些人随意地把他人的隐私信息在互联网这样的无远弗届的公共空间泄露。这种泄露造成的诸如&ldquo;网暴&rdquo;&ldquo;社交死亡&rdquo;等等现象现在在社会中已经成为的相当多的存在。个人的行为的许多不需要也不应该为公众广泛了解的一些情况，在被人们在公共空间中暴露，当然会对个人形成相当的伤害，也会让一些居心不良的人所利用，同时也会对于社会中的人们基本的安全的诉求构成冲击。</p>\n<p>有些人误解了基于&ldquo;公众利益&rdquo;的对于个人的信息的适度的披露和揭隐私、揭老底一类的恶俗行为的的关系，往往把过去小社区中的街谈巷议等等直接放到了所有人的公共空间的互联网上。也有人把&ldquo;群&rdquo;还是看成小圈子，小群体，传播有限，不知道实际上这种传播只要在网上，就可以是全社会的传播。有些接触一般人难以接触的资料的人，也并不觉得泄露这些是严重的事情。这其实和一些人缺少公共空间与私人生活的界限有关，也与当下的新的技术手段造成的便捷的传播有关。这些都构成了对于隐私的保护的冲击，这种冲击没有被有效制止，侵害隐私的行为没有得到惩戒和批评，就会产生&ldquo;示范效应&rdquo;，使得这样的情况一一发不可收拾，构成对于个人和社会的严重伤害。</p>\n<p>严格对于隐私保护的相关法律的执行，对于隐私保护的伦理要求也需要受到公众和社会的更多的维护。让人们生活在一个个人的隐私不能被随便泄露的状况中，这也需要全社会的更多的努力。</p>","aboutId":"1","aboutRead":1,"aboutTitle":"“社交死亡”现象越来越多 ，该如何保护个人隐私","createdTime":1603782451000,"enable":1,"updateTime":1606199712000},{"aboutContent":"你好(*´▽｀)ノノ","aboutId":"3","aboutRead":3,"aboutTitle":"hello","createdTime":1603780570000,"enable":0,"updateTime":1603782499000}],"pageSize":10,"params":{},"sortMethod":"asc","totalCount":2,"totalPage":1},"msg":"操作成功！"}
